[2024-02-23 19:22:17] [INFO] hyper_fed1
      n_public_data  : 1000  
          seed       : 10000 
      local_epochs   :  10   
     distill_epochs  :  10   
       batch_size    :  160  
      server_epochs  :  20   
          alpha      :  1.0  
            a        :  0.5  
       temperature   :   0   
         dataset     :cifar10
     model_structure : cnn3  
[2024-02-23 19:22:49] [INFO] [rank: 2, server epoch 1, client 1, local train]
[2024-02-23 19:22:51] [INFO] rank: 2, local epoch 1, acc: 0.3937
[2024-02-23 19:22:53] [INFO] rank: 2, local epoch 2, acc: 0.4565
[2024-02-23 19:22:55] [INFO] rank: 2, local epoch 3, acc: 0.4921
[2024-02-23 19:22:56] [INFO] rank: 2, local epoch 4, acc: 0.5128
[2024-02-23 19:22:58] [INFO] rank: 2, local epoch 5, acc: 0.5326
[2024-02-23 19:23:00] [INFO] rank: 2, local epoch 6, acc: 0.5492
[2024-02-23 19:23:02] [INFO] rank: 2, local epoch 7, acc: 0.5387
[2024-02-23 19:23:04] [INFO] rank: 2, local epoch 8, acc: 0.5654
[2024-02-23 19:23:06] [INFO] rank: 2, local epoch 9, acc: 0.5780
[2024-02-23 19:23:08] [INFO] rank: 2, local epoch 10, acc: 0.5840
[2024-02-23 19:23:08] [INFO] [rank: 2, server epoch 1, client 2, local train]
[2024-02-23 19:23:10] [INFO] rank: 2, local epoch 1, acc: 0.3742
[2024-02-23 19:23:12] [INFO] rank: 2, local epoch 2, acc: 0.4520
[2024-02-23 19:23:14] [INFO] rank: 2, local epoch 3, acc: 0.4832
[2024-02-23 19:23:16] [INFO] rank: 2, local epoch 4, acc: 0.5196
[2024-02-23 19:23:18] [INFO] rank: 2, local epoch 5, acc: 0.5362
[2024-02-23 19:23:19] [INFO] rank: 2, local epoch 6, acc: 0.5468
[2024-02-23 19:23:21] [INFO] rank: 2, local epoch 7, acc: 0.5435
[2024-02-23 19:23:23] [INFO] rank: 2, local epoch 8, acc: 0.5585
[2024-02-23 19:23:25] [INFO] rank: 2, local epoch 9, acc: 0.5703
[2024-02-23 19:23:27] [INFO] rank: 2, local epoch 10, acc: 0.5816
[2024-02-23 19:23:27] [INFO] [rank: 2, server epoch 1, client 3, local train]
[2024-02-23 19:23:29] [INFO] rank: 2, local epoch 1, acc: 0.3953
[2024-02-23 19:23:31] [INFO] rank: 2, local epoch 2, acc: 0.4520
[2024-02-23 19:23:32] [INFO] rank: 2, local epoch 3, acc: 0.4783
[2024-02-23 19:23:34] [INFO] rank: 2, local epoch 4, acc: 0.5176
[2024-02-23 19:23:36] [INFO] rank: 2, local epoch 5, acc: 0.5196
[2024-02-23 19:23:38] [INFO] rank: 2, local epoch 6, acc: 0.5508
[2024-02-23 19:23:40] [INFO] rank: 2, local epoch 7, acc: 0.5642
[2024-02-23 19:23:42] [INFO] rank: 2, local epoch 8, acc: 0.5707
[2024-02-23 19:23:44] [INFO] rank: 2, local epoch 9, acc: 0.5800
[2024-02-23 19:23:45] [INFO] rank: 2, local epoch 10, acc: 0.5812
[2024-02-23 19:23:45] [INFO] [rank: 2, server epoch 1, client 4, local train]
[2024-02-23 19:23:47] [INFO] rank: 2, local epoch 1, acc: 0.3682
[2024-02-23 19:23:49] [INFO] rank: 2, local epoch 2, acc: 0.4428
[2024-02-23 19:23:51] [INFO] rank: 2, local epoch 3, acc: 0.4765
[2024-02-23 19:23:54] [INFO] rank: 2, local epoch 4, acc: 0.5016
[2024-02-23 19:23:55] [INFO] rank: 2, local epoch 5, acc: 0.5146
[2024-02-23 19:23:57] [INFO] rank: 2, local epoch 6, acc: 0.5329
[2024-02-23 19:23:59] [INFO] rank: 2, local epoch 7, acc: 0.5501
[2024-02-23 19:24:02] [INFO] rank: 2, local epoch 8, acc: 0.5514
[2024-02-23 19:24:04] [INFO] rank: 2, local epoch 9, acc: 0.5611
[2024-02-23 19:24:06] [INFO] rank: 2, local epoch 10, acc: 0.5765
[2024-02-23 19:24:06] [INFO] [rank: 2, server epoch 1, client 5, local train]
[2024-02-23 19:24:08] [INFO] rank: 2, local epoch 1, acc: 0.3719
[2024-02-23 19:24:10] [INFO] rank: 2, local epoch 2, acc: 0.4322
[2024-02-23 19:24:12] [INFO] rank: 2, local epoch 3, acc: 0.4721
[2024-02-23 19:24:14] [INFO] rank: 2, local epoch 4, acc: 0.4966
[2024-02-23 19:24:16] [INFO] rank: 2, local epoch 5, acc: 0.4945
[2024-02-23 19:24:18] [INFO] rank: 2, local epoch 6, acc: 0.5271
[2024-02-23 19:24:20] [INFO] rank: 2, local epoch 7, acc: 0.5475
[2024-02-23 19:24:22] [INFO] rank: 2, local epoch 8, acc: 0.5603
[2024-02-23 19:24:24] [INFO] rank: 2, local epoch 9, acc: 0.5739
[2024-02-23 19:24:26] [INFO] rank: 2, local epoch 10, acc: 0.5744
[2024-02-23 19:24:26] [INFO] [rank: 2, server epoch 1, client 6, local train]
[2024-02-23 19:24:28] [INFO] rank: 2, local epoch 1, acc: 0.3588
[2024-02-23 19:24:30] [INFO] rank: 2, local epoch 2, acc: 0.4475
[2024-02-23 19:24:32] [INFO] rank: 2, local epoch 3, acc: 0.4854
[2024-02-23 19:24:34] [INFO] rank: 2, local epoch 4, acc: 0.4987
[2024-02-23 19:24:36] [INFO] rank: 2, local epoch 5, acc: 0.5162
[2024-02-23 19:24:38] [INFO] rank: 2, local epoch 6, acc: 0.5191
[2024-02-23 19:24:40] [INFO] rank: 2, local epoch 7, acc: 0.5350
[2024-02-23 19:24:42] [INFO] rank: 2, local epoch 8, acc: 0.5543
[2024-02-23 19:24:44] [INFO] rank: 2, local epoch 9, acc: 0.5663
[2024-02-23 19:24:46] [INFO] rank: 2, local epoch 10, acc: 0.5804
[2024-02-23 19:24:46] [INFO] [rank: 2, server epoch 1, client 7, local train]
[2024-02-23 19:24:49] [INFO] rank: 2, local epoch 1, acc: 0.3709
[2024-02-23 19:24:50] [INFO] rank: 2, local epoch 2, acc: 0.4169
[2024-02-23 19:24:53] [INFO] rank: 2, local epoch 3, acc: 0.4534
[2024-02-23 19:24:54] [INFO] rank: 2, local epoch 4, acc: 0.4620
[2024-02-23 19:24:56] [INFO] rank: 2, local epoch 5, acc: 0.4753
[2024-02-23 19:24:58] [INFO] rank: 2, local epoch 6, acc: 0.4834
[2024-02-23 19:25:00] [INFO] rank: 2, local epoch 7, acc: 0.5064
[2024-02-23 19:25:02] [INFO] rank: 2, local epoch 8, acc: 0.4907
[2024-02-23 19:25:04] [INFO] rank: 2, local epoch 9, acc: 0.5126
[2024-02-23 19:25:06] [INFO] rank: 2, local epoch 10, acc: 0.5180
[2024-02-23 19:25:06] [INFO] [rank: 2, server epoch 1, client 8, local train]
[2024-02-23 19:25:08] [INFO] rank: 2, local epoch 1, acc: 0.3771
[2024-02-23 19:25:10] [INFO] rank: 2, local epoch 2, acc: 0.4082
[2024-02-23 19:25:12] [INFO] rank: 2, local epoch 3, acc: 0.4390
[2024-02-23 19:25:14] [INFO] rank: 2, local epoch 4, acc: 0.4626
[2024-02-23 19:25:16] [INFO] rank: 2, local epoch 5, acc: 0.4872
[2024-02-23 19:25:18] [INFO] rank: 2, local epoch 6, acc: 0.4877
[2024-02-23 19:25:21] [INFO] rank: 2, local epoch 7, acc: 0.4823
[2024-02-23 19:25:22] [INFO] rank: 2, local epoch 8, acc: 0.4996
[2024-02-23 19:25:25] [INFO] rank: 2, local epoch 9, acc: 0.5085
[2024-02-23 19:25:27] [INFO] rank: 2, local epoch 10, acc: 0.5139
[2024-02-23 19:25:27] [INFO] [rank: 2, server epoch 1, client 9, local train]
[2024-02-23 19:25:29] [INFO] rank: 2, local epoch 1, acc: 0.3798
[2024-02-23 19:25:31] [INFO] rank: 2, local epoch 2, acc: 0.4117
[2024-02-23 19:25:33] [INFO] rank: 2, local epoch 3, acc: 0.4428
[2024-02-23 19:25:35] [INFO] rank: 2, local epoch 4, acc: 0.4726
[2024-02-23 19:25:37] [INFO] rank: 2, local epoch 5, acc: 0.4861
[2024-02-23 19:25:39] [INFO] rank: 2, local epoch 6, acc: 0.4934
[2024-02-23 19:25:41] [INFO] rank: 2, local epoch 7, acc: 0.4999
[2024-02-23 19:25:43] [INFO] rank: 2, local epoch 8, acc: 0.5001
[2024-02-23 19:25:45] [INFO] rank: 2, local epoch 9, acc: 0.5074
[2024-02-23 19:25:47] [INFO] rank: 2, local epoch 10, acc: 0.5155
[2024-02-23 19:25:49] [INFO] [rank: 2, server epoch 1, distill train]
[2024-02-23 19:25:51] [INFO] rank: 2, server: 0, distill epoch 1, acc: 0.1102
[2024-02-23 19:25:53] [INFO] rank: 2, server: 0, distill epoch 2, acc: 0.1102
[2024-02-23 19:25:55] [INFO] rank: 2, server: 0, distill epoch 3, acc: 0.1102
[2024-02-23 19:25:56] [INFO] rank: 2, server: 0, distill epoch 4, acc: 0.1102
[2024-02-23 19:25:58] [INFO] rank: 2, server: 0, distill epoch 5, acc: 0.1102
[2024-02-23 19:26:00] [INFO] rank: 2, server: 0, distill epoch 6, acc: 0.1102
[2024-02-23 19:26:01] [INFO] rank: 2, server: 0, distill epoch 7, acc: 0.1102
[2024-02-23 19:26:03] [INFO] rank: 2, server: 0, distill epoch 8, acc: 0.1102
[2024-02-23 19:26:05] [INFO] rank: 2, server: 0, distill epoch 9, acc: 0.1102
[2024-02-23 19:26:06] [INFO] rank: 2, server: 0, distill epoch 10, acc: 0.1102
[2024-02-23 19:26:06] [INFO] [rank: 2, server epoch 1, distill train]
[2024-02-23 19:26:08] [INFO] rank: 2, server: 1, distill epoch 1, acc: 0.0170
[2024-02-23 19:26:10] [INFO] rank: 2, server: 1, distill epoch 2, acc: 0.0170
[2024-02-23 19:26:12] [INFO] rank: 2, server: 1, distill epoch 3, acc: 0.0170
[2024-02-23 19:26:13] [INFO] rank: 2, server: 1, distill epoch 4, acc: 0.0170
[2024-02-23 19:26:15] [INFO] rank: 2, server: 1, distill epoch 5, acc: 0.0170
[2024-02-23 19:26:17] [INFO] rank: 2, server: 1, distill epoch 6, acc: 0.0170
[2024-02-23 19:26:18] [INFO] rank: 2, server: 1, distill epoch 7, acc: 0.0170
[2024-02-23 19:26:20] [INFO] rank: 2, server: 1, distill epoch 8, acc: 0.0170
[2024-02-23 19:26:22] [INFO] rank: 2, server: 1, distill epoch 9, acc: 0.0170
[2024-02-23 19:26:23] [INFO] rank: 2, server: 1, distill epoch 10, acc: 0.0170
[2024-02-23 19:26:23] [INFO] [rank: 2, server epoch 1, distill train]
[2024-02-23 19:26:25] [INFO] rank: 2, server: 2, distill epoch 1, acc: 0.1792
[2024-02-23 19:26:27] [INFO] rank: 2, server: 2, distill epoch 2, acc: 0.1792
[2024-02-23 19:26:29] [INFO] rank: 2, server: 2, distill epoch 3, acc: 0.1792
[2024-02-23 19:26:30] [INFO] rank: 2, server: 2, distill epoch 4, acc: 0.1792
[2024-02-23 19:26:32] [INFO] rank: 2, server: 2, distill epoch 5, acc: 0.1792
[2024-02-23 19:26:34] [INFO] rank: 2, server: 2, distill epoch 6, acc: 0.1792
[2024-02-23 19:26:35] [INFO] rank: 2, server: 2, distill epoch 7, acc: 0.1792
[2024-02-23 19:26:37] [INFO] rank: 2, server: 2, distill epoch 8, acc: 0.1792
[2024-02-23 19:26:39] [INFO] rank: 2, server: 2, distill epoch 9, acc: 0.1792
[2024-02-23 19:26:41] [INFO] rank: 2, server: 2, distill epoch 10, acc: 0.1792
[2024-02-23 19:26:41] [INFO] [rank: 2, server epoch 2, client 1, local train]
[2024-02-23 19:26:42] [INFO] rank: 2, local epoch 1, acc: 0.1102
[2024-02-23 19:26:44] [INFO] rank: 2, local epoch 2, acc: 0.1102
[2024-02-23 19:26:46] [INFO] rank: 2, local epoch 3, acc: 0.1102
[2024-02-23 19:26:48] [INFO] rank: 2, local epoch 4, acc: 0.1102
[2024-02-23 19:26:50] [INFO] rank: 2, local epoch 5, acc: 0.1102
[2024-02-23 19:26:52] [INFO] rank: 2, local epoch 6, acc: 0.1102
[2024-02-23 19:26:54] [INFO] rank: 2, local epoch 7, acc: 0.1102
[2024-02-23 19:26:55] [INFO] rank: 2, local epoch 8, acc: 0.1102
[2024-02-23 19:26:57] [INFO] rank: 2, local epoch 9, acc: 0.1102
[2024-02-23 19:26:59] [INFO] rank: 2, local epoch 10, acc: 0.1102
[2024-02-23 19:26:59] [INFO] [rank: 2, server epoch 2, client 2, local train]
[2024-02-23 19:27:01] [INFO] rank: 2, local epoch 1, acc: 0.1102
[2024-02-23 19:27:02] [INFO] rank: 2, local epoch 2, acc: 0.1102
[2024-02-23 19:27:04] [INFO] rank: 2, local epoch 3, acc: 0.1102
[2024-02-23 19:27:06] [INFO] rank: 2, local epoch 4, acc: 0.1102
[2024-02-23 19:27:08] [INFO] rank: 2, local epoch 5, acc: 0.1102
[2024-02-23 19:27:10] [INFO] rank: 2, local epoch 6, acc: 0.1102
[2024-02-23 19:27:11] [INFO] rank: 2, local epoch 7, acc: 0.1102
[2024-02-23 19:27:13] [INFO] rank: 2, local epoch 8, acc: 0.1102
[2024-02-23 19:27:15] [INFO] rank: 2, local epoch 9, acc: 0.1102
[2024-02-23 19:27:16] [INFO] rank: 2, local epoch 10, acc: 0.1102
[2024-02-23 19:27:17] [INFO] [rank: 2, server epoch 2, client 3, local train]
[2024-02-23 19:27:18] [INFO] rank: 2, local epoch 1, acc: 0.1102
[2024-02-23 19:27:20] [INFO] rank: 2, local epoch 2, acc: 0.1102
[2024-02-23 19:27:22] [INFO] rank: 2, local epoch 3, acc: 0.1102
[2024-02-23 19:27:24] [INFO] rank: 2, local epoch 4, acc: 0.1102
[2024-02-23 19:27:25] [INFO] rank: 2, local epoch 5, acc: 0.1102
[2024-02-23 19:27:27] [INFO] rank: 2, local epoch 6, acc: 0.1102
[2024-02-23 19:27:29] [INFO] rank: 2, local epoch 7, acc: 0.1102
[2024-02-23 19:27:30] [INFO] rank: 2, local epoch 8, acc: 0.1102
[2024-02-23 19:27:32] [INFO] rank: 2, local epoch 9, acc: 0.1102
[2024-02-23 19:27:34] [INFO] rank: 2, local epoch 10, acc: 0.1102
[2024-02-23 19:27:34] [INFO] [rank: 2, server epoch 2, client 4, local train]
[2024-02-23 19:27:36] [INFO] rank: 2, local epoch 1, acc: 0.0170
[2024-02-23 19:27:38] [INFO] rank: 2, local epoch 2, acc: 0.0170
[2024-02-23 19:27:40] [INFO] rank: 2, local epoch 3, acc: 0.0170
[2024-02-23 19:27:42] [INFO] rank: 2, local epoch 4, acc: 0.0170
[2024-02-23 19:27:44] [INFO] rank: 2, local epoch 5, acc: 0.0170
[2024-02-23 19:27:46] [INFO] rank: 2, local epoch 6, acc: 0.0170
[2024-02-23 19:27:48] [INFO] rank: 2, local epoch 7, acc: 0.0170
[2024-02-23 19:27:50] [INFO] rank: 2, local epoch 8, acc: 0.0170
[2024-02-23 19:27:52] [INFO] rank: 2, local epoch 9, acc: 0.0170
[2024-02-23 19:27:54] [INFO] rank: 2, local epoch 10, acc: 0.0170
[2024-02-23 19:27:54] [INFO] [rank: 2, server epoch 2, client 5, local train]
[2024-02-23 19:27:56] [INFO] rank: 2, local epoch 1, acc: 0.0170
[2024-02-23 19:27:58] [INFO] rank: 2, local epoch 2, acc: 0.0170
[2024-02-23 19:28:00] [INFO] rank: 2, local epoch 3, acc: 0.0170
[2024-02-23 19:28:02] [INFO] rank: 2, local epoch 4, acc: 0.0170
[2024-02-23 19:28:04] [INFO] rank: 2, local epoch 5, acc: 0.0170
[2024-02-23 19:28:06] [INFO] rank: 2, local epoch 6, acc: 0.0170
[2024-02-23 19:28:08] [INFO] rank: 2, local epoch 7, acc: 0.0170
[2024-02-23 19:28:09] [INFO] rank: 2, local epoch 8, acc: 0.0170
[2024-02-23 19:28:11] [INFO] rank: 2, local epoch 9, acc: 0.0170
[2024-02-23 19:28:13] [INFO] rank: 2, local epoch 10, acc: 0.0170
[2024-02-23 19:28:13] [INFO] [rank: 2, server epoch 2, client 6, local train]
[2024-02-23 19:28:15] [INFO] rank: 2, local epoch 1, acc: 0.0170
[2024-02-23 19:28:17] [INFO] rank: 2, local epoch 2, acc: 0.0170
[2024-02-23 19:28:19] [INFO] rank: 2, local epoch 3, acc: 0.0170
[2024-02-23 19:28:21] [INFO] rank: 2, local epoch 4, acc: 0.0170
[2024-02-23 19:28:23] [INFO] rank: 2, local epoch 5, acc: 0.0170
[2024-02-23 19:28:25] [INFO] rank: 2, local epoch 6, acc: 0.0170
[2024-02-23 19:28:27] [INFO] rank: 2, local epoch 7, acc: 0.0170
[2024-02-23 19:28:28] [INFO] rank: 2, local epoch 8, acc: 0.0170
[2024-02-23 19:28:30] [INFO] rank: 2, local epoch 9, acc: 0.0170
[2024-02-23 19:28:32] [INFO] rank: 2, local epoch 10, acc: 0.0170
[2024-02-23 19:28:32] [INFO] [rank: 2, server epoch 2, client 7, local train]
[2024-02-23 19:28:34] [INFO] rank: 2, local epoch 1, acc: 0.1792
[2024-02-23 19:28:36] [INFO] rank: 2, local epoch 2, acc: 0.1792
[2024-02-23 19:28:38] [INFO] rank: 2, local epoch 3, acc: 0.1792
[2024-02-23 19:28:40] [INFO] rank: 2, local epoch 4, acc: 0.1792
[2024-02-23 19:28:42] [INFO] rank: 2, local epoch 5, acc: 0.1792
[2024-02-23 19:28:44] [INFO] rank: 2, local epoch 6, acc: 0.1792
[2024-02-23 19:28:46] [INFO] rank: 2, local epoch 7, acc: 0.1792
[2024-02-23 19:28:48] [INFO] rank: 2, local epoch 8, acc: 0.1792
[2024-02-23 19:28:50] [INFO] rank: 2, local epoch 9, acc: 0.1792
[2024-02-23 19:28:51] [INFO] rank: 2, local epoch 10, acc: 0.1792
[2024-02-23 19:28:51] [INFO] [rank: 2, server epoch 2, client 8, local train]
[2024-02-23 19:28:53] [INFO] rank: 2, local epoch 1, acc: 0.1792
[2024-02-23 19:28:55] [INFO] rank: 2, local epoch 2, acc: 0.1792
[2024-02-23 19:28:57] [INFO] rank: 2, local epoch 3, acc: 0.1792
[2024-02-23 19:28:59] [INFO] rank: 2, local epoch 4, acc: 0.1792
[2024-02-23 19:29:01] [INFO] rank: 2, local epoch 5, acc: 0.1792
[2024-02-23 19:29:03] [INFO] rank: 2, local epoch 6, acc: 0.1792
[2024-02-23 19:29:05] [INFO] rank: 2, local epoch 7, acc: 0.1792
[2024-02-23 19:29:06] [INFO] rank: 2, local epoch 8, acc: 0.1792
[2024-02-23 19:29:08] [INFO] rank: 2, local epoch 9, acc: 0.1792
[2024-02-23 19:29:10] [INFO] rank: 2, local epoch 10, acc: 0.1792
[2024-02-23 19:29:10] [INFO] [rank: 2, server epoch 2, client 9, local train]
[2024-02-23 19:29:12] [INFO] rank: 2, local epoch 1, acc: 0.1792
[2024-02-23 19:29:14] [INFO] rank: 2, local epoch 2, acc: 0.1792
[2024-02-23 19:29:16] [INFO] rank: 2, local epoch 3, acc: 0.1792
[2024-02-23 19:29:18] [INFO] rank: 2, local epoch 4, acc: 0.1792
[2024-02-23 19:29:20] [INFO] rank: 2, local epoch 5, acc: 0.1792
[2024-02-23 19:29:22] [INFO] rank: 2, local epoch 6, acc: 0.1792
[2024-02-23 19:29:24] [INFO] rank: 2, local epoch 7, acc: 0.1792
[2024-02-23 19:29:26] [INFO] rank: 2, local epoch 8, acc: 0.1792
[2024-02-23 19:29:28] [INFO] rank: 2, local epoch 9, acc: 0.1792
[2024-02-23 19:29:30] [INFO] rank: 2, local epoch 10, acc: 0.1792
[2024-02-23 19:29:32] [INFO] [rank: 2, server epoch 2, distill train]
[2024-02-23 19:29:34] [INFO] rank: 2, server: 0, distill epoch 1, acc: 0.1102
[2024-02-23 19:29:35] [INFO] rank: 2, server: 0, distill epoch 2, acc: 0.1102
[2024-02-23 19:29:37] [INFO] rank: 2, server: 0, distill epoch 3, acc: 0.1102
[2024-02-23 19:29:38] [INFO] rank: 2, server: 0, distill epoch 4, acc: 0.1102
[2024-02-23 19:29:40] [INFO] rank: 2, server: 0, distill epoch 5, acc: 0.1102
[2024-02-23 19:29:41] [INFO] rank: 2, server: 0, distill epoch 6, acc: 0.1102
[2024-02-23 19:29:43] [INFO] rank: 2, server: 0, distill epoch 7, acc: 0.1102
[2024-02-23 19:29:44] [INFO] rank: 2, server: 0, distill epoch 8, acc: 0.1102
[2024-02-23 19:29:45] [INFO] rank: 2, server: 0, distill epoch 9, acc: 0.1102
[2024-02-23 19:29:47] [INFO] rank: 2, server: 0, distill epoch 10, acc: 0.1102
[2024-02-23 19:29:47] [INFO] [rank: 2, server epoch 2, distill train]
[2024-02-23 19:29:48] [INFO] rank: 2, server: 1, distill epoch 1, acc: 0.0170
[2024-02-23 19:29:50] [INFO] rank: 2, server: 1, distill epoch 2, acc: 0.0170
[2024-02-23 19:29:51] [INFO] rank: 2, server: 1, distill epoch 3, acc: 0.0170
[2024-02-23 19:29:53] [INFO] rank: 2, server: 1, distill epoch 4, acc: 0.0170
[2024-02-23 19:29:54] [INFO] rank: 2, server: 1, distill epoch 5, acc: 0.0170
[2024-02-23 19:29:56] [INFO] rank: 2, server: 1, distill epoch 6, acc: 0.0170
[2024-02-23 19:29:57] [INFO] rank: 2, server: 1, distill epoch 7, acc: 0.0170
[2024-02-23 19:29:59] [INFO] rank: 2, server: 1, distill epoch 8, acc: 0.0170
[2024-02-23 19:30:00] [INFO] rank: 2, server: 1, distill epoch 9, acc: 0.0170
[2024-02-23 19:30:02] [INFO] rank: 2, server: 1, distill epoch 10, acc: 0.0170
[2024-02-23 19:30:02] [INFO] [rank: 2, server epoch 2, distill train]
[2024-02-23 19:30:03] [INFO] rank: 2, server: 2, distill epoch 1, acc: 0.1792
[2024-02-23 19:30:05] [INFO] rank: 2, server: 2, distill epoch 2, acc: 0.1792
[2024-02-23 19:30:06] [INFO] rank: 2, server: 2, distill epoch 3, acc: 0.1792
[2024-02-23 19:30:08] [INFO] rank: 2, server: 2, distill epoch 4, acc: 0.1792
[2024-02-23 19:30:09] [INFO] rank: 2, server: 2, distill epoch 5, acc: 0.1792
[2024-02-23 19:30:10] [INFO] rank: 2, server: 2, distill epoch 6, acc: 0.1792
[2024-02-23 19:30:12] [INFO] rank: 2, server: 2, distill epoch 7, acc: 0.1792
[2024-02-23 19:30:13] [INFO] rank: 2, server: 2, distill epoch 8, acc: 0.1792
[2024-02-23 19:30:15] [INFO] rank: 2, server: 2, distill epoch 9, acc: 0.1792
[2024-02-23 19:30:16] [INFO] rank: 2, server: 2, distill epoch 10, acc: 0.1792
[2024-02-23 19:30:16] [INFO] [rank: 2, server epoch 3, client 1, local train]
[2024-02-23 19:30:18] [INFO] rank: 2, local epoch 1, acc: 0.1102
[2024-02-23 19:30:19] [INFO] rank: 2, local epoch 2, acc: 0.1102
[2024-02-23 19:30:21] [INFO] rank: 2, local epoch 3, acc: 0.1102
[2024-02-23 19:30:23] [INFO] rank: 2, local epoch 4, acc: 0.1102
[2024-02-23 19:30:25] [INFO] rank: 2, local epoch 5, acc: 0.1102
[2024-02-23 19:30:27] [INFO] rank: 2, local epoch 6, acc: 0.1102
[2024-02-23 19:30:28] [INFO] rank: 2, local epoch 7, acc: 0.1102
[2024-02-23 19:30:30] [INFO] rank: 2, local epoch 8, acc: 0.1102
[2024-02-23 19:30:32] [INFO] rank: 2, local epoch 9, acc: 0.1102
[2024-02-23 19:30:33] [INFO] rank: 2, local epoch 10, acc: 0.1102
[2024-02-23 19:30:33] [INFO] [rank: 2, server epoch 3, client 2, local train]
[2024-02-23 19:30:35] [INFO] rank: 2, local epoch 1, acc: 0.1102
[2024-02-23 19:30:37] [INFO] rank: 2, local epoch 2, acc: 0.1102
[2024-02-23 19:30:39] [INFO] rank: 2, local epoch 3, acc: 0.1102
[2024-02-23 19:30:40] [INFO] rank: 2, local epoch 4, acc: 0.1102
[2024-02-23 19:30:42] [INFO] rank: 2, local epoch 5, acc: 0.1102
[2024-02-23 19:30:44] [INFO] rank: 2, local epoch 6, acc: 0.1102
[2024-02-23 19:30:45] [INFO] rank: 2, local epoch 7, acc: 0.1102
[2024-02-23 19:30:47] [INFO] rank: 2, local epoch 8, acc: 0.1102
[2024-02-23 19:30:49] [INFO] rank: 2, local epoch 9, acc: 0.1102
[2024-02-23 19:30:50] [INFO] rank: 2, local epoch 10, acc: 0.1102
[2024-02-23 19:30:50] [INFO] [rank: 2, server epoch 3, client 3, local train]
[2024-02-23 19:30:52] [INFO] rank: 2, local epoch 1, acc: 0.1102
[2024-02-23 19:30:54] [INFO] rank: 2, local epoch 2, acc: 0.1102
[2024-02-23 19:30:56] [INFO] rank: 2, local epoch 3, acc: 0.1102
[2024-02-23 19:30:58] [INFO] rank: 2, local epoch 4, acc: 0.1102
[2024-02-23 19:30:59] [INFO] rank: 2, local epoch 5, acc: 0.1102
[2024-02-23 19:31:01] [INFO] rank: 2, local epoch 6, acc: 0.1102
[2024-02-23 19:31:02] [INFO] rank: 2, local epoch 7, acc: 0.1102
[2024-02-23 19:31:04] [INFO] rank: 2, local epoch 8, acc: 0.1102
[2024-02-23 19:31:06] [INFO] rank: 2, local epoch 9, acc: 0.1102
[2024-02-23 19:31:08] [INFO] rank: 2, local epoch 10, acc: 0.1102
[2024-02-23 19:31:08] [INFO] [rank: 2, server epoch 3, client 4, local train]
[2024-02-23 19:31:09] [INFO] rank: 2, local epoch 1, acc: 0.0170
[2024-02-23 19:31:11] [INFO] rank: 2, local epoch 2, acc: 0.0170
[2024-02-23 19:31:13] [INFO] rank: 2, local epoch 3, acc: 0.0170
[2024-02-23 19:31:15] [INFO] rank: 2, local epoch 4, acc: 0.0170
[2024-02-23 19:31:17] [INFO] rank: 2, local epoch 5, acc: 0.0170
[2024-02-23 19:31:19] [INFO] rank: 2, local epoch 6, acc: 0.0170
[2024-02-23 19:31:21] [INFO] rank: 2, local epoch 7, acc: 0.0170
[2024-02-23 19:31:22] [INFO] rank: 2, local epoch 8, acc: 0.0170
[2024-02-23 19:31:24] [INFO] rank: 2, local epoch 9, acc: 0.0170
[2024-02-23 19:31:26] [INFO] rank: 2, local epoch 10, acc: 0.0170
[2024-02-23 19:31:26] [INFO] [rank: 2, server epoch 3, client 5, local train]
[2024-02-23 19:31:28] [INFO] rank: 2, local epoch 1, acc: 0.0170
[2024-02-23 19:31:30] [INFO] rank: 2, local epoch 2, acc: 0.0170
[2024-02-23 19:31:32] [INFO] rank: 2, local epoch 3, acc: 0.0170
[2024-02-23 19:31:34] [INFO] rank: 2, local epoch 4, acc: 0.0170
[2024-02-23 19:31:36] [INFO] rank: 2, local epoch 5, acc: 0.0170
[2024-02-23 19:31:37] [INFO] rank: 2, local epoch 6, acc: 0.0170
[2024-02-23 19:31:40] [INFO] rank: 2, local epoch 7, acc: 0.0170
[2024-02-23 19:31:41] [INFO] rank: 2, local epoch 8, acc: 0.0170
[2024-02-23 19:31:43] [INFO] rank: 2, local epoch 9, acc: 0.0170
[2024-02-23 19:31:45] [INFO] rank: 2, local epoch 10, acc: 0.0170
[2024-02-23 19:31:45] [INFO] [rank: 2, server epoch 3, client 6, local train]
[2024-02-23 19:31:47] [INFO] rank: 2, local epoch 1, acc: 0.0170
[2024-02-23 19:31:49] [INFO] rank: 2, local epoch 2, acc: 0.0170
[2024-02-23 19:31:51] [INFO] rank: 2, local epoch 3, acc: 0.0170
[2024-02-23 19:31:53] [INFO] rank: 2, local epoch 4, acc: 0.0170
[2024-02-23 19:31:55] [INFO] rank: 2, local epoch 5, acc: 0.0170
[2024-02-23 19:31:57] [INFO] rank: 2, local epoch 6, acc: 0.0170
[2024-02-23 19:31:59] [INFO] rank: 2, local epoch 7, acc: 0.0170
[2024-02-23 19:32:00] [INFO] rank: 2, local epoch 8, acc: 0.0170
[2024-02-23 19:32:02] [INFO] rank: 2, local epoch 9, acc: 0.0170
[2024-02-23 19:32:04] [INFO] rank: 2, local epoch 10, acc: 0.0170
[2024-02-23 19:32:04] [INFO] [rank: 2, server epoch 3, client 7, local train]
[2024-02-23 19:32:06] [INFO] rank: 2, local epoch 1, acc: 0.1792
[2024-02-23 19:32:08] [INFO] rank: 2, local epoch 2, acc: 0.1792
[2024-02-23 19:32:10] [INFO] rank: 2, local epoch 3, acc: 0.1792
[2024-02-23 19:32:12] [INFO] rank: 2, local epoch 4, acc: 0.1792
[2024-02-23 19:32:13] [INFO] rank: 2, local epoch 5, acc: 0.1792
[2024-02-23 19:32:15] [INFO] rank: 2, local epoch 6, acc: 0.1792
[2024-02-23 19:32:17] [INFO] rank: 2, local epoch 7, acc: 0.1792
[2024-02-23 19:32:19] [INFO] rank: 2, local epoch 8, acc: 0.1792
[2024-02-23 19:32:21] [INFO] rank: 2, local epoch 9, acc: 0.1792
[2024-02-23 19:32:23] [INFO] rank: 2, local epoch 10, acc: 0.1792
[2024-02-23 19:32:23] [INFO] [rank: 2, server epoch 3, client 8, local train]
[2024-02-23 19:32:25] [INFO] rank: 2, local epoch 1, acc: 0.1792
[2024-02-23 19:32:26] [INFO] rank: 2, local epoch 2, acc: 0.1792
[2024-02-23 19:32:28] [INFO] rank: 2, local epoch 3, acc: 0.1792
[2024-02-23 19:32:30] [INFO] rank: 2, local epoch 4, acc: 0.1792
[2024-02-23 19:32:32] [INFO] rank: 2, local epoch 5, acc: 0.1792
[2024-02-23 19:32:34] [INFO] rank: 2, local epoch 6, acc: 0.1792
[2024-02-23 19:32:36] [INFO] rank: 2, local epoch 7, acc: 0.1792
[2024-02-23 19:32:38] [INFO] rank: 2, local epoch 8, acc: 0.1792
[2024-02-23 19:32:40] [INFO] rank: 2, local epoch 9, acc: 0.1792
[2024-02-23 19:32:42] [INFO] rank: 2, local epoch 10, acc: 0.1792
[2024-02-23 19:32:42] [INFO] [rank: 2, server epoch 3, client 9, local train]
[2024-02-23 19:32:43] [INFO] rank: 2, local epoch 1, acc: 0.1792
[2024-02-23 19:32:45] [INFO] rank: 2, local epoch 2, acc: 0.1792
[2024-02-23 19:32:47] [INFO] rank: 2, local epoch 3, acc: 0.1792
[2024-02-23 19:32:49] [INFO] rank: 2, local epoch 4, acc: 0.1792
[2024-02-23 19:32:51] [INFO] rank: 2, local epoch 5, acc: 0.1792
[2024-02-23 19:32:53] [INFO] rank: 2, local epoch 6, acc: 0.1792
[2024-02-23 19:32:55] [INFO] rank: 2, local epoch 7, acc: 0.1792
[2024-02-23 19:32:57] [INFO] rank: 2, local epoch 8, acc: 0.1792
[2024-02-23 19:32:59] [INFO] rank: 2, local epoch 9, acc: 0.1792
[2024-02-23 19:33:00] [INFO] rank: 2, local epoch 10, acc: 0.1792
[2024-02-23 19:33:03] [INFO] [rank: 2, server epoch 3, distill train]
[2024-02-23 19:33:04] [INFO] rank: 2, server: 0, distill epoch 1, acc: 0.1102
[2024-02-23 19:33:05] [INFO] rank: 2, server: 0, distill epoch 2, acc: 0.1102
[2024-02-23 19:33:07] [INFO] rank: 2, server: 0, distill epoch 3, acc: 0.1102
[2024-02-23 19:33:08] [INFO] rank: 2, server: 0, distill epoch 4, acc: 0.1102
[2024-02-23 19:33:10] [INFO] rank: 2, server: 0, distill epoch 5, acc: 0.1102
[2024-02-23 19:33:11] [INFO] rank: 2, server: 0, distill epoch 6, acc: 0.1102
[2024-02-23 19:33:13] [INFO] rank: 2, server: 0, distill epoch 7, acc: 0.1102
[2024-02-23 19:33:14] [INFO] rank: 2, server: 0, distill epoch 8, acc: 0.1102
[2024-02-23 19:33:16] [INFO] rank: 2, server: 0, distill epoch 9, acc: 0.1102
[2024-02-23 19:33:17] [INFO] rank: 2, server: 0, distill epoch 10, acc: 0.1102
[2024-02-23 19:33:17] [INFO] [rank: 2, server epoch 3, distill train]
[2024-02-23 19:33:19] [INFO] rank: 2, server: 1, distill epoch 1, acc: 0.0170
[2024-02-23 19:33:20] [INFO] rank: 2, server: 1, distill epoch 2, acc: 0.0170
[2024-02-23 19:33:22] [INFO] rank: 2, server: 1, distill epoch 3, acc: 0.0170
[2024-02-23 19:33:23] [INFO] rank: 2, server: 1, distill epoch 4, acc: 0.0170
[2024-02-23 19:33:25] [INFO] rank: 2, server: 1, distill epoch 5, acc: 0.0170
[2024-02-23 19:33:26] [INFO] rank: 2, server: 1, distill epoch 6, acc: 0.0170
[2024-02-23 19:33:27] [INFO] rank: 2, server: 1, distill epoch 7, acc: 0.0170
[2024-02-23 19:33:29] [INFO] rank: 2, server: 1, distill epoch 8, acc: 0.0170
[2024-02-23 19:33:31] [INFO] rank: 2, server: 1, distill epoch 9, acc: 0.0170
[2024-02-23 19:33:32] [INFO] rank: 2, server: 1, distill epoch 10, acc: 0.0170
[2024-02-23 19:33:32] [INFO] [rank: 2, server epoch 3, distill train]
[2024-02-23 19:33:34] [INFO] rank: 2, server: 2, distill epoch 1, acc: 0.1792
[2024-02-23 19:33:35] [INFO] rank: 2, server: 2, distill epoch 2, acc: 0.1792
[2024-02-23 19:33:37] [INFO] rank: 2, server: 2, distill epoch 3, acc: 0.1792
[2024-02-23 19:33:38] [INFO] rank: 2, server: 2, distill epoch 4, acc: 0.1792
[2024-02-23 19:33:39] [INFO] rank: 2, server: 2, distill epoch 5, acc: 0.1792
[2024-02-23 19:33:41] [INFO] rank: 2, server: 2, distill epoch 6, acc: 0.1792
[2024-02-23 19:33:42] [INFO] rank: 2, server: 2, distill epoch 7, acc: 0.1792
[2024-02-23 19:33:44] [INFO] rank: 2, server: 2, distill epoch 8, acc: 0.1792
[2024-02-23 19:33:45] [INFO] rank: 2, server: 2, distill epoch 9, acc: 0.1792
[2024-02-23 19:33:47] [INFO] rank: 2, server: 2, distill epoch 10, acc: 0.1792
[2024-02-23 19:33:47] [INFO] [rank: 2, server epoch 4, client 1, local train]
[2024-02-23 19:33:49] [INFO] rank: 2, local epoch 1, acc: 0.1102
[2024-02-23 19:33:50] [INFO] rank: 2, local epoch 2, acc: 0.1102
[2024-02-23 19:33:52] [INFO] rank: 2, local epoch 3, acc: 0.1102
[2024-02-23 19:33:54] [INFO] rank: 2, local epoch 4, acc: 0.1102
[2024-02-23 19:33:55] [INFO] rank: 2, local epoch 5, acc: 0.1102
[2024-02-23 19:33:57] [INFO] rank: 2, local epoch 6, acc: 0.1102
[2024-02-23 19:33:59] [INFO] rank: 2, local epoch 7, acc: 0.1102
[2024-02-23 19:34:01] [INFO] rank: 2, local epoch 8, acc: 0.1102
[2024-02-23 19:34:02] [INFO] rank: 2, local epoch 9, acc: 0.1102
[2024-02-23 19:34:04] [INFO] rank: 2, local epoch 10, acc: 0.1102
[2024-02-23 19:34:04] [INFO] [rank: 2, server epoch 4, client 2, local train]
[2024-02-23 19:34:06] [INFO] rank: 2, local epoch 1, acc: 0.1102
[2024-02-23 19:34:07] [INFO] rank: 2, local epoch 2, acc: 0.1102
[2024-02-23 19:34:09] [INFO] rank: 2, local epoch 3, acc: 0.1102
[2024-02-23 19:34:11] [INFO] rank: 2, local epoch 4, acc: 0.1102
[2024-02-23 19:34:12] [INFO] rank: 2, local epoch 5, acc: 0.1102
[2024-02-23 19:34:14] [INFO] rank: 2, local epoch 6, acc: 0.1102
[2024-02-23 19:34:16] [INFO] rank: 2, local epoch 7, acc: 0.1102
[2024-02-23 19:34:17] [INFO] rank: 2, local epoch 8, acc: 0.1102
[2024-02-23 19:34:19] [INFO] rank: 2, local epoch 9, acc: 0.1102
[2024-02-23 19:34:21] [INFO] rank: 2, local epoch 10, acc: 0.1102
[2024-02-23 19:34:21] [INFO] [rank: 2, server epoch 4, client 3, local train]
[2024-02-23 19:34:23] [INFO] rank: 2, local epoch 1, acc: 0.1102
[2024-02-23 19:34:24] [INFO] rank: 2, local epoch 2, acc: 0.1102
