[2024-02-23 19:22:17] [INFO] hyper_fed1
      n_public_data  : 1000  
          seed       : 10000 
      local_epochs   :  10   
     distill_epochs  :  10   
       batch_size    :  160  
      server_epochs  :  20   
          alpha      :  1.0  
            a        :  0.5  
       temperature   :   0   
         dataset     :cifar10
     model_structure : cnn3  
[2024-02-23 19:22:49] [INFO] [rank: 0, server epoch 1, client 1, local train]
[2024-02-23 19:22:51] [INFO] rank: 0, local epoch 1, acc: 0.3937
[2024-02-23 19:22:52] [INFO] rank: 0, local epoch 2, acc: 0.4565
[2024-02-23 19:22:54] [INFO] rank: 0, local epoch 3, acc: 0.4925
[2024-02-23 19:22:56] [INFO] rank: 0, local epoch 4, acc: 0.5128
[2024-02-23 19:22:58] [INFO] rank: 0, local epoch 5, acc: 0.5334
[2024-02-23 19:23:00] [INFO] rank: 0, local epoch 6, acc: 0.5492
[2024-02-23 19:23:02] [INFO] rank: 0, local epoch 7, acc: 0.5383
[2024-02-23 19:23:03] [INFO] rank: 0, local epoch 8, acc: 0.5666
[2024-02-23 19:23:05] [INFO] rank: 0, local epoch 9, acc: 0.5780
[2024-02-23 19:23:07] [INFO] rank: 0, local epoch 10, acc: 0.5840
[2024-02-23 19:23:07] [INFO] [rank: 0, server epoch 1, client 2, local train]
[2024-02-23 19:23:09] [INFO] rank: 0, local epoch 1, acc: 0.3742
[2024-02-23 19:23:11] [INFO] rank: 0, local epoch 2, acc: 0.4524
[2024-02-23 19:23:14] [INFO] rank: 0, local epoch 3, acc: 0.4828
[2024-02-23 19:23:15] [INFO] rank: 0, local epoch 4, acc: 0.5200
[2024-02-23 19:23:17] [INFO] rank: 0, local epoch 5, acc: 0.5330
[2024-02-23 19:23:19] [INFO] rank: 0, local epoch 6, acc: 0.5480
[2024-02-23 19:23:21] [INFO] rank: 0, local epoch 7, acc: 0.5448
[2024-02-23 19:23:23] [INFO] rank: 0, local epoch 8, acc: 0.5585
[2024-02-23 19:23:25] [INFO] rank: 0, local epoch 9, acc: 0.5699
[2024-02-23 19:23:27] [INFO] rank: 0, local epoch 10, acc: 0.5800
[2024-02-23 19:23:27] [INFO] [rank: 0, server epoch 1, client 3, local train]
[2024-02-23 19:23:29] [INFO] rank: 0, local epoch 1, acc: 0.3953
[2024-02-23 19:23:30] [INFO] rank: 0, local epoch 2, acc: 0.4516
[2024-02-23 19:23:32] [INFO] rank: 0, local epoch 3, acc: 0.4779
[2024-02-23 19:23:34] [INFO] rank: 0, local epoch 4, acc: 0.5176
[2024-02-23 19:23:36] [INFO] rank: 0, local epoch 5, acc: 0.5213
[2024-02-23 19:23:38] [INFO] rank: 0, local epoch 6, acc: 0.5520
[2024-02-23 19:23:40] [INFO] rank: 0, local epoch 7, acc: 0.5658
[2024-02-23 19:23:42] [INFO] rank: 0, local epoch 8, acc: 0.5699
[2024-02-23 19:23:43] [INFO] rank: 0, local epoch 9, acc: 0.5800
[2024-02-23 19:23:45] [INFO] rank: 0, local epoch 10, acc: 0.5788
[2024-02-23 19:23:45] [INFO] [rank: 0, server epoch 1, client 4, local train]
[2024-02-23 19:23:47] [INFO] rank: 0, local epoch 1, acc: 0.3682
[2024-02-23 19:23:49] [INFO] rank: 0, local epoch 2, acc: 0.4431
[2024-02-23 19:23:51] [INFO] rank: 0, local epoch 3, acc: 0.4757
[2024-02-23 19:23:53] [INFO] rank: 0, local epoch 4, acc: 0.5023
[2024-02-23 19:23:56] [INFO] rank: 0, local epoch 5, acc: 0.5151
[2024-02-23 19:23:58] [INFO] rank: 0, local epoch 6, acc: 0.5339
[2024-02-23 19:24:00] [INFO] rank: 0, local epoch 7, acc: 0.5511
[2024-02-23 19:24:02] [INFO] rank: 0, local epoch 8, acc: 0.5522
[2024-02-23 19:24:04] [INFO] rank: 0, local epoch 9, acc: 0.5626
[2024-02-23 19:24:06] [INFO] rank: 0, local epoch 10, acc: 0.5780
[2024-02-23 19:24:06] [INFO] [rank: 0, server epoch 1, client 5, local train]
[2024-02-23 19:24:08] [INFO] rank: 0, local epoch 1, acc: 0.3719
[2024-02-23 19:24:10] [INFO] rank: 0, local epoch 2, acc: 0.4342
[2024-02-23 19:24:12] [INFO] rank: 0, local epoch 3, acc: 0.4721
[2024-02-23 19:24:15] [INFO] rank: 0, local epoch 4, acc: 0.4963
[2024-02-23 19:24:17] [INFO] rank: 0, local epoch 5, acc: 0.4974
[2024-02-23 19:24:19] [INFO] rank: 0, local epoch 6, acc: 0.5279
[2024-02-23 19:24:21] [INFO] rank: 0, local epoch 7, acc: 0.5498
[2024-02-23 19:24:23] [INFO] rank: 0, local epoch 8, acc: 0.5590
[2024-02-23 19:24:25] [INFO] rank: 0, local epoch 9, acc: 0.5744
[2024-02-23 19:24:27] [INFO] rank: 0, local epoch 10, acc: 0.5749
[2024-02-23 19:24:27] [INFO] [rank: 0, server epoch 1, client 6, local train]
[2024-02-23 19:24:29] [INFO] rank: 0, local epoch 1, acc: 0.3586
[2024-02-23 19:24:31] [INFO] rank: 0, local epoch 2, acc: 0.4483
[2024-02-23 19:24:33] [INFO] rank: 0, local epoch 3, acc: 0.4859
[2024-02-23 19:24:35] [INFO] rank: 0, local epoch 4, acc: 0.4995
[2024-02-23 19:24:37] [INFO] rank: 0, local epoch 5, acc: 0.5170
[2024-02-23 19:24:39] [INFO] rank: 0, local epoch 6, acc: 0.5198
[2024-02-23 19:24:41] [INFO] rank: 0, local epoch 7, acc: 0.5360
[2024-02-23 19:24:43] [INFO] rank: 0, local epoch 8, acc: 0.5548
[2024-02-23 19:24:45] [INFO] rank: 0, local epoch 9, acc: 0.5655
[2024-02-23 19:24:47] [INFO] rank: 0, local epoch 10, acc: 0.5791
[2024-02-23 19:24:47] [INFO] [rank: 0, server epoch 1, client 7, local train]
[2024-02-23 19:24:50] [INFO] rank: 0, local epoch 1, acc: 0.3701
[2024-02-23 19:24:51] [INFO] rank: 0, local epoch 2, acc: 0.4150
[2024-02-23 19:24:53] [INFO] rank: 0, local epoch 3, acc: 0.4536
[2024-02-23 19:24:55] [INFO] rank: 0, local epoch 4, acc: 0.4615
[2024-02-23 19:24:57] [INFO] rank: 0, local epoch 5, acc: 0.4742
[2024-02-23 19:25:00] [INFO] rank: 0, local epoch 6, acc: 0.4828
[2024-02-23 19:25:02] [INFO] rank: 0, local epoch 7, acc: 0.5069
[2024-02-23 19:25:03] [INFO] rank: 0, local epoch 8, acc: 0.4912
[2024-02-23 19:25:06] [INFO] rank: 0, local epoch 9, acc: 0.5120
[2024-02-23 19:25:08] [INFO] rank: 0, local epoch 10, acc: 0.5166
[2024-02-23 19:25:08] [INFO] [rank: 0, server epoch 1, client 8, local train]
[2024-02-23 19:25:10] [INFO] rank: 0, local epoch 1, acc: 0.3774
[2024-02-23 19:25:12] [INFO] rank: 0, local epoch 2, acc: 0.4090
[2024-02-23 19:25:14] [INFO] rank: 0, local epoch 3, acc: 0.4398
[2024-02-23 19:25:16] [INFO] rank: 0, local epoch 4, acc: 0.4609
[2024-02-23 19:25:18] [INFO] rank: 0, local epoch 5, acc: 0.4869
[2024-02-23 19:25:20] [INFO] rank: 0, local epoch 6, acc: 0.4861
[2024-02-23 19:25:22] [INFO] rank: 0, local epoch 7, acc: 0.4796
[2024-02-23 19:25:24] [INFO] rank: 0, local epoch 8, acc: 0.4996
[2024-02-23 19:25:26] [INFO] rank: 0, local epoch 9, acc: 0.5069
[2024-02-23 19:25:28] [INFO] rank: 0, local epoch 10, acc: 0.5142
[2024-02-23 19:25:28] [INFO] [rank: 0, server epoch 1, client 9, local train]
[2024-02-23 19:25:30] [INFO] rank: 0, local epoch 1, acc: 0.3796
[2024-02-23 19:25:32] [INFO] rank: 0, local epoch 2, acc: 0.4123
[2024-02-23 19:25:34] [INFO] rank: 0, local epoch 3, acc: 0.4423
[2024-02-23 19:25:36] [INFO] rank: 0, local epoch 4, acc: 0.4739
[2024-02-23 19:25:39] [INFO] rank: 0, local epoch 5, acc: 0.4858
[2024-02-23 19:25:41] [INFO] rank: 0, local epoch 6, acc: 0.4928
[2024-02-23 19:25:43] [INFO] rank: 0, local epoch 7, acc: 0.5009
[2024-02-23 19:25:44] [INFO] rank: 0, local epoch 8, acc: 0.5015
[2024-02-23 19:25:47] [INFO] rank: 0, local epoch 9, acc: 0.5058
[2024-02-23 19:25:49] [INFO] rank: 0, local epoch 10, acc: 0.5161
[2024-02-23 19:25:51] [INFO] [rank: 0, server epoch 1, distill train]
[2024-02-23 19:25:53] [INFO] rank: 0, server: 0, distill epoch 1, acc: 0.1102
[2024-02-23 19:25:55] [INFO] rank: 0, server: 0, distill epoch 2, acc: 0.1102
[2024-02-23 19:25:56] [INFO] rank: 0, server: 0, distill epoch 3, acc: 0.1102
[2024-02-23 19:25:58] [INFO] rank: 0, server: 0, distill epoch 4, acc: 0.1102
[2024-02-23 19:26:00] [INFO] rank: 0, server: 0, distill epoch 5, acc: 0.1102
[2024-02-23 19:26:01] [INFO] rank: 0, server: 0, distill epoch 6, acc: 0.1102
[2024-02-23 19:26:03] [INFO] rank: 0, server: 0, distill epoch 7, acc: 0.1102
[2024-02-23 19:26:05] [INFO] rank: 0, server: 0, distill epoch 8, acc: 0.1102
[2024-02-23 19:26:06] [INFO] rank: 0, server: 0, distill epoch 9, acc: 0.1102
[2024-02-23 19:26:08] [INFO] rank: 0, server: 0, distill epoch 10, acc: 0.1102
[2024-02-23 19:26:08] [INFO] [rank: 0, server epoch 1, distill train]
[2024-02-23 19:26:10] [INFO] rank: 0, server: 1, distill epoch 1, acc: 0.0170
[2024-02-23 19:26:11] [INFO] rank: 0, server: 1, distill epoch 2, acc: 0.0170
[2024-02-23 19:26:13] [INFO] rank: 0, server: 1, distill epoch 3, acc: 0.0170
[2024-02-23 19:26:15] [INFO] rank: 0, server: 1, distill epoch 4, acc: 0.0170
[2024-02-23 19:26:16] [INFO] rank: 0, server: 1, distill epoch 5, acc: 0.0170
[2024-02-23 19:26:18] [INFO] rank: 0, server: 1, distill epoch 6, acc: 0.0170
[2024-02-23 19:26:20] [INFO] rank: 0, server: 1, distill epoch 7, acc: 0.0170
[2024-02-23 19:26:21] [INFO] rank: 0, server: 1, distill epoch 8, acc: 0.0170
[2024-02-23 19:26:23] [INFO] rank: 0, server: 1, distill epoch 9, acc: 0.0170
[2024-02-23 19:26:25] [INFO] rank: 0, server: 1, distill epoch 10, acc: 0.0170
[2024-02-23 19:26:25] [INFO] [rank: 0, server epoch 1, distill train]
[2024-02-23 19:26:26] [INFO] rank: 0, server: 2, distill epoch 1, acc: 0.1792
[2024-02-23 19:26:28] [INFO] rank: 0, server: 2, distill epoch 2, acc: 0.1792
[2024-02-23 19:26:30] [INFO] rank: 0, server: 2, distill epoch 3, acc: 0.1792
[2024-02-23 19:26:32] [INFO] rank: 0, server: 2, distill epoch 4, acc: 0.1792
[2024-02-23 19:26:33] [INFO] rank: 0, server: 2, distill epoch 5, acc: 0.1792
[2024-02-23 19:26:35] [INFO] rank: 0, server: 2, distill epoch 6, acc: 0.1792
[2024-02-23 19:26:37] [INFO] rank: 0, server: 2, distill epoch 7, acc: 0.1792
[2024-02-23 19:26:38] [INFO] rank: 0, server: 2, distill epoch 8, acc: 0.1792
[2024-02-23 19:26:40] [INFO] rank: 0, server: 2, distill epoch 9, acc: 0.1792
[2024-02-23 19:26:42] [INFO] rank: 0, server: 2, distill epoch 10, acc: 0.1792
[2024-02-23 19:26:42] [INFO] [rank: 0, server epoch 2, client 1, local train]
[2024-02-23 19:26:44] [INFO] rank: 0, local epoch 1, acc: 0.1102
[2024-02-23 19:26:45] [INFO] rank: 0, local epoch 2, acc: 0.1102
[2024-02-23 19:26:47] [INFO] rank: 0, local epoch 3, acc: 0.1102
[2024-02-23 19:26:49] [INFO] rank: 0, local epoch 4, acc: 0.1102
[2024-02-23 19:26:51] [INFO] rank: 0, local epoch 5, acc: 0.1102
[2024-02-23 19:26:53] [INFO] rank: 0, local epoch 6, acc: 0.1102
[2024-02-23 19:26:55] [INFO] rank: 0, local epoch 7, acc: 0.1102
[2024-02-23 19:26:57] [INFO] rank: 0, local epoch 8, acc: 0.1102
[2024-02-23 19:26:58] [INFO] rank: 0, local epoch 9, acc: 0.1102
[2024-02-23 19:27:00] [INFO] rank: 0, local epoch 10, acc: 0.1102
[2024-02-23 19:27:00] [INFO] [rank: 0, server epoch 2, client 2, local train]
[2024-02-23 19:27:02] [INFO] rank: 0, local epoch 1, acc: 0.1102
[2024-02-23 19:27:04] [INFO] rank: 0, local epoch 2, acc: 0.1102
[2024-02-23 19:27:05] [INFO] rank: 0, local epoch 3, acc: 0.1102
[2024-02-23 19:27:07] [INFO] rank: 0, local epoch 4, acc: 0.1102
[2024-02-23 19:27:09] [INFO] rank: 0, local epoch 5, acc: 0.1102
[2024-02-23 19:27:11] [INFO] rank: 0, local epoch 6, acc: 0.1102
[2024-02-23 19:27:12] [INFO] rank: 0, local epoch 7, acc: 0.1102
[2024-02-23 19:27:14] [INFO] rank: 0, local epoch 8, acc: 0.1102
[2024-02-23 19:27:16] [INFO] rank: 0, local epoch 9, acc: 0.1102
[2024-02-23 19:27:18] [INFO] rank: 0, local epoch 10, acc: 0.1102
[2024-02-23 19:27:18] [INFO] [rank: 0, server epoch 2, client 3, local train]
[2024-02-23 19:27:19] [INFO] rank: 0, local epoch 1, acc: 0.1102
[2024-02-23 19:27:21] [INFO] rank: 0, local epoch 2, acc: 0.1102
[2024-02-23 19:27:23] [INFO] rank: 0, local epoch 3, acc: 0.1102
[2024-02-23 19:27:25] [INFO] rank: 0, local epoch 4, acc: 0.1102
[2024-02-23 19:27:27] [INFO] rank: 0, local epoch 5, acc: 0.1102
[2024-02-23 19:27:28] [INFO] rank: 0, local epoch 6, acc: 0.1102
[2024-02-23 19:27:30] [INFO] rank: 0, local epoch 7, acc: 0.1102
[2024-02-23 19:27:32] [INFO] rank: 0, local epoch 8, acc: 0.1102
[2024-02-23 19:27:33] [INFO] rank: 0, local epoch 9, acc: 0.1102
[2024-02-23 19:27:35] [INFO] rank: 0, local epoch 10, acc: 0.1102
[2024-02-23 19:27:35] [INFO] [rank: 0, server epoch 2, client 4, local train]
[2024-02-23 19:27:37] [INFO] rank: 0, local epoch 1, acc: 0.0170
[2024-02-23 19:27:39] [INFO] rank: 0, local epoch 2, acc: 0.0170
[2024-02-23 19:27:41] [INFO] rank: 0, local epoch 3, acc: 0.0170
[2024-02-23 19:27:43] [INFO] rank: 0, local epoch 4, acc: 0.0170
[2024-02-23 19:27:45] [INFO] rank: 0, local epoch 5, acc: 0.0170
[2024-02-23 19:27:47] [INFO] rank: 0, local epoch 6, acc: 0.0170
[2024-02-23 19:27:49] [INFO] rank: 0, local epoch 7, acc: 0.0170
[2024-02-23 19:27:51] [INFO] rank: 0, local epoch 8, acc: 0.0170
[2024-02-23 19:27:53] [INFO] rank: 0, local epoch 9, acc: 0.0170
[2024-02-23 19:27:55] [INFO] rank: 0, local epoch 10, acc: 0.0170
[2024-02-23 19:27:55] [INFO] [rank: 0, server epoch 2, client 5, local train]
[2024-02-23 19:27:56] [INFO] rank: 0, local epoch 1, acc: 0.0170
[2024-02-23 19:27:59] [INFO] rank: 0, local epoch 2, acc: 0.0170
[2024-02-23 19:28:00] [INFO] rank: 0, local epoch 3, acc: 0.0170
[2024-02-23 19:28:02] [INFO] rank: 0, local epoch 4, acc: 0.0170
[2024-02-23 19:28:04] [INFO] rank: 0, local epoch 5, acc: 0.0170
[2024-02-23 19:28:07] [INFO] rank: 0, local epoch 6, acc: 0.0170
[2024-02-23 19:28:09] [INFO] rank: 0, local epoch 7, acc: 0.0170
[2024-02-23 19:28:11] [INFO] rank: 0, local epoch 8, acc: 0.0170
[2024-02-23 19:28:13] [INFO] rank: 0, local epoch 9, acc: 0.0170
[2024-02-23 19:28:14] [INFO] rank: 0, local epoch 10, acc: 0.0170
[2024-02-23 19:28:14] [INFO] [rank: 0, server epoch 2, client 6, local train]
[2024-02-23 19:28:16] [INFO] rank: 0, local epoch 1, acc: 0.0170
[2024-02-23 19:28:18] [INFO] rank: 0, local epoch 2, acc: 0.0170
[2024-02-23 19:28:20] [INFO] rank: 0, local epoch 3, acc: 0.0170
[2024-02-23 19:28:22] [INFO] rank: 0, local epoch 4, acc: 0.0170
[2024-02-23 19:28:24] [INFO] rank: 0, local epoch 5, acc: 0.0170
[2024-02-23 19:28:26] [INFO] rank: 0, local epoch 6, acc: 0.0170
[2024-02-23 19:28:28] [INFO] rank: 0, local epoch 7, acc: 0.0170
[2024-02-23 19:28:30] [INFO] rank: 0, local epoch 8, acc: 0.0170
[2024-02-23 19:28:32] [INFO] rank: 0, local epoch 9, acc: 0.0170
[2024-02-23 19:28:34] [INFO] rank: 0, local epoch 10, acc: 0.0170
[2024-02-23 19:28:34] [INFO] [rank: 0, server epoch 2, client 7, local train]
[2024-02-23 19:28:36] [INFO] rank: 0, local epoch 1, acc: 0.1792
[2024-02-23 19:28:37] [INFO] rank: 0, local epoch 2, acc: 0.1792
[2024-02-23 19:28:39] [INFO] rank: 0, local epoch 3, acc: 0.1792
[2024-02-23 19:28:41] [INFO] rank: 0, local epoch 4, acc: 0.1792
[2024-02-23 19:28:43] [INFO] rank: 0, local epoch 5, acc: 0.1792
[2024-02-23 19:28:45] [INFO] rank: 0, local epoch 6, acc: 0.1792
[2024-02-23 19:28:47] [INFO] rank: 0, local epoch 7, acc: 0.1792
[2024-02-23 19:28:49] [INFO] rank: 0, local epoch 8, acc: 0.1792
[2024-02-23 19:28:51] [INFO] rank: 0, local epoch 9, acc: 0.1792
[2024-02-23 19:28:53] [INFO] rank: 0, local epoch 10, acc: 0.1792
[2024-02-23 19:28:53] [INFO] [rank: 0, server epoch 2, client 8, local train]
[2024-02-23 19:28:55] [INFO] rank: 0, local epoch 1, acc: 0.1792
[2024-02-23 19:28:56] [INFO] rank: 0, local epoch 2, acc: 0.1792
[2024-02-23 19:28:58] [INFO] rank: 0, local epoch 3, acc: 0.1792
[2024-02-23 19:29:00] [INFO] rank: 0, local epoch 4, acc: 0.1792
[2024-02-23 19:29:02] [INFO] rank: 0, local epoch 5, acc: 0.1792
[2024-02-23 19:29:04] [INFO] rank: 0, local epoch 6, acc: 0.1792
[2024-02-23 19:29:06] [INFO] rank: 0, local epoch 7, acc: 0.1792
[2024-02-23 19:29:08] [INFO] rank: 0, local epoch 8, acc: 0.1792
[2024-02-23 19:29:10] [INFO] rank: 0, local epoch 9, acc: 0.1792
[2024-02-23 19:29:12] [INFO] rank: 0, local epoch 10, acc: 0.1792
[2024-02-23 19:29:12] [INFO] [rank: 0, server epoch 2, client 9, local train]
[2024-02-23 19:29:14] [INFO] rank: 0, local epoch 1, acc: 0.1792
[2024-02-23 19:29:16] [INFO] rank: 0, local epoch 2, acc: 0.1792
[2024-02-23 19:29:18] [INFO] rank: 0, local epoch 3, acc: 0.1792
[2024-02-23 19:29:20] [INFO] rank: 0, local epoch 4, acc: 0.1792
[2024-02-23 19:29:22] [INFO] rank: 0, local epoch 5, acc: 0.1792
[2024-02-23 19:29:23] [INFO] rank: 0, local epoch 6, acc: 0.1792
[2024-02-23 19:29:25] [INFO] rank: 0, local epoch 7, acc: 0.1792
[2024-02-23 19:29:27] [INFO] rank: 0, local epoch 8, acc: 0.1792
[2024-02-23 19:29:29] [INFO] rank: 0, local epoch 9, acc: 0.1792
[2024-02-23 19:29:31] [INFO] rank: 0, local epoch 10, acc: 0.1792
[2024-02-23 19:29:33] [INFO] [rank: 0, server epoch 2, distill train]
[2024-02-23 19:29:35] [INFO] rank: 0, server: 0, distill epoch 1, acc: 0.1102
[2024-02-23 19:29:36] [INFO] rank: 0, server: 0, distill epoch 2, acc: 0.1102
[2024-02-23 19:29:38] [INFO] rank: 0, server: 0, distill epoch 3, acc: 0.1102
[2024-02-23 19:29:39] [INFO] rank: 0, server: 0, distill epoch 4, acc: 0.1102
[2024-02-23 19:29:41] [INFO] rank: 0, server: 0, distill epoch 5, acc: 0.1102
[2024-02-23 19:29:42] [INFO] rank: 0, server: 0, distill epoch 6, acc: 0.1102
[2024-02-23 19:29:44] [INFO] rank: 0, server: 0, distill epoch 7, acc: 0.1102
[2024-02-23 19:29:45] [INFO] rank: 0, server: 0, distill epoch 8, acc: 0.1102
[2024-02-23 19:29:47] [INFO] rank: 0, server: 0, distill epoch 9, acc: 0.1102
[2024-02-23 19:29:48] [INFO] rank: 0, server: 0, distill epoch 10, acc: 0.1102
[2024-02-23 19:29:48] [INFO] [rank: 0, server epoch 2, distill train]
[2024-02-23 19:29:49] [INFO] rank: 0, server: 1, distill epoch 1, acc: 0.0170
[2024-02-23 19:29:51] [INFO] rank: 0, server: 1, distill epoch 2, acc: 0.0170
[2024-02-23 19:29:52] [INFO] rank: 0, server: 1, distill epoch 3, acc: 0.0170
[2024-02-23 19:29:54] [INFO] rank: 0, server: 1, distill epoch 4, acc: 0.0170
[2024-02-23 19:29:55] [INFO] rank: 0, server: 1, distill epoch 5, acc: 0.0170
[2024-02-23 19:29:57] [INFO] rank: 0, server: 1, distill epoch 6, acc: 0.0170
[2024-02-23 19:29:58] [INFO] rank: 0, server: 1, distill epoch 7, acc: 0.0170
[2024-02-23 19:30:00] [INFO] rank: 0, server: 1, distill epoch 8, acc: 0.0170
[2024-02-23 19:30:01] [INFO] rank: 0, server: 1, distill epoch 9, acc: 0.0170
[2024-02-23 19:30:03] [INFO] rank: 0, server: 1, distill epoch 10, acc: 0.0170
[2024-02-23 19:30:03] [INFO] [rank: 0, server epoch 2, distill train]
[2024-02-23 19:30:04] [INFO] rank: 0, server: 2, distill epoch 1, acc: 0.1792
[2024-02-23 19:30:06] [INFO] rank: 0, server: 2, distill epoch 2, acc: 0.1792
[2024-02-23 19:30:07] [INFO] rank: 0, server: 2, distill epoch 3, acc: 0.1792
[2024-02-23 19:30:09] [INFO] rank: 0, server: 2, distill epoch 4, acc: 0.1792
[2024-02-23 19:30:10] [INFO] rank: 0, server: 2, distill epoch 5, acc: 0.1792
[2024-02-23 19:30:11] [INFO] rank: 0, server: 2, distill epoch 6, acc: 0.1792
[2024-02-23 19:30:13] [INFO] rank: 0, server: 2, distill epoch 7, acc: 0.1792
[2024-02-23 19:30:14] [INFO] rank: 0, server: 2, distill epoch 8, acc: 0.1792
[2024-02-23 19:30:16] [INFO] rank: 0, server: 2, distill epoch 9, acc: 0.1792
[2024-02-23 19:30:17] [INFO] rank: 0, server: 2, distill epoch 10, acc: 0.1792
[2024-02-23 19:30:17] [INFO] [rank: 0, server epoch 3, client 1, local train]
[2024-02-23 19:30:19] [INFO] rank: 0, local epoch 1, acc: 0.1102
[2024-02-23 19:30:21] [INFO] rank: 0, local epoch 2, acc: 0.1102
[2024-02-23 19:30:22] [INFO] rank: 0, local epoch 3, acc: 0.1102
[2024-02-23 19:30:24] [INFO] rank: 0, local epoch 4, acc: 0.1102
[2024-02-23 19:30:26] [INFO] rank: 0, local epoch 5, acc: 0.1102
[2024-02-23 19:30:27] [INFO] rank: 0, local epoch 6, acc: 0.1102
[2024-02-23 19:30:29] [INFO] rank: 0, local epoch 7, acc: 0.1102
[2024-02-23 19:30:31] [INFO] rank: 0, local epoch 8, acc: 0.1102
[2024-02-23 19:30:33] [INFO] rank: 0, local epoch 9, acc: 0.1102
[2024-02-23 19:30:34] [INFO] rank: 0, local epoch 10, acc: 0.1102
[2024-02-23 19:30:35] [INFO] [rank: 0, server epoch 3, client 2, local train]
[2024-02-23 19:30:36] [INFO] rank: 0, local epoch 1, acc: 0.1102
[2024-02-23 19:30:38] [INFO] rank: 0, local epoch 2, acc: 0.1102
[2024-02-23 19:30:40] [INFO] rank: 0, local epoch 3, acc: 0.1102
[2024-02-23 19:30:42] [INFO] rank: 0, local epoch 4, acc: 0.1102
[2024-02-23 19:30:43] [INFO] rank: 0, local epoch 5, acc: 0.1102
[2024-02-23 19:30:45] [INFO] rank: 0, local epoch 6, acc: 0.1102
[2024-02-23 19:30:47] [INFO] rank: 0, local epoch 7, acc: 0.1102
[2024-02-23 19:30:48] [INFO] rank: 0, local epoch 8, acc: 0.1102
[2024-02-23 19:30:50] [INFO] rank: 0, local epoch 9, acc: 0.1102
[2024-02-23 19:30:52] [INFO] rank: 0, local epoch 10, acc: 0.1102
[2024-02-23 19:30:52] [INFO] [rank: 0, server epoch 3, client 3, local train]
[2024-02-23 19:30:54] [INFO] rank: 0, local epoch 1, acc: 0.1102
[2024-02-23 19:30:55] [INFO] rank: 0, local epoch 2, acc: 0.1102
[2024-02-23 19:30:57] [INFO] rank: 0, local epoch 3, acc: 0.1102
[2024-02-23 19:30:59] [INFO] rank: 0, local epoch 4, acc: 0.1102
[2024-02-23 19:31:00] [INFO] rank: 0, local epoch 5, acc: 0.1102
[2024-02-23 19:31:02] [INFO] rank: 0, local epoch 6, acc: 0.1102
[2024-02-23 19:31:04] [INFO] rank: 0, local epoch 7, acc: 0.1102
[2024-02-23 19:31:05] [INFO] rank: 0, local epoch 8, acc: 0.1102
[2024-02-23 19:31:07] [INFO] rank: 0, local epoch 9, acc: 0.1102
[2024-02-23 19:31:09] [INFO] rank: 0, local epoch 10, acc: 0.1102
[2024-02-23 19:31:09] [INFO] [rank: 0, server epoch 3, client 4, local train]
[2024-02-23 19:31:11] [INFO] rank: 0, local epoch 1, acc: 0.0170
[2024-02-23 19:31:13] [INFO] rank: 0, local epoch 2, acc: 0.0170
[2024-02-23 19:31:14] [INFO] rank: 0, local epoch 3, acc: 0.0170
[2024-02-23 19:31:16] [INFO] rank: 0, local epoch 4, acc: 0.0170
[2024-02-23 19:31:18] [INFO] rank: 0, local epoch 5, acc: 0.0170
[2024-02-23 19:31:20] [INFO] rank: 0, local epoch 6, acc: 0.0170
[2024-02-23 19:31:22] [INFO] rank: 0, local epoch 7, acc: 0.0170
[2024-02-23 19:31:24] [INFO] rank: 0, local epoch 8, acc: 0.0170
[2024-02-23 19:31:26] [INFO] rank: 0, local epoch 9, acc: 0.0170
[2024-02-23 19:31:28] [INFO] rank: 0, local epoch 10, acc: 0.0170
[2024-02-23 19:31:28] [INFO] [rank: 0, server epoch 3, client 5, local train]
[2024-02-23 19:31:30] [INFO] rank: 0, local epoch 1, acc: 0.0170
[2024-02-23 19:31:31] [INFO] rank: 0, local epoch 2, acc: 0.0170
[2024-02-23 19:31:33] [INFO] rank: 0, local epoch 3, acc: 0.0170
[2024-02-23 19:31:35] [INFO] rank: 0, local epoch 4, acc: 0.0170
[2024-02-23 19:31:37] [INFO] rank: 0, local epoch 5, acc: 0.0170
[2024-02-23 19:31:39] [INFO] rank: 0, local epoch 6, acc: 0.0170
[2024-02-23 19:31:40] [INFO] rank: 0, local epoch 7, acc: 0.0170
[2024-02-23 19:31:42] [INFO] rank: 0, local epoch 8, acc: 0.0170
[2024-02-23 19:31:44] [INFO] rank: 0, local epoch 9, acc: 0.0170
[2024-02-23 19:31:46] [INFO] rank: 0, local epoch 10, acc: 0.0170
[2024-02-23 19:31:46] [INFO] [rank: 0, server epoch 3, client 6, local train]
[2024-02-23 19:31:48] [INFO] rank: 0, local epoch 1, acc: 0.0170
[2024-02-23 19:31:50] [INFO] rank: 0, local epoch 2, acc: 0.0170
[2024-02-23 19:31:52] [INFO] rank: 0, local epoch 3, acc: 0.0170
[2024-02-23 19:31:54] [INFO] rank: 0, local epoch 4, acc: 0.0170
[2024-02-23 19:31:56] [INFO] rank: 0, local epoch 5, acc: 0.0170
[2024-02-23 19:31:58] [INFO] rank: 0, local epoch 6, acc: 0.0170
[2024-02-23 19:32:00] [INFO] rank: 0, local epoch 7, acc: 0.0170
[2024-02-23 19:32:01] [INFO] rank: 0, local epoch 8, acc: 0.0170
[2024-02-23 19:32:03] [INFO] rank: 0, local epoch 9, acc: 0.0170
[2024-02-23 19:32:05] [INFO] rank: 0, local epoch 10, acc: 0.0170
[2024-02-23 19:32:05] [INFO] [rank: 0, server epoch 3, client 7, local train]
[2024-02-23 19:32:07] [INFO] rank: 0, local epoch 1, acc: 0.1792
[2024-02-23 19:32:09] [INFO] rank: 0, local epoch 2, acc: 0.1792
[2024-02-23 19:32:11] [INFO] rank: 0, local epoch 3, acc: 0.1792
[2024-02-23 19:32:12] [INFO] rank: 0, local epoch 4, acc: 0.1792
[2024-02-23 19:32:14] [INFO] rank: 0, local epoch 5, acc: 0.1792
[2024-02-23 19:32:16] [INFO] rank: 0, local epoch 6, acc: 0.1792
[2024-02-23 19:32:18] [INFO] rank: 0, local epoch 7, acc: 0.1792
[2024-02-23 19:32:20] [INFO] rank: 0, local epoch 8, acc: 0.1792
[2024-02-23 19:32:22] [INFO] rank: 0, local epoch 9, acc: 0.1792
[2024-02-23 19:32:24] [INFO] rank: 0, local epoch 10, acc: 0.1792
[2024-02-23 19:32:24] [INFO] [rank: 0, server epoch 3, client 8, local train]
[2024-02-23 19:32:26] [INFO] rank: 0, local epoch 1, acc: 0.1792
[2024-02-23 19:32:28] [INFO] rank: 0, local epoch 2, acc: 0.1792
[2024-02-23 19:32:29] [INFO] rank: 0, local epoch 3, acc: 0.1792
[2024-02-23 19:32:31] [INFO] rank: 0, local epoch 4, acc: 0.1792
[2024-02-23 19:32:33] [INFO] rank: 0, local epoch 5, acc: 0.1792
[2024-02-23 19:32:35] [INFO] rank: 0, local epoch 6, acc: 0.1792
[2024-02-23 19:32:37] [INFO] rank: 0, local epoch 7, acc: 0.1792
[2024-02-23 19:32:39] [INFO] rank: 0, local epoch 8, acc: 0.1792
[2024-02-23 19:32:41] [INFO] rank: 0, local epoch 9, acc: 0.1792
[2024-02-23 19:32:43] [INFO] rank: 0, local epoch 10, acc: 0.1792
[2024-02-23 19:32:43] [INFO] [rank: 0, server epoch 3, client 9, local train]
[2024-02-23 19:32:45] [INFO] rank: 0, local epoch 1, acc: 0.1792
[2024-02-23 19:32:47] [INFO] rank: 0, local epoch 2, acc: 0.1792
[2024-02-23 19:32:49] [INFO] rank: 0, local epoch 3, acc: 0.1792
[2024-02-23 19:32:50] [INFO] rank: 0, local epoch 4, acc: 0.1792
[2024-02-23 19:32:52] [INFO] rank: 0, local epoch 5, acc: 0.1792
[2024-02-23 19:32:54] [INFO] rank: 0, local epoch 6, acc: 0.1792
[2024-02-23 19:32:56] [INFO] rank: 0, local epoch 7, acc: 0.1792
[2024-02-23 19:32:58] [INFO] rank: 0, local epoch 8, acc: 0.1792
[2024-02-23 19:33:00] [INFO] rank: 0, local epoch 9, acc: 0.1792
[2024-02-23 19:33:02] [INFO] rank: 0, local epoch 10, acc: 0.1792
[2024-02-23 19:33:04] [INFO] [rank: 0, server epoch 3, distill train]
[2024-02-23 19:33:05] [INFO] rank: 0, server: 0, distill epoch 1, acc: 0.1102
[2024-02-23 19:33:07] [INFO] rank: 0, server: 0, distill epoch 2, acc: 0.1102
[2024-02-23 19:33:08] [INFO] rank: 0, server: 0, distill epoch 3, acc: 0.1102
[2024-02-23 19:33:10] [INFO] rank: 0, server: 0, distill epoch 4, acc: 0.1102
[2024-02-23 19:33:11] [INFO] rank: 0, server: 0, distill epoch 5, acc: 0.1102
[2024-02-23 19:33:13] [INFO] rank: 0, server: 0, distill epoch 6, acc: 0.1102
[2024-02-23 19:33:14] [INFO] rank: 0, server: 0, distill epoch 7, acc: 0.1102
[2024-02-23 19:33:15] [INFO] rank: 0, server: 0, distill epoch 8, acc: 0.1102
[2024-02-23 19:33:17] [INFO] rank: 0, server: 0, distill epoch 9, acc: 0.1102
[2024-02-23 19:33:18] [INFO] rank: 0, server: 0, distill epoch 10, acc: 0.1102
[2024-02-23 19:33:18] [INFO] [rank: 0, server epoch 3, distill train]
[2024-02-23 19:33:20] [INFO] rank: 0, server: 1, distill epoch 1, acc: 0.0170
[2024-02-23 19:33:21] [INFO] rank: 0, server: 1, distill epoch 2, acc: 0.0170
[2024-02-23 19:33:23] [INFO] rank: 0, server: 1, distill epoch 3, acc: 0.0170
[2024-02-23 19:33:24] [INFO] rank: 0, server: 1, distill epoch 4, acc: 0.0170
[2024-02-23 19:33:26] [INFO] rank: 0, server: 1, distill epoch 5, acc: 0.0170
[2024-02-23 19:33:27] [INFO] rank: 0, server: 1, distill epoch 6, acc: 0.0170
[2024-02-23 19:33:29] [INFO] rank: 0, server: 1, distill epoch 7, acc: 0.0170
[2024-02-23 19:33:30] [INFO] rank: 0, server: 1, distill epoch 8, acc: 0.0170
[2024-02-23 19:33:32] [INFO] rank: 0, server: 1, distill epoch 9, acc: 0.0170
[2024-02-23 19:33:33] [INFO] rank: 0, server: 1, distill epoch 10, acc: 0.0170
[2024-02-23 19:33:33] [INFO] [rank: 0, server epoch 3, distill train]
[2024-02-23 19:33:35] [INFO] rank: 0, server: 2, distill epoch 1, acc: 0.1792
[2024-02-23 19:33:36] [INFO] rank: 0, server: 2, distill epoch 2, acc: 0.1792
[2024-02-23 19:33:38] [INFO] rank: 0, server: 2, distill epoch 3, acc: 0.1792
[2024-02-23 19:33:39] [INFO] rank: 0, server: 2, distill epoch 4, acc: 0.1792
[2024-02-23 19:33:41] [INFO] rank: 0, server: 2, distill epoch 5, acc: 0.1792
[2024-02-23 19:33:42] [INFO] rank: 0, server: 2, distill epoch 6, acc: 0.1792
[2024-02-23 19:33:43] [INFO] rank: 0, server: 2, distill epoch 7, acc: 0.1792
[2024-02-23 19:33:45] [INFO] rank: 0, server: 2, distill epoch 8, acc: 0.1792
[2024-02-23 19:33:46] [INFO] rank: 0, server: 2, distill epoch 9, acc: 0.1792
[2024-02-23 19:33:48] [INFO] rank: 0, server: 2, distill epoch 10, acc: 0.1792
[2024-02-23 19:33:48] [INFO] [rank: 0, server epoch 4, client 1, local train]
[2024-02-23 19:33:50] [INFO] rank: 0, local epoch 1, acc: 0.1102
[2024-02-23 19:33:51] [INFO] rank: 0, local epoch 2, acc: 0.1102
[2024-02-23 19:33:53] [INFO] rank: 0, local epoch 3, acc: 0.1102
[2024-02-23 19:33:55] [INFO] rank: 0, local epoch 4, acc: 0.1102
[2024-02-23 19:33:56] [INFO] rank: 0, local epoch 5, acc: 0.1102
[2024-02-23 19:33:58] [INFO] rank: 0, local epoch 6, acc: 0.1102
[2024-02-23 19:34:00] [INFO] rank: 0, local epoch 7, acc: 0.1102
[2024-02-23 19:34:02] [INFO] rank: 0, local epoch 8, acc: 0.1102
[2024-02-23 19:34:03] [INFO] rank: 0, local epoch 9, acc: 0.1102
[2024-02-23 19:34:05] [INFO] rank: 0, local epoch 10, acc: 0.1102
[2024-02-23 19:34:05] [INFO] [rank: 0, server epoch 4, client 2, local train]
[2024-02-23 19:34:07] [INFO] rank: 0, local epoch 1, acc: 0.1102
[2024-02-23 19:34:08] [INFO] rank: 0, local epoch 2, acc: 0.1102
[2024-02-23 19:34:10] [INFO] rank: 0, local epoch 3, acc: 0.1102
[2024-02-23 19:34:12] [INFO] rank: 0, local epoch 4, acc: 0.1102
[2024-02-23 19:34:14] [INFO] rank: 0, local epoch 5, acc: 0.1102
[2024-02-23 19:34:15] [INFO] rank: 0, local epoch 6, acc: 0.1102
[2024-02-23 19:34:17] [INFO] rank: 0, local epoch 7, acc: 0.1102
[2024-02-23 19:34:19] [INFO] rank: 0, local epoch 8, acc: 0.1102
[2024-02-23 19:34:20] [INFO] rank: 0, local epoch 9, acc: 0.1102
[2024-02-23 19:34:22] [INFO] rank: 0, local epoch 10, acc: 0.1102
[2024-02-23 19:34:22] [INFO] [rank: 0, server epoch 4, client 3, local train]
[2024-02-23 19:34:24] [INFO] rank: 0, local epoch 1, acc: 0.1102
