[2024-02-23 19:22:17] [INFO] hyper_fed1
      n_public_data  : 1000  
          seed       : 10000 
      local_epochs   :  10   
     distill_epochs  :  10   
       batch_size    :  160  
      server_epochs  :  20   
          alpha      :  1.0  
            a        :  0.5  
       temperature   :   0   
         dataset     :cifar10
     model_structure : cnn3  
[2024-02-23 19:22:49] [INFO] [rank: 1, server epoch 1, client 1, local train]
[2024-02-23 19:22:51] [INFO] rank: 1, local epoch 1, acc: 0.3937
[2024-02-23 19:22:52] [INFO] rank: 1, local epoch 2, acc: 0.4569
[2024-02-23 19:22:54] [INFO] rank: 1, local epoch 3, acc: 0.4921
[2024-02-23 19:22:56] [INFO] rank: 1, local epoch 4, acc: 0.5140
[2024-02-23 19:22:58] [INFO] rank: 1, local epoch 5, acc: 0.5334
[2024-02-23 19:22:59] [INFO] rank: 1, local epoch 6, acc: 0.5488
[2024-02-23 19:23:01] [INFO] rank: 1, local epoch 7, acc: 0.5371
[2024-02-23 19:23:03] [INFO] rank: 1, local epoch 8, acc: 0.5650
[2024-02-23 19:23:05] [INFO] rank: 1, local epoch 9, acc: 0.5780
[2024-02-23 19:23:07] [INFO] rank: 1, local epoch 10, acc: 0.5849
[2024-02-23 19:23:07] [INFO] [rank: 1, server epoch 1, client 2, local train]
[2024-02-23 19:23:10] [INFO] rank: 1, local epoch 1, acc: 0.3742
[2024-02-23 19:23:11] [INFO] rank: 1, local epoch 2, acc: 0.4524
[2024-02-23 19:23:13] [INFO] rank: 1, local epoch 3, acc: 0.4832
[2024-02-23 19:23:15] [INFO] rank: 1, local epoch 4, acc: 0.5200
[2024-02-23 19:23:17] [INFO] rank: 1, local epoch 5, acc: 0.5354
[2024-02-23 19:23:19] [INFO] rank: 1, local epoch 6, acc: 0.5464
[2024-02-23 19:23:21] [INFO] rank: 1, local epoch 7, acc: 0.5448
[2024-02-23 19:23:23] [INFO] rank: 1, local epoch 8, acc: 0.5589
[2024-02-23 19:23:25] [INFO] rank: 1, local epoch 9, acc: 0.5678
[2024-02-23 19:23:26] [INFO] rank: 1, local epoch 10, acc: 0.5812
[2024-02-23 19:23:26] [INFO] [rank: 1, server epoch 1, client 3, local train]
[2024-02-23 19:23:28] [INFO] rank: 1, local epoch 1, acc: 0.3953
[2024-02-23 19:23:30] [INFO] rank: 1, local epoch 2, acc: 0.4516
[2024-02-23 19:23:32] [INFO] rank: 1, local epoch 3, acc: 0.4791
[2024-02-23 19:23:34] [INFO] rank: 1, local epoch 4, acc: 0.5172
[2024-02-23 19:23:36] [INFO] rank: 1, local epoch 5, acc: 0.5196
[2024-02-23 19:23:38] [INFO] rank: 1, local epoch 6, acc: 0.5512
[2024-02-23 19:23:39] [INFO] rank: 1, local epoch 7, acc: 0.5658
[2024-02-23 19:23:41] [INFO] rank: 1, local epoch 8, acc: 0.5687
[2024-02-23 19:23:43] [INFO] rank: 1, local epoch 9, acc: 0.5800
[2024-02-23 19:23:45] [INFO] rank: 1, local epoch 10, acc: 0.5788
[2024-02-23 19:23:45] [INFO] [rank: 1, server epoch 1, client 4, local train]
[2024-02-23 19:23:47] [INFO] rank: 1, local epoch 1, acc: 0.3687
[2024-02-23 19:23:49] [INFO] rank: 1, local epoch 2, acc: 0.4455
[2024-02-23 19:23:51] [INFO] rank: 1, local epoch 3, acc: 0.4755
[2024-02-23 19:23:53] [INFO] rank: 1, local epoch 4, acc: 0.5016
[2024-02-23 19:23:55] [INFO] rank: 1, local epoch 5, acc: 0.5151
[2024-02-23 19:23:57] [INFO] rank: 1, local epoch 6, acc: 0.5334
[2024-02-23 19:23:59] [INFO] rank: 1, local epoch 7, acc: 0.5509
[2024-02-23 19:24:01] [INFO] rank: 1, local epoch 8, acc: 0.5527
[2024-02-23 19:24:03] [INFO] rank: 1, local epoch 9, acc: 0.5618
[2024-02-23 19:24:05] [INFO] rank: 1, local epoch 10, acc: 0.5754
[2024-02-23 19:24:05] [INFO] [rank: 1, server epoch 1, client 5, local train]
[2024-02-23 19:24:08] [INFO] rank: 1, local epoch 1, acc: 0.3721
[2024-02-23 19:24:10] [INFO] rank: 1, local epoch 2, acc: 0.4350
[2024-02-23 19:24:12] [INFO] rank: 1, local epoch 3, acc: 0.4718
[2024-02-23 19:24:14] [INFO] rank: 1, local epoch 4, acc: 0.4961
[2024-02-23 19:24:16] [INFO] rank: 1, local epoch 5, acc: 0.4971
[2024-02-23 19:24:18] [INFO] rank: 1, local epoch 6, acc: 0.5290
[2024-02-23 19:24:20] [INFO] rank: 1, local epoch 7, acc: 0.5480
[2024-02-23 19:24:22] [INFO] rank: 1, local epoch 8, acc: 0.5569
[2024-02-23 19:24:24] [INFO] rank: 1, local epoch 9, acc: 0.5736
[2024-02-23 19:24:26] [INFO] rank: 1, local epoch 10, acc: 0.5762
[2024-02-23 19:24:26] [INFO] [rank: 1, server epoch 1, client 6, local train]
[2024-02-23 19:24:28] [INFO] rank: 1, local epoch 1, acc: 0.3586
[2024-02-23 19:24:31] [INFO] rank: 1, local epoch 2, acc: 0.4478
[2024-02-23 19:24:33] [INFO] rank: 1, local epoch 3, acc: 0.4854
[2024-02-23 19:24:35] [INFO] rank: 1, local epoch 4, acc: 0.4990
[2024-02-23 19:24:36] [INFO] rank: 1, local epoch 5, acc: 0.5167
[2024-02-23 19:24:38] [INFO] rank: 1, local epoch 6, acc: 0.5201
[2024-02-23 19:24:41] [INFO] rank: 1, local epoch 7, acc: 0.5360
[2024-02-23 19:24:43] [INFO] rank: 1, local epoch 8, acc: 0.5543
[2024-02-23 19:24:45] [INFO] rank: 1, local epoch 9, acc: 0.5629
[2024-02-23 19:24:47] [INFO] rank: 1, local epoch 10, acc: 0.5796
[2024-02-23 19:24:47] [INFO] [rank: 1, server epoch 1, client 7, local train]
[2024-02-23 19:24:49] [INFO] rank: 1, local epoch 1, acc: 0.3706
[2024-02-23 19:24:51] [INFO] rank: 1, local epoch 2, acc: 0.4161
[2024-02-23 19:24:53] [INFO] rank: 1, local epoch 3, acc: 0.4531
[2024-02-23 19:24:55] [INFO] rank: 1, local epoch 4, acc: 0.4615
[2024-02-23 19:24:57] [INFO] rank: 1, local epoch 5, acc: 0.4739
[2024-02-23 19:24:59] [INFO] rank: 1, local epoch 6, acc: 0.4828
[2024-02-23 19:25:01] [INFO] rank: 1, local epoch 7, acc: 0.5061
[2024-02-23 19:25:03] [INFO] rank: 1, local epoch 8, acc: 0.4912
[2024-02-23 19:25:05] [INFO] rank: 1, local epoch 9, acc: 0.5137
[2024-02-23 19:25:07] [INFO] rank: 1, local epoch 10, acc: 0.5172
[2024-02-23 19:25:07] [INFO] [rank: 1, server epoch 1, client 8, local train]
[2024-02-23 19:25:09] [INFO] rank: 1, local epoch 1, acc: 0.3774
[2024-02-23 19:25:11] [INFO] rank: 1, local epoch 2, acc: 0.4082
[2024-02-23 19:25:13] [INFO] rank: 1, local epoch 3, acc: 0.4401
[2024-02-23 19:25:15] [INFO] rank: 1, local epoch 4, acc: 0.4636
[2024-02-23 19:25:17] [INFO] rank: 1, local epoch 5, acc: 0.4861
[2024-02-23 19:25:19] [INFO] rank: 1, local epoch 6, acc: 0.4869
[2024-02-23 19:25:21] [INFO] rank: 1, local epoch 7, acc: 0.4793
[2024-02-23 19:25:23] [INFO] rank: 1, local epoch 8, acc: 0.5001
[2024-02-23 19:25:25] [INFO] rank: 1, local epoch 9, acc: 0.5077
[2024-02-23 19:25:27] [INFO] rank: 1, local epoch 10, acc: 0.5172
[2024-02-23 19:25:27] [INFO] [rank: 1, server epoch 1, client 9, local train]
[2024-02-23 19:25:29] [INFO] rank: 1, local epoch 1, acc: 0.3796
[2024-02-23 19:25:31] [INFO] rank: 1, local epoch 2, acc: 0.4125
[2024-02-23 19:25:33] [INFO] rank: 1, local epoch 3, acc: 0.4447
[2024-02-23 19:25:35] [INFO] rank: 1, local epoch 4, acc: 0.4715
[2024-02-23 19:25:37] [INFO] rank: 1, local epoch 5, acc: 0.4847
[2024-02-23 19:25:39] [INFO] rank: 1, local epoch 6, acc: 0.4942
[2024-02-23 19:25:41] [INFO] rank: 1, local epoch 7, acc: 0.5001
[2024-02-23 19:25:43] [INFO] rank: 1, local epoch 8, acc: 0.4985
[2024-02-23 19:25:46] [INFO] rank: 1, local epoch 9, acc: 0.5082
[2024-02-23 19:25:48] [INFO] rank: 1, local epoch 10, acc: 0.5155
[2024-02-23 19:25:50] [INFO] [rank: 1, server epoch 1, distill train]
[2024-02-23 19:25:52] [INFO] rank: 1, server: 0, distill epoch 1, acc: 0.1102
[2024-02-23 19:25:54] [INFO] rank: 1, server: 0, distill epoch 2, acc: 0.1102
[2024-02-23 19:25:56] [INFO] rank: 1, server: 0, distill epoch 3, acc: 0.1102
[2024-02-23 19:25:57] [INFO] rank: 1, server: 0, distill epoch 4, acc: 0.1102
[2024-02-23 19:25:59] [INFO] rank: 1, server: 0, distill epoch 5, acc: 0.1102
[2024-02-23 19:26:00] [INFO] rank: 1, server: 0, distill epoch 6, acc: 0.1102
[2024-02-23 19:26:02] [INFO] rank: 1, server: 0, distill epoch 7, acc: 0.1102
[2024-02-23 19:26:04] [INFO] rank: 1, server: 0, distill epoch 8, acc: 0.1102
[2024-02-23 19:26:05] [INFO] rank: 1, server: 0, distill epoch 9, acc: 0.1102
[2024-02-23 19:26:07] [INFO] rank: 1, server: 0, distill epoch 10, acc: 0.1102
[2024-02-23 19:26:07] [INFO] [rank: 1, server epoch 1, distill train]
[2024-02-23 19:26:09] [INFO] rank: 1, server: 1, distill epoch 1, acc: 0.0170
[2024-02-23 19:26:11] [INFO] rank: 1, server: 1, distill epoch 2, acc: 0.0170
[2024-02-23 19:26:12] [INFO] rank: 1, server: 1, distill epoch 3, acc: 0.0170
[2024-02-23 19:26:14] [INFO] rank: 1, server: 1, distill epoch 4, acc: 0.0170
[2024-02-23 19:26:16] [INFO] rank: 1, server: 1, distill epoch 5, acc: 0.0170
[2024-02-23 19:26:18] [INFO] rank: 1, server: 1, distill epoch 6, acc: 0.0170
[2024-02-23 19:26:19] [INFO] rank: 1, server: 1, distill epoch 7, acc: 0.0170
[2024-02-23 19:26:21] [INFO] rank: 1, server: 1, distill epoch 8, acc: 0.0170
[2024-02-23 19:26:23] [INFO] rank: 1, server: 1, distill epoch 9, acc: 0.0170
[2024-02-23 19:26:24] [INFO] rank: 1, server: 1, distill epoch 10, acc: 0.0170
[2024-02-23 19:26:24] [INFO] [rank: 1, server epoch 1, distill train]
[2024-02-23 19:26:26] [INFO] rank: 1, server: 2, distill epoch 1, acc: 0.1792
[2024-02-23 19:26:28] [INFO] rank: 1, server: 2, distill epoch 2, acc: 0.1792
[2024-02-23 19:26:30] [INFO] rank: 1, server: 2, distill epoch 3, acc: 0.1792
[2024-02-23 19:26:31] [INFO] rank: 1, server: 2, distill epoch 4, acc: 0.1792
[2024-02-23 19:26:33] [INFO] rank: 1, server: 2, distill epoch 5, acc: 0.1792
[2024-02-23 19:26:35] [INFO] rank: 1, server: 2, distill epoch 6, acc: 0.1792
[2024-02-23 19:26:36] [INFO] rank: 1, server: 2, distill epoch 7, acc: 0.1792
[2024-02-23 19:26:38] [INFO] rank: 1, server: 2, distill epoch 8, acc: 0.1792
[2024-02-23 19:26:40] [INFO] rank: 1, server: 2, distill epoch 9, acc: 0.1792
[2024-02-23 19:26:42] [INFO] rank: 1, server: 2, distill epoch 10, acc: 0.1792
[2024-02-23 19:26:42] [INFO] [rank: 1, server epoch 2, client 1, local train]
[2024-02-23 19:26:44] [INFO] rank: 1, local epoch 1, acc: 0.1102
[2024-02-23 19:26:45] [INFO] rank: 1, local epoch 2, acc: 0.1102
[2024-02-23 19:26:47] [INFO] rank: 1, local epoch 3, acc: 0.1102
[2024-02-23 19:26:49] [INFO] rank: 1, local epoch 4, acc: 0.1102
[2024-02-23 19:26:51] [INFO] rank: 1, local epoch 5, acc: 0.1102
[2024-02-23 19:26:53] [INFO] rank: 1, local epoch 6, acc: 0.1102
[2024-02-23 19:26:54] [INFO] rank: 1, local epoch 7, acc: 0.1102
[2024-02-23 19:26:56] [INFO] rank: 1, local epoch 8, acc: 0.1102
[2024-02-23 19:26:58] [INFO] rank: 1, local epoch 9, acc: 0.1102
[2024-02-23 19:27:00] [INFO] rank: 1, local epoch 10, acc: 0.1102
[2024-02-23 19:27:00] [INFO] [rank: 1, server epoch 2, client 2, local train]
[2024-02-23 19:27:02] [INFO] rank: 1, local epoch 1, acc: 0.1102
[2024-02-23 19:27:03] [INFO] rank: 1, local epoch 2, acc: 0.1102
[2024-02-23 19:27:05] [INFO] rank: 1, local epoch 3, acc: 0.1102
[2024-02-23 19:27:07] [INFO] rank: 1, local epoch 4, acc: 0.1102
[2024-02-23 19:27:09] [INFO] rank: 1, local epoch 5, acc: 0.1102
[2024-02-23 19:27:10] [INFO] rank: 1, local epoch 6, acc: 0.1102
[2024-02-23 19:27:12] [INFO] rank: 1, local epoch 7, acc: 0.1102
[2024-02-23 19:27:14] [INFO] rank: 1, local epoch 8, acc: 0.1102
[2024-02-23 19:27:15] [INFO] rank: 1, local epoch 9, acc: 0.1102
[2024-02-23 19:27:17] [INFO] rank: 1, local epoch 10, acc: 0.1102
[2024-02-23 19:27:17] [INFO] [rank: 1, server epoch 2, client 3, local train]
[2024-02-23 19:27:19] [INFO] rank: 1, local epoch 1, acc: 0.1102
[2024-02-23 19:27:21] [INFO] rank: 1, local epoch 2, acc: 0.1102
[2024-02-23 19:27:23] [INFO] rank: 1, local epoch 3, acc: 0.1102
[2024-02-23 19:27:24] [INFO] rank: 1, local epoch 4, acc: 0.1102
[2024-02-23 19:27:26] [INFO] rank: 1, local epoch 5, acc: 0.1102
[2024-02-23 19:27:28] [INFO] rank: 1, local epoch 6, acc: 0.1102
[2024-02-23 19:27:29] [INFO] rank: 1, local epoch 7, acc: 0.1102
[2024-02-23 19:27:31] [INFO] rank: 1, local epoch 8, acc: 0.1102
[2024-02-23 19:27:33] [INFO] rank: 1, local epoch 9, acc: 0.1102
[2024-02-23 19:27:35] [INFO] rank: 1, local epoch 10, acc: 0.1102
[2024-02-23 19:27:35] [INFO] [rank: 1, server epoch 2, client 4, local train]
[2024-02-23 19:27:37] [INFO] rank: 1, local epoch 1, acc: 0.0170
[2024-02-23 19:27:39] [INFO] rank: 1, local epoch 2, acc: 0.0170
[2024-02-23 19:27:41] [INFO] rank: 1, local epoch 3, acc: 0.0170
[2024-02-23 19:27:43] [INFO] rank: 1, local epoch 4, acc: 0.0170
[2024-02-23 19:27:45] [INFO] rank: 1, local epoch 5, acc: 0.0170
[2024-02-23 19:27:47] [INFO] rank: 1, local epoch 6, acc: 0.0170
[2024-02-23 19:27:49] [INFO] rank: 1, local epoch 7, acc: 0.0170
[2024-02-23 19:27:51] [INFO] rank: 1, local epoch 8, acc: 0.0170
[2024-02-23 19:27:52] [INFO] rank: 1, local epoch 9, acc: 0.0170
[2024-02-23 19:27:54] [INFO] rank: 1, local epoch 10, acc: 0.0170
[2024-02-23 19:27:54] [INFO] [rank: 1, server epoch 2, client 5, local train]
[2024-02-23 19:27:56] [INFO] rank: 1, local epoch 1, acc: 0.0170
[2024-02-23 19:27:58] [INFO] rank: 1, local epoch 2, acc: 0.0170
[2024-02-23 19:28:00] [INFO] rank: 1, local epoch 3, acc: 0.0170
[2024-02-23 19:28:02] [INFO] rank: 1, local epoch 4, acc: 0.0170
[2024-02-23 19:28:04] [INFO] rank: 1, local epoch 5, acc: 0.0170
[2024-02-23 19:28:06] [INFO] rank: 1, local epoch 6, acc: 0.0170
[2024-02-23 19:28:08] [INFO] rank: 1, local epoch 7, acc: 0.0170
[2024-02-23 19:28:10] [INFO] rank: 1, local epoch 8, acc: 0.0170
[2024-02-23 19:28:12] [INFO] rank: 1, local epoch 9, acc: 0.0170
[2024-02-23 19:28:14] [INFO] rank: 1, local epoch 10, acc: 0.0170
[2024-02-23 19:28:14] [INFO] [rank: 1, server epoch 2, client 6, local train]
[2024-02-23 19:28:15] [INFO] rank: 1, local epoch 1, acc: 0.0170
[2024-02-23 19:28:17] [INFO] rank: 1, local epoch 2, acc: 0.0170
[2024-02-23 19:28:19] [INFO] rank: 1, local epoch 3, acc: 0.0170
[2024-02-23 19:28:21] [INFO] rank: 1, local epoch 4, acc: 0.0170
[2024-02-23 19:28:23] [INFO] rank: 1, local epoch 5, acc: 0.0170
[2024-02-23 19:28:25] [INFO] rank: 1, local epoch 6, acc: 0.0170
[2024-02-23 19:28:27] [INFO] rank: 1, local epoch 7, acc: 0.0170
[2024-02-23 19:28:29] [INFO] rank: 1, local epoch 8, acc: 0.0170
[2024-02-23 19:28:31] [INFO] rank: 1, local epoch 9, acc: 0.0170
[2024-02-23 19:28:33] [INFO] rank: 1, local epoch 10, acc: 0.0170
[2024-02-23 19:28:33] [INFO] [rank: 1, server epoch 2, client 7, local train]
[2024-02-23 19:28:35] [INFO] rank: 1, local epoch 1, acc: 0.1792
[2024-02-23 19:28:36] [INFO] rank: 1, local epoch 2, acc: 0.1792
[2024-02-23 19:28:38] [INFO] rank: 1, local epoch 3, acc: 0.1792
[2024-02-23 19:28:40] [INFO] rank: 1, local epoch 4, acc: 0.1792
[2024-02-23 19:28:42] [INFO] rank: 1, local epoch 5, acc: 0.1792
[2024-02-23 19:28:44] [INFO] rank: 1, local epoch 6, acc: 0.1792
[2024-02-23 19:28:46] [INFO] rank: 1, local epoch 7, acc: 0.1792
[2024-02-23 19:28:48] [INFO] rank: 1, local epoch 8, acc: 0.1792
[2024-02-23 19:28:50] [INFO] rank: 1, local epoch 9, acc: 0.1792
[2024-02-23 19:28:52] [INFO] rank: 1, local epoch 10, acc: 0.1792
[2024-02-23 19:28:52] [INFO] [rank: 1, server epoch 2, client 8, local train]
[2024-02-23 19:28:54] [INFO] rank: 1, local epoch 1, acc: 0.1792
[2024-02-23 19:28:56] [INFO] rank: 1, local epoch 2, acc: 0.1792
[2024-02-23 19:28:58] [INFO] rank: 1, local epoch 3, acc: 0.1792
[2024-02-23 19:28:59] [INFO] rank: 1, local epoch 4, acc: 0.1792
[2024-02-23 19:29:02] [INFO] rank: 1, local epoch 5, acc: 0.1792
[2024-02-23 19:29:03] [INFO] rank: 1, local epoch 6, acc: 0.1792
[2024-02-23 19:29:05] [INFO] rank: 1, local epoch 7, acc: 0.1792
[2024-02-23 19:29:07] [INFO] rank: 1, local epoch 8, acc: 0.1792
[2024-02-23 19:29:09] [INFO] rank: 1, local epoch 9, acc: 0.1792
[2024-02-23 19:29:11] [INFO] rank: 1, local epoch 10, acc: 0.1792
[2024-02-23 19:29:11] [INFO] [rank: 1, server epoch 2, client 9, local train]
[2024-02-23 19:29:13] [INFO] rank: 1, local epoch 1, acc: 0.1792
[2024-02-23 19:29:15] [INFO] rank: 1, local epoch 2, acc: 0.1792
[2024-02-23 19:29:17] [INFO] rank: 1, local epoch 3, acc: 0.1792
[2024-02-23 19:29:19] [INFO] rank: 1, local epoch 4, acc: 0.1792
[2024-02-23 19:29:21] [INFO] rank: 1, local epoch 5, acc: 0.1792
[2024-02-23 19:29:23] [INFO] rank: 1, local epoch 6, acc: 0.1792
[2024-02-23 19:29:25] [INFO] rank: 1, local epoch 7, acc: 0.1792
[2024-02-23 19:29:27] [INFO] rank: 1, local epoch 8, acc: 0.1792
[2024-02-23 19:29:28] [INFO] rank: 1, local epoch 9, acc: 0.1792
[2024-02-23 19:29:30] [INFO] rank: 1, local epoch 10, acc: 0.1792
[2024-02-23 19:29:32] [INFO] [rank: 1, server epoch 2, distill train]
[2024-02-23 19:29:34] [INFO] rank: 1, server: 0, distill epoch 1, acc: 0.1102
[2024-02-23 19:29:36] [INFO] rank: 1, server: 0, distill epoch 2, acc: 0.1102
[2024-02-23 19:29:37] [INFO] rank: 1, server: 0, distill epoch 3, acc: 0.1102
[2024-02-23 19:29:39] [INFO] rank: 1, server: 0, distill epoch 4, acc: 0.1102
[2024-02-23 19:29:40] [INFO] rank: 1, server: 0, distill epoch 5, acc: 0.1102
[2024-02-23 19:29:41] [INFO] rank: 1, server: 0, distill epoch 6, acc: 0.1102
[2024-02-23 19:29:43] [INFO] rank: 1, server: 0, distill epoch 7, acc: 0.1102
[2024-02-23 19:29:44] [INFO] rank: 1, server: 0, distill epoch 8, acc: 0.1102
[2024-02-23 19:29:46] [INFO] rank: 1, server: 0, distill epoch 9, acc: 0.1102
[2024-02-23 19:29:47] [INFO] rank: 1, server: 0, distill epoch 10, acc: 0.1102
[2024-02-23 19:29:47] [INFO] [rank: 1, server epoch 2, distill train]
[2024-02-23 19:29:49] [INFO] rank: 1, server: 1, distill epoch 1, acc: 0.0170
[2024-02-23 19:29:50] [INFO] rank: 1, server: 1, distill epoch 2, acc: 0.0170
[2024-02-23 19:29:52] [INFO] rank: 1, server: 1, distill epoch 3, acc: 0.0170
[2024-02-23 19:29:53] [INFO] rank: 1, server: 1, distill epoch 4, acc: 0.0170
[2024-02-23 19:29:54] [INFO] rank: 1, server: 1, distill epoch 5, acc: 0.0170
[2024-02-23 19:29:56] [INFO] rank: 1, server: 1, distill epoch 6, acc: 0.0170
[2024-02-23 19:29:57] [INFO] rank: 1, server: 1, distill epoch 7, acc: 0.0170
[2024-02-23 19:29:59] [INFO] rank: 1, server: 1, distill epoch 8, acc: 0.0170
[2024-02-23 19:30:00] [INFO] rank: 1, server: 1, distill epoch 9, acc: 0.0170
[2024-02-23 19:30:02] [INFO] rank: 1, server: 1, distill epoch 10, acc: 0.0170
[2024-02-23 19:30:02] [INFO] [rank: 1, server epoch 2, distill train]
[2024-02-23 19:30:03] [INFO] rank: 1, server: 2, distill epoch 1, acc: 0.1792
[2024-02-23 19:30:05] [INFO] rank: 1, server: 2, distill epoch 2, acc: 0.1792
[2024-02-23 19:30:06] [INFO] rank: 1, server: 2, distill epoch 3, acc: 0.1792
[2024-02-23 19:30:08] [INFO] rank: 1, server: 2, distill epoch 4, acc: 0.1792
[2024-02-23 19:30:09] [INFO] rank: 1, server: 2, distill epoch 5, acc: 0.1792
[2024-02-23 19:30:11] [INFO] rank: 1, server: 2, distill epoch 6, acc: 0.1792
[2024-02-23 19:30:12] [INFO] rank: 1, server: 2, distill epoch 7, acc: 0.1792
[2024-02-23 19:30:14] [INFO] rank: 1, server: 2, distill epoch 8, acc: 0.1792
[2024-02-23 19:30:15] [INFO] rank: 1, server: 2, distill epoch 9, acc: 0.1792
[2024-02-23 19:30:17] [INFO] rank: 1, server: 2, distill epoch 10, acc: 0.1792
[2024-02-23 19:30:17] [INFO] [rank: 1, server epoch 3, client 1, local train]
[2024-02-23 19:30:18] [INFO] rank: 1, local epoch 1, acc: 0.1102
[2024-02-23 19:30:20] [INFO] rank: 1, local epoch 2, acc: 0.1102
[2024-02-23 19:30:22] [INFO] rank: 1, local epoch 3, acc: 0.1102
[2024-02-23 19:30:24] [INFO] rank: 1, local epoch 4, acc: 0.1102
[2024-02-23 19:30:25] [INFO] rank: 1, local epoch 5, acc: 0.1102
[2024-02-23 19:30:27] [INFO] rank: 1, local epoch 6, acc: 0.1102
[2024-02-23 19:30:29] [INFO] rank: 1, local epoch 7, acc: 0.1102
[2024-02-23 19:30:30] [INFO] rank: 1, local epoch 8, acc: 0.1102
[2024-02-23 19:30:32] [INFO] rank: 1, local epoch 9, acc: 0.1102
[2024-02-23 19:30:34] [INFO] rank: 1, local epoch 10, acc: 0.1102
[2024-02-23 19:30:34] [INFO] [rank: 1, server epoch 3, client 2, local train]
[2024-02-23 19:30:36] [INFO] rank: 1, local epoch 1, acc: 0.1102
[2024-02-23 19:30:38] [INFO] rank: 1, local epoch 2, acc: 0.1102
[2024-02-23 19:30:39] [INFO] rank: 1, local epoch 3, acc: 0.1102
[2024-02-23 19:30:41] [INFO] rank: 1, local epoch 4, acc: 0.1102
[2024-02-23 19:30:43] [INFO] rank: 1, local epoch 5, acc: 0.1102
[2024-02-23 19:30:44] [INFO] rank: 1, local epoch 6, acc: 0.1102
[2024-02-23 19:30:46] [INFO] rank: 1, local epoch 7, acc: 0.1102
[2024-02-23 19:30:47] [INFO] rank: 1, local epoch 8, acc: 0.1102
[2024-02-23 19:30:49] [INFO] rank: 1, local epoch 9, acc: 0.1102
[2024-02-23 19:30:51] [INFO] rank: 1, local epoch 10, acc: 0.1102
[2024-02-23 19:30:51] [INFO] [rank: 1, server epoch 3, client 3, local train]
[2024-02-23 19:30:53] [INFO] rank: 1, local epoch 1, acc: 0.1102
[2024-02-23 19:30:54] [INFO] rank: 1, local epoch 2, acc: 0.1102
[2024-02-23 19:30:56] [INFO] rank: 1, local epoch 3, acc: 0.1102
[2024-02-23 19:30:58] [INFO] rank: 1, local epoch 4, acc: 0.1102
[2024-02-23 19:31:00] [INFO] rank: 1, local epoch 5, acc: 0.1102
[2024-02-23 19:31:01] [INFO] rank: 1, local epoch 6, acc: 0.1102
[2024-02-23 19:31:03] [INFO] rank: 1, local epoch 7, acc: 0.1102
[2024-02-23 19:31:05] [INFO] rank: 1, local epoch 8, acc: 0.1102
[2024-02-23 19:31:07] [INFO] rank: 1, local epoch 9, acc: 0.1102
[2024-02-23 19:31:08] [INFO] rank: 1, local epoch 10, acc: 0.1102
[2024-02-23 19:31:08] [INFO] [rank: 1, server epoch 3, client 4, local train]
[2024-02-23 19:31:10] [INFO] rank: 1, local epoch 1, acc: 0.0170
[2024-02-23 19:31:12] [INFO] rank: 1, local epoch 2, acc: 0.0170
[2024-02-23 19:31:14] [INFO] rank: 1, local epoch 3, acc: 0.0170
[2024-02-23 19:31:16] [INFO] rank: 1, local epoch 4, acc: 0.0170
[2024-02-23 19:31:18] [INFO] rank: 1, local epoch 5, acc: 0.0170
[2024-02-23 19:31:20] [INFO] rank: 1, local epoch 6, acc: 0.0170
[2024-02-23 19:31:22] [INFO] rank: 1, local epoch 7, acc: 0.0170
[2024-02-23 19:31:23] [INFO] rank: 1, local epoch 8, acc: 0.0170
[2024-02-23 19:31:25] [INFO] rank: 1, local epoch 9, acc: 0.0170
[2024-02-23 19:31:27] [INFO] rank: 1, local epoch 10, acc: 0.0170
[2024-02-23 19:31:27] [INFO] [rank: 1, server epoch 3, client 5, local train]
[2024-02-23 19:31:29] [INFO] rank: 1, local epoch 1, acc: 0.0170
[2024-02-23 19:31:31] [INFO] rank: 1, local epoch 2, acc: 0.0170
[2024-02-23 19:31:33] [INFO] rank: 1, local epoch 3, acc: 0.0170
[2024-02-23 19:31:35] [INFO] rank: 1, local epoch 4, acc: 0.0170
[2024-02-23 19:31:37] [INFO] rank: 1, local epoch 5, acc: 0.0170
[2024-02-23 19:31:38] [INFO] rank: 1, local epoch 6, acc: 0.0170
[2024-02-23 19:31:40] [INFO] rank: 1, local epoch 7, acc: 0.0170
[2024-02-23 19:31:42] [INFO] rank: 1, local epoch 8, acc: 0.0170
[2024-02-23 19:31:44] [INFO] rank: 1, local epoch 9, acc: 0.0170
[2024-02-23 19:31:46] [INFO] rank: 1, local epoch 10, acc: 0.0170
[2024-02-23 19:31:46] [INFO] [rank: 1, server epoch 3, client 6, local train]
[2024-02-23 19:31:48] [INFO] rank: 1, local epoch 1, acc: 0.0170
[2024-02-23 19:31:49] [INFO] rank: 1, local epoch 2, acc: 0.0170
[2024-02-23 19:31:51] [INFO] rank: 1, local epoch 3, acc: 0.0170
[2024-02-23 19:31:53] [INFO] rank: 1, local epoch 4, acc: 0.0170
[2024-02-23 19:31:55] [INFO] rank: 1, local epoch 5, acc: 0.0170
[2024-02-23 19:31:57] [INFO] rank: 1, local epoch 6, acc: 0.0170
[2024-02-23 19:31:59] [INFO] rank: 1, local epoch 7, acc: 0.0170
[2024-02-23 19:32:01] [INFO] rank: 1, local epoch 8, acc: 0.0170
[2024-02-23 19:32:03] [INFO] rank: 1, local epoch 9, acc: 0.0170
[2024-02-23 19:32:05] [INFO] rank: 1, local epoch 10, acc: 0.0170
[2024-02-23 19:32:05] [INFO] [rank: 1, server epoch 3, client 7, local train]
[2024-02-23 19:32:07] [INFO] rank: 1, local epoch 1, acc: 0.1792
[2024-02-23 19:32:08] [INFO] rank: 1, local epoch 2, acc: 0.1792
[2024-02-23 19:32:10] [INFO] rank: 1, local epoch 3, acc: 0.1792
[2024-02-23 19:32:12] [INFO] rank: 1, local epoch 4, acc: 0.1792
[2024-02-23 19:32:14] [INFO] rank: 1, local epoch 5, acc: 0.1792
[2024-02-23 19:32:16] [INFO] rank: 1, local epoch 6, acc: 0.1792
[2024-02-23 19:32:17] [INFO] rank: 1, local epoch 7, acc: 0.1792
[2024-02-23 19:32:19] [INFO] rank: 1, local epoch 8, acc: 0.1792
[2024-02-23 19:32:21] [INFO] rank: 1, local epoch 9, acc: 0.1792
[2024-02-23 19:32:23] [INFO] rank: 1, local epoch 10, acc: 0.1792
[2024-02-23 19:32:23] [INFO] [rank: 1, server epoch 3, client 8, local train]
[2024-02-23 19:32:25] [INFO] rank: 1, local epoch 1, acc: 0.1792
[2024-02-23 19:32:27] [INFO] rank: 1, local epoch 2, acc: 0.1792
[2024-02-23 19:32:29] [INFO] rank: 1, local epoch 3, acc: 0.1792
[2024-02-23 19:32:31] [INFO] rank: 1, local epoch 4, acc: 0.1792
[2024-02-23 19:32:32] [INFO] rank: 1, local epoch 5, acc: 0.1792
[2024-02-23 19:32:35] [INFO] rank: 1, local epoch 6, acc: 0.1792
[2024-02-23 19:32:37] [INFO] rank: 1, local epoch 7, acc: 0.1792
[2024-02-23 19:32:39] [INFO] rank: 1, local epoch 8, acc: 0.1792
[2024-02-23 19:32:40] [INFO] rank: 1, local epoch 9, acc: 0.1792
[2024-02-23 19:32:42] [INFO] rank: 1, local epoch 10, acc: 0.1792
[2024-02-23 19:32:42] [INFO] [rank: 1, server epoch 3, client 9, local train]
[2024-02-23 19:32:44] [INFO] rank: 1, local epoch 1, acc: 0.1792
[2024-02-23 19:32:46] [INFO] rank: 1, local epoch 2, acc: 0.1792
[2024-02-23 19:32:48] [INFO] rank: 1, local epoch 3, acc: 0.1792
[2024-02-23 19:32:50] [INFO] rank: 1, local epoch 4, acc: 0.1792
[2024-02-23 19:32:52] [INFO] rank: 1, local epoch 5, acc: 0.1792
[2024-02-23 19:32:54] [INFO] rank: 1, local epoch 6, acc: 0.1792
[2024-02-23 19:32:55] [INFO] rank: 1, local epoch 7, acc: 0.1792
[2024-02-23 19:32:57] [INFO] rank: 1, local epoch 8, acc: 0.1792
[2024-02-23 19:32:59] [INFO] rank: 1, local epoch 9, acc: 0.1792
[2024-02-23 19:33:01] [INFO] rank: 1, local epoch 10, acc: 0.1792
[2024-02-23 19:33:03] [INFO] [rank: 1, server epoch 3, distill train]
[2024-02-23 19:33:05] [INFO] rank: 1, server: 0, distill epoch 1, acc: 0.1102
[2024-02-23 19:33:06] [INFO] rank: 1, server: 0, distill epoch 2, acc: 0.1102
[2024-02-23 19:33:07] [INFO] rank: 1, server: 0, distill epoch 3, acc: 0.1102
[2024-02-23 19:33:09] [INFO] rank: 1, server: 0, distill epoch 4, acc: 0.1102
[2024-02-23 19:33:10] [INFO] rank: 1, server: 0, distill epoch 5, acc: 0.1102
[2024-02-23 19:33:12] [INFO] rank: 1, server: 0, distill epoch 6, acc: 0.1102
[2024-02-23 19:33:13] [INFO] rank: 1, server: 0, distill epoch 7, acc: 0.1102
[2024-02-23 19:33:15] [INFO] rank: 1, server: 0, distill epoch 8, acc: 0.1102
[2024-02-23 19:33:16] [INFO] rank: 1, server: 0, distill epoch 9, acc: 0.1102
[2024-02-23 19:33:18] [INFO] rank: 1, server: 0, distill epoch 10, acc: 0.1102
[2024-02-23 19:33:18] [INFO] [rank: 1, server epoch 3, distill train]
[2024-02-23 19:33:19] [INFO] rank: 1, server: 1, distill epoch 1, acc: 0.0170
[2024-02-23 19:33:21] [INFO] rank: 1, server: 1, distill epoch 2, acc: 0.0170
[2024-02-23 19:33:22] [INFO] rank: 1, server: 1, distill epoch 3, acc: 0.0170
[2024-02-23 19:33:24] [INFO] rank: 1, server: 1, distill epoch 4, acc: 0.0170
[2024-02-23 19:33:25] [INFO] rank: 1, server: 1, distill epoch 5, acc: 0.0170
[2024-02-23 19:33:26] [INFO] rank: 1, server: 1, distill epoch 6, acc: 0.0170
[2024-02-23 19:33:28] [INFO] rank: 1, server: 1, distill epoch 7, acc: 0.0170
[2024-02-23 19:33:29] [INFO] rank: 1, server: 1, distill epoch 8, acc: 0.0170
[2024-02-23 19:33:31] [INFO] rank: 1, server: 1, distill epoch 9, acc: 0.0170
[2024-02-23 19:33:32] [INFO] rank: 1, server: 1, distill epoch 10, acc: 0.0170
[2024-02-23 19:33:32] [INFO] [rank: 1, server epoch 3, distill train]
[2024-02-23 19:33:34] [INFO] rank: 1, server: 2, distill epoch 1, acc: 0.1792
[2024-02-23 19:33:36] [INFO] rank: 1, server: 2, distill epoch 2, acc: 0.1792
[2024-02-23 19:33:37] [INFO] rank: 1, server: 2, distill epoch 3, acc: 0.1792
[2024-02-23 19:33:39] [INFO] rank: 1, server: 2, distill epoch 4, acc: 0.1792
[2024-02-23 19:33:40] [INFO] rank: 1, server: 2, distill epoch 5, acc: 0.1792
[2024-02-23 19:33:42] [INFO] rank: 1, server: 2, distill epoch 6, acc: 0.1792
[2024-02-23 19:33:43] [INFO] rank: 1, server: 2, distill epoch 7, acc: 0.1792
[2024-02-23 19:33:44] [INFO] rank: 1, server: 2, distill epoch 8, acc: 0.1792
[2024-02-23 19:33:46] [INFO] rank: 1, server: 2, distill epoch 9, acc: 0.1792
[2024-02-23 19:33:48] [INFO] rank: 1, server: 2, distill epoch 10, acc: 0.1792
[2024-02-23 19:33:48] [INFO] [rank: 1, server epoch 4, client 1, local train]
[2024-02-23 19:33:49] [INFO] rank: 1, local epoch 1, acc: 0.1102
[2024-02-23 19:33:51] [INFO] rank: 1, local epoch 2, acc: 0.1102
[2024-02-23 19:33:53] [INFO] rank: 1, local epoch 3, acc: 0.1102
[2024-02-23 19:33:54] [INFO] rank: 1, local epoch 4, acc: 0.1102
[2024-02-23 19:33:56] [INFO] rank: 1, local epoch 5, acc: 0.1102
[2024-02-23 19:33:58] [INFO] rank: 1, local epoch 6, acc: 0.1102
[2024-02-23 19:33:59] [INFO] rank: 1, local epoch 7, acc: 0.1102
[2024-02-23 19:34:01] [INFO] rank: 1, local epoch 8, acc: 0.1102
[2024-02-23 19:34:03] [INFO] rank: 1, local epoch 9, acc: 0.1102
[2024-02-23 19:34:05] [INFO] rank: 1, local epoch 10, acc: 0.1102
[2024-02-23 19:34:05] [INFO] [rank: 1, server epoch 4, client 2, local train]
[2024-02-23 19:34:06] [INFO] rank: 1, local epoch 1, acc: 0.1102
[2024-02-23 19:34:08] [INFO] rank: 1, local epoch 2, acc: 0.1102
[2024-02-23 19:34:10] [INFO] rank: 1, local epoch 3, acc: 0.1102
[2024-02-23 19:34:11] [INFO] rank: 1, local epoch 4, acc: 0.1102
[2024-02-23 19:34:13] [INFO] rank: 1, local epoch 5, acc: 0.1102
[2024-02-23 19:34:15] [INFO] rank: 1, local epoch 6, acc: 0.1102
[2024-02-23 19:34:16] [INFO] rank: 1, local epoch 7, acc: 0.1102
[2024-02-23 19:34:18] [INFO] rank: 1, local epoch 8, acc: 0.1102
[2024-02-23 19:34:20] [INFO] rank: 1, local epoch 9, acc: 0.1102
[2024-02-23 19:34:22] [INFO] rank: 1, local epoch 10, acc: 0.1102
[2024-02-23 19:34:22] [INFO] [rank: 1, server epoch 4, client 3, local train]
[2024-02-23 19:34:23] [INFO] rank: 1, local epoch 1, acc: 0.1102
