[2024-01-23 18:31:51] [INFO] fed_avg
        n_client     :   9   
      n_train_data   : 1000  
       n_test_data   :  200  
          seed       : 10000 
      local_epochs   :   5   
     distill_epochs  :   5   
       batch_size    :  160  
      server_epochs  :  20   
          alpha      :  0.1  
         dataset     :cifar10
     model_structure :resnet18
[2024-01-23 18:31:57] [INFO] [server epoch 1, client 1, local train]
[2024-01-23 18:31:59] [INFO] local epoch 1, acc: 0.5100
[2024-01-23 18:31:59] [INFO] local epoch 2, acc: 0.5150
[2024-01-23 18:32:00] [INFO] local epoch 3, acc: 0.6750
[2024-01-23 18:32:00] [INFO] local epoch 4, acc: 0.6150
[2024-01-23 18:32:01] [INFO] local epoch 5, acc: 0.6800
[2024-01-23 18:32:01] [INFO] [server epoch 1, client 2, local train]
[2024-01-23 18:32:02] [INFO] local epoch 1, acc: 0.6100
[2024-01-23 18:32:02] [INFO] local epoch 2, acc: 0.7750
[2024-01-23 18:32:03] [INFO] local epoch 3, acc: 0.8200
[2024-01-23 18:32:04] [INFO] local epoch 4, acc: 0.8000
[2024-01-23 18:32:04] [INFO] local epoch 5, acc: 0.7800
[2024-01-23 18:32:04] [INFO] [server epoch 1, client 3, local train]
[2024-01-23 18:32:05] [INFO] local epoch 1, acc: 0.4700
[2024-01-23 18:32:06] [INFO] local epoch 2, acc: 0.5950
[2024-01-23 18:32:06] [INFO] local epoch 3, acc: 0.6950
[2024-01-23 18:32:07] [INFO] local epoch 4, acc: 0.6900
[2024-01-23 18:32:08] [INFO] local epoch 5, acc: 0.7000
[2024-01-23 18:32:08] [INFO] [server epoch 1, client 4, local train]
[2024-01-23 18:32:08] [INFO] local epoch 1, acc: 0.5550
[2024-01-23 18:32:09] [INFO] local epoch 2, acc: 0.6450
[2024-01-23 18:32:10] [INFO] local epoch 3, acc: 0.7150
[2024-01-23 18:32:10] [INFO] local epoch 4, acc: 0.7550
[2024-01-23 18:32:11] [INFO] local epoch 5, acc: 0.6900
[2024-01-23 18:32:11] [INFO] [server epoch 1, client 5, local train]
[2024-01-23 18:32:12] [INFO] local epoch 1, acc: 0.8300
[2024-01-23 18:32:12] [INFO] local epoch 2, acc: 0.8500
[2024-01-23 18:32:13] [INFO] local epoch 3, acc: 0.8300
[2024-01-23 18:32:13] [INFO] local epoch 4, acc: 0.9000
[2024-01-23 18:32:14] [INFO] local epoch 5, acc: 0.9300
[2024-01-23 18:32:14] [INFO] [server epoch 1, client 6, local train]
[2024-01-23 18:32:15] [INFO] local epoch 1, acc: 0.5700
[2024-01-23 18:32:16] [INFO] local epoch 2, acc: 0.6700
[2024-01-23 18:32:16] [INFO] local epoch 3, acc: 0.6500
[2024-01-23 18:32:17] [INFO] local epoch 4, acc: 0.6650
[2024-01-23 18:32:17] [INFO] local epoch 5, acc: 0.7050
[2024-01-23 18:32:17] [INFO] [server epoch 1, client 7, local train]
[2024-01-23 18:32:18] [INFO] local epoch 1, acc: 0.4800
[2024-01-23 18:32:19] [INFO] local epoch 2, acc: 0.5500
[2024-01-23 18:32:19] [INFO] local epoch 3, acc: 0.5650
[2024-01-23 18:32:20] [INFO] local epoch 4, acc: 0.5150
[2024-01-23 18:32:21] [INFO] local epoch 5, acc: 0.5200
[2024-01-23 18:32:21] [INFO] [server epoch 1, client 8, local train]
[2024-01-23 18:32:21] [INFO] local epoch 1, acc: 0.7150
[2024-01-23 18:32:22] [INFO] local epoch 2, acc: 0.6800
[2024-01-23 18:32:23] [INFO] local epoch 3, acc: 0.8000
[2024-01-23 18:32:23] [INFO] local epoch 4, acc: 0.8000
[2024-01-23 18:32:24] [INFO] local epoch 5, acc: 0.8150
[2024-01-23 18:32:24] [INFO] [server epoch 1, client 9, local train]
[2024-01-23 18:32:25] [INFO] local epoch 1, acc: 0.7200
[2024-01-23 18:32:25] [INFO] local epoch 2, acc: 0.7750
[2024-01-23 18:32:26] [INFO] local epoch 3, acc: 0.7450
[2024-01-23 18:32:27] [INFO] local epoch 4, acc: 0.8000
[2024-01-23 18:32:27] [INFO] local epoch 5, acc: 0.8800
[2024-01-23 18:32:31] [INFO] [server epoch 2, client 1, local train]
[2024-01-23 18:32:31] [INFO] local epoch 1, acc: 0.4950
[2024-01-23 18:32:32] [INFO] local epoch 2, acc: 0.6850
[2024-01-23 18:32:33] [INFO] local epoch 3, acc: 0.6950
[2024-01-23 18:32:33] [INFO] local epoch 4, acc: 0.7100
[2024-01-23 18:32:34] [INFO] local epoch 5, acc: 0.7100
[2024-01-23 18:32:34] [INFO] [server epoch 2, client 2, local train]
[2024-01-23 18:32:35] [INFO] local epoch 1, acc: 0.7750
[2024-01-23 18:32:35] [INFO] local epoch 2, acc: 0.8000
[2024-01-23 18:32:36] [INFO] local epoch 3, acc: 0.8300
[2024-01-23 18:32:37] [INFO] local epoch 4, acc: 0.8150
[2024-01-23 18:32:37] [INFO] local epoch 5, acc: 0.8300
[2024-01-23 18:32:37] [INFO] [server epoch 2, client 3, local train]
[2024-01-23 18:32:38] [INFO] local epoch 1, acc: 0.6900
[2024-01-23 18:32:39] [INFO] local epoch 2, acc: 0.7350
[2024-01-23 18:32:39] [INFO] local epoch 3, acc: 0.7350
[2024-01-23 18:32:40] [INFO] local epoch 4, acc: 0.7600
[2024-01-23 18:32:41] [INFO] local epoch 5, acc: 0.7350
[2024-01-23 18:32:41] [INFO] [server epoch 2, client 4, local train]
[2024-01-23 18:32:41] [INFO] local epoch 1, acc: 0.6600
[2024-01-23 18:32:42] [INFO] local epoch 2, acc: 0.7200
[2024-01-23 18:32:43] [INFO] local epoch 3, acc: 0.7800
[2024-01-23 18:32:43] [INFO] local epoch 4, acc: 0.7600
[2024-01-23 18:32:44] [INFO] local epoch 5, acc: 0.7500
[2024-01-23 18:32:44] [INFO] [server epoch 2, client 5, local train]
[2024-01-23 18:32:45] [INFO] local epoch 1, acc: 0.9300
[2024-01-23 18:32:45] [INFO] local epoch 2, acc: 0.8850
[2024-01-23 18:32:46] [INFO] local epoch 3, acc: 0.9150
[2024-01-23 18:32:47] [INFO] local epoch 4, acc: 0.9500
[2024-01-23 18:32:47] [INFO] local epoch 5, acc: 0.8850
[2024-01-23 18:32:47] [INFO] [server epoch 2, client 6, local train]
[2024-01-23 18:32:48] [INFO] local epoch 1, acc: 0.6300
[2024-01-23 18:32:49] [INFO] local epoch 2, acc: 0.7200
[2024-01-23 18:32:49] [INFO] local epoch 3, acc: 0.6950
[2024-01-23 18:32:50] [INFO] local epoch 4, acc: 0.7200
[2024-01-23 18:32:51] [INFO] local epoch 5, acc: 0.7500
[2024-01-23 18:32:51] [INFO] [server epoch 2, client 7, local train]
[2024-01-23 18:32:51] [INFO] local epoch 1, acc: 0.4950
[2024-01-23 18:32:52] [INFO] local epoch 2, acc: 0.5500
[2024-01-23 18:32:53] [INFO] local epoch 3, acc: 0.5800
[2024-01-23 18:32:53] [INFO] local epoch 4, acc: 0.6200
[2024-01-23 18:32:54] [INFO] local epoch 5, acc: 0.5900
[2024-01-23 18:32:54] [INFO] [server epoch 2, client 8, local train]
[2024-01-23 18:32:55] [INFO] local epoch 1, acc: 0.6950
[2024-01-23 18:32:55] [INFO] local epoch 2, acc: 0.8200
[2024-01-23 18:32:56] [INFO] local epoch 3, acc: 0.8150
[2024-01-23 18:32:56] [INFO] local epoch 4, acc: 0.8150
[2024-01-23 18:32:57] [INFO] local epoch 5, acc: 0.8350
[2024-01-23 18:32:57] [INFO] [server epoch 2, client 9, local train]
[2024-01-23 18:32:58] [INFO] local epoch 1, acc: 0.7850
[2024-01-23 18:32:59] [INFO] local epoch 2, acc: 0.8450
[2024-01-23 18:32:59] [INFO] local epoch 3, acc: 0.8550
[2024-01-23 18:33:00] [INFO] local epoch 4, acc: 0.8450
[2024-01-23 18:33:01] [INFO] local epoch 5, acc: 0.8150
[2024-01-23 18:33:04] [INFO] [server epoch 3, client 1, local train]
[2024-01-23 18:33:05] [INFO] local epoch 1, acc: 0.6400
[2024-01-23 18:33:05] [INFO] local epoch 2, acc: 0.6850
[2024-01-23 18:33:06] [INFO] local epoch 3, acc: 0.6900
[2024-01-23 18:33:07] [INFO] local epoch 4, acc: 0.7000
[2024-01-23 18:33:07] [INFO] local epoch 5, acc: 0.6850
[2024-01-23 18:33:07] [INFO] [server epoch 3, client 2, local train]
[2024-01-23 18:33:08] [INFO] local epoch 1, acc: 0.8300
[2024-01-23 18:33:09] [INFO] local epoch 2, acc: 0.8350
[2024-01-23 18:33:09] [INFO] local epoch 3, acc: 0.8400
[2024-01-23 18:33:10] [INFO] local epoch 4, acc: 0.8600
[2024-01-23 18:33:11] [INFO] local epoch 5, acc: 0.8350
[2024-01-23 18:33:11] [INFO] [server epoch 3, client 3, local train]
[2024-01-23 18:33:11] [INFO] local epoch 1, acc: 0.7500
[2024-01-23 18:33:12] [INFO] local epoch 2, acc: 0.7650
[2024-01-23 18:33:13] [INFO] local epoch 3, acc: 0.7300
[2024-01-23 18:33:13] [INFO] local epoch 4, acc: 0.7600
[2024-01-23 18:33:14] [INFO] local epoch 5, acc: 0.7550
[2024-01-23 18:33:14] [INFO] [server epoch 3, client 4, local train]
[2024-01-23 18:33:15] [INFO] local epoch 1, acc: 0.7800
[2024-01-23 18:33:15] [INFO] local epoch 2, acc: 0.7650
[2024-01-23 18:33:16] [INFO] local epoch 3, acc: 0.7750
[2024-01-23 18:33:17] [INFO] local epoch 4, acc: 0.8000
[2024-01-23 18:33:17] [INFO] local epoch 5, acc: 0.7800
[2024-01-23 18:33:17] [INFO] [server epoch 3, client 5, local train]
[2024-01-23 18:33:18] [INFO] local epoch 1, acc: 0.7600
[2024-01-23 18:33:18] [INFO] local epoch 2, acc: 0.9000
[2024-01-23 18:33:19] [INFO] local epoch 3, acc: 0.8950
[2024-01-23 18:33:20] [INFO] local epoch 4, acc: 0.9600
[2024-01-23 18:33:20] [INFO] local epoch 5, acc: 0.9300
[2024-01-23 18:33:20] [INFO] [server epoch 3, client 6, local train]
[2024-01-23 18:33:21] [INFO] local epoch 1, acc: 0.7200
[2024-01-23 18:33:22] [INFO] local epoch 2, acc: 0.7050
[2024-01-23 18:33:22] [INFO] local epoch 3, acc: 0.7350
[2024-01-23 18:33:23] [INFO] local epoch 4, acc: 0.7350
[2024-01-23 18:33:24] [INFO] local epoch 5, acc: 0.7450
[2024-01-23 18:33:24] [INFO] [server epoch 3, client 7, local train]
[2024-01-23 18:33:24] [INFO] local epoch 1, acc: 0.5550
[2024-01-23 18:33:25] [INFO] local epoch 2, acc: 0.6000
[2024-01-23 18:33:26] [INFO] local epoch 3, acc: 0.5800
[2024-01-23 18:33:26] [INFO] local epoch 4, acc: 0.6200
[2024-01-23 18:33:27] [INFO] local epoch 5, acc: 0.6200
[2024-01-23 18:33:27] [INFO] [server epoch 3, client 8, local train]
[2024-01-23 18:33:28] [INFO] local epoch 1, acc: 0.7850
[2024-01-23 18:33:29] [INFO] local epoch 2, acc: 0.8300
[2024-01-23 18:33:29] [INFO] local epoch 3, acc: 0.8450
[2024-01-23 18:33:30] [INFO] local epoch 4, acc: 0.8500
[2024-01-23 18:33:30] [INFO] local epoch 5, acc: 0.8200
[2024-01-23 18:33:30] [INFO] [server epoch 3, client 9, local train]
[2024-01-23 18:33:31] [INFO] local epoch 1, acc: 0.8100
[2024-01-23 18:33:32] [INFO] local epoch 2, acc: 0.8500
[2024-01-23 18:33:32] [INFO] local epoch 3, acc: 0.8400
[2024-01-23 18:33:33] [INFO] local epoch 4, acc: 0.8500
[2024-01-23 18:33:34] [INFO] local epoch 5, acc: 0.8200
[2024-01-23 18:33:37] [INFO] [server epoch 4, client 1, local train]
[2024-01-23 18:33:38] [INFO] local epoch 1, acc: 0.6900
[2024-01-23 18:33:38] [INFO] local epoch 2, acc: 0.6950
[2024-01-23 18:33:39] [INFO] local epoch 3, acc: 0.7100
[2024-01-23 18:33:40] [INFO] local epoch 4, acc: 0.7200
[2024-01-23 18:33:40] [INFO] local epoch 5, acc: 0.7150
[2024-01-23 18:33:40] [INFO] [server epoch 4, client 2, local train]
[2024-01-23 18:33:41] [INFO] local epoch 1, acc: 0.8550
[2024-01-23 18:33:42] [INFO] local epoch 2, acc: 0.8650
[2024-01-23 18:33:42] [INFO] local epoch 3, acc: 0.8550
[2024-01-23 18:33:43] [INFO] local epoch 4, acc: 0.8450
[2024-01-23 18:33:44] [INFO] local epoch 5, acc: 0.8100
[2024-01-23 18:33:44] [INFO] [server epoch 4, client 3, local train]
[2024-01-23 18:33:44] [INFO] local epoch 1, acc: 0.7600
[2024-01-23 18:33:45] [INFO] local epoch 2, acc: 0.7750
[2024-01-23 18:33:46] [INFO] local epoch 3, acc: 0.7400
[2024-01-23 18:33:46] [INFO] local epoch 4, acc: 0.7700
[2024-01-23 18:33:47] [INFO] local epoch 5, acc: 0.7600
[2024-01-23 18:33:47] [INFO] [server epoch 4, client 4, local train]
[2024-01-23 18:33:48] [INFO] local epoch 1, acc: 0.7800
[2024-01-23 18:33:48] [INFO] local epoch 2, acc: 0.7350
[2024-01-23 18:33:49] [INFO] local epoch 3, acc: 0.7700
[2024-01-23 18:33:50] [INFO] local epoch 4, acc: 0.7750
[2024-01-23 18:33:50] [INFO] local epoch 5, acc: 0.7850
[2024-01-23 18:33:50] [INFO] [server epoch 4, client 5, local train]
[2024-01-23 18:33:51] [INFO] local epoch 1, acc: 0.8900
[2024-01-23 18:33:52] [INFO] local epoch 2, acc: 0.9150
[2024-01-23 18:33:52] [INFO] local epoch 3, acc: 0.9450
[2024-01-23 18:33:53] [INFO] local epoch 4, acc: 0.9400
[2024-01-23 18:33:54] [INFO] local epoch 5, acc: 0.9150
[2024-01-23 18:33:54] [INFO] [server epoch 4, client 6, local train]
[2024-01-23 18:33:54] [INFO] local epoch 1, acc: 0.7350
[2024-01-23 18:33:55] [INFO] local epoch 2, acc: 0.7550
[2024-01-23 18:33:56] [INFO] local epoch 3, acc: 0.7700
[2024-01-23 18:33:56] [INFO] local epoch 4, acc: 0.7400
[2024-01-23 18:33:57] [INFO] local epoch 5, acc: 0.7550
[2024-01-23 18:33:57] [INFO] [server epoch 4, client 7, local train]
[2024-01-23 18:33:58] [INFO] local epoch 1, acc: 0.5900
[2024-01-23 18:33:58] [INFO] local epoch 2, acc: 0.5900
[2024-01-23 18:33:59] [INFO] local epoch 3, acc: 0.5950
[2024-01-23 18:34:00] [INFO] local epoch 4, acc: 0.5900
[2024-01-23 18:34:00] [INFO] local epoch 5, acc: 0.5800
[2024-01-23 18:34:00] [INFO] [server epoch 4, client 8, local train]
[2024-01-23 18:34:01] [INFO] local epoch 1, acc: 0.8000
[2024-01-23 18:34:02] [INFO] local epoch 2, acc: 0.8450
[2024-01-23 18:34:02] [INFO] local epoch 3, acc: 0.8400
[2024-01-23 18:34:03] [INFO] local epoch 4, acc: 0.8450
[2024-01-23 18:34:04] [INFO] local epoch 5, acc: 0.8350
[2024-01-23 18:34:04] [INFO] [server epoch 4, client 9, local train]
[2024-01-23 18:34:04] [INFO] local epoch 1, acc: 0.8350
[2024-01-23 18:34:05] [INFO] local epoch 2, acc: 0.8500
[2024-01-23 18:34:06] [INFO] local epoch 3, acc: 0.8350
[2024-01-23 18:34:06] [INFO] local epoch 4, acc: 0.8650
[2024-01-23 18:34:07] [INFO] local epoch 5, acc: 0.8650
[2024-01-23 18:34:10] [INFO] [server epoch 5, client 1, local train]
[2024-01-23 18:34:11] [INFO] local epoch 1, acc: 0.7000
[2024-01-23 18:34:12] [INFO] local epoch 2, acc: 0.6850
[2024-01-23 18:34:12] [INFO] local epoch 3, acc: 0.7100
[2024-01-23 18:34:13] [INFO] local epoch 4, acc: 0.7050
[2024-01-23 18:34:14] [INFO] local epoch 5, acc: 0.7200
[2024-01-23 18:34:14] [INFO] [server epoch 5, client 2, local train]
[2024-01-23 18:34:14] [INFO] local epoch 1, acc: 0.7800
[2024-01-23 18:34:15] [INFO] local epoch 2, acc: 0.8550
[2024-01-23 18:34:16] [INFO] local epoch 3, acc: 0.8600
[2024-01-23 18:34:16] [INFO] local epoch 4, acc: 0.8250
[2024-01-23 18:34:17] [INFO] local epoch 5, acc: 0.8000
[2024-01-23 18:34:17] [INFO] [server epoch 5, client 3, local train]
[2024-01-23 18:34:18] [INFO] local epoch 1, acc: 0.7650
[2024-01-23 18:34:18] [INFO] local epoch 2, acc: 0.7600
[2024-01-23 18:34:19] [INFO] local epoch 3, acc: 0.7900
[2024-01-23 18:34:20] [INFO] local epoch 4, acc: 0.8050
[2024-01-23 18:34:20] [INFO] local epoch 5, acc: 0.8000
[2024-01-23 18:34:20] [INFO] [server epoch 5, client 4, local train]
[2024-01-23 18:34:21] [INFO] local epoch 1, acc: 0.7450
[2024-01-23 18:34:22] [INFO] local epoch 2, acc: 0.7450
[2024-01-23 18:34:22] [INFO] local epoch 3, acc: 0.7550
[2024-01-23 18:34:23] [INFO] local epoch 4, acc: 0.7500
[2024-01-23 18:34:24] [INFO] local epoch 5, acc: 0.7450
[2024-01-23 18:34:24] [INFO] [server epoch 5, client 5, local train]
[2024-01-23 18:34:24] [INFO] local epoch 1, acc: 0.8400
[2024-01-23 18:34:25] [INFO] local epoch 2, acc: 0.9250
[2024-01-23 18:34:26] [INFO] local epoch 3, acc: 0.9600
[2024-01-23 18:34:26] [INFO] local epoch 4, acc: 0.9550
[2024-01-23 18:34:27] [INFO] local epoch 5, acc: 0.9300
[2024-01-23 18:34:27] [INFO] [server epoch 5, client 6, local train]
[2024-01-23 18:34:28] [INFO] local epoch 1, acc: 0.7400
[2024-01-23 18:34:28] [INFO] local epoch 2, acc: 0.7800
[2024-01-23 18:34:29] [INFO] local epoch 3, acc: 0.7750
[2024-01-23 18:34:30] [INFO] local epoch 4, acc: 0.7750
[2024-01-23 18:34:30] [INFO] local epoch 5, acc: 0.8150
[2024-01-23 18:34:30] [INFO] [server epoch 5, client 7, local train]
[2024-01-23 18:34:31] [INFO] local epoch 1, acc: 0.6200
[2024-01-23 18:34:32] [INFO] local epoch 2, acc: 0.6050
[2024-01-23 18:34:32] [INFO] local epoch 3, acc: 0.6150
[2024-01-23 18:34:33] [INFO] local epoch 4, acc: 0.6050
[2024-01-23 18:34:34] [INFO] local epoch 5, acc: 0.6050
[2024-01-23 18:34:34] [INFO] [server epoch 5, client 8, local train]
[2024-01-23 18:34:34] [INFO] local epoch 1, acc: 0.7850
[2024-01-23 18:34:35] [INFO] local epoch 2, acc: 0.8300
[2024-01-23 18:34:36] [INFO] local epoch 3, acc: 0.8400
[2024-01-23 18:34:36] [INFO] local epoch 4, acc: 0.8050
[2024-01-23 18:34:37] [INFO] local epoch 5, acc: 0.8350
[2024-01-23 18:34:37] [INFO] [server epoch 5, client 9, local train]
[2024-01-23 18:34:38] [INFO] local epoch 1, acc: 0.8300
[2024-01-23 18:34:38] [INFO] local epoch 2, acc: 0.8400
[2024-01-23 18:34:39] [INFO] local epoch 3, acc: 0.8100
[2024-01-23 18:34:40] [INFO] local epoch 4, acc: 0.8300
[2024-01-23 18:34:40] [INFO] local epoch 5, acc: 0.8450
[2024-01-23 18:34:44] [INFO] [server epoch 6, client 1, local train]
[2024-01-23 18:34:44] [INFO] local epoch 1, acc: 0.6950
[2024-01-23 18:34:45] [INFO] local epoch 2, acc: 0.6900
[2024-01-23 18:34:46] [INFO] local epoch 3, acc: 0.6900
[2024-01-23 18:34:46] [INFO] local epoch 4, acc: 0.7150
[2024-01-23 18:34:47] [INFO] local epoch 5, acc: 0.7050
[2024-01-23 18:34:47] [INFO] [server epoch 6, client 2, local train]
[2024-01-23 18:34:48] [INFO] local epoch 1, acc: 0.8100
[2024-01-23 18:34:48] [INFO] local epoch 2, acc: 0.8300
[2024-01-23 18:34:49] [INFO] local epoch 3, acc: 0.8600
[2024-01-23 18:34:50] [INFO] local epoch 4, acc: 0.8600
[2024-01-23 18:34:50] [INFO] local epoch 5, acc: 0.8550
[2024-01-23 18:34:50] [INFO] [server epoch 6, client 3, local train]
[2024-01-23 18:34:51] [INFO] local epoch 1, acc: 0.7950
[2024-01-23 18:34:52] [INFO] local epoch 2, acc: 0.7850
[2024-01-23 18:34:52] [INFO] local epoch 3, acc: 0.7750
[2024-01-23 18:34:53] [INFO] local epoch 4, acc: 0.8050
[2024-01-23 18:34:54] [INFO] local epoch 5, acc: 0.8000
[2024-01-23 18:34:54] [INFO] [server epoch 6, client 4, local train]
[2024-01-23 18:34:54] [INFO] local epoch 1, acc: 0.7750
[2024-01-23 18:34:55] [INFO] local epoch 2, acc: 0.7800
[2024-01-23 18:34:56] [INFO] local epoch 3, acc: 0.7800
[2024-01-23 18:34:56] [INFO] local epoch 4, acc: 0.7850
[2024-01-23 18:34:57] [INFO] local epoch 5, acc: 0.7850
[2024-01-23 18:34:57] [INFO] [server epoch 6, client 5, local train]
[2024-01-23 18:34:58] [INFO] local epoch 1, acc: 0.8650
[2024-01-23 18:34:58] [INFO] local epoch 2, acc: 0.9450
[2024-01-23 18:34:59] [INFO] local epoch 3, acc: 0.9650
[2024-01-23 18:35:00] [INFO] local epoch 4, acc: 0.9600
[2024-01-23 18:35:00] [INFO] local epoch 5, acc: 0.9600
[2024-01-23 18:35:00] [INFO] [server epoch 6, client 6, local train]
[2024-01-23 18:35:01] [INFO] local epoch 1, acc: 0.7550
[2024-01-23 18:35:02] [INFO] local epoch 2, acc: 0.7700
[2024-01-23 18:35:02] [INFO] local epoch 3, acc: 0.7800
[2024-01-23 18:35:03] [INFO] local epoch 4, acc: 0.7600
[2024-01-23 18:35:04] [INFO] local epoch 5, acc: 0.7750
[2024-01-23 18:35:04] [INFO] [server epoch 6, client 7, local train]
[2024-01-23 18:35:04] [INFO] local epoch 1, acc: 0.5750
[2024-01-23 18:35:05] [INFO] local epoch 2, acc: 0.5850
[2024-01-23 18:35:05] [INFO] local epoch 3, acc: 0.5900
[2024-01-23 18:35:06] [INFO] local epoch 4, acc: 0.6050
[2024-01-23 18:35:07] [INFO] local epoch 5, acc: 0.5850
[2024-01-23 18:35:07] [INFO] [server epoch 6, client 8, local train]
[2024-01-23 18:35:07] [INFO] local epoch 1, acc: 0.7500
[2024-01-23 18:35:08] [INFO] local epoch 2, acc: 0.8300
[2024-01-23 18:35:09] [INFO] local epoch 3, acc: 0.8550
[2024-01-23 18:35:09] [INFO] local epoch 4, acc: 0.8450
[2024-01-23 18:35:10] [INFO] local epoch 5, acc: 0.8100
[2024-01-23 18:35:10] [INFO] [server epoch 6, client 9, local train]
[2024-01-23 18:35:11] [INFO] local epoch 1, acc: 0.7950
[2024-01-23 18:35:11] [INFO] local epoch 2, acc: 0.8200
[2024-01-23 18:35:12] [INFO] local epoch 3, acc: 0.8300
[2024-01-23 18:35:13] [INFO] local epoch 4, acc: 0.8350
[2024-01-23 18:35:13] [INFO] local epoch 5, acc: 0.8300
[2024-01-23 18:35:17] [INFO] [server epoch 7, client 1, local train]
[2024-01-23 18:35:18] [INFO] local epoch 1, acc: 0.6850
[2024-01-23 18:35:18] [INFO] local epoch 2, acc: 0.7350
[2024-01-23 18:35:19] [INFO] local epoch 3, acc: 0.7350
[2024-01-23 18:35:20] [INFO] local epoch 4, acc: 0.7200
[2024-01-23 18:35:20] [INFO] local epoch 5, acc: 0.7100
[2024-01-23 18:35:20] [INFO] [server epoch 7, client 2, local train]
[2024-01-23 18:35:21] [INFO] local epoch 1, acc: 0.8000
[2024-01-23 18:35:22] [INFO] local epoch 2, acc: 0.7900
[2024-01-23 18:35:22] [INFO] local epoch 3, acc: 0.8350
[2024-01-23 18:35:23] [INFO] local epoch 4, acc: 0.8300
[2024-01-23 18:35:24] [INFO] local epoch 5, acc: 0.8300
[2024-01-23 18:35:24] [INFO] [server epoch 7, client 3, local train]
[2024-01-23 18:35:24] [INFO] local epoch 1, acc: 0.7700
[2024-01-23 18:35:25] [INFO] local epoch 2, acc: 0.7850
[2024-01-23 18:35:26] [INFO] local epoch 3, acc: 0.8000
[2024-01-23 18:35:26] [INFO] local epoch 4, acc: 0.7950
[2024-01-23 18:35:27] [INFO] local epoch 5, acc: 0.7950
[2024-01-23 18:35:27] [INFO] [server epoch 7, client 4, local train]
[2024-01-23 18:35:28] [INFO] local epoch 1, acc: 0.7650
[2024-01-23 18:35:28] [INFO] local epoch 2, acc: 0.8000
[2024-01-23 18:35:29] [INFO] local epoch 3, acc: 0.7850
[2024-01-23 18:35:30] [INFO] local epoch 4, acc: 0.7850
[2024-01-23 18:35:30] [INFO] local epoch 5, acc: 0.7650
[2024-01-23 18:35:30] [INFO] [server epoch 7, client 5, local train]
[2024-01-23 18:35:31] [INFO] local epoch 1, acc: 0.8650
[2024-01-23 18:35:32] [INFO] local epoch 2, acc: 0.9150
[2024-01-23 18:35:32] [INFO] local epoch 3, acc: 0.9700
[2024-01-23 18:35:33] [INFO] local epoch 4, acc: 0.9550
[2024-01-23 18:35:34] [INFO] local epoch 5, acc: 0.9450
[2024-01-23 18:35:34] [INFO] [server epoch 7, client 6, local train]
[2024-01-23 18:35:34] [INFO] local epoch 1, acc: 0.7750
[2024-01-23 18:35:35] [INFO] local epoch 2, acc: 0.7800
[2024-01-23 18:35:36] [INFO] local epoch 3, acc: 0.7800
[2024-01-23 18:35:36] [INFO] local epoch 4, acc: 0.7750
[2024-01-23 18:35:37] [INFO] local epoch 5, acc: 0.7800
[2024-01-23 18:35:37] [INFO] [server epoch 7, client 7, local train]
[2024-01-23 18:35:38] [INFO] local epoch 1, acc: 0.5800
[2024-01-23 18:35:38] [INFO] local epoch 2, acc: 0.6000
[2024-01-23 18:35:39] [INFO] local epoch 3, acc: 0.5750
[2024-01-23 18:35:40] [INFO] local epoch 4, acc: 0.6000
[2024-01-23 18:35:40] [INFO] local epoch 5, acc: 0.6050
[2024-01-23 18:35:40] [INFO] [server epoch 7, client 8, local train]
[2024-01-23 18:35:41] [INFO] local epoch 1, acc: 0.7250
[2024-01-23 18:35:42] [INFO] local epoch 2, acc: 0.8200
[2024-01-23 18:35:42] [INFO] local epoch 3, acc: 0.8600
[2024-01-23 18:35:43] [INFO] local epoch 4, acc: 0.8550
[2024-01-23 18:35:44] [INFO] local epoch 5, acc: 0.8450
[2024-01-23 18:35:44] [INFO] [server epoch 7, client 9, local train]
[2024-01-23 18:35:44] [INFO] local epoch 1, acc: 0.8100
[2024-01-23 18:35:45] [INFO] local epoch 2, acc: 0.8250
[2024-01-23 18:35:46] [INFO] local epoch 3, acc: 0.8300
[2024-01-23 18:35:46] [INFO] local epoch 4, acc: 0.8050
[2024-01-23 18:35:47] [INFO] local epoch 5, acc: 0.7900
[2024-01-23 18:35:50] [INFO] [server epoch 8, client 1, local train]
[2024-01-23 18:35:51] [INFO] local epoch 1, acc: 0.6600
[2024-01-23 18:35:52] [INFO] local epoch 2, acc: 0.7250
[2024-01-23 18:35:52] [INFO] local epoch 3, acc: 0.7300
[2024-01-23 18:35:53] [INFO] local epoch 4, acc: 0.7300
[2024-01-23 18:35:54] [INFO] local epoch 5, acc: 0.7400
[2024-01-23 18:35:54] [INFO] [server epoch 8, client 2, local train]
[2024-01-23 18:35:54] [INFO] local epoch 1, acc: 0.8550
[2024-01-23 18:35:55] [INFO] local epoch 2, acc: 0.8450
[2024-01-23 18:35:56] [INFO] local epoch 3, acc: 0.8250
[2024-01-23 18:35:56] [INFO] local epoch 4, acc: 0.8200
[2024-01-23 18:35:57] [INFO] local epoch 5, acc: 0.8300
[2024-01-23 18:35:57] [INFO] [server epoch 8, client 3, local train]
[2024-01-23 18:35:58] [INFO] local epoch 1, acc: 0.7600
[2024-01-23 18:35:58] [INFO] local epoch 2, acc: 0.7550
[2024-01-23 18:35:59] [INFO] local epoch 3, acc: 0.7900
[2024-01-23 18:36:00] [INFO] local epoch 4, acc: 0.7950
[2024-01-23 18:36:00] [INFO] local epoch 5, acc: 0.7800
[2024-01-23 18:36:00] [INFO] [server epoch 8, client 4, local train]
[2024-01-23 18:36:01] [INFO] local epoch 1, acc: 0.7450
[2024-01-23 18:36:02] [INFO] local epoch 2, acc: 0.7800
[2024-01-23 18:36:02] [INFO] local epoch 3, acc: 0.8000
[2024-01-23 18:36:03] [INFO] local epoch 4, acc: 0.7800
[2024-01-23 18:36:04] [INFO] local epoch 5, acc: 0.7750
[2024-01-23 18:36:04] [INFO] [server epoch 8, client 5, local train]
[2024-01-23 18:36:04] [INFO] local epoch 1, acc: 0.8250
[2024-01-23 18:36:05] [INFO] local epoch 2, acc: 0.9250
[2024-01-23 18:36:06] [INFO] local epoch 3, acc: 0.9500
[2024-01-23 18:36:06] [INFO] local epoch 4, acc: 0.9550
[2024-01-23 18:36:07] [INFO] local epoch 5, acc: 0.9600
[2024-01-23 18:36:07] [INFO] [server epoch 8, client 6, local train]
[2024-01-23 18:36:08] [INFO] local epoch 1, acc: 0.7650
[2024-01-23 18:36:08] [INFO] local epoch 2, acc: 0.7450
[2024-01-23 18:36:09] [INFO] local epoch 3, acc: 0.7500
[2024-01-23 18:36:10] [INFO] local epoch 4, acc: 0.7600
[2024-01-23 18:36:10] [INFO] local epoch 5, acc: 0.7700
[2024-01-23 18:36:10] [INFO] [server epoch 8, client 7, local train]
[2024-01-23 18:36:11] [INFO] local epoch 1, acc: 0.5700
[2024-01-23 18:36:12] [INFO] local epoch 2, acc: 0.6000
[2024-01-23 18:36:12] [INFO] local epoch 3, acc: 0.6000
[2024-01-23 18:36:13] [INFO] local epoch 4, acc: 0.5900
[2024-01-23 18:36:14] [INFO] local epoch 5, acc: 0.5900
[2024-01-23 18:36:14] [INFO] [server epoch 8, client 8, local train]
[2024-01-23 18:36:14] [INFO] local epoch 1, acc: 0.7200
[2024-01-23 18:36:15] [INFO] local epoch 2, acc: 0.8050
[2024-01-23 18:36:16] [INFO] local epoch 3, acc: 0.8300
[2024-01-23 18:36:16] [INFO] local epoch 4, acc: 0.8050
[2024-01-23 18:36:17] [INFO] local epoch 5, acc: 0.8500
[2024-01-23 18:36:17] [INFO] [server epoch 8, client 9, local train]
[2024-01-23 18:36:18] [INFO] local epoch 1, acc: 0.8050
[2024-01-23 18:36:18] [INFO] local epoch 2, acc: 0.8350
[2024-01-23 18:36:19] [INFO] local epoch 3, acc: 0.8250
[2024-01-23 18:36:20] [INFO] local epoch 4, acc: 0.8200
[2024-01-23 18:36:20] [INFO] local epoch 5, acc: 0.8250
[2024-01-23 18:36:24] [INFO] [server epoch 9, client 1, local train]
[2024-01-23 18:36:24] [INFO] local epoch 1, acc: 0.6650
[2024-01-23 18:36:25] [INFO] local epoch 2, acc: 0.7000
[2024-01-23 18:36:26] [INFO] local epoch 3, acc: 0.7100
[2024-01-23 18:36:26] [INFO] local epoch 4, acc: 0.7050
[2024-01-23 18:36:27] [INFO] local epoch 5, acc: 0.7100
[2024-01-23 18:36:27] [INFO] [server epoch 9, client 2, local train]
[2024-01-23 18:36:28] [INFO] local epoch 1, acc: 0.8150
[2024-01-23 18:36:28] [INFO] local epoch 2, acc: 0.8300
[2024-01-23 18:36:29] [INFO] local epoch 3, acc: 0.8550
[2024-01-23 18:36:30] [INFO] local epoch 4, acc: 0.8650
[2024-01-23 18:36:30] [INFO] local epoch 5, acc: 0.8650
[2024-01-23 18:36:30] [INFO] [server epoch 9, client 3, local train]
[2024-01-23 18:36:31] [INFO] local epoch 1, acc: 0.7650
[2024-01-23 18:36:32] [INFO] local epoch 2, acc: 0.7900
[2024-01-23 18:36:32] [INFO] local epoch 3, acc: 0.8050
[2024-01-23 18:36:33] [INFO] local epoch 4, acc: 0.8100
[2024-01-23 18:36:34] [INFO] local epoch 5, acc: 0.7850
[2024-01-23 18:36:34] [INFO] [server epoch 9, client 4, local train]
[2024-01-23 18:36:34] [INFO] local epoch 1, acc: 0.6950
[2024-01-23 18:36:35] [INFO] local epoch 2, acc: 0.7400
[2024-01-23 18:36:35] [INFO] local epoch 3, acc: 0.7700
[2024-01-23 18:36:36] [INFO] local epoch 4, acc: 0.7950
[2024-01-23 18:36:37] [INFO] local epoch 5, acc: 0.7850
[2024-01-23 18:36:37] [INFO] [server epoch 9, client 5, local train]
[2024-01-23 18:36:37] [INFO] local epoch 1, acc: 0.8100
[2024-01-23 18:36:38] [INFO] local epoch 2, acc: 0.9000
[2024-01-23 18:36:39] [INFO] local epoch 3, acc: 0.9200
[2024-01-23 18:36:39] [INFO] local epoch 4, acc: 0.9500
[2024-01-23 18:36:40] [INFO] local epoch 5, acc: 0.9550
[2024-01-23 18:36:40] [INFO] [server epoch 9, client 6, local train]
[2024-01-23 18:36:41] [INFO] local epoch 1, acc: 0.7550
[2024-01-23 18:36:41] [INFO] local epoch 2, acc: 0.7750
[2024-01-23 18:36:42] [INFO] local epoch 3, acc: 0.7900
[2024-01-23 18:36:43] [INFO] local epoch 4, acc: 0.7850
[2024-01-23 18:36:43] [INFO] local epoch 5, acc: 0.7900
[2024-01-23 18:36:43] [INFO] [server epoch 9, client 7, local train]
[2024-01-23 18:36:44] [INFO] local epoch 1, acc: 0.5350
[2024-01-23 18:36:45] [INFO] local epoch 2, acc: 0.5950
[2024-01-23 18:36:45] [INFO] local epoch 3, acc: 0.6150
[2024-01-23 18:36:46] [INFO] local epoch 4, acc: 0.5800
[2024-01-23 18:36:47] [INFO] local epoch 5, acc: 0.5850
[2024-01-23 18:36:47] [INFO] [server epoch 9, client 8, local train]
[2024-01-23 18:36:47] [INFO] local epoch 1, acc: 0.6950
[2024-01-23 18:36:48] [INFO] local epoch 2, acc: 0.7900
[2024-01-23 18:36:49] [INFO] local epoch 3, acc: 0.8450
[2024-01-23 18:36:49] [INFO] local epoch 4, acc: 0.8450
[2024-01-23 18:36:50] [INFO] local epoch 5, acc: 0.8500
[2024-01-23 18:36:50] [INFO] [server epoch 9, client 9, local train]
[2024-01-23 18:36:51] [INFO] local epoch 1, acc: 0.8050
[2024-01-23 18:36:51] [INFO] local epoch 2, acc: 0.8200
[2024-01-23 18:36:52] [INFO] local epoch 3, acc: 0.8400
[2024-01-23 18:36:53] [INFO] local epoch 4, acc: 0.8400
[2024-01-23 18:36:53] [INFO] local epoch 5, acc: 0.8250
[2024-01-23 18:36:57] [INFO] [server epoch 10, client 1, local train]
[2024-01-23 18:36:57] [INFO] local epoch 1, acc: 0.6500
[2024-01-23 18:36:58] [INFO] local epoch 2, acc: 0.7250
[2024-01-23 18:36:59] [INFO] local epoch 3, acc: 0.7250
[2024-01-23 18:36:59] [INFO] local epoch 4, acc: 0.7550
[2024-01-23 18:37:00] [INFO] local epoch 5, acc: 0.7200
[2024-01-23 18:37:00] [INFO] [server epoch 10, client 2, local train]
[2024-01-23 18:37:01] [INFO] local epoch 1, acc: 0.8000
[2024-01-23 18:37:01] [INFO] local epoch 2, acc: 0.8350
[2024-01-23 18:37:02] [INFO] local epoch 3, acc: 0.8500
[2024-01-23 18:37:03] [INFO] local epoch 4, acc: 0.8500
[2024-01-23 18:37:03] [INFO] local epoch 5, acc: 0.8750
[2024-01-23 18:37:03] [INFO] [server epoch 10, client 3, local train]
[2024-01-23 18:37:04] [INFO] local epoch 1, acc: 0.7500
[2024-01-23 18:37:05] [INFO] local epoch 2, acc: 0.7900
[2024-01-23 18:37:05] [INFO] local epoch 3, acc: 0.8000
[2024-01-23 18:37:06] [INFO] local epoch 4, acc: 0.8100
[2024-01-23 18:37:07] [INFO] local epoch 5, acc: 0.7900
[2024-01-23 18:37:07] [INFO] [server epoch 10, client 4, local train]
[2024-01-23 18:37:07] [INFO] local epoch 1, acc: 0.7350
[2024-01-23 18:37:08] [INFO] local epoch 2, acc: 0.7750
[2024-01-23 18:37:09] [INFO] local epoch 3, acc: 0.7800
[2024-01-23 18:37:09] [INFO] local epoch 4, acc: 0.7950
[2024-01-23 18:37:10] [INFO] local epoch 5, acc: 0.8100
[2024-01-23 18:37:10] [INFO] [server epoch 10, client 5, local train]
[2024-01-23 18:37:11] [INFO] local epoch 1, acc: 0.7750
[2024-01-23 18:37:11] [INFO] local epoch 2, acc: 0.9000
[2024-01-23 18:37:12] [INFO] local epoch 3, acc: 0.9100
[2024-01-23 18:37:13] [INFO] local epoch 4, acc: 0.9300
[2024-01-23 18:37:13] [INFO] local epoch 5, acc: 0.9450
[2024-01-23 18:37:13] [INFO] [server epoch 10, client 6, local train]
[2024-01-23 18:37:14] [INFO] local epoch 1, acc: 0.7550
[2024-01-23 18:37:15] [INFO] local epoch 2, acc: 0.7650
[2024-01-23 18:37:15] [INFO] local epoch 3, acc: 0.7600
[2024-01-23 18:37:16] [INFO] local epoch 4, acc: 0.7700
[2024-01-23 18:37:17] [INFO] local epoch 5, acc: 0.7800
[2024-01-23 18:37:17] [INFO] [server epoch 10, client 7, local train]
[2024-01-23 18:37:17] [INFO] local epoch 1, acc: 0.5450
[2024-01-23 18:37:18] [INFO] local epoch 2, acc: 0.5500
[2024-01-23 18:37:19] [INFO] local epoch 3, acc: 0.5800
[2024-01-23 18:37:19] [INFO] local epoch 4, acc: 0.5850
[2024-01-23 18:37:20] [INFO] local epoch 5, acc: 0.5800
[2024-01-23 18:37:20] [INFO] [server epoch 10, client 8, local train]
[2024-01-23 18:37:21] [INFO] local epoch 1, acc: 0.6750
[2024-01-23 18:37:21] [INFO] local epoch 2, acc: 0.7650
[2024-01-23 18:37:22] [INFO] local epoch 3, acc: 0.8400
[2024-01-23 18:37:23] [INFO] local epoch 4, acc: 0.8450
[2024-01-23 18:37:23] [INFO] local epoch 5, acc: 0.8550
[2024-01-23 18:37:23] [INFO] [server epoch 10, client 9, local train]
[2024-01-23 18:37:24] [INFO] local epoch 1, acc: 0.7700
[2024-01-23 18:37:25] [INFO] local epoch 2, acc: 0.8350
[2024-01-23 18:37:25] [INFO] local epoch 3, acc: 0.8350
[2024-01-23 18:37:26] [INFO] local epoch 4, acc: 0.8250
[2024-01-23 18:37:27] [INFO] local epoch 5, acc: 0.8250
[2024-01-23 18:37:30] [INFO] [server epoch 11, client 1, local train]
[2024-01-23 18:37:31] [INFO] local epoch 1, acc: 0.6450
[2024-01-23 18:37:31] [INFO] local epoch 2, acc: 0.6900
[2024-01-23 18:37:32] [INFO] local epoch 3, acc: 0.7200
[2024-01-23 18:37:33] [INFO] local epoch 4, acc: 0.7150
[2024-01-23 18:37:33] [INFO] local epoch 5, acc: 0.7200
[2024-01-23 18:37:33] [INFO] [server epoch 11, client 2, local train]
[2024-01-23 18:37:34] [INFO] local epoch 1, acc: 0.8200
[2024-01-23 18:37:35] [INFO] local epoch 2, acc: 0.8350
[2024-01-23 18:37:35] [INFO] local epoch 3, acc: 0.8450
[2024-01-23 18:37:36] [INFO] local epoch 4, acc: 0.8550
[2024-01-23 18:37:37] [INFO] local epoch 5, acc: 0.8400
[2024-01-23 18:37:37] [INFO] [server epoch 11, client 3, local train]
[2024-01-23 18:37:37] [INFO] local epoch 1, acc: 0.7450
[2024-01-23 18:37:38] [INFO] local epoch 2, acc: 0.7650
[2024-01-23 18:37:39] [INFO] local epoch 3, acc: 0.7950
[2024-01-23 18:37:39] [INFO] local epoch 4, acc: 0.7750
[2024-01-23 18:37:40] [INFO] local epoch 5, acc: 0.8000
[2024-01-23 18:37:40] [INFO] [server epoch 11, client 4, local train]
[2024-01-23 18:37:41] [INFO] local epoch 1, acc: 0.6850
[2024-01-23 18:37:41] [INFO] local epoch 2, acc: 0.7550
[2024-01-23 18:37:42] [INFO] local epoch 3, acc: 0.7600
[2024-01-23 18:37:43] [INFO] local epoch 4, acc: 0.7850
[2024-01-23 18:37:43] [INFO] local epoch 5, acc: 0.8000
[2024-01-23 18:37:43] [INFO] [server epoch 11, client 5, local train]
[2024-01-23 18:37:44] [INFO] local epoch 1, acc: 0.7700
[2024-01-23 18:37:45] [INFO] local epoch 2, acc: 0.9000
[2024-01-23 18:37:45] [INFO] local epoch 3, acc: 0.9150
[2024-01-23 18:37:46] [INFO] local epoch 4, acc: 0.9400
[2024-01-23 18:37:47] [INFO] local epoch 5, acc: 0.9500
[2024-01-23 18:37:47] [INFO] [server epoch 11, client 6, local train]
[2024-01-23 18:37:47] [INFO] local epoch 1, acc: 0.7350
[2024-01-23 18:37:48] [INFO] local epoch 2, acc: 0.7700
[2024-01-23 18:37:49] [INFO] local epoch 3, acc: 0.7600
[2024-01-23 18:37:49] [INFO] local epoch 4, acc: 0.7600
[2024-01-23 18:37:50] [INFO] local epoch 5, acc: 0.7700
[2024-01-23 18:37:50] [INFO] [server epoch 11, client 7, local train]
[2024-01-23 18:37:51] [INFO] local epoch 1, acc: 0.5550
[2024-01-23 18:37:51] [INFO] local epoch 2, acc: 0.5700
[2024-01-23 18:37:52] [INFO] local epoch 3, acc: 0.5700
[2024-01-23 18:37:53] [INFO] local epoch 4, acc: 0.5900
[2024-01-23 18:37:53] [INFO] local epoch 5, acc: 0.5950
[2024-01-23 18:37:53] [INFO] [server epoch 11, client 8, local train]
[2024-01-23 18:37:54] [INFO] local epoch 1, acc: 0.7000
[2024-01-23 18:37:55] [INFO] local epoch 2, acc: 0.7800
[2024-01-23 18:37:55] [INFO] local epoch 3, acc: 0.8300
[2024-01-23 18:37:56] [INFO] local epoch 4, acc: 0.8550
[2024-01-23 18:37:57] [INFO] local epoch 5, acc: 0.8500
[2024-01-23 18:37:57] [INFO] [server epoch 11, client 9, local train]
[2024-01-23 18:37:57] [INFO] local epoch 1, acc: 0.7900
[2024-01-23 18:37:58] [INFO] local epoch 2, acc: 0.8050
[2024-01-23 18:37:59] [INFO] local epoch 3, acc: 0.8050
[2024-01-23 18:37:59] [INFO] local epoch 4, acc: 0.8150
[2024-01-23 18:38:00] [INFO] local epoch 5, acc: 0.8150
[2024-01-23 18:38:03] [INFO] [server epoch 12, client 1, local train]
[2024-01-23 18:38:04] [INFO] local epoch 1, acc: 0.6650
[2024-01-23 18:38:05] [INFO] local epoch 2, acc: 0.6900
[2024-01-23 18:38:05] [INFO] local epoch 3, acc: 0.7250
[2024-01-23 18:38:06] [INFO] local epoch 4, acc: 0.7300
[2024-01-23 18:38:07] [INFO] local epoch 5, acc: 0.7250
[2024-01-23 18:38:07] [INFO] [server epoch 12, client 2, local train]
[2024-01-23 18:38:07] [INFO] local epoch 1, acc: 0.8150
[2024-01-23 18:38:08] [INFO] local epoch 2, acc: 0.8100
[2024-01-23 18:38:09] [INFO] local epoch 3, acc: 0.8400
[2024-01-23 18:38:09] [INFO] local epoch 4, acc: 0.8700
[2024-01-23 18:38:10] [INFO] local epoch 5, acc: 0.8800
[2024-01-23 18:38:10] [INFO] [server epoch 12, client 3, local train]
[2024-01-23 18:38:11] [INFO] local epoch 1, acc: 0.7450
[2024-01-23 18:38:11] [INFO] local epoch 2, acc: 0.7500
[2024-01-23 18:38:12] [INFO] local epoch 3, acc: 0.7700
[2024-01-23 18:38:13] [INFO] local epoch 4, acc: 0.7650
[2024-01-23 18:38:13] [INFO] local epoch 5, acc: 0.7700
[2024-01-23 18:38:13] [INFO] [server epoch 12, client 4, local train]
[2024-01-23 18:38:14] [INFO] local epoch 1, acc: 0.7000
[2024-01-23 18:38:15] [INFO] local epoch 2, acc: 0.7350
[2024-01-23 18:38:15] [INFO] local epoch 3, acc: 0.7550
[2024-01-23 18:38:16] [INFO] local epoch 4, acc: 0.7700
[2024-01-23 18:38:17] [INFO] local epoch 5, acc: 0.7750
[2024-01-23 18:38:17] [INFO] [server epoch 12, client 5, local train]
[2024-01-23 18:38:17] [INFO] local epoch 1, acc: 0.7550
[2024-01-23 18:38:18] [INFO] local epoch 2, acc: 0.8750
[2024-01-23 18:38:19] [INFO] local epoch 3, acc: 0.9250
[2024-01-23 18:38:19] [INFO] local epoch 4, acc: 0.9450
[2024-01-23 18:38:20] [INFO] local epoch 5, acc: 0.9450
[2024-01-23 18:38:20] [INFO] [server epoch 12, client 6, local train]
[2024-01-23 18:38:21] [INFO] local epoch 1, acc: 0.7600
[2024-01-23 18:38:21] [INFO] local epoch 2, acc: 0.7650
[2024-01-23 18:38:22] [INFO] local epoch 3, acc: 0.7600
[2024-01-23 18:38:23] [INFO] local epoch 4, acc: 0.7750
[2024-01-23 18:38:23] [INFO] local epoch 5, acc: 0.7750
[2024-01-23 18:38:23] [INFO] [server epoch 12, client 7, local train]
[2024-01-23 18:38:24] [INFO] local epoch 1, acc: 0.5650
[2024-01-23 18:38:25] [INFO] local epoch 2, acc: 0.5800
[2024-01-23 18:38:25] [INFO] local epoch 3, acc: 0.5850
[2024-01-23 18:38:26] [INFO] local epoch 4, acc: 0.5650
[2024-01-23 18:38:27] [INFO] local epoch 5, acc: 0.5700
[2024-01-23 18:38:27] [INFO] [server epoch 12, client 8, local train]
[2024-01-23 18:38:27] [INFO] local epoch 1, acc: 0.6700
[2024-01-23 18:38:28] [INFO] local epoch 2, acc: 0.7650
[2024-01-23 18:38:29] [INFO] local epoch 3, acc: 0.8050
[2024-01-23 18:38:29] [INFO] local epoch 4, acc: 0.8450
[2024-01-23 18:38:30] [INFO] local epoch 5, acc: 0.8600
[2024-01-23 18:38:30] [INFO] [server epoch 12, client 9, local train]
[2024-01-23 18:38:31] [INFO] local epoch 1, acc: 0.7550
[2024-01-23 18:38:31] [INFO] local epoch 2, acc: 0.7900
[2024-01-23 18:38:32] [INFO] local epoch 3, acc: 0.8000
[2024-01-23 18:38:33] [INFO] local epoch 4, acc: 0.8250
[2024-01-23 18:38:33] [INFO] local epoch 5, acc: 0.8200
[2024-01-23 18:38:37] [INFO] [server epoch 13, client 1, local train]
[2024-01-23 18:38:37] [INFO] local epoch 1, acc: 0.6450
[2024-01-23 18:38:38] [INFO] local epoch 2, acc: 0.7050
[2024-01-23 18:38:39] [INFO] local epoch 3, acc: 0.7250
[2024-01-23 18:38:39] [INFO] local epoch 4, acc: 0.7100
[2024-01-23 18:38:40] [INFO] local epoch 5, acc: 0.6950
[2024-01-23 18:38:40] [INFO] [server epoch 13, client 2, local train]
[2024-01-23 18:38:41] [INFO] local epoch 1, acc: 0.8200
[2024-01-23 18:38:41] [INFO] local epoch 2, acc: 0.8400
[2024-01-23 18:38:42] [INFO] local epoch 3, acc: 0.8450
[2024-01-23 18:38:43] [INFO] local epoch 4, acc: 0.8400
[2024-01-23 18:38:43] [INFO] local epoch 5, acc: 0.8650
[2024-01-23 18:38:43] [INFO] [server epoch 13, client 3, local train]
[2024-01-23 18:38:44] [INFO] local epoch 1, acc: 0.7250
[2024-01-23 18:38:45] [INFO] local epoch 2, acc: 0.7650
[2024-01-23 18:38:45] [INFO] local epoch 3, acc: 0.8000
[2024-01-23 18:38:46] [INFO] local epoch 4, acc: 0.8100
[2024-01-23 18:38:47] [INFO] local epoch 5, acc: 0.8150
[2024-01-23 18:38:47] [INFO] [server epoch 13, client 4, local train]
[2024-01-23 18:38:47] [INFO] local epoch 1, acc: 0.6850
[2024-01-23 18:38:48] [INFO] local epoch 2, acc: 0.7100
[2024-01-23 18:38:49] [INFO] local epoch 3, acc: 0.7550
[2024-01-23 18:38:49] [INFO] local epoch 4, acc: 0.7750
[2024-01-23 18:38:50] [INFO] local epoch 5, acc: 0.8000
[2024-01-23 18:38:50] [INFO] [server epoch 13, client 5, local train]
[2024-01-23 18:38:51] [INFO] local epoch 1, acc: 0.7500
[2024-01-23 18:38:51] [INFO] local epoch 2, acc: 0.8650
[2024-01-23 18:38:52] [INFO] local epoch 3, acc: 0.9400
[2024-01-23 18:38:53] [INFO] local epoch 4, acc: 0.9500
[2024-01-23 18:38:53] [INFO] local epoch 5, acc: 0.9550
[2024-01-23 18:38:53] [INFO] [server epoch 13, client 6, local train]
[2024-01-23 18:38:54] [INFO] local epoch 1, acc: 0.7500
[2024-01-23 18:38:55] [INFO] local epoch 2, acc: 0.7650
[2024-01-23 18:38:55] [INFO] local epoch 3, acc: 0.7650
[2024-01-23 18:38:56] [INFO] local epoch 4, acc: 0.7750
[2024-01-23 18:38:56] [INFO] local epoch 5, acc: 0.7850
[2024-01-23 18:38:56] [INFO] [server epoch 13, client 7, local train]
[2024-01-23 18:38:57] [INFO] local epoch 1, acc: 0.5500
[2024-01-23 18:38:58] [INFO] local epoch 2, acc: 0.5800
[2024-01-23 18:38:58] [INFO] local epoch 3, acc: 0.5850
[2024-01-23 18:38:59] [INFO] local epoch 4, acc: 0.6000
[2024-01-23 18:39:00] [INFO] local epoch 5, acc: 0.6000
[2024-01-23 18:39:00] [INFO] [server epoch 13, client 8, local train]
[2024-01-23 18:39:00] [INFO] local epoch 1, acc: 0.6700
[2024-01-23 18:39:01] [INFO] local epoch 2, acc: 0.7600
[2024-01-23 18:39:02] [INFO] local epoch 3, acc: 0.8150
[2024-01-23 18:39:02] [INFO] local epoch 4, acc: 0.8450
[2024-01-23 18:39:03] [INFO] local epoch 5, acc: 0.8600
[2024-01-23 18:39:03] [INFO] [server epoch 13, client 9, local train]
[2024-01-23 18:39:04] [INFO] local epoch 1, acc: 0.7550
[2024-01-23 18:39:04] [INFO] local epoch 2, acc: 0.8000
[2024-01-23 18:39:05] [INFO] local epoch 3, acc: 0.8200
[2024-01-23 18:39:06] [INFO] local epoch 4, acc: 0.8150
[2024-01-23 18:39:06] [INFO] local epoch 5, acc: 0.8100
[2024-01-23 18:39:10] [INFO] [server epoch 14, client 1, local train]
[2024-01-23 18:39:11] [INFO] local epoch 1, acc: 0.6550
[2024-01-23 18:39:11] [INFO] local epoch 2, acc: 0.6950
[2024-01-23 18:39:12] [INFO] local epoch 3, acc: 0.7100
[2024-01-23 18:39:13] [INFO] local epoch 4, acc: 0.7100
[2024-01-23 18:39:13] [INFO] local epoch 5, acc: 0.7150
[2024-01-23 18:39:13] [INFO] [server epoch 14, client 2, local train]
[2024-01-23 18:39:14] [INFO] local epoch 1, acc: 0.8050
[2024-01-23 18:39:15] [INFO] local epoch 2, acc: 0.8300
[2024-01-23 18:39:15] [INFO] local epoch 3, acc: 0.8500
[2024-01-23 18:39:16] [INFO] local epoch 4, acc: 0.8600
[2024-01-23 18:39:17] [INFO] local epoch 5, acc: 0.8600
[2024-01-23 18:39:17] [INFO] [server epoch 14, client 3, local train]
[2024-01-23 18:39:17] [INFO] local epoch 1, acc: 0.7100
[2024-01-23 18:39:18] [INFO] local epoch 2, acc: 0.7350
[2024-01-23 18:39:19] [INFO] local epoch 3, acc: 0.7950
[2024-01-23 18:39:19] [INFO] local epoch 4, acc: 0.7950
[2024-01-23 18:39:20] [INFO] local epoch 5, acc: 0.8000
[2024-01-23 18:39:20] [INFO] [server epoch 14, client 4, local train]
[2024-01-23 18:39:21] [INFO] local epoch 1, acc: 0.6750
[2024-01-23 18:39:21] [INFO] local epoch 2, acc: 0.7250
[2024-01-23 18:39:22] [INFO] local epoch 3, acc: 0.7300
[2024-01-23 18:39:23] [INFO] local epoch 4, acc: 0.7500
[2024-01-23 18:39:23] [INFO] local epoch 5, acc: 0.7700
[2024-01-23 18:39:23] [INFO] [server epoch 14, client 5, local train]
[2024-01-23 18:39:24] [INFO] local epoch 1, acc: 0.7100
[2024-01-23 18:39:25] [INFO] local epoch 2, acc: 0.8700
[2024-01-23 18:39:25] [INFO] local epoch 3, acc: 0.9050
[2024-01-23 18:39:26] [INFO] local epoch 4, acc: 0.9200
[2024-01-23 18:39:27] [INFO] local epoch 5, acc: 0.9250
[2024-01-23 18:39:27] [INFO] [server epoch 14, client 6, local train]
[2024-01-23 18:39:27] [INFO] local epoch 1, acc: 0.7300
[2024-01-23 18:39:28] [INFO] local epoch 2, acc: 0.7700
[2024-01-23 18:39:29] [INFO] local epoch 3, acc: 0.7900
[2024-01-23 18:39:29] [INFO] local epoch 4, acc: 0.7850
[2024-01-23 18:39:30] [INFO] local epoch 5, acc: 0.7750
[2024-01-23 18:39:30] [INFO] [server epoch 14, client 7, local train]
[2024-01-23 18:39:31] [INFO] local epoch 1, acc: 0.5400
[2024-01-23 18:39:31] [INFO] local epoch 2, acc: 0.5600
[2024-01-23 18:39:32] [INFO] local epoch 3, acc: 0.5650
[2024-01-23 18:39:33] [INFO] local epoch 4, acc: 0.5800
[2024-01-23 18:39:33] [INFO] local epoch 5, acc: 0.5750
[2024-01-23 18:39:33] [INFO] [server epoch 14, client 8, local train]
[2024-01-23 18:39:34] [INFO] local epoch 1, acc: 0.6400
[2024-01-23 18:39:35] [INFO] local epoch 2, acc: 0.7700
[2024-01-23 18:39:35] [INFO] local epoch 3, acc: 0.8150
[2024-01-23 18:39:36] [INFO] local epoch 4, acc: 0.8400
[2024-01-23 18:39:36] [INFO] local epoch 5, acc: 0.8550
[2024-01-23 18:39:36] [INFO] [server epoch 14, client 9, local train]
[2024-01-23 18:39:37] [INFO] local epoch 1, acc: 0.7600
[2024-01-23 18:39:38] [INFO] local epoch 2, acc: 0.7800
[2024-01-23 18:39:38] [INFO] local epoch 3, acc: 0.8100
[2024-01-23 18:39:39] [INFO] local epoch 4, acc: 0.8200
[2024-01-23 18:39:40] [INFO] local epoch 5, acc: 0.8300
[2024-01-23 18:39:43] [INFO] [server epoch 15, client 1, local train]
[2024-01-23 18:39:44] [INFO] local epoch 1, acc: 0.6250
[2024-01-23 18:39:44] [INFO] local epoch 2, acc: 0.6750
[2024-01-23 18:39:45] [INFO] local epoch 3, acc: 0.7150
[2024-01-23 18:39:46] [INFO] local epoch 4, acc: 0.7150
[2024-01-23 18:39:46] [INFO] local epoch 5, acc: 0.7150
[2024-01-23 18:39:46] [INFO] [server epoch 15, client 2, local train]
[2024-01-23 18:39:47] [INFO] local epoch 1, acc: 0.7950
[2024-01-23 18:39:47] [INFO] local epoch 2, acc: 0.8600
[2024-01-23 18:39:48] [INFO] local epoch 3, acc: 0.8250
[2024-01-23 18:39:49] [INFO] local epoch 4, acc: 0.8300
[2024-01-23 18:39:49] [INFO] local epoch 5, acc: 0.8300
[2024-01-23 18:39:49] [INFO] [server epoch 15, client 3, local train]
[2024-01-23 18:39:50] [INFO] local epoch 1, acc: 0.7350
[2024-01-23 18:39:51] [INFO] local epoch 2, acc: 0.7550
[2024-01-23 18:39:51] [INFO] local epoch 3, acc: 0.7800
[2024-01-23 18:39:52] [INFO] local epoch 4, acc: 0.7900
[2024-01-23 18:39:53] [INFO] local epoch 5, acc: 0.7850
[2024-01-23 18:39:53] [INFO] [server epoch 15, client 4, local train]
[2024-01-23 18:39:53] [INFO] local epoch 1, acc: 0.6550
[2024-01-23 18:39:54] [INFO] local epoch 2, acc: 0.7300
[2024-01-23 18:39:55] [INFO] local epoch 3, acc: 0.7450
[2024-01-23 18:39:55] [INFO] local epoch 4, acc: 0.7650
[2024-01-23 18:39:56] [INFO] local epoch 5, acc: 0.7700
[2024-01-23 18:39:56] [INFO] [server epoch 15, client 5, local train]
[2024-01-23 18:39:57] [INFO] local epoch 1, acc: 0.7250
[2024-01-23 18:39:57] [INFO] local epoch 2, acc: 0.8600
[2024-01-23 18:39:58] [INFO] local epoch 3, acc: 0.9000
[2024-01-23 18:39:58] [INFO] local epoch 4, acc: 0.9150
[2024-01-23 18:39:59] [INFO] local epoch 5, acc: 0.9200
[2024-01-23 18:39:59] [INFO] [server epoch 15, client 6, local train]
[2024-01-23 18:40:00] [INFO] local epoch 1, acc: 0.7400
[2024-01-23 18:40:00] [INFO] local epoch 2, acc: 0.7600
[2024-01-23 18:40:01] [INFO] local epoch 3, acc: 0.7600
[2024-01-23 18:40:02] [INFO] local epoch 4, acc: 0.7650
[2024-01-23 18:40:02] [INFO] local epoch 5, acc: 0.7650
[2024-01-23 18:40:02] [INFO] [server epoch 15, client 7, local train]
[2024-01-23 18:40:03] [INFO] local epoch 1, acc: 0.5250
[2024-01-23 18:40:04] [INFO] local epoch 2, acc: 0.5950
[2024-01-23 18:40:04] [INFO] local epoch 3, acc: 0.5850
[2024-01-23 18:40:05] [INFO] local epoch 4, acc: 0.5650
[2024-01-23 18:40:05] [INFO] local epoch 5, acc: 0.5550
[2024-01-23 18:40:06] [INFO] [server epoch 15, client 8, local train]
[2024-01-23 18:40:06] [INFO] local epoch 1, acc: 0.6300
[2024-01-23 18:40:07] [INFO] local epoch 2, acc: 0.7400
[2024-01-23 18:40:07] [INFO] local epoch 3, acc: 0.7950
[2024-01-23 18:40:08] [INFO] local epoch 4, acc: 0.8250
[2024-01-23 18:40:09] [INFO] local epoch 5, acc: 0.8350
[2024-01-23 18:40:09] [INFO] [server epoch 15, client 9, local train]
[2024-01-23 18:40:09] [INFO] local epoch 1, acc: 0.7500
[2024-01-23 18:40:10] [INFO] local epoch 2, acc: 0.7700
[2024-01-23 18:40:11] [INFO] local epoch 3, acc: 0.7850
[2024-01-23 18:40:11] [INFO] local epoch 4, acc: 0.8050
[2024-01-23 18:40:12] [INFO] local epoch 5, acc: 0.8350
[2024-01-23 18:40:15] [INFO] [server epoch 16, client 1, local train]
[2024-01-23 18:40:16] [INFO] local epoch 1, acc: 0.6350
[2024-01-23 18:40:17] [INFO] local epoch 2, acc: 0.6750
[2024-01-23 18:40:17] [INFO] local epoch 3, acc: 0.6800
[2024-01-23 18:40:18] [INFO] local epoch 4, acc: 0.6900
[2024-01-23 18:40:18] [INFO] local epoch 5, acc: 0.7150
[2024-01-23 18:40:19] [INFO] [server epoch 16, client 2, local train]
[2024-01-23 18:40:19] [INFO] local epoch 1, acc: 0.7550
[2024-01-23 18:40:20] [INFO] local epoch 2, acc: 0.8250
[2024-01-23 18:40:20] [INFO] local epoch 3, acc: 0.8400
[2024-01-23 18:40:21] [INFO] local epoch 4, acc: 0.8400
[2024-01-23 18:40:22] [INFO] local epoch 5, acc: 0.8650
[2024-01-23 18:40:22] [INFO] [server epoch 16, client 3, local train]
[2024-01-23 18:40:22] [INFO] local epoch 1, acc: 0.7350
[2024-01-23 18:40:23] [INFO] local epoch 2, acc: 0.7650
[2024-01-23 18:40:24] [INFO] local epoch 3, acc: 0.7650
[2024-01-23 18:40:24] [INFO] local epoch 4, acc: 0.7700
[2024-01-23 18:40:25] [INFO] local epoch 5, acc: 0.7600
[2024-01-23 18:40:25] [INFO] [server epoch 16, client 4, local train]
[2024-01-23 18:40:26] [INFO] local epoch 1, acc: 0.6600
[2024-01-23 18:40:26] [INFO] local epoch 2, acc: 0.7200
[2024-01-23 18:40:27] [INFO] local epoch 3, acc: 0.7500
[2024-01-23 18:40:28] [INFO] local epoch 4, acc: 0.7800
[2024-01-23 18:40:28] [INFO] local epoch 5, acc: 0.7800
[2024-01-23 18:40:28] [INFO] [server epoch 16, client 5, local train]
[2024-01-23 18:40:29] [INFO] local epoch 1, acc: 0.6900
[2024-01-23 18:40:30] [INFO] local epoch 2, acc: 0.8550
[2024-01-23 18:40:30] [INFO] local epoch 3, acc: 0.9200
[2024-01-23 18:40:31] [INFO] local epoch 4, acc: 0.9300
[2024-01-23 18:40:31] [INFO] local epoch 5, acc: 0.9350
[2024-01-23 18:40:31] [INFO] [server epoch 16, client 6, local train]
[2024-01-23 18:40:32] [INFO] local epoch 1, acc: 0.7250
[2024-01-23 18:40:33] [INFO] local epoch 2, acc: 0.7550
[2024-01-23 18:40:33] [INFO] local epoch 3, acc: 0.7600
[2024-01-23 18:40:34] [INFO] local epoch 4, acc: 0.7600
[2024-01-23 18:40:35] [INFO] local epoch 5, acc: 0.7650
[2024-01-23 18:40:35] [INFO] [server epoch 16, client 7, local train]
[2024-01-23 18:40:35] [INFO] local epoch 1, acc: 0.5300
[2024-01-23 18:40:36] [INFO] local epoch 2, acc: 0.5800
[2024-01-23 18:40:37] [INFO] local epoch 3, acc: 0.6100
[2024-01-23 18:40:37] [INFO] local epoch 4, acc: 0.6100
[2024-01-23 18:40:38] [INFO] local epoch 5, acc: 0.6250
[2024-01-23 18:40:38] [INFO] [server epoch 16, client 8, local train]
[2024-01-23 18:40:39] [INFO] local epoch 1, acc: 0.6200
[2024-01-23 18:40:39] [INFO] local epoch 2, acc: 0.7350
[2024-01-23 18:40:40] [INFO] local epoch 3, acc: 0.7850
[2024-01-23 18:40:41] [INFO] local epoch 4, acc: 0.8050
[2024-01-23 18:40:41] [INFO] local epoch 5, acc: 0.8350
[2024-01-23 18:40:41] [INFO] [server epoch 16, client 9, local train]
[2024-01-23 18:40:42] [INFO] local epoch 1, acc: 0.7500
[2024-01-23 18:40:42] [INFO] local epoch 2, acc: 0.7750
[2024-01-23 18:40:43] [INFO] local epoch 3, acc: 0.7900
[2024-01-23 18:40:44] [INFO] local epoch 4, acc: 0.8000
[2024-01-23 18:40:44] [INFO] local epoch 5, acc: 0.8200
[2024-01-23 18:40:48] [INFO] [server epoch 17, client 1, local train]
[2024-01-23 18:40:48] [INFO] local epoch 1, acc: 0.6400
[2024-01-23 18:40:49] [INFO] local epoch 2, acc: 0.6600
[2024-01-23 18:40:50] [INFO] local epoch 3, acc: 0.6900
[2024-01-23 18:40:50] [INFO] local epoch 4, acc: 0.7100
[2024-01-23 18:40:51] [INFO] local epoch 5, acc: 0.7200
[2024-01-23 18:40:51] [INFO] [server epoch 17, client 2, local train]
[2024-01-23 18:40:51] [INFO] local epoch 1, acc: 0.7500
[2024-01-23 18:40:52] [INFO] local epoch 2, acc: 0.8000
[2024-01-23 18:40:53] [INFO] local epoch 3, acc: 0.8100
[2024-01-23 18:40:53] [INFO] local epoch 4, acc: 0.8250
[2024-01-23 18:40:54] [INFO] local epoch 5, acc: 0.8450
[2024-01-23 18:40:54] [INFO] [server epoch 17, client 3, local train]
[2024-01-23 18:40:55] [INFO] local epoch 1, acc: 0.7300
[2024-01-23 18:40:55] [INFO] local epoch 2, acc: 0.7450
[2024-01-23 18:40:56] [INFO] local epoch 3, acc: 0.7750
[2024-01-23 18:40:57] [INFO] local epoch 4, acc: 0.7650
[2024-01-23 18:40:57] [INFO] local epoch 5, acc: 0.7750
[2024-01-23 18:40:57] [INFO] [server epoch 17, client 4, local train]
[2024-01-23 18:40:58] [INFO] local epoch 1, acc: 0.6350
[2024-01-23 18:40:59] [INFO] local epoch 2, acc: 0.7350
[2024-01-23 18:40:59] [INFO] local epoch 3, acc: 0.7650
[2024-01-23 18:41:00] [INFO] local epoch 4, acc: 0.7800
[2024-01-23 18:41:01] [INFO] local epoch 5, acc: 0.7850
[2024-01-23 18:41:01] [INFO] [server epoch 17, client 5, local train]
[2024-01-23 18:41:01] [INFO] local epoch 1, acc: 0.6850
[2024-01-23 18:41:02] [INFO] local epoch 2, acc: 0.8400
[2024-01-23 18:41:02] [INFO] local epoch 3, acc: 0.9000
[2024-01-23 18:41:03] [INFO] local epoch 4, acc: 0.9150
[2024-01-23 18:41:04] [INFO] local epoch 5, acc: 0.9150
[2024-01-23 18:41:04] [INFO] [server epoch 17, client 6, local train]
[2024-01-23 18:41:04] [INFO] local epoch 1, acc: 0.7150
[2024-01-23 18:41:05] [INFO] local epoch 2, acc: 0.7500
[2024-01-23 18:41:06] [INFO] local epoch 3, acc: 0.7400
[2024-01-23 18:41:06] [INFO] local epoch 4, acc: 0.7600
[2024-01-23 18:41:07] [INFO] local epoch 5, acc: 0.7600
[2024-01-23 18:41:07] [INFO] [server epoch 17, client 7, local train]
[2024-01-23 18:41:08] [INFO] local epoch 1, acc: 0.4900
[2024-01-23 18:41:08] [INFO] local epoch 2, acc: 0.5700
[2024-01-23 18:41:09] [INFO] local epoch 3, acc: 0.5800
[2024-01-23 18:41:10] [INFO] local epoch 4, acc: 0.5900
[2024-01-23 18:41:10] [INFO] local epoch 5, acc: 0.5950
[2024-01-23 18:41:10] [INFO] [server epoch 17, client 8, local train]
[2024-01-23 18:41:11] [INFO] local epoch 1, acc: 0.6300
[2024-01-23 18:41:11] [INFO] local epoch 2, acc: 0.7300
[2024-01-23 18:41:12] [INFO] local epoch 3, acc: 0.7850
[2024-01-23 18:41:13] [INFO] local epoch 4, acc: 0.8100
[2024-01-23 18:41:13] [INFO] local epoch 5, acc: 0.8150
[2024-01-23 18:41:13] [INFO] [server epoch 17, client 9, local train]
[2024-01-23 18:41:14] [INFO] local epoch 1, acc: 0.7150
[2024-01-23 18:41:15] [INFO] local epoch 2, acc: 0.7700
[2024-01-23 18:41:15] [INFO] local epoch 3, acc: 0.7700
[2024-01-23 18:41:16] [INFO] local epoch 4, acc: 0.7800
[2024-01-23 18:41:17] [INFO] local epoch 5, acc: 0.8100
[2024-01-23 18:41:20] [INFO] [server epoch 18, client 1, local train]
[2024-01-23 18:41:21] [INFO] local epoch 1, acc: 0.6250
[2024-01-23 18:41:21] [INFO] local epoch 2, acc: 0.6650
[2024-01-23 18:41:22] [INFO] local epoch 3, acc: 0.6900
[2024-01-23 18:41:22] [INFO] local epoch 4, acc: 0.7050
[2024-01-23 18:41:23] [INFO] local epoch 5, acc: 0.7100
[2024-01-23 18:41:23] [INFO] [server epoch 18, client 2, local train]
[2024-01-23 18:41:24] [INFO] local epoch 1, acc: 0.7500
[2024-01-23 18:41:24] [INFO] local epoch 2, acc: 0.8350
[2024-01-23 18:41:25] [INFO] local epoch 3, acc: 0.8400
[2024-01-23 18:41:26] [INFO] local epoch 4, acc: 0.8500
[2024-01-23 18:41:26] [INFO] local epoch 5, acc: 0.8550
[2024-01-23 18:41:26] [INFO] [server epoch 18, client 3, local train]
[2024-01-23 18:41:27] [INFO] local epoch 1, acc: 0.7200
[2024-01-23 18:41:28] [INFO] local epoch 2, acc: 0.7550
[2024-01-23 18:41:28] [INFO] local epoch 3, acc: 0.7750
[2024-01-23 18:41:29] [INFO] local epoch 4, acc: 0.7700
[2024-01-23 18:41:30] [INFO] local epoch 5, acc: 0.7600
[2024-01-23 18:41:30] [INFO] [server epoch 18, client 4, local train]
[2024-01-23 18:41:30] [INFO] local epoch 1, acc: 0.6650
[2024-01-23 18:41:31] [INFO] local epoch 2, acc: 0.7100
[2024-01-23 18:41:32] [INFO] local epoch 3, acc: 0.7500
[2024-01-23 18:41:32] [INFO] local epoch 4, acc: 0.7450
[2024-01-23 18:41:33] [INFO] local epoch 5, acc: 0.7450
[2024-01-23 18:41:33] [INFO] [server epoch 18, client 5, local train]
[2024-01-23 18:41:33] [INFO] local epoch 1, acc: 0.6250
[2024-01-23 18:41:34] [INFO] local epoch 2, acc: 0.8100
[2024-01-23 18:41:35] [INFO] local epoch 3, acc: 0.9100
[2024-01-23 18:41:35] [INFO] local epoch 4, acc: 0.9300
[2024-01-23 18:41:36] [INFO] local epoch 5, acc: 0.9350
[2024-01-23 18:41:36] [INFO] [server epoch 18, client 6, local train]
[2024-01-23 18:41:37] [INFO] local epoch 1, acc: 0.6850
[2024-01-23 18:41:37] [INFO] local epoch 2, acc: 0.7350
[2024-01-23 18:41:38] [INFO] local epoch 3, acc: 0.7400
[2024-01-23 18:41:38] [INFO] local epoch 4, acc: 0.7600
[2024-01-23 18:41:39] [INFO] local epoch 5, acc: 0.7600
[2024-01-23 18:41:39] [INFO] [server epoch 18, client 7, local train]
[2024-01-23 18:41:40] [INFO] local epoch 1, acc: 0.5250
[2024-01-23 18:41:40] [INFO] local epoch 2, acc: 0.5650
[2024-01-23 18:41:41] [INFO] local epoch 3, acc: 0.5900
[2024-01-23 18:41:42] [INFO] local epoch 4, acc: 0.5900
[2024-01-23 18:41:42] [INFO] local epoch 5, acc: 0.5950
[2024-01-23 18:41:42] [INFO] [server epoch 18, client 8, local train]
[2024-01-23 18:41:43] [INFO] local epoch 1, acc: 0.6000
[2024-01-23 18:41:43] [INFO] local epoch 2, acc: 0.7300
[2024-01-23 18:41:44] [INFO] local epoch 3, acc: 0.7700
[2024-01-23 18:41:45] [INFO] local epoch 4, acc: 0.7850
[2024-01-23 18:41:45] [INFO] local epoch 5, acc: 0.8150
[2024-01-23 18:41:45] [INFO] [server epoch 18, client 9, local train]
[2024-01-23 18:41:46] [INFO] local epoch 1, acc: 0.7200
[2024-01-23 18:41:47] [INFO] local epoch 2, acc: 0.7450
[2024-01-23 18:41:47] [INFO] local epoch 3, acc: 0.7800
[2024-01-23 18:41:48] [INFO] local epoch 4, acc: 0.8050
[2024-01-23 18:41:48] [INFO] local epoch 5, acc: 0.8100
[2024-01-23 18:41:52] [INFO] [server epoch 19, client 1, local train]
[2024-01-23 18:41:52] [INFO] local epoch 1, acc: 0.5950
[2024-01-23 18:41:53] [INFO] local epoch 2, acc: 0.6200
[2024-01-23 18:41:54] [INFO] local epoch 3, acc: 0.6600
[2024-01-23 18:41:54] [INFO] local epoch 4, acc: 0.6850
[2024-01-23 18:41:55] [INFO] local epoch 5, acc: 0.6950
[2024-01-23 18:41:55] [INFO] [server epoch 19, client 2, local train]
[2024-01-23 18:41:55] [INFO] local epoch 1, acc: 0.7400
[2024-01-23 18:41:56] [INFO] local epoch 2, acc: 0.8100
[2024-01-23 18:41:57] [INFO] local epoch 3, acc: 0.8400
[2024-01-23 18:41:57] [INFO] local epoch 4, acc: 0.8550
[2024-01-23 18:41:58] [INFO] local epoch 5, acc: 0.8600
[2024-01-23 18:41:58] [INFO] [server epoch 19, client 3, local train]
[2024-01-23 18:41:59] [INFO] local epoch 1, acc: 0.7250
[2024-01-23 18:41:59] [INFO] local epoch 2, acc: 0.7550
[2024-01-23 18:42:00] [INFO] local epoch 3, acc: 0.7700
[2024-01-23 18:42:01] [INFO] local epoch 4, acc: 0.7700
[2024-01-23 18:42:01] [INFO] local epoch 5, acc: 0.7750
[2024-01-23 18:42:01] [INFO] [server epoch 19, client 4, local train]
[2024-01-23 18:42:02] [INFO] local epoch 1, acc: 0.6300
[2024-01-23 18:42:02] [INFO] local epoch 2, acc: 0.7100
[2024-01-23 18:42:03] [INFO] local epoch 3, acc: 0.7300
[2024-01-23 18:42:04] [INFO] local epoch 4, acc: 0.7600
[2024-01-23 18:42:04] [INFO] local epoch 5, acc: 0.7650
[2024-01-23 18:42:04] [INFO] [server epoch 19, client 5, local train]
[2024-01-23 18:42:05] [INFO] local epoch 1, acc: 0.6550
[2024-01-23 18:42:06] [INFO] local epoch 2, acc: 0.8250
[2024-01-23 18:42:06] [INFO] local epoch 3, acc: 0.8900
[2024-01-23 18:42:07] [INFO] local epoch 4, acc: 0.9200
[2024-01-23 18:42:07] [INFO] local epoch 5, acc: 0.9250
[2024-01-23 18:42:07] [INFO] [server epoch 19, client 6, local train]
[2024-01-23 18:42:08] [INFO] local epoch 1, acc: 0.7050
[2024-01-23 18:42:09] [INFO] local epoch 2, acc: 0.7400
[2024-01-23 18:42:09] [INFO] local epoch 3, acc: 0.7450
[2024-01-23 18:42:10] [INFO] local epoch 4, acc: 0.7250
[2024-01-23 18:42:10] [INFO] local epoch 5, acc: 0.7500
[2024-01-23 18:42:10] [INFO] [server epoch 19, client 7, local train]
[2024-01-23 18:42:11] [INFO] local epoch 1, acc: 0.4900
[2024-01-23 18:42:12] [INFO] local epoch 2, acc: 0.5550
[2024-01-23 18:42:12] [INFO] local epoch 3, acc: 0.5700
[2024-01-23 18:42:13] [INFO] local epoch 4, acc: 0.5950
[2024-01-23 18:42:14] [INFO] local epoch 5, acc: 0.5900
[2024-01-23 18:42:14] [INFO] [server epoch 19, client 8, local train]
[2024-01-23 18:42:14] [INFO] local epoch 1, acc: 0.6050
[2024-01-23 18:42:15] [INFO] local epoch 2, acc: 0.7000
[2024-01-23 18:42:15] [INFO] local epoch 3, acc: 0.7800
[2024-01-23 18:42:16] [INFO] local epoch 4, acc: 0.8150
[2024-01-23 18:42:17] [INFO] local epoch 5, acc: 0.8400
[2024-01-23 18:42:17] [INFO] [server epoch 19, client 9, local train]
[2024-01-23 18:42:17] [INFO] local epoch 1, acc: 0.7150
[2024-01-23 18:42:18] [INFO] local epoch 2, acc: 0.7750
[2024-01-23 18:42:19] [INFO] local epoch 3, acc: 0.7850
[2024-01-23 18:42:19] [INFO] local epoch 4, acc: 0.7900
[2024-01-23 18:42:20] [INFO] local epoch 5, acc: 0.7850
[2024-01-23 18:42:23] [INFO] [server epoch 20, client 1, local train]
[2024-01-23 18:42:24] [INFO] local epoch 1, acc: 0.6000
[2024-01-23 18:42:24] [INFO] local epoch 2, acc: 0.6550
[2024-01-23 18:42:25] [INFO] local epoch 3, acc: 0.6700
[2024-01-23 18:42:26] [INFO] local epoch 4, acc: 0.6900
[2024-01-23 18:42:26] [INFO] local epoch 5, acc: 0.6850
[2024-01-23 18:42:26] [INFO] [server epoch 20, client 2, local train]
[2024-01-23 18:42:27] [INFO] local epoch 1, acc: 0.7500
[2024-01-23 18:42:27] [INFO] local epoch 2, acc: 0.8150
[2024-01-23 18:42:28] [INFO] local epoch 3, acc: 0.8400
[2024-01-23 18:42:29] [INFO] local epoch 4, acc: 0.8350
[2024-01-23 18:42:29] [INFO] local epoch 5, acc: 0.8400
[2024-01-23 18:42:29] [INFO] [server epoch 20, client 3, local train]
[2024-01-23 18:42:30] [INFO] local epoch 1, acc: 0.7050
[2024-01-23 18:42:31] [INFO] local epoch 2, acc: 0.7200
[2024-01-23 18:42:31] [INFO] local epoch 3, acc: 0.7450
[2024-01-23 18:42:32] [INFO] local epoch 4, acc: 0.7350
[2024-01-23 18:42:32] [INFO] local epoch 5, acc: 0.7500
[2024-01-23 18:42:32] [INFO] [server epoch 20, client 4, local train]
[2024-01-23 18:42:33] [INFO] local epoch 1, acc: 0.6150
[2024-01-23 18:42:34] [INFO] local epoch 2, acc: 0.7150
[2024-01-23 18:42:34] [INFO] local epoch 3, acc: 0.7350
[2024-01-23 18:42:35] [INFO] local epoch 4, acc: 0.7500
[2024-01-23 18:42:36] [INFO] local epoch 5, acc: 0.7850
[2024-01-23 18:42:36] [INFO] [server epoch 20, client 5, local train]
[2024-01-23 18:42:36] [INFO] local epoch 1, acc: 0.6200
[2024-01-23 18:42:37] [INFO] local epoch 2, acc: 0.8050
[2024-01-23 18:42:37] [INFO] local epoch 3, acc: 0.8900
[2024-01-23 18:42:38] [INFO] local epoch 4, acc: 0.9150
[2024-01-23 18:42:39] [INFO] local epoch 5, acc: 0.9300
[2024-01-23 18:42:39] [INFO] [server epoch 20, client 6, local train]
[2024-01-23 18:42:39] [INFO] local epoch 1, acc: 0.6950
[2024-01-23 18:42:40] [INFO] local epoch 2, acc: 0.7350
[2024-01-23 18:42:40] [INFO] local epoch 3, acc: 0.7550
[2024-01-23 18:42:41] [INFO] local epoch 4, acc: 0.7650
[2024-01-23 18:42:42] [INFO] local epoch 5, acc: 0.7650
[2024-01-23 18:42:42] [INFO] [server epoch 20, client 7, local train]
[2024-01-23 18:42:42] [INFO] local epoch 1, acc: 0.4800
[2024-01-23 18:42:43] [INFO] local epoch 2, acc: 0.5250
[2024-01-23 18:42:43] [INFO] local epoch 3, acc: 0.5650
[2024-01-23 18:42:44] [INFO] local epoch 4, acc: 0.5600
[2024-01-23 18:42:45] [INFO] local epoch 5, acc: 0.5700
[2024-01-23 18:42:45] [INFO] [server epoch 20, client 8, local train]
[2024-01-23 18:42:45] [INFO] local epoch 1, acc: 0.5850
[2024-01-23 18:42:46] [INFO] local epoch 2, acc: 0.7000
[2024-01-23 18:42:46] [INFO] local epoch 3, acc: 0.7500
[2024-01-23 18:42:47] [INFO] local epoch 4, acc: 0.7900
[2024-01-23 18:42:48] [INFO] local epoch 5, acc: 0.8300
[2024-01-23 18:42:48] [INFO] [server epoch 20, client 9, local train]
[2024-01-23 18:42:48] [INFO] local epoch 1, acc: 0.7050
[2024-01-23 18:42:49] [INFO] local epoch 2, acc: 0.7500
[2024-01-23 18:42:49] [INFO] local epoch 3, acc: 0.7800
[2024-01-23 18:42:50] [INFO] local epoch 4, acc: 0.7900
[2024-01-23 18:42:50] [INFO] local epoch 5, acc: 0.8100
[2024-01-23 18:42:54] [INFO] results saved in ./res/fedavg_seed_10000_alpha_0.1_dataset_cifar10_model_structure_resnet18/n_client_9_n_train_data_1000_n_test_data_200_local_epochs_5_server_epochs_20_distill_epochs_5_batch_size_160_dataset_cifar10.pt.
