[2024-01-23 23:28:35] [INFO] fed_avg
        n_client     :   9   
      n_train_data   : 1000  
       n_test_data   :  200  
          seed       : 10000 
      local_epochs   :  20   
     distill_epochs  :  10   
       batch_size    :  160  
      server_epochs  :  10   
          alpha      :  1.0  
         dataset     :cifar10
     model_structure :resnet18
[2024-01-23 23:28:36] [INFO] tensor([[    0.363,     0.030,     0.019,     0.200,     0.103,     0.085,     0.019,     0.079,     0.061,     0.041],
        [    0.240,     0.000,     0.156,     0.124,     0.013,     0.004,     0.040,     0.013,     0.292,     0.118],
        [    0.086,     0.258,     0.000,     0.045,     0.043,     0.105,     0.148,     0.000,     0.245,     0.070],
        [    0.254,     0.155,     0.055,     0.082,     0.065,     0.106,     0.138,     0.010,     0.006,     0.129],
        [    0.472,     0.162,     0.021,     0.081,     0.071,     0.105,     0.026,     0.013,     0.031,     0.017],
        [    0.152,     0.074,     0.034,     0.286,     0.171,     0.077,     0.043,     0.044,     0.038,     0.081],
        [    0.071,     0.025,     0.181,     0.001,     0.094,     0.060,     0.196,     0.058,     0.042,     0.272],
        [    0.215,     0.188,     0.077,     0.056,     0.039,     0.021,     0.004,     0.187,     0.194,     0.017],
        [    0.036,     0.003,     0.595,     0.034,     0.082,     0.080,     0.066,     0.002,     0.068,     0.034]])
