[2024-01-24 00:01:06] [INFO] fed_avg
        n_client     :   9   
      n_train_data   : 4000  
       n_test_data   :  200  
          seed       : 10000 
      local_epochs   :  20   
     distill_epochs  :  10   
       batch_size    :  160  
      server_epochs  :  10   
          alpha      :  1.0  
         dataset     :cifar10
     model_structure :resnet18
[2024-01-24 00:01:07] [INFO] 
tensor([[    0.363,     0.030,     0.019,     0.200,     0.103,     0.085,     0.019,     0.079,     0.061,     0.041],
        [    0.240,     0.000,     0.156,     0.124,     0.013,     0.004,     0.040,     0.013,     0.292,     0.118],
        [    0.086,     0.258,     0.000,     0.045,     0.043,     0.105,     0.148,     0.000,     0.245,     0.070],
        [    0.254,     0.155,     0.055,     0.082,     0.065,     0.106,     0.138,     0.010,     0.006,     0.129],
        [    0.472,     0.162,     0.021,     0.081,     0.071,     0.105,     0.026,     0.013,     0.031,     0.017],
        [    0.152,     0.074,     0.034,     0.286,     0.171,     0.077,     0.043,     0.044,     0.038,     0.081],
        [    0.071,     0.025,     0.181,     0.001,     0.094,     0.060,     0.196,     0.058,     0.042,     0.272],
        [    0.215,     0.188,     0.077,     0.056,     0.039,     0.021,     0.004,     0.187,     0.194,     0.017],
        [    0.036,     0.003,     0.595,     0.034,     0.082,     0.080,     0.066,     0.002,     0.068,     0.034]])
tensor([[ 1451.490,   120.453,    77.401,   801.217,   412.086,   338.060,    77.801,   314.183,   244.875,   162.433],
        [  959.019,     1.061,   623.007,   497.776,    53.249,    16.686,   160.594,    50.769,  1167.097,   470.741],
        [  343.869,  1030.581,     1.502,   178.526,   171.415,   418.632,   592.690,     1.627,   979.180,   281.979],
        [ 1015.742,   620.652,   220.562,   326.846,   260.005,   422.457,   552.320,    40.206,    24.732,   516.478],
        [ 1888.179,   647.037,    84.397,   324.486,   283.769,   420.306,   104.526,    53.679,   123.940,    69.680],
        [  608.795,   296.124,   135.122,  1145.473,   683.342,   307.709,   171.393,   176.926,   150.177,   324.938],
        [  282.779,   100.818,   724.946,     4.374,   377.458,   238.852,   783.634,   231.926,   166.432,  1088.781],
        [  861.657,   752.720,   309.761,   224.743,   157.267,    85.100,    14.430,   749.831,   775.970,    68.520],
        [  143.533,    13.814,  2379.750,   137.677,   327.588,   318.083,   264.970,     7.048,   272.069,   135.468]])
