[2024-01-24 00:03:10] [INFO] fed_avg
        n_client     :   9   
      n_train_data   : 3000  
       n_test_data   :  200  
          seed       : 10000 
      local_epochs   :  20   
     distill_epochs  :  10   
       batch_size    :  160  
      server_epochs  :  10   
          alpha      :  1.0  
         dataset     :cifar10
     model_structure :resnet18
[2024-01-24 00:03:11] [INFO] 
tensor([[    0.363,     0.030,     0.019,     0.200,     0.103,     0.085,     0.019,     0.079,     0.061,     0.041],
        [    0.240,     0.000,     0.156,     0.124,     0.013,     0.004,     0.040,     0.013,     0.292,     0.118],
        [    0.086,     0.258,     0.000,     0.045,     0.043,     0.105,     0.148,     0.000,     0.245,     0.070],
        [    0.254,     0.155,     0.055,     0.082,     0.065,     0.106,     0.138,     0.010,     0.006,     0.129],
        [    0.472,     0.162,     0.021,     0.081,     0.071,     0.105,     0.026,     0.013,     0.031,     0.017],
        [    0.152,     0.074,     0.034,     0.286,     0.171,     0.077,     0.043,     0.044,     0.038,     0.081],
        [    0.071,     0.025,     0.181,     0.001,     0.094,     0.060,     0.196,     0.058,     0.042,     0.272],
        [    0.215,     0.188,     0.077,     0.056,     0.039,     0.021,     0.004,     0.187,     0.194,     0.017],
        [    0.036,     0.003,     0.595,     0.034,     0.082,     0.080,     0.066,     0.002,     0.068,     0.034]])
tensor([[ 1088.618,    90.340,    58.051,   600.913,   309.065,   253.545,    58.351,   235.637,   183.656,   121.824],
        [  719.264,     0.796,   467.255,   373.332,    39.937,    12.515,   120.446,    38.077,   875.323,   353.056],
        [  257.901,   772.936,     1.126,   133.894,   128.561,   313.974,   444.518,     1.220,   734.385,   211.484],
        [  761.806,   465.489,   165.422,   245.135,   195.004,   316.843,   414.240,    30.154,    18.549,   387.358],
        [ 1416.134,   485.278,    63.298,   243.365,   212.827,   315.230,    78.394,    40.259,    92.955,    52.260],
        [  456.596,   222.093,   101.341,   859.105,   512.506,   230.782,   128.545,   132.695,   112.633,   243.704],
        [  212.084,    75.613,   543.710,     3.280,   283.093,   179.139,   587.726,   173.944,   124.824,   816.586],
        [  646.243,   564.540,   232.321,   168.557,   117.950,    63.825,    10.822,   562.373,   581.977,    51.390],
        [  107.650,    10.361,  1784.813,   103.258,   245.691,   238.562,   198.728,     5.286,   204.051,   101.601]])
