[2024-01-24 17:29:51] [INFO] fed_avg
        n_client     :   9   
      n_train_data   : 1000  
       n_test_data   :  200  
          seed       : 10000 
      local_epochs   :  20   
     distill_epochs  :  10   
       batch_size    :  160  
      server_epochs  :  10   
          alpha      :  1.0  
         dataset     :cifar10
     model_structure :resnet18
[2024-01-24 17:29:52] [INFO] 
tensor([[    0.363,     0.030,     0.019,     0.200,     0.103,     0.085,     0.019,     0.079,     0.061,     0.041],
        [    0.240,     0.000,     0.156,     0.124,     0.013,     0.004,     0.040,     0.013,     0.292,     0.118],
        [    0.086,     0.258,     0.000,     0.045,     0.043,     0.105,     0.148,     0.000,     0.245,     0.070],
        [    0.254,     0.155,     0.055,     0.082,     0.065,     0.106,     0.138,     0.010,     0.006,     0.129],
        [    0.472,     0.162,     0.021,     0.081,     0.071,     0.105,     0.026,     0.013,     0.031,     0.017],
        [    0.152,     0.074,     0.034,     0.286,     0.171,     0.077,     0.043,     0.044,     0.038,     0.081],
        [    0.071,     0.025,     0.181,     0.001,     0.094,     0.060,     0.196,     0.058,     0.042,     0.272],
        [    0.215,     0.188,     0.077,     0.056,     0.039,     0.021,     0.004,     0.187,     0.194,     0.017],
        [    0.036,     0.003,     0.595,     0.034,     0.082,     0.080,     0.066,     0.002,     0.068,     0.034]])
tensor([[  362.872,    30.113,    19.350,   200.304,   103.022,    84.515,    19.450,    78.546,    61.219,    40.608],
        [  239.755,     0.265,   155.752,   124.444,    13.312,     4.172,    40.149,    12.692,   291.774,   117.685],
        [   85.967,   257.645,     0.375,    44.631,    42.854,   104.658,   148.173,     0.407,   244.795,    70.495],
        [  253.935,   155.163,    55.141,    81.712,    65.001,   105.614,   138.080,    10.051,     6.183,   129.119],
        [  472.045,   161.759,    21.099,    81.122,    70.942,   105.077,    26.131,    13.420,    30.985,    17.420],
        [  152.199,    74.031,    33.780,   286.368,   170.835,    76.927,    42.848,    44.232,    37.544,    81.235],
        [   70.695,    25.204,   181.237,     1.093,    94.364,    59.713,   195.909,    57.981,    41.608,   272.195],
        [  215.414,   188.180,    77.440,    56.186,    39.317,    21.275,     3.607,   187.458,   193.992,    17.130],
        [   35.883,     3.454,   594.938,    34.419,    81.897,    79.521,    66.243,     1.762,    68.017,    33.867]])
