[2024-01-24 17:46:35] [INFO] fed_avg
        n_client     :   9   
      n_train_data   : 1000  
       n_test_data   :  200  
          seed       : 10000 
      local_epochs   :  20   
     distill_epochs  :  10   
       batch_size    :  160  
      server_epochs  :  10   
          alpha      :  1.0  
         dataset     :cifar10
     model_structure :resnet18
[2024-01-24 17:46:45] [INFO] [server epoch 1, client 1, local train]
[2024-01-24 17:46:46] [INFO] local epoch 1, acc: 0.4546
[2024-01-24 17:46:47] [INFO] local epoch 2, acc: 0.5072
[2024-01-24 17:46:48] [INFO] local epoch 3, acc: 0.5126
[2024-01-24 17:46:49] [INFO] local epoch 4, acc: 0.4846
[2024-01-24 17:46:50] [INFO] local epoch 5, acc: 0.5051
[2024-01-24 17:46:51] [INFO] local epoch 6, acc: 0.4969
[2024-01-24 17:46:52] [INFO] local epoch 7, acc: 0.4997
[2024-01-24 17:46:53] [INFO] local epoch 8, acc: 0.5092
[2024-01-24 17:46:54] [INFO] local epoch 9, acc: 0.5078
[2024-01-24 17:46:55] [INFO] local epoch 10, acc: 0.5010
[2024-01-24 17:46:56] [INFO] local epoch 11, acc: 0.5085
[2024-01-24 17:46:58] [INFO] local epoch 12, acc: 0.5072
[2024-01-24 17:46:59] [INFO] local epoch 13, acc: 0.5024
[2024-01-24 17:47:00] [INFO] local epoch 14, acc: 0.5072
[2024-01-24 17:47:01] [INFO] local epoch 15, acc: 0.5058
[2024-01-24 17:47:02] [INFO] local epoch 16, acc: 0.5051
[2024-01-24 17:47:03] [INFO] local epoch 17, acc: 0.5065
[2024-01-24 17:47:04] [INFO] local epoch 18, acc: 0.5065
[2024-01-24 17:47:05] [INFO] local epoch 19, acc: 0.5024
[2024-01-24 17:47:06] [INFO] local epoch 20, acc: 0.5113
[2024-01-24 17:47:06] [INFO] [server epoch 1, client 2, local train]
[2024-01-24 17:47:07] [INFO] local epoch 1, acc: 0.4572
[2024-01-24 17:47:08] [INFO] local epoch 2, acc: 0.5013
[2024-01-24 17:47:09] [INFO] local epoch 3, acc: 0.5040
[2024-01-24 17:47:10] [INFO] local epoch 4, acc: 0.5087
[2024-01-24 17:47:11] [INFO] local epoch 5, acc: 0.4987
[2024-01-24 17:47:12] [INFO] local epoch 6, acc: 0.5054
[2024-01-24 17:47:13] [INFO] local epoch 7, acc: 0.5047
[2024-01-24 17:47:14] [INFO] local epoch 8, acc: 0.5033
[2024-01-24 17:47:15] [INFO] local epoch 9, acc: 0.5027
[2024-01-24 17:47:16] [INFO] local epoch 10, acc: 0.5020
[2024-01-24 17:47:18] [INFO] local epoch 11, acc: 0.5013
[2024-01-24 17:47:19] [INFO] local epoch 12, acc: 0.5013
[2024-01-24 17:47:20] [INFO] local epoch 13, acc: 0.4980
[2024-01-24 17:47:21] [INFO] local epoch 14, acc: 0.4980
[2024-01-24 17:47:22] [INFO] local epoch 15, acc: 0.4953
[2024-01-24 17:47:23] [INFO] local epoch 16, acc: 0.4980
[2024-01-24 17:47:24] [INFO] local epoch 17, acc: 0.5027
[2024-01-24 17:47:25] [INFO] local epoch 18, acc: 0.5054
[2024-01-24 17:47:26] [INFO] local epoch 19, acc: 0.5087
[2024-01-24 17:47:27] [INFO] local epoch 20, acc: 0.5007
[2024-01-24 17:47:27] [INFO] [server epoch 1, client 3, local train]
[2024-01-24 17:47:28] [INFO] local epoch 1, acc: 0.4408
[2024-01-24 17:47:29] [INFO] local epoch 2, acc: 0.4883
[2024-01-24 17:47:30] [INFO] local epoch 3, acc: 0.4868
[2024-01-24 17:47:31] [INFO] local epoch 4, acc: 0.4928
[2024-01-24 17:47:32] [INFO] local epoch 5, acc: 0.5019
[2024-01-24 17:47:33] [INFO] local epoch 6, acc: 0.5011
[2024-01-24 17:47:34] [INFO] local epoch 7, acc: 0.4989
[2024-01-24 17:47:35] [INFO] local epoch 8, acc: 0.5049
[2024-01-24 17:47:36] [INFO] local epoch 9, acc: 0.5019
[2024-01-24 17:47:37] [INFO] local epoch 10, acc: 0.5042
[2024-01-24 17:47:38] [INFO] local epoch 11, acc: 0.5072
[2024-01-24 17:47:39] [INFO] local epoch 12, acc: 0.4966
[2024-01-24 17:47:40] [INFO] local epoch 13, acc: 0.5026
[2024-01-24 17:47:41] [INFO] local epoch 14, acc: 0.4996
[2024-01-24 17:47:42] [INFO] local epoch 15, acc: 0.5057
[2024-01-24 17:47:43] [INFO] local epoch 16, acc: 0.5057
[2024-01-24 17:47:44] [INFO] local epoch 17, acc: 0.5064
[2024-01-24 17:47:45] [INFO] local epoch 18, acc: 0.4996
[2024-01-24 17:47:46] [INFO] local epoch 19, acc: 0.4974
[2024-01-24 17:47:47] [INFO] local epoch 20, acc: 0.5004
[2024-01-24 17:47:47] [INFO] [server epoch 1, client 4, local train]
[2024-01-24 17:47:48] [INFO] local epoch 1, acc: 0.4131
[2024-01-24 17:47:49] [INFO] local epoch 2, acc: 0.4799
[2024-01-24 17:47:49] [INFO] local epoch 3, acc: 0.4971
[2024-01-24 17:47:50] [INFO] local epoch 4, acc: 0.4891
[2024-01-24 17:47:51] [INFO] local epoch 5, acc: 0.5029
[2024-01-24 17:47:52] [INFO] local epoch 6, acc: 0.4960
[2024-01-24 17:47:53] [INFO] local epoch 7, acc: 0.4960
[2024-01-24 17:47:54] [INFO] local epoch 8, acc: 0.4914
[2024-01-24 17:47:54] [INFO] local epoch 9, acc: 0.4971
[2024-01-24 17:47:55] [INFO] local epoch 10, acc: 0.4983
[2024-01-24 17:47:56] [INFO] local epoch 11, acc: 0.4948
[2024-01-24 17:47:57] [INFO] local epoch 12, acc: 0.4925
[2024-01-24 17:47:58] [INFO] local epoch 13, acc: 0.4879
[2024-01-24 17:47:58] [INFO] local epoch 14, acc: 0.4845
[2024-01-24 17:47:59] [INFO] local epoch 15, acc: 0.4764
[2024-01-24 17:48:00] [INFO] local epoch 16, acc: 0.4753
[2024-01-24 17:48:01] [INFO] local epoch 17, acc: 0.4626
[2024-01-24 17:48:02] [INFO] local epoch 18, acc: 0.4672
[2024-01-24 17:48:03] [INFO] local epoch 19, acc: 0.4799
[2024-01-24 17:48:03] [INFO] local epoch 20, acc: 0.4753
[2024-01-24 17:48:03] [INFO] [server epoch 1, client 5, local train]
[2024-01-24 17:48:04] [INFO] local epoch 1, acc: 0.2602
[2024-01-24 17:48:05] [INFO] local epoch 2, acc: 0.3490
[2024-01-24 17:48:06] [INFO] local epoch 3, acc: 0.3480
[2024-01-24 17:48:07] [INFO] local epoch 4, acc: 0.3520
[2024-01-24 17:48:08] [INFO] local epoch 5, acc: 0.3612
[2024-01-24 17:48:09] [INFO] local epoch 6, acc: 0.3449
[2024-01-24 17:48:09] [INFO] local epoch 7, acc: 0.3561
[2024-01-24 17:48:10] [INFO] local epoch 8, acc: 0.3582
[2024-01-24 17:48:11] [INFO] local epoch 9, acc: 0.3612
[2024-01-24 17:48:12] [INFO] local epoch 10, acc: 0.3582
[2024-01-24 17:48:13] [INFO] local epoch 11, acc: 0.3602
[2024-01-24 17:48:14] [INFO] local epoch 12, acc: 0.3622
[2024-01-24 17:48:15] [INFO] local epoch 13, acc: 0.3643
[2024-01-24 17:48:16] [INFO] local epoch 14, acc: 0.3673
[2024-01-24 17:48:16] [INFO] local epoch 15, acc: 0.3724
[2024-01-24 17:48:17] [INFO] local epoch 16, acc: 0.3643
[2024-01-24 17:48:18] [INFO] local epoch 17, acc: 0.3602
[2024-01-24 17:48:19] [INFO] local epoch 18, acc: 0.3622
[2024-01-24 17:48:20] [INFO] local epoch 19, acc: 0.3653
[2024-01-24 17:48:21] [INFO] local epoch 20, acc: 0.3714
[2024-01-24 17:48:21] [INFO] [server epoch 1, client 6, local train]
[2024-01-24 17:48:22] [INFO] local epoch 1, acc: 0.4052
[2024-01-24 17:48:22] [INFO] local epoch 2, acc: 0.5571
[2024-01-24 17:48:23] [INFO] local epoch 3, acc: 0.5581
[2024-01-24 17:48:24] [INFO] local epoch 4, acc: 0.5476
[2024-01-24 17:48:25] [INFO] local epoch 5, acc: 0.5613
[2024-01-24 17:48:26] [INFO] local epoch 6, acc: 0.5592
[2024-01-24 17:48:27] [INFO] local epoch 7, acc: 0.5529
[2024-01-24 17:48:28] [INFO] local epoch 8, acc: 0.5613
[2024-01-24 17:48:28] [INFO] local epoch 9, acc: 0.5529
[2024-01-24 17:48:29] [INFO] local epoch 10, acc: 0.5550
[2024-01-24 17:48:30] [INFO] local epoch 11, acc: 0.5508
[2024-01-24 17:48:31] [INFO] local epoch 12, acc: 0.5529
[2024-01-24 17:48:32] [INFO] local epoch 13, acc: 0.5613
[2024-01-24 17:48:33] [INFO] local epoch 14, acc: 0.5571
[2024-01-24 17:48:34] [INFO] local epoch 15, acc: 0.5529
[2024-01-24 17:48:34] [INFO] local epoch 16, acc: 0.5571
[2024-01-24 17:48:35] [INFO] local epoch 17, acc: 0.5518
[2024-01-24 17:48:36] [INFO] local epoch 18, acc: 0.5518
[2024-01-24 17:48:37] [INFO] local epoch 19, acc: 0.5550
[2024-01-24 17:48:38] [INFO] local epoch 20, acc: 0.5623
[2024-01-24 17:48:38] [INFO] [server epoch 1, client 7, local train]
[2024-01-24 17:48:39] [INFO] local epoch 1, acc: 0.2862
[2024-01-24 17:48:39] [INFO] local epoch 2, acc: 0.3792
[2024-01-24 17:48:40] [INFO] local epoch 3, acc: 0.4329
[2024-01-24 17:48:41] [INFO] local epoch 4, acc: 0.4705
[2024-01-24 17:48:41] [INFO] local epoch 5, acc: 0.4490
[2024-01-24 17:48:42] [INFO] local epoch 6, acc: 0.4580
[2024-01-24 17:48:43] [INFO] local epoch 7, acc: 0.4597
[2024-01-24 17:48:44] [INFO] local epoch 8, acc: 0.4741
[2024-01-24 17:48:44] [INFO] local epoch 9, acc: 0.4580
[2024-01-24 17:48:45] [INFO] local epoch 10, acc: 0.4758
[2024-01-24 17:48:46] [INFO] local epoch 11, acc: 0.4669
[2024-01-24 17:48:46] [INFO] local epoch 12, acc: 0.4633
[2024-01-24 17:48:47] [INFO] local epoch 13, acc: 0.4723
[2024-01-24 17:48:48] [INFO] local epoch 14, acc: 0.4741
[2024-01-24 17:48:49] [INFO] local epoch 15, acc: 0.4669
[2024-01-24 17:48:49] [INFO] local epoch 16, acc: 0.4705
[2024-01-24 17:48:50] [INFO] local epoch 17, acc: 0.4705
[2024-01-24 17:48:51] [INFO] local epoch 18, acc: 0.4687
[2024-01-24 17:48:52] [INFO] local epoch 19, acc: 0.4723
[2024-01-24 17:48:52] [INFO] local epoch 20, acc: 0.4776
[2024-01-24 17:48:52] [INFO] [server epoch 1, client 8, local train]
[2024-01-24 17:48:53] [INFO] local epoch 1, acc: 0.4427
[2024-01-24 17:48:54] [INFO] local epoch 2, acc: 0.5306
[2024-01-24 17:48:55] [INFO] local epoch 3, acc: 0.5316
[2024-01-24 17:48:56] [INFO] local epoch 4, acc: 0.5168
[2024-01-24 17:48:57] [INFO] local epoch 5, acc: 0.5217
[2024-01-24 17:48:58] [INFO] local epoch 6, acc: 0.5208
[2024-01-24 17:48:58] [INFO] local epoch 7, acc: 0.5277
[2024-01-24 17:48:59] [INFO] local epoch 8, acc: 0.5168
[2024-01-24 17:49:00] [INFO] local epoch 9, acc: 0.5198
[2024-01-24 17:49:01] [INFO] local epoch 10, acc: 0.5227
[2024-01-24 17:49:02] [INFO] local epoch 11, acc: 0.5188
[2024-01-24 17:49:03] [INFO] local epoch 12, acc: 0.5247
[2024-01-24 17:49:04] [INFO] local epoch 13, acc: 0.5138
[2024-01-24 17:49:05] [INFO] local epoch 14, acc: 0.5198
[2024-01-24 17:49:06] [INFO] local epoch 15, acc: 0.5188
[2024-01-24 17:49:06] [INFO] local epoch 16, acc: 0.5188
[2024-01-24 17:49:07] [INFO] local epoch 17, acc: 0.5247
[2024-01-24 17:49:08] [INFO] local epoch 18, acc: 0.5198
[2024-01-24 17:49:09] [INFO] local epoch 19, acc: 0.5198
[2024-01-24 17:49:10] [INFO] local epoch 20, acc: 0.5237
[2024-01-24 17:49:10] [INFO] [server epoch 1, client 9, local train]
[2024-01-24 17:49:11] [INFO] local epoch 1, acc: 0.6010
[2024-01-24 17:49:12] [INFO] local epoch 2, acc: 0.6353
[2024-01-24 17:49:13] [INFO] local epoch 3, acc: 0.6331
[2024-01-24 17:49:14] [INFO] local epoch 4, acc: 0.6406
[2024-01-24 17:49:15] [INFO] local epoch 5, acc: 0.6339
[2024-01-24 17:49:16] [INFO] local epoch 6, acc: 0.6465
[2024-01-24 17:49:17] [INFO] local epoch 7, acc: 0.6450
[2024-01-24 17:49:18] [INFO] local epoch 8, acc: 0.6473
[2024-01-24 17:49:19] [INFO] local epoch 9, acc: 0.6443
[2024-01-24 17:49:20] [INFO] local epoch 10, acc: 0.6495
[2024-01-24 17:49:21] [INFO] local epoch 11, acc: 0.6495
[2024-01-24 17:49:22] [INFO] local epoch 12, acc: 0.6518
[2024-01-24 17:49:23] [INFO] local epoch 13, acc: 0.6480
[2024-01-24 17:49:24] [INFO] local epoch 14, acc: 0.6555
[2024-01-24 17:49:25] [INFO] local epoch 15, acc: 0.6443
[2024-01-24 17:49:26] [INFO] local epoch 16, acc: 0.6488
[2024-01-24 17:49:27] [INFO] local epoch 17, acc: 0.6510
[2024-01-24 17:49:28] [INFO] local epoch 18, acc: 0.6495
[2024-01-24 17:49:29] [INFO] local epoch 19, acc: 0.6518
[2024-01-24 17:49:30] [INFO] local epoch 20, acc: 0.6547
[2024-01-24 17:49:31] [INFO] server epoch 1, acc 0.4157
[2024-01-24 17:49:32] [INFO] server epoch 1, acc 0.3179
[2024-01-24 17:49:32] [INFO] server epoch 1, acc 0.4158
[2024-01-24 17:49:33] [INFO] server epoch 1, acc 0.3901
[2024-01-24 17:49:33] [INFO] server epoch 1, acc 0.3714
[2024-01-24 17:49:34] [INFO] server epoch 1, acc 0.4000
[2024-01-24 17:49:34] [INFO] server epoch 1, acc 0.4329
[2024-01-24 17:49:34] [INFO] server epoch 1, acc 0.3646
[2024-01-24 17:49:35] [INFO] server epoch 1, acc 0.4504
[2024-01-24 17:49:35] [INFO] [server epoch 2, client 1, local train]
[2024-01-24 17:49:36] [INFO] local epoch 1, acc: 0.4956
[2024-01-24 17:49:37] [INFO] local epoch 2, acc: 0.5003
[2024-01-24 17:49:38] [INFO] local epoch 3, acc: 0.5078
[2024-01-24 17:49:39] [INFO] local epoch 4, acc: 0.5188
[2024-01-24 17:49:40] [INFO] local epoch 5, acc: 0.5208
[2024-01-24 17:49:41] [INFO] local epoch 6, acc: 0.5290
[2024-01-24 17:49:42] [INFO] local epoch 7, acc: 0.5235
[2024-01-24 17:49:43] [INFO] local epoch 8, acc: 0.5242
[2024-01-24 17:49:45] [INFO] local epoch 9, acc: 0.5208
[2024-01-24 17:49:46] [INFO] local epoch 10, acc: 0.5276
[2024-01-24 17:49:47] [INFO] local epoch 11, acc: 0.5229
[2024-01-24 17:49:48] [INFO] local epoch 12, acc: 0.5201
[2024-01-24 17:49:49] [INFO] local epoch 13, acc: 0.5167
[2024-01-24 17:49:50] [INFO] local epoch 14, acc: 0.5208
[2024-01-24 17:49:51] [INFO] local epoch 15, acc: 0.5297
[2024-01-24 17:49:52] [INFO] local epoch 16, acc: 0.5270
[2024-01-24 17:49:53] [INFO] local epoch 17, acc: 0.5263
[2024-01-24 17:49:54] [INFO] local epoch 18, acc: 0.5201
[2024-01-24 17:49:55] [INFO] local epoch 19, acc: 0.5297
[2024-01-24 17:49:56] [INFO] local epoch 20, acc: 0.5215
[2024-01-24 17:49:56] [INFO] [server epoch 2, client 2, local train]
[2024-01-24 17:49:58] [INFO] local epoch 1, acc: 0.4880
[2024-01-24 17:49:59] [INFO] local epoch 2, acc: 0.5080
[2024-01-24 17:50:00] [INFO] local epoch 3, acc: 0.5201
[2024-01-24 17:50:01] [INFO] local epoch 4, acc: 0.5261
[2024-01-24 17:50:02] [INFO] local epoch 5, acc: 0.5241
[2024-01-24 17:50:03] [INFO] local epoch 6, acc: 0.5194
[2024-01-24 17:50:04] [INFO] local epoch 7, acc: 0.5174
[2024-01-24 17:50:05] [INFO] local epoch 8, acc: 0.5241
[2024-01-24 17:50:06] [INFO] local epoch 9, acc: 0.5268
[2024-01-24 17:50:07] [INFO] local epoch 10, acc: 0.5207
[2024-01-24 17:50:08] [INFO] local epoch 11, acc: 0.5228
[2024-01-24 17:50:10] [INFO] local epoch 12, acc: 0.5328
[2024-01-24 17:50:11] [INFO] local epoch 13, acc: 0.5254
[2024-01-24 17:50:12] [INFO] local epoch 14, acc: 0.5261
[2024-01-24 17:50:13] [INFO] local epoch 15, acc: 0.5261
[2024-01-24 17:50:14] [INFO] local epoch 16, acc: 0.5234
[2024-01-24 17:50:15] [INFO] local epoch 17, acc: 0.5241
[2024-01-24 17:50:16] [INFO] local epoch 18, acc: 0.5261
[2024-01-24 17:50:17] [INFO] local epoch 19, acc: 0.5274
[2024-01-24 17:50:18] [INFO] local epoch 20, acc: 0.5341
[2024-01-24 17:50:18] [INFO] [server epoch 2, client 3, local train]
[2024-01-24 17:50:19] [INFO] local epoch 1, acc: 0.4725
[2024-01-24 17:50:20] [INFO] local epoch 2, acc: 0.4981
[2024-01-24 17:50:21] [INFO] local epoch 3, acc: 0.5004
[2024-01-24 17:50:22] [INFO] local epoch 4, acc: 0.5155
[2024-01-24 17:50:23] [INFO] local epoch 5, acc: 0.5238
[2024-01-24 17:50:25] [INFO] local epoch 6, acc: 0.5140
[2024-01-24 17:50:26] [INFO] local epoch 7, acc: 0.5087
[2024-01-24 17:50:27] [INFO] local epoch 8, acc: 0.5072
[2024-01-24 17:50:28] [INFO] local epoch 9, acc: 0.5094
[2024-01-24 17:50:29] [INFO] local epoch 10, acc: 0.5102
[2024-01-24 17:50:30] [INFO] local epoch 11, acc: 0.5102
[2024-01-24 17:50:31] [INFO] local epoch 12, acc: 0.5132
[2024-01-24 17:50:32] [INFO] local epoch 13, acc: 0.5125
[2024-01-24 17:50:33] [INFO] local epoch 14, acc: 0.5185
[2024-01-24 17:50:34] [INFO] local epoch 15, acc: 0.5117
[2024-01-24 17:50:35] [INFO] local epoch 16, acc: 0.5162
[2024-01-24 17:50:36] [INFO] local epoch 17, acc: 0.5170
[2024-01-24 17:50:37] [INFO] local epoch 18, acc: 0.5102
[2024-01-24 17:50:38] [INFO] local epoch 19, acc: 0.5117
[2024-01-24 17:50:39] [INFO] local epoch 20, acc: 0.5064
[2024-01-24 17:50:39] [INFO] [server epoch 2, client 4, local train]
[2024-01-24 17:50:40] [INFO] local epoch 1, acc: 0.4879
[2024-01-24 17:50:41] [INFO] local epoch 2, acc: 0.5006
[2024-01-24 17:50:41] [INFO] local epoch 3, acc: 0.4879
[2024-01-24 17:50:42] [INFO] local epoch 4, acc: 0.4925
[2024-01-24 17:50:43] [INFO] local epoch 5, acc: 0.4983
[2024-01-24 17:50:44] [INFO] local epoch 6, acc: 0.4925
[2024-01-24 17:50:45] [INFO] local epoch 7, acc: 0.4891
[2024-01-24 17:50:46] [INFO] local epoch 8, acc: 0.4891
[2024-01-24 17:50:47] [INFO] local epoch 9, acc: 0.4925
[2024-01-24 17:50:47] [INFO] local epoch 10, acc: 0.4879
[2024-01-24 17:50:48] [INFO] local epoch 11, acc: 0.4879
[2024-01-24 17:50:49] [INFO] local epoch 12, acc: 0.4776
[2024-01-24 17:50:50] [INFO] local epoch 13, acc: 0.4776
[2024-01-24 17:50:51] [INFO] local epoch 14, acc: 0.4822
[2024-01-24 17:50:52] [INFO] local epoch 15, acc: 0.4925
[2024-01-24 17:50:52] [INFO] local epoch 16, acc: 0.4948
[2024-01-24 17:50:53] [INFO] local epoch 17, acc: 0.4902
[2024-01-24 17:50:54] [INFO] local epoch 18, acc: 0.4948
[2024-01-24 17:50:55] [INFO] local epoch 19, acc: 0.4672
[2024-01-24 17:50:56] [INFO] local epoch 20, acc: 0.4776
[2024-01-24 17:50:56] [INFO] [server epoch 2, client 5, local train]
[2024-01-24 17:50:57] [INFO] local epoch 1, acc: 0.3653
[2024-01-24 17:50:58] [INFO] local epoch 2, acc: 0.3755
[2024-01-24 17:50:58] [INFO] local epoch 3, acc: 0.3908
[2024-01-24 17:50:59] [INFO] local epoch 4, acc: 0.3816
[2024-01-24 17:51:00] [INFO] local epoch 5, acc: 0.3888
[2024-01-24 17:51:01] [INFO] local epoch 6, acc: 0.3796
[2024-01-24 17:51:02] [INFO] local epoch 7, acc: 0.3888
[2024-01-24 17:51:03] [INFO] local epoch 8, acc: 0.3888
[2024-01-24 17:51:04] [INFO] local epoch 9, acc: 0.3918
[2024-01-24 17:51:05] [INFO] local epoch 10, acc: 0.3806
[2024-01-24 17:51:06] [INFO] local epoch 11, acc: 0.3816
[2024-01-24 17:51:06] [INFO] local epoch 12, acc: 0.3837
[2024-01-24 17:51:07] [INFO] local epoch 13, acc: 0.3857
[2024-01-24 17:51:08] [INFO] local epoch 14, acc: 0.3857
[2024-01-24 17:51:09] [INFO] local epoch 15, acc: 0.3857
[2024-01-24 17:51:10] [INFO] local epoch 16, acc: 0.3847
[2024-01-24 17:51:11] [INFO] local epoch 17, acc: 0.3908
[2024-01-24 17:51:12] [INFO] local epoch 18, acc: 0.3888
[2024-01-24 17:51:13] [INFO] local epoch 19, acc: 0.3969
[2024-01-24 17:51:14] [INFO] local epoch 20, acc: 0.3908
[2024-01-24 17:51:14] [INFO] [server epoch 2, client 6, local train]
[2024-01-24 17:51:14] [INFO] local epoch 1, acc: 0.5539
[2024-01-24 17:51:15] [INFO] local epoch 2, acc: 0.5717
[2024-01-24 17:51:16] [INFO] local epoch 3, acc: 0.5654
[2024-01-24 17:51:17] [INFO] local epoch 4, acc: 0.5874
[2024-01-24 17:51:18] [INFO] local epoch 5, acc: 0.5843
[2024-01-24 17:51:19] [INFO] local epoch 6, acc: 0.5843
[2024-01-24 17:51:20] [INFO] local epoch 7, acc: 0.5864
[2024-01-24 17:51:21] [INFO] local epoch 8, acc: 0.5770
[2024-01-24 17:51:21] [INFO] local epoch 9, acc: 0.5822
[2024-01-24 17:51:22] [INFO] local epoch 10, acc: 0.5927
[2024-01-24 17:51:23] [INFO] local epoch 11, acc: 0.5791
[2024-01-24 17:51:24] [INFO] local epoch 12, acc: 0.5843
[2024-01-24 17:51:25] [INFO] local epoch 13, acc: 0.5791
[2024-01-24 17:51:26] [INFO] local epoch 14, acc: 0.5791
[2024-01-24 17:51:27] [INFO] local epoch 15, acc: 0.5812
[2024-01-24 17:51:28] [INFO] local epoch 16, acc: 0.5864
[2024-01-24 17:51:28] [INFO] local epoch 17, acc: 0.5843
[2024-01-24 17:51:29] [INFO] local epoch 18, acc: 0.5812
[2024-01-24 17:51:30] [INFO] local epoch 19, acc: 0.5843
[2024-01-24 17:51:31] [INFO] local epoch 20, acc: 0.5780
[2024-01-24 17:51:31] [INFO] [server epoch 2, client 7, local train]
[2024-01-24 17:51:32] [INFO] local epoch 1, acc: 0.4705
[2024-01-24 17:51:32] [INFO] local epoch 2, acc: 0.4741
[2024-01-24 17:51:33] [INFO] local epoch 3, acc: 0.4705
[2024-01-24 17:51:34] [INFO] local epoch 4, acc: 0.4902
[2024-01-24 17:51:35] [INFO] local epoch 5, acc: 0.4902
[2024-01-24 17:51:35] [INFO] local epoch 6, acc: 0.4955
[2024-01-24 17:51:36] [INFO] local epoch 7, acc: 0.4902
[2024-01-24 17:51:37] [INFO] local epoch 8, acc: 0.4902
[2024-01-24 17:51:37] [INFO] local epoch 9, acc: 0.4955
[2024-01-24 17:51:38] [INFO] local epoch 10, acc: 0.5027
[2024-01-24 17:51:39] [INFO] local epoch 11, acc: 0.5009
[2024-01-24 17:51:40] [INFO] local epoch 12, acc: 0.4991
[2024-01-24 17:51:40] [INFO] local epoch 13, acc: 0.4973
[2024-01-24 17:51:41] [INFO] local epoch 14, acc: 0.4973
[2024-01-24 17:51:42] [INFO] local epoch 15, acc: 0.4991
[2024-01-24 17:51:43] [INFO] local epoch 16, acc: 0.5045
[2024-01-24 17:51:43] [INFO] local epoch 17, acc: 0.5009
[2024-01-24 17:51:44] [INFO] local epoch 18, acc: 0.5009
[2024-01-24 17:51:45] [INFO] local epoch 19, acc: 0.5009
[2024-01-24 17:51:45] [INFO] local epoch 20, acc: 0.5081
[2024-01-24 17:51:45] [INFO] [server epoch 2, client 8, local train]
[2024-01-24 17:51:46] [INFO] local epoch 1, acc: 0.5296
[2024-01-24 17:51:47] [INFO] local epoch 2, acc: 0.5336
[2024-01-24 17:51:48] [INFO] local epoch 3, acc: 0.5405
[2024-01-24 17:51:49] [INFO] local epoch 4, acc: 0.5356
[2024-01-24 17:51:50] [INFO] local epoch 5, acc: 0.5385
[2024-01-24 17:51:51] [INFO] local epoch 6, acc: 0.5484
[2024-01-24 17:51:52] [INFO] local epoch 7, acc: 0.5464
[2024-01-24 17:51:53] [INFO] local epoch 8, acc: 0.5464
[2024-01-24 17:51:54] [INFO] local epoch 9, acc: 0.5445
[2024-01-24 17:51:54] [INFO] local epoch 10, acc: 0.5415
[2024-01-24 17:51:55] [INFO] local epoch 11, acc: 0.5464
[2024-01-24 17:51:56] [INFO] local epoch 12, acc: 0.5435
[2024-01-24 17:51:57] [INFO] local epoch 13, acc: 0.5455
[2024-01-24 17:51:58] [INFO] local epoch 14, acc: 0.5405
[2024-01-24 17:51:59] [INFO] local epoch 15, acc: 0.5405
[2024-01-24 17:52:00] [INFO] local epoch 16, acc: 0.5425
[2024-01-24 17:52:01] [INFO] local epoch 17, acc: 0.5385
[2024-01-24 17:52:02] [INFO] local epoch 18, acc: 0.5425
[2024-01-24 17:52:03] [INFO] local epoch 19, acc: 0.5474
[2024-01-24 17:52:03] [INFO] local epoch 20, acc: 0.5484
[2024-01-24 17:52:03] [INFO] [server epoch 2, client 9, local train]
[2024-01-24 17:52:04] [INFO] local epoch 1, acc: 0.5996
[2024-01-24 17:52:05] [INFO] local epoch 2, acc: 0.6174
[2024-01-24 17:52:07] [INFO] local epoch 3, acc: 0.6212
[2024-01-24 17:52:08] [INFO] local epoch 4, acc: 0.6421
[2024-01-24 17:52:09] [INFO] local epoch 5, acc: 0.6480
[2024-01-24 17:52:10] [INFO] local epoch 6, acc: 0.6480
[2024-01-24 17:52:11] [INFO] local epoch 7, acc: 0.6518
[2024-01-24 17:52:12] [INFO] local epoch 8, acc: 0.6518
[2024-01-24 17:52:13] [INFO] local epoch 9, acc: 0.6547
[2024-01-24 17:52:14] [INFO] local epoch 10, acc: 0.6450
[2024-01-24 17:52:15] [INFO] local epoch 11, acc: 0.6540
[2024-01-24 17:52:16] [INFO] local epoch 12, acc: 0.6383
[2024-01-24 17:52:17] [INFO] local epoch 13, acc: 0.6503
[2024-01-24 17:52:18] [INFO] local epoch 14, acc: 0.6488
[2024-01-24 17:52:19] [INFO] local epoch 15, acc: 0.6495
[2024-01-24 17:52:20] [INFO] local epoch 16, acc: 0.6473
[2024-01-24 17:52:21] [INFO] local epoch 17, acc: 0.6488
[2024-01-24 17:52:22] [INFO] local epoch 18, acc: 0.6503
[2024-01-24 17:52:23] [INFO] local epoch 19, acc: 0.6488
[2024-01-24 17:52:24] [INFO] local epoch 20, acc: 0.6480
[2024-01-24 17:52:25] [INFO] server epoch 2, acc 0.4266
[2024-01-24 17:52:25] [INFO] server epoch 2, acc 0.3815
[2024-01-24 17:52:26] [INFO] server epoch 2, acc 0.4649
[2024-01-24 17:52:26] [INFO] server epoch 2, acc 0.4304
[2024-01-24 17:52:27] [INFO] server epoch 2, acc 0.3980
[2024-01-24 17:52:27] [INFO] server epoch 2, acc 0.4387
[2024-01-24 17:52:28] [INFO] server epoch 2, acc 0.4526
[2024-01-24 17:52:28] [INFO] server epoch 2, acc 0.3982
[2024-01-24 17:52:29] [INFO] server epoch 2, acc 0.4661
[2024-01-24 17:52:29] [INFO] [server epoch 3, client 1, local train]
[2024-01-24 17:52:30] [INFO] local epoch 1, acc: 0.4710
[2024-01-24 17:52:31] [INFO] local epoch 2, acc: 0.5051
[2024-01-24 17:52:32] [INFO] local epoch 3, acc: 0.5126
[2024-01-24 17:52:33] [INFO] local epoch 4, acc: 0.5133
[2024-01-24 17:52:34] [INFO] local epoch 5, acc: 0.5270
[2024-01-24 17:52:35] [INFO] local epoch 6, acc: 0.5208
[2024-01-24 17:52:36] [INFO] local epoch 7, acc: 0.5208
[2024-01-24 17:52:37] [INFO] local epoch 8, acc: 0.5304
[2024-01-24 17:52:38] [INFO] local epoch 9, acc: 0.5242
[2024-01-24 17:52:39] [INFO] local epoch 10, acc: 0.5201
[2024-01-24 17:52:40] [INFO] local epoch 11, acc: 0.5235
[2024-01-24 17:52:42] [INFO] local epoch 12, acc: 0.5283
[2024-01-24 17:52:43] [INFO] local epoch 13, acc: 0.5290
[2024-01-24 17:52:44] [INFO] local epoch 14, acc: 0.5297
[2024-01-24 17:52:45] [INFO] local epoch 15, acc: 0.5256
[2024-01-24 17:52:46] [INFO] local epoch 16, acc: 0.5215
[2024-01-24 17:52:47] [INFO] local epoch 17, acc: 0.5283
[2024-01-24 17:52:48] [INFO] local epoch 18, acc: 0.5242
[2024-01-24 17:52:49] [INFO] local epoch 19, acc: 0.5256
[2024-01-24 17:52:50] [INFO] local epoch 20, acc: 0.5229
[2024-01-24 17:52:50] [INFO] [server epoch 3, client 2, local train]
[2024-01-24 17:52:51] [INFO] local epoch 1, acc: 0.4772
[2024-01-24 17:52:52] [INFO] local epoch 2, acc: 0.5281
[2024-01-24 17:52:53] [INFO] local epoch 3, acc: 0.5254
[2024-01-24 17:52:55] [INFO] local epoch 4, acc: 0.5335
[2024-01-24 17:52:56] [INFO] local epoch 5, acc: 0.5341
[2024-01-24 17:52:57] [INFO] local epoch 6, acc: 0.5355
[2024-01-24 17:52:58] [INFO] local epoch 7, acc: 0.5408
[2024-01-24 17:52:59] [INFO] local epoch 8, acc: 0.5375
[2024-01-24 17:53:00] [INFO] local epoch 9, acc: 0.5382
[2024-01-24 17:53:01] [INFO] local epoch 10, acc: 0.5382
[2024-01-24 17:53:02] [INFO] local epoch 11, acc: 0.5268
[2024-01-24 17:53:03] [INFO] local epoch 12, acc: 0.5375
[2024-01-24 17:53:04] [INFO] local epoch 13, acc: 0.5382
[2024-01-24 17:53:05] [INFO] local epoch 14, acc: 0.5395
[2024-01-24 17:53:07] [INFO] local epoch 15, acc: 0.5422
[2024-01-24 17:53:08] [INFO] local epoch 16, acc: 0.5315
[2024-01-24 17:53:09] [INFO] local epoch 17, acc: 0.5422
[2024-01-24 17:53:10] [INFO] local epoch 18, acc: 0.5402
[2024-01-24 17:53:11] [INFO] local epoch 19, acc: 0.5415
[2024-01-24 17:53:12] [INFO] local epoch 20, acc: 0.5395
[2024-01-24 17:53:12] [INFO] [server epoch 3, client 3, local train]
[2024-01-24 17:53:13] [INFO] local epoch 1, acc: 0.4928
[2024-01-24 17:53:14] [INFO] local epoch 2, acc: 0.5034
[2024-01-24 17:53:15] [INFO] local epoch 3, acc: 0.5087
[2024-01-24 17:53:16] [INFO] local epoch 4, acc: 0.5140
[2024-01-24 17:53:17] [INFO] local epoch 5, acc: 0.5079
[2024-01-24 17:53:18] [INFO] local epoch 6, acc: 0.5117
[2024-01-24 17:53:19] [INFO] local epoch 7, acc: 0.5170
[2024-01-24 17:53:20] [INFO] local epoch 8, acc: 0.5102
[2024-01-24 17:53:21] [INFO] local epoch 9, acc: 0.5147
[2024-01-24 17:53:22] [INFO] local epoch 10, acc: 0.5117
[2024-01-24 17:53:23] [INFO] local epoch 11, acc: 0.5094
[2024-01-24 17:53:24] [INFO] local epoch 12, acc: 0.5125
[2024-01-24 17:53:25] [INFO] local epoch 13, acc: 0.5192
[2024-01-24 17:53:26] [INFO] local epoch 14, acc: 0.5117
[2024-01-24 17:53:27] [INFO] local epoch 15, acc: 0.5132
[2024-01-24 17:53:28] [INFO] local epoch 16, acc: 0.5192
[2024-01-24 17:53:30] [INFO] local epoch 17, acc: 0.5140
[2024-01-24 17:53:31] [INFO] local epoch 18, acc: 0.5117
[2024-01-24 17:53:32] [INFO] local epoch 19, acc: 0.5170
[2024-01-24 17:53:33] [INFO] local epoch 20, acc: 0.5147
[2024-01-24 17:53:33] [INFO] [server epoch 3, client 4, local train]
[2024-01-24 17:53:33] [INFO] local epoch 1, acc: 0.4730
[2024-01-24 17:53:34] [INFO] local epoch 2, acc: 0.4833
[2024-01-24 17:53:35] [INFO] local epoch 3, acc: 0.5006
[2024-01-24 17:53:36] [INFO] local epoch 4, acc: 0.4937
[2024-01-24 17:53:37] [INFO] local epoch 5, acc: 0.4994
[2024-01-24 17:53:38] [INFO] local epoch 6, acc: 0.5098
[2024-01-24 17:53:39] [INFO] local epoch 7, acc: 0.5040
[2024-01-24 17:53:39] [INFO] local epoch 8, acc: 0.5006
[2024-01-24 17:53:40] [INFO] local epoch 9, acc: 0.4971
[2024-01-24 17:53:41] [INFO] local epoch 10, acc: 0.5029
[2024-01-24 17:53:42] [INFO] local epoch 11, acc: 0.4787
[2024-01-24 17:53:43] [INFO] local epoch 12, acc: 0.4960
[2024-01-24 17:53:44] [INFO] local epoch 13, acc: 0.4960
[2024-01-24 17:53:44] [INFO] local epoch 14, acc: 0.4960
[2024-01-24 17:53:45] [INFO] local epoch 15, acc: 0.4948
[2024-01-24 17:53:46] [INFO] local epoch 16, acc: 0.4925
[2024-01-24 17:53:47] [INFO] local epoch 17, acc: 0.4856
[2024-01-24 17:53:48] [INFO] local epoch 18, acc: 0.4948
[2024-01-24 17:53:49] [INFO] local epoch 19, acc: 0.4879
[2024-01-24 17:53:50] [INFO] local epoch 20, acc: 0.4902
[2024-01-24 17:53:50] [INFO] [server epoch 3, client 5, local train]
[2024-01-24 17:53:50] [INFO] local epoch 1, acc: 0.3633
[2024-01-24 17:53:51] [INFO] local epoch 2, acc: 0.4071
[2024-01-24 17:53:52] [INFO] local epoch 3, acc: 0.4122
[2024-01-24 17:53:53] [INFO] local epoch 4, acc: 0.4031
[2024-01-24 17:53:54] [INFO] local epoch 5, acc: 0.3929
[2024-01-24 17:53:55] [INFO] local epoch 6, acc: 0.4041
[2024-01-24 17:53:56] [INFO] local epoch 7, acc: 0.4092
[2024-01-24 17:53:57] [INFO] local epoch 8, acc: 0.4031
[2024-01-24 17:53:58] [INFO] local epoch 9, acc: 0.4092
[2024-01-24 17:53:58] [INFO] local epoch 10, acc: 0.4082
[2024-01-24 17:53:59] [INFO] local epoch 11, acc: 0.4041
[2024-01-24 17:54:00] [INFO] local epoch 12, acc: 0.4163
[2024-01-24 17:54:01] [INFO] local epoch 13, acc: 0.4143
[2024-01-24 17:54:02] [INFO] local epoch 14, acc: 0.4112
[2024-01-24 17:54:03] [INFO] local epoch 15, acc: 0.4071
[2024-01-24 17:54:04] [INFO] local epoch 16, acc: 0.3949
[2024-01-24 17:54:05] [INFO] local epoch 17, acc: 0.4031
[2024-01-24 17:54:06] [INFO] local epoch 18, acc: 0.4041
[2024-01-24 17:54:06] [INFO] local epoch 19, acc: 0.4000
[2024-01-24 17:54:07] [INFO] local epoch 20, acc: 0.3918
[2024-01-24 17:54:07] [INFO] [server epoch 3, client 6, local train]
[2024-01-24 17:54:08] [INFO] local epoch 1, acc: 0.5696
[2024-01-24 17:54:09] [INFO] local epoch 2, acc: 0.5832
[2024-01-24 17:54:10] [INFO] local epoch 3, acc: 0.5958
[2024-01-24 17:54:11] [INFO] local epoch 4, acc: 0.5906
[2024-01-24 17:54:12] [INFO] local epoch 5, acc: 0.5916
[2024-01-24 17:54:13] [INFO] local epoch 6, acc: 0.6000
[2024-01-24 17:54:14] [INFO] local epoch 7, acc: 0.6000
[2024-01-24 17:54:14] [INFO] local epoch 8, acc: 0.5958
[2024-01-24 17:54:15] [INFO] local epoch 9, acc: 0.5979
[2024-01-24 17:54:16] [INFO] local epoch 10, acc: 0.5969
[2024-01-24 17:54:17] [INFO] local epoch 11, acc: 0.5937
[2024-01-24 17:54:18] [INFO] local epoch 12, acc: 0.5937
[2024-01-24 17:54:19] [INFO] local epoch 13, acc: 0.6010
[2024-01-24 17:54:20] [INFO] local epoch 14, acc: 0.5969
[2024-01-24 17:54:21] [INFO] local epoch 15, acc: 0.5958
[2024-01-24 17:54:21] [INFO] local epoch 16, acc: 0.5895
[2024-01-24 17:54:22] [INFO] local epoch 17, acc: 0.6000
[2024-01-24 17:54:23] [INFO] local epoch 18, acc: 0.6000
[2024-01-24 17:54:24] [INFO] local epoch 19, acc: 0.5958
[2024-01-24 17:54:25] [INFO] local epoch 20, acc: 0.5958
[2024-01-24 17:54:25] [INFO] [server epoch 3, client 7, local train]
[2024-01-24 17:54:26] [INFO] local epoch 1, acc: 0.4651
[2024-01-24 17:54:26] [INFO] local epoch 2, acc: 0.4866
[2024-01-24 17:54:27] [INFO] local epoch 3, acc: 0.4741
[2024-01-24 17:54:28] [INFO] local epoch 4, acc: 0.4919
[2024-01-24 17:54:29] [INFO] local epoch 5, acc: 0.4937
[2024-01-24 17:54:29] [INFO] local epoch 6, acc: 0.4902
[2024-01-24 17:54:30] [INFO] local epoch 7, acc: 0.4973
[2024-01-24 17:54:31] [INFO] local epoch 8, acc: 0.5009
[2024-01-24 17:54:31] [INFO] local epoch 9, acc: 0.5045
[2024-01-24 17:54:32] [INFO] local epoch 10, acc: 0.4919
[2024-01-24 17:54:33] [INFO] local epoch 11, acc: 0.4991
[2024-01-24 17:54:34] [INFO] local epoch 12, acc: 0.4991
[2024-01-24 17:54:34] [INFO] local epoch 13, acc: 0.5027
[2024-01-24 17:54:35] [INFO] local epoch 14, acc: 0.5081
[2024-01-24 17:54:36] [INFO] local epoch 15, acc: 0.5098
[2024-01-24 17:54:36] [INFO] local epoch 16, acc: 0.5081
[2024-01-24 17:54:37] [INFO] local epoch 17, acc: 0.5081
[2024-01-24 17:54:38] [INFO] local epoch 18, acc: 0.5063
[2024-01-24 17:54:39] [INFO] local epoch 19, acc: 0.5045
[2024-01-24 17:54:39] [INFO] local epoch 20, acc: 0.5045
[2024-01-24 17:54:39] [INFO] [server epoch 3, client 8, local train]
[2024-01-24 17:54:40] [INFO] local epoch 1, acc: 0.5069
[2024-01-24 17:54:41] [INFO] local epoch 2, acc: 0.5247
[2024-01-24 17:54:42] [INFO] local epoch 3, acc: 0.5208
[2024-01-24 17:54:43] [INFO] local epoch 4, acc: 0.5316
[2024-01-24 17:54:44] [INFO] local epoch 5, acc: 0.5405
[2024-01-24 17:54:45] [INFO] local epoch 6, acc: 0.5346
[2024-01-24 17:54:46] [INFO] local epoch 7, acc: 0.5435
[2024-01-24 17:54:47] [INFO] local epoch 8, acc: 0.5425
[2024-01-24 17:54:47] [INFO] local epoch 9, acc: 0.5474
[2024-01-24 17:54:48] [INFO] local epoch 10, acc: 0.5484
[2024-01-24 17:54:49] [INFO] local epoch 11, acc: 0.5455
[2024-01-24 17:54:50] [INFO] local epoch 12, acc: 0.5474
[2024-01-24 17:54:51] [INFO] local epoch 13, acc: 0.5435
[2024-01-24 17:54:52] [INFO] local epoch 14, acc: 0.5435
[2024-01-24 17:54:53] [INFO] local epoch 15, acc: 0.5425
[2024-01-24 17:54:54] [INFO] local epoch 16, acc: 0.5385
[2024-01-24 17:54:55] [INFO] local epoch 17, acc: 0.5415
[2024-01-24 17:54:55] [INFO] local epoch 18, acc: 0.5445
[2024-01-24 17:54:56] [INFO] local epoch 19, acc: 0.5395
[2024-01-24 17:54:57] [INFO] local epoch 20, acc: 0.5425
[2024-01-24 17:54:57] [INFO] [server epoch 3, client 9, local train]
[2024-01-24 17:54:58] [INFO] local epoch 1, acc: 0.6174
[2024-01-24 17:54:59] [INFO] local epoch 2, acc: 0.6406
[2024-01-24 17:55:00] [INFO] local epoch 3, acc: 0.6324
[2024-01-24 17:55:01] [INFO] local epoch 4, acc: 0.6495
[2024-01-24 17:55:02] [INFO] local epoch 5, acc: 0.6428
[2024-01-24 17:55:03] [INFO] local epoch 6, acc: 0.6652
[2024-01-24 17:55:05] [INFO] local epoch 7, acc: 0.6562
[2024-01-24 17:55:06] [INFO] local epoch 8, acc: 0.6570
[2024-01-24 17:55:07] [INFO] local epoch 9, acc: 0.6622
[2024-01-24 17:55:08] [INFO] local epoch 10, acc: 0.6577
[2024-01-24 17:55:09] [INFO] local epoch 11, acc: 0.6555
[2024-01-24 17:55:10] [INFO] local epoch 12, acc: 0.6607
[2024-01-24 17:55:11] [INFO] local epoch 13, acc: 0.6540
[2024-01-24 17:55:12] [INFO] local epoch 14, acc: 0.6614
[2024-01-24 17:55:13] [INFO] local epoch 15, acc: 0.6518
[2024-01-24 17:55:14] [INFO] local epoch 16, acc: 0.6562
[2024-01-24 17:55:15] [INFO] local epoch 17, acc: 0.6532
[2024-01-24 17:55:16] [INFO] local epoch 18, acc: 0.6577
[2024-01-24 17:55:17] [INFO] local epoch 19, acc: 0.6585
[2024-01-24 17:55:18] [INFO] local epoch 20, acc: 0.6570
[2024-01-24 17:55:19] [INFO] server epoch 3, acc 0.4273
[2024-01-24 17:55:19] [INFO] server epoch 3, acc 0.3956
[2024-01-24 17:55:20] [INFO] server epoch 3, acc 0.4732
[2024-01-24 17:55:20] [INFO] server epoch 3, acc 0.4338
[2024-01-24 17:55:21] [INFO] server epoch 3, acc 0.4327
[2024-01-24 17:55:21] [INFO] server epoch 3, acc 0.4670
[2024-01-24 17:55:21] [INFO] server epoch 3, acc 0.4597
[2024-01-24 17:55:22] [INFO] server epoch 3, acc 0.4032
[2024-01-24 17:55:22] [INFO] server epoch 3, acc 0.4929
[2024-01-24 17:55:22] [INFO] [server epoch 4, client 1, local train]
[2024-01-24 17:55:23] [INFO] local epoch 1, acc: 0.4928
[2024-01-24 17:55:25] [INFO] local epoch 2, acc: 0.5195
[2024-01-24 17:55:26] [INFO] local epoch 3, acc: 0.5379
[2024-01-24 17:55:27] [INFO] local epoch 4, acc: 0.5440
[2024-01-24 17:55:28] [INFO] local epoch 5, acc: 0.5399
[2024-01-24 17:55:29] [INFO] local epoch 6, acc: 0.5454
[2024-01-24 17:55:30] [INFO] local epoch 7, acc: 0.5522
[2024-01-24 17:55:31] [INFO] local epoch 8, acc: 0.5474
[2024-01-24 17:55:32] [INFO] local epoch 9, acc: 0.5502
[2024-01-24 17:55:33] [INFO] local epoch 10, acc: 0.5481
[2024-01-24 17:55:34] [INFO] local epoch 11, acc: 0.5440
[2024-01-24 17:55:35] [INFO] local epoch 12, acc: 0.5454
[2024-01-24 17:55:36] [INFO] local epoch 13, acc: 0.5461
[2024-01-24 17:55:37] [INFO] local epoch 14, acc: 0.5515
[2024-01-24 17:55:39] [INFO] local epoch 15, acc: 0.5420
[2024-01-24 17:55:40] [INFO] local epoch 16, acc: 0.5536
[2024-01-24 17:55:41] [INFO] local epoch 17, acc: 0.5515
[2024-01-24 17:55:42] [INFO] local epoch 18, acc: 0.5461
[2024-01-24 17:55:43] [INFO] local epoch 19, acc: 0.5433
[2024-01-24 17:55:44] [INFO] local epoch 20, acc: 0.5468
[2024-01-24 17:55:44] [INFO] [server epoch 4, client 2, local train]
[2024-01-24 17:55:45] [INFO] local epoch 1, acc: 0.4946
[2024-01-24 17:55:46] [INFO] local epoch 2, acc: 0.5181
[2024-01-24 17:55:47] [INFO] local epoch 3, acc: 0.5201
[2024-01-24 17:55:48] [INFO] local epoch 4, acc: 0.5321
[2024-01-24 17:55:49] [INFO] local epoch 5, acc: 0.5375
[2024-01-24 17:55:50] [INFO] local epoch 6, acc: 0.5355
[2024-01-24 17:55:52] [INFO] local epoch 7, acc: 0.5315
[2024-01-24 17:55:53] [INFO] local epoch 8, acc: 0.5341
[2024-01-24 17:55:54] [INFO] local epoch 9, acc: 0.5382
[2024-01-24 17:55:55] [INFO] local epoch 10, acc: 0.5435
[2024-01-24 17:55:56] [INFO] local epoch 11, acc: 0.5348
[2024-01-24 17:55:57] [INFO] local epoch 12, acc: 0.5341
[2024-01-24 17:55:58] [INFO] local epoch 13, acc: 0.5341
[2024-01-24 17:55:59] [INFO] local epoch 14, acc: 0.5448
[2024-01-24 17:56:00] [INFO] local epoch 15, acc: 0.5375
[2024-01-24 17:56:01] [INFO] local epoch 16, acc: 0.5435
[2024-01-24 17:56:03] [INFO] local epoch 17, acc: 0.5408
[2024-01-24 17:56:04] [INFO] local epoch 18, acc: 0.5482
[2024-01-24 17:56:05] [INFO] local epoch 19, acc: 0.5422
[2024-01-24 17:56:06] [INFO] local epoch 20, acc: 0.5482
[2024-01-24 17:56:06] [INFO] [server epoch 4, client 3, local train]
[2024-01-24 17:56:07] [INFO] local epoch 1, acc: 0.4845
[2024-01-24 17:56:08] [INFO] local epoch 2, acc: 0.4958
[2024-01-24 17:56:09] [INFO] local epoch 3, acc: 0.4943
[2024-01-24 17:56:10] [INFO] local epoch 4, acc: 0.5117
[2024-01-24 17:56:11] [INFO] local epoch 5, acc: 0.5094
[2024-01-24 17:56:12] [INFO] local epoch 6, acc: 0.5087
[2024-01-24 17:56:13] [INFO] local epoch 7, acc: 0.5087
[2024-01-24 17:56:14] [INFO] local epoch 8, acc: 0.5102
[2024-01-24 17:56:15] [INFO] local epoch 9, acc: 0.5057
[2024-01-24 17:56:16] [INFO] local epoch 10, acc: 0.5094
[2024-01-24 17:56:17] [INFO] local epoch 11, acc: 0.5170
[2024-01-24 17:56:18] [INFO] local epoch 12, acc: 0.5064
[2024-01-24 17:56:19] [INFO] local epoch 13, acc: 0.5042
[2024-01-24 17:56:20] [INFO] local epoch 14, acc: 0.5034
[2024-01-24 17:56:21] [INFO] local epoch 15, acc: 0.5079
[2024-01-24 17:56:22] [INFO] local epoch 16, acc: 0.5109
[2024-01-24 17:56:23] [INFO] local epoch 17, acc: 0.5034
[2024-01-24 17:56:24] [INFO] local epoch 18, acc: 0.5042
[2024-01-24 17:56:25] [INFO] local epoch 19, acc: 0.5026
[2024-01-24 17:56:26] [INFO] local epoch 20, acc: 0.5034
[2024-01-24 17:56:26] [INFO] [server epoch 4, client 4, local train]
[2024-01-24 17:56:27] [INFO] local epoch 1, acc: 0.4948
[2024-01-24 17:56:28] [INFO] local epoch 2, acc: 0.5109
[2024-01-24 17:56:29] [INFO] local epoch 3, acc: 0.5144
[2024-01-24 17:56:30] [INFO] local epoch 4, acc: 0.5201
[2024-01-24 17:56:31] [INFO] local epoch 5, acc: 0.5213
[2024-01-24 17:56:31] [INFO] local epoch 6, acc: 0.5144
[2024-01-24 17:56:32] [INFO] local epoch 7, acc: 0.5121
[2024-01-24 17:56:33] [INFO] local epoch 8, acc: 0.5052
[2024-01-24 17:56:34] [INFO] local epoch 9, acc: 0.5075
[2024-01-24 17:56:35] [INFO] local epoch 10, acc: 0.5075
[2024-01-24 17:56:36] [INFO] local epoch 11, acc: 0.5063
[2024-01-24 17:56:37] [INFO] local epoch 12, acc: 0.4937
[2024-01-24 17:56:37] [INFO] local epoch 13, acc: 0.4845
[2024-01-24 17:56:38] [INFO] local epoch 14, acc: 0.5155
[2024-01-24 17:56:39] [INFO] local epoch 15, acc: 0.5040
[2024-01-24 17:56:40] [INFO] local epoch 16, acc: 0.5132
[2024-01-24 17:56:41] [INFO] local epoch 17, acc: 0.5098
[2024-01-24 17:56:42] [INFO] local epoch 18, acc: 0.4994
[2024-01-24 17:56:42] [INFO] local epoch 19, acc: 0.4948
[2024-01-24 17:56:43] [INFO] local epoch 20, acc: 0.5052
[2024-01-24 17:56:43] [INFO] [server epoch 4, client 5, local train]
[2024-01-24 17:56:44] [INFO] local epoch 1, acc: 0.3857
[2024-01-24 17:56:45] [INFO] local epoch 2, acc: 0.4133
[2024-01-24 17:56:46] [INFO] local epoch 3, acc: 0.4204
[2024-01-24 17:56:47] [INFO] local epoch 4, acc: 0.4214
[2024-01-24 17:56:48] [INFO] local epoch 5, acc: 0.4071
[2024-01-24 17:56:49] [INFO] local epoch 6, acc: 0.4245
[2024-01-24 17:56:50] [INFO] local epoch 7, acc: 0.4224
[2024-01-24 17:56:50] [INFO] local epoch 8, acc: 0.4194
[2024-01-24 17:56:51] [INFO] local epoch 9, acc: 0.4214
[2024-01-24 17:56:52] [INFO] local epoch 10, acc: 0.4265
[2024-01-24 17:56:53] [INFO] local epoch 11, acc: 0.4357
[2024-01-24 17:56:54] [INFO] local epoch 12, acc: 0.4316
[2024-01-24 17:56:55] [INFO] local epoch 13, acc: 0.4296
[2024-01-24 17:56:56] [INFO] local epoch 14, acc: 0.4265
[2024-01-24 17:56:57] [INFO] local epoch 15, acc: 0.4296
[2024-01-24 17:56:58] [INFO] local epoch 16, acc: 0.4306
[2024-01-24 17:56:58] [INFO] local epoch 17, acc: 0.4194
[2024-01-24 17:56:59] [INFO] local epoch 18, acc: 0.4235
[2024-01-24 17:57:00] [INFO] local epoch 19, acc: 0.4265
[2024-01-24 17:57:01] [INFO] local epoch 20, acc: 0.4194
[2024-01-24 17:57:01] [INFO] [server epoch 4, client 6, local train]
[2024-01-24 17:57:02] [INFO] local epoch 1, acc: 0.5550
[2024-01-24 17:57:03] [INFO] local epoch 2, acc: 0.5717
[2024-01-24 17:57:04] [INFO] local epoch 3, acc: 0.5843
[2024-01-24 17:57:05] [INFO] local epoch 4, acc: 0.5853
[2024-01-24 17:57:06] [INFO] local epoch 5, acc: 0.5874
[2024-01-24 17:57:06] [INFO] local epoch 6, acc: 0.5927
[2024-01-24 17:57:07] [INFO] local epoch 7, acc: 0.5958
[2024-01-24 17:57:08] [INFO] local epoch 8, acc: 0.5969
[2024-01-24 17:57:09] [INFO] local epoch 9, acc: 0.5990
[2024-01-24 17:57:10] [INFO] local epoch 10, acc: 0.5969
[2024-01-24 17:57:11] [INFO] local epoch 11, acc: 0.5969
[2024-01-24 17:57:12] [INFO] local epoch 12, acc: 0.5916
[2024-01-24 17:57:13] [INFO] local epoch 13, acc: 0.5885
[2024-01-24 17:57:14] [INFO] local epoch 14, acc: 0.5958
[2024-01-24 17:57:14] [INFO] local epoch 15, acc: 0.5979
[2024-01-24 17:57:15] [INFO] local epoch 16, acc: 0.5927
[2024-01-24 17:57:16] [INFO] local epoch 17, acc: 0.5937
[2024-01-24 17:57:17] [INFO] local epoch 18, acc: 0.5916
[2024-01-24 17:57:18] [INFO] local epoch 19, acc: 0.5990
[2024-01-24 17:57:19] [INFO] local epoch 20, acc: 0.5969
[2024-01-24 17:57:19] [INFO] [server epoch 4, client 7, local train]
[2024-01-24 17:57:20] [INFO] local epoch 1, acc: 0.4723
[2024-01-24 17:57:20] [INFO] local epoch 2, acc: 0.4741
[2024-01-24 17:57:21] [INFO] local epoch 3, acc: 0.4955
[2024-01-24 17:57:22] [INFO] local epoch 4, acc: 0.4812
[2024-01-24 17:57:22] [INFO] local epoch 5, acc: 0.4884
[2024-01-24 17:57:23] [INFO] local epoch 6, acc: 0.4937
[2024-01-24 17:57:24] [INFO] local epoch 7, acc: 0.4991
[2024-01-24 17:57:25] [INFO] local epoch 8, acc: 0.5027
[2024-01-24 17:57:25] [INFO] local epoch 9, acc: 0.5045
[2024-01-24 17:57:26] [INFO] local epoch 10, acc: 0.5027
[2024-01-24 17:57:27] [INFO] local epoch 11, acc: 0.5027
[2024-01-24 17:57:27] [INFO] local epoch 12, acc: 0.4991
[2024-01-24 17:57:28] [INFO] local epoch 13, acc: 0.4991
[2024-01-24 17:57:29] [INFO] local epoch 14, acc: 0.4991
[2024-01-24 17:57:30] [INFO] local epoch 15, acc: 0.4973
[2024-01-24 17:57:30] [INFO] local epoch 16, acc: 0.5009
[2024-01-24 17:57:31] [INFO] local epoch 17, acc: 0.4919
[2024-01-24 17:57:32] [INFO] local epoch 18, acc: 0.5045
[2024-01-24 17:57:33] [INFO] local epoch 19, acc: 0.4991
[2024-01-24 17:57:33] [INFO] local epoch 20, acc: 0.4955
[2024-01-24 17:57:33] [INFO] [server epoch 4, client 8, local train]
[2024-01-24 17:57:34] [INFO] local epoch 1, acc: 0.5000
[2024-01-24 17:57:35] [INFO] local epoch 2, acc: 0.5208
[2024-01-24 17:57:36] [INFO] local epoch 3, acc: 0.5178
[2024-01-24 17:57:37] [INFO] local epoch 4, acc: 0.5326
[2024-01-24 17:57:38] [INFO] local epoch 5, acc: 0.5316
[2024-01-24 17:57:39] [INFO] local epoch 6, acc: 0.5366
[2024-01-24 17:57:40] [INFO] local epoch 7, acc: 0.5375
[2024-01-24 17:57:41] [INFO] local epoch 8, acc: 0.5375
[2024-01-24 17:57:41] [INFO] local epoch 9, acc: 0.5415
[2024-01-24 17:57:42] [INFO] local epoch 10, acc: 0.5346
[2024-01-24 17:57:43] [INFO] local epoch 11, acc: 0.5306
[2024-01-24 17:57:44] [INFO] local epoch 12, acc: 0.5366
[2024-01-24 17:57:45] [INFO] local epoch 13, acc: 0.5316
[2024-01-24 17:57:46] [INFO] local epoch 14, acc: 0.5385
[2024-01-24 17:57:47] [INFO] local epoch 15, acc: 0.5375
[2024-01-24 17:57:48] [INFO] local epoch 16, acc: 0.5375
[2024-01-24 17:57:49] [INFO] local epoch 17, acc: 0.5395
[2024-01-24 17:57:50] [INFO] local epoch 18, acc: 0.5405
[2024-01-24 17:57:50] [INFO] local epoch 19, acc: 0.5445
[2024-01-24 17:57:51] [INFO] local epoch 20, acc: 0.5375
[2024-01-24 17:57:51] [INFO] [server epoch 4, client 9, local train]
[2024-01-24 17:57:52] [INFO] local epoch 1, acc: 0.6212
[2024-01-24 17:57:53] [INFO] local epoch 2, acc: 0.6376
[2024-01-24 17:57:54] [INFO] local epoch 3, acc: 0.6398
[2024-01-24 17:57:55] [INFO] local epoch 4, acc: 0.6495
[2024-01-24 17:57:57] [INFO] local epoch 5, acc: 0.6480
[2024-01-24 17:57:58] [INFO] local epoch 6, acc: 0.6570
[2024-01-24 17:57:59] [INFO] local epoch 7, acc: 0.6637
[2024-01-24 17:58:00] [INFO] local epoch 8, acc: 0.6495
[2024-01-24 17:58:01] [INFO] local epoch 9, acc: 0.6480
[2024-01-24 17:58:02] [INFO] local epoch 10, acc: 0.6488
[2024-01-24 17:58:03] [INFO] local epoch 11, acc: 0.6577
[2024-01-24 17:58:04] [INFO] local epoch 12, acc: 0.6577
[2024-01-24 17:58:05] [INFO] local epoch 13, acc: 0.6532
[2024-01-24 17:58:06] [INFO] local epoch 14, acc: 0.6600
[2024-01-24 17:58:07] [INFO] local epoch 15, acc: 0.6607
[2024-01-24 17:58:08] [INFO] local epoch 16, acc: 0.6570
[2024-01-24 17:58:09] [INFO] local epoch 17, acc: 0.6622
[2024-01-24 17:58:10] [INFO] local epoch 18, acc: 0.6518
[2024-01-24 17:58:11] [INFO] local epoch 19, acc: 0.6525
[2024-01-24 17:58:12] [INFO] local epoch 20, acc: 0.6555
[2024-01-24 17:58:13] [INFO] server epoch 4, acc 0.4430
[2024-01-24 17:58:13] [INFO] server epoch 4, acc 0.4090
[2024-01-24 17:58:14] [INFO] server epoch 4, acc 0.4792
[2024-01-24 17:58:14] [INFO] server epoch 4, acc 0.4499
[2024-01-24 17:58:15] [INFO] server epoch 4, acc 0.4449
[2024-01-24 17:58:15] [INFO] server epoch 4, acc 0.4932
[2024-01-24 17:58:15] [INFO] server epoch 4, acc 0.4562
[2024-01-24 17:58:16] [INFO] server epoch 4, acc 0.4002
[2024-01-24 17:58:16] [INFO] server epoch 4, acc 0.4922
[2024-01-24 17:58:16] [INFO] [server epoch 5, client 1, local train]
[2024-01-24 17:58:17] [INFO] local epoch 1, acc: 0.5038
[2024-01-24 17:58:19] [INFO] local epoch 2, acc: 0.5078
[2024-01-24 17:58:20] [INFO] local epoch 3, acc: 0.5085
[2024-01-24 17:58:21] [INFO] local epoch 4, acc: 0.5133
[2024-01-24 17:58:22] [INFO] local epoch 5, acc: 0.5188
[2024-01-24 17:58:23] [INFO] local epoch 6, acc: 0.5249
[2024-01-24 17:58:24] [INFO] local epoch 7, acc: 0.5242
[2024-01-24 17:58:25] [INFO] local epoch 8, acc: 0.5249
[2024-01-24 17:58:26] [INFO] local epoch 9, acc: 0.5222
[2024-01-24 17:58:27] [INFO] local epoch 10, acc: 0.5324
[2024-01-24 17:58:28] [INFO] local epoch 11, acc: 0.5181
[2024-01-24 17:58:29] [INFO] local epoch 12, acc: 0.5311
[2024-01-24 17:58:31] [INFO] local epoch 13, acc: 0.5229
[2024-01-24 17:58:32] [INFO] local epoch 14, acc: 0.5276
[2024-01-24 17:58:33] [INFO] local epoch 15, acc: 0.5270
[2024-01-24 17:58:34] [INFO] local epoch 16, acc: 0.5208
[2024-01-24 17:58:35] [INFO] local epoch 17, acc: 0.5270
[2024-01-24 17:58:36] [INFO] local epoch 18, acc: 0.5256
[2024-01-24 17:58:37] [INFO] local epoch 19, acc: 0.5229
[2024-01-24 17:58:38] [INFO] local epoch 20, acc: 0.5345
[2024-01-24 17:58:38] [INFO] [server epoch 5, client 2, local train]
[2024-01-24 17:58:39] [INFO] local epoch 1, acc: 0.4826
[2024-01-24 17:58:40] [INFO] local epoch 2, acc: 0.5301
[2024-01-24 17:58:41] [INFO] local epoch 3, acc: 0.5241
[2024-01-24 17:58:43] [INFO] local epoch 4, acc: 0.5295
[2024-01-24 17:58:44] [INFO] local epoch 5, acc: 0.5268
[2024-01-24 17:58:45] [INFO] local epoch 6, acc: 0.5295
[2024-01-24 17:58:46] [INFO] local epoch 7, acc: 0.5281
[2024-01-24 17:58:47] [INFO] local epoch 8, acc: 0.5201
[2024-01-24 17:58:48] [INFO] local epoch 9, acc: 0.5288
[2024-01-24 17:58:49] [INFO] local epoch 10, acc: 0.5355
[2024-01-24 17:58:50] [INFO] local epoch 11, acc: 0.5268
[2024-01-24 17:58:51] [INFO] local epoch 12, acc: 0.5295
[2024-01-24 17:58:52] [INFO] local epoch 13, acc: 0.5241
[2024-01-24 17:58:53] [INFO] local epoch 14, acc: 0.5261
[2024-01-24 17:58:54] [INFO] local epoch 15, acc: 0.5288
[2024-01-24 17:58:56] [INFO] local epoch 16, acc: 0.5301
[2024-01-24 17:58:57] [INFO] local epoch 17, acc: 0.5261
[2024-01-24 17:58:58] [INFO] local epoch 18, acc: 0.5234
[2024-01-24 17:58:59] [INFO] local epoch 19, acc: 0.5321
[2024-01-24 17:59:00] [INFO] local epoch 20, acc: 0.5328
[2024-01-24 17:59:00] [INFO] [server epoch 5, client 3, local train]
[2024-01-24 17:59:01] [INFO] local epoch 1, acc: 0.4860
[2024-01-24 17:59:02] [INFO] local epoch 2, acc: 0.5004
[2024-01-24 17:59:03] [INFO] local epoch 3, acc: 0.5155
[2024-01-24 17:59:04] [INFO] local epoch 4, acc: 0.5094
[2024-01-24 17:59:05] [INFO] local epoch 5, acc: 0.5049
[2024-01-24 17:59:06] [INFO] local epoch 6, acc: 0.5125
[2024-01-24 17:59:07] [INFO] local epoch 7, acc: 0.5109
[2024-01-24 17:59:08] [INFO] local epoch 8, acc: 0.5102
[2024-01-24 17:59:09] [INFO] local epoch 9, acc: 0.5117
[2024-01-24 17:59:10] [INFO] local epoch 10, acc: 0.5026
[2024-01-24 17:59:11] [INFO] local epoch 11, acc: 0.5125
[2024-01-24 17:59:12] [INFO] local epoch 12, acc: 0.5094
[2024-01-24 17:59:13] [INFO] local epoch 13, acc: 0.5057
[2024-01-24 17:59:14] [INFO] local epoch 14, acc: 0.5102
[2024-01-24 17:59:15] [INFO] local epoch 15, acc: 0.5162
[2024-01-24 17:59:17] [INFO] local epoch 16, acc: 0.5109
[2024-01-24 17:59:18] [INFO] local epoch 17, acc: 0.5087
[2024-01-24 17:59:19] [INFO] local epoch 18, acc: 0.5094
[2024-01-24 17:59:20] [INFO] local epoch 19, acc: 0.5087
[2024-01-24 17:59:21] [INFO] local epoch 20, acc: 0.5125
[2024-01-24 17:59:21] [INFO] [server epoch 5, client 4, local train]
[2024-01-24 17:59:22] [INFO] local epoch 1, acc: 0.4891
[2024-01-24 17:59:22] [INFO] local epoch 2, acc: 0.5178
[2024-01-24 17:59:23] [INFO] local epoch 3, acc: 0.5167
[2024-01-24 17:59:24] [INFO] local epoch 4, acc: 0.5178
[2024-01-24 17:59:25] [INFO] local epoch 5, acc: 0.5190
[2024-01-24 17:59:26] [INFO] local epoch 6, acc: 0.5144
[2024-01-24 17:59:27] [INFO] local epoch 7, acc: 0.5259
[2024-01-24 17:59:27] [INFO] local epoch 8, acc: 0.5190
[2024-01-24 17:59:28] [INFO] local epoch 9, acc: 0.5224
[2024-01-24 17:59:29] [INFO] local epoch 10, acc: 0.5167
[2024-01-24 17:59:30] [INFO] local epoch 11, acc: 0.5224
[2024-01-24 17:59:31] [INFO] local epoch 12, acc: 0.5259
[2024-01-24 17:59:32] [INFO] local epoch 13, acc: 0.5098
[2024-01-24 17:59:32] [INFO] local epoch 14, acc: 0.5029
[2024-01-24 17:59:33] [INFO] local epoch 15, acc: 0.5075
[2024-01-24 17:59:34] [INFO] local epoch 16, acc: 0.5029
[2024-01-24 17:59:35] [INFO] local epoch 17, acc: 0.4971
[2024-01-24 17:59:36] [INFO] local epoch 18, acc: 0.5109
[2024-01-24 17:59:37] [INFO] local epoch 19, acc: 0.5086
[2024-01-24 17:59:38] [INFO] local epoch 20, acc: 0.5190
[2024-01-24 17:59:38] [INFO] [server epoch 5, client 5, local train]
[2024-01-24 17:59:38] [INFO] local epoch 1, acc: 0.3878
[2024-01-24 17:59:39] [INFO] local epoch 2, acc: 0.4133
[2024-01-24 17:59:40] [INFO] local epoch 3, acc: 0.4224
[2024-01-24 17:59:41] [INFO] local epoch 4, acc: 0.4235
[2024-01-24 17:59:42] [INFO] local epoch 5, acc: 0.4245
[2024-01-24 17:59:43] [INFO] local epoch 6, acc: 0.4224
[2024-01-24 17:59:44] [INFO] local epoch 7, acc: 0.4316
[2024-01-24 17:59:45] [INFO] local epoch 8, acc: 0.4286
[2024-01-24 17:59:46] [INFO] local epoch 9, acc: 0.4337
[2024-01-24 17:59:46] [INFO] local epoch 10, acc: 0.4255
[2024-01-24 17:59:47] [INFO] local epoch 11, acc: 0.4255
[2024-01-24 17:59:48] [INFO] local epoch 12, acc: 0.4255
[2024-01-24 17:59:49] [INFO] local epoch 13, acc: 0.4316
[2024-01-24 17:59:50] [INFO] local epoch 14, acc: 0.4337
[2024-01-24 17:59:51] [INFO] local epoch 15, acc: 0.4367
[2024-01-24 17:59:52] [INFO] local epoch 16, acc: 0.4276
[2024-01-24 17:59:53] [INFO] local epoch 17, acc: 0.4255
[2024-01-24 17:59:53] [INFO] local epoch 18, acc: 0.4296
[2024-01-24 17:59:54] [INFO] local epoch 19, acc: 0.4235
[2024-01-24 17:59:55] [INFO] local epoch 20, acc: 0.4265
[2024-01-24 17:59:55] [INFO] [server epoch 5, client 6, local train]
[2024-01-24 17:59:56] [INFO] local epoch 1, acc: 0.5372
[2024-01-24 17:59:57] [INFO] local epoch 2, acc: 0.5916
[2024-01-24 17:59:58] [INFO] local epoch 3, acc: 0.5853
[2024-01-24 17:59:59] [INFO] local epoch 4, acc: 0.5906
[2024-01-24 18:00:00] [INFO] local epoch 5, acc: 0.5895
[2024-01-24 18:00:00] [INFO] local epoch 6, acc: 0.5874
[2024-01-24 18:00:01] [INFO] local epoch 7, acc: 0.5958
[2024-01-24 18:00:02] [INFO] local epoch 8, acc: 0.5927
[2024-01-24 18:00:03] [INFO] local epoch 9, acc: 0.5927
[2024-01-24 18:00:04] [INFO] local epoch 10, acc: 0.5958
[2024-01-24 18:00:05] [INFO] local epoch 11, acc: 0.5937
[2024-01-24 18:00:06] [INFO] local epoch 12, acc: 0.5927
[2024-01-24 18:00:07] [INFO] local epoch 13, acc: 0.5937
[2024-01-24 18:00:08] [INFO] local epoch 14, acc: 0.5937
[2024-01-24 18:00:08] [INFO] local epoch 15, acc: 0.5948
[2024-01-24 18:00:09] [INFO] local epoch 16, acc: 0.5937
[2024-01-24 18:00:10] [INFO] local epoch 17, acc: 0.5937
[2024-01-24 18:00:11] [INFO] local epoch 18, acc: 0.5916
[2024-01-24 18:00:12] [INFO] local epoch 19, acc: 0.5916
[2024-01-24 18:00:13] [INFO] local epoch 20, acc: 0.5948
[2024-01-24 18:00:13] [INFO] [server epoch 5, client 7, local train]
[2024-01-24 18:00:14] [INFO] local epoch 1, acc: 0.4633
[2024-01-24 18:00:14] [INFO] local epoch 2, acc: 0.4741
[2024-01-24 18:00:15] [INFO] local epoch 3, acc: 0.5009
[2024-01-24 18:00:16] [INFO] local epoch 4, acc: 0.5009
[2024-01-24 18:00:16] [INFO] local epoch 5, acc: 0.5116
[2024-01-24 18:00:17] [INFO] local epoch 6, acc: 0.5098
[2024-01-24 18:00:18] [INFO] local epoch 7, acc: 0.5152
[2024-01-24 18:00:19] [INFO] local epoch 8, acc: 0.5098
[2024-01-24 18:00:19] [INFO] local epoch 9, acc: 0.5206
[2024-01-24 18:00:20] [INFO] local epoch 10, acc: 0.5116
[2024-01-24 18:00:21] [INFO] local epoch 11, acc: 0.5224
[2024-01-24 18:00:22] [INFO] local epoch 12, acc: 0.5277
[2024-01-24 18:00:22] [INFO] local epoch 13, acc: 0.5206
[2024-01-24 18:00:23] [INFO] local epoch 14, acc: 0.5259
[2024-01-24 18:00:24] [INFO] local epoch 15, acc: 0.5242
[2024-01-24 18:00:24] [INFO] local epoch 16, acc: 0.5242
[2024-01-24 18:00:25] [INFO] local epoch 17, acc: 0.5206
[2024-01-24 18:00:26] [INFO] local epoch 18, acc: 0.5224
[2024-01-24 18:00:27] [INFO] local epoch 19, acc: 0.5188
[2024-01-24 18:00:27] [INFO] local epoch 20, acc: 0.5277
[2024-01-24 18:00:27] [INFO] [server epoch 5, client 8, local train]
[2024-01-24 18:00:28] [INFO] local epoch 1, acc: 0.5049
[2024-01-24 18:00:29] [INFO] local epoch 2, acc: 0.5000
[2024-01-24 18:00:30] [INFO] local epoch 3, acc: 0.5296
[2024-01-24 18:00:31] [INFO] local epoch 4, acc: 0.5366
[2024-01-24 18:00:32] [INFO] local epoch 5, acc: 0.5366
[2024-01-24 18:00:33] [INFO] local epoch 6, acc: 0.5395
[2024-01-24 18:00:34] [INFO] local epoch 7, acc: 0.5296
[2024-01-24 18:00:35] [INFO] local epoch 8, acc: 0.5306
[2024-01-24 18:00:35] [INFO] local epoch 9, acc: 0.5326
[2024-01-24 18:00:36] [INFO] local epoch 10, acc: 0.5385
[2024-01-24 18:00:37] [INFO] local epoch 11, acc: 0.5336
[2024-01-24 18:00:38] [INFO] local epoch 12, acc: 0.5356
[2024-01-24 18:00:39] [INFO] local epoch 13, acc: 0.5356
[2024-01-24 18:00:40] [INFO] local epoch 14, acc: 0.5375
[2024-01-24 18:00:41] [INFO] local epoch 15, acc: 0.5366
[2024-01-24 18:00:42] [INFO] local epoch 16, acc: 0.5415
[2024-01-24 18:00:43] [INFO] local epoch 17, acc: 0.5405
[2024-01-24 18:00:44] [INFO] local epoch 18, acc: 0.5366
[2024-01-24 18:00:44] [INFO] local epoch 19, acc: 0.5375
[2024-01-24 18:00:45] [INFO] local epoch 20, acc: 0.5415
[2024-01-24 18:00:45] [INFO] [server epoch 5, client 9, local train]
[2024-01-24 18:00:46] [INFO] local epoch 1, acc: 0.6212
[2024-01-24 18:00:47] [INFO] local epoch 2, acc: 0.6279
[2024-01-24 18:00:49] [INFO] local epoch 3, acc: 0.6450
[2024-01-24 18:00:50] [INFO] local epoch 4, acc: 0.6383
[2024-01-24 18:00:51] [INFO] local epoch 5, acc: 0.6413
[2024-01-24 18:00:52] [INFO] local epoch 6, acc: 0.6406
[2024-01-24 18:00:53] [INFO] local epoch 7, acc: 0.6383
[2024-01-24 18:00:54] [INFO] local epoch 8, acc: 0.6488
[2024-01-24 18:00:55] [INFO] local epoch 9, acc: 0.6488
[2024-01-24 18:00:56] [INFO] local epoch 10, acc: 0.6413
[2024-01-24 18:00:57] [INFO] local epoch 11, acc: 0.6503
[2024-01-24 18:00:58] [INFO] local epoch 12, acc: 0.6458
[2024-01-24 18:00:59] [INFO] local epoch 13, acc: 0.6450
[2024-01-24 18:01:00] [INFO] local epoch 14, acc: 0.6510
[2024-01-24 18:01:01] [INFO] local epoch 15, acc: 0.6488
[2024-01-24 18:01:02] [INFO] local epoch 16, acc: 0.6532
[2024-01-24 18:01:03] [INFO] local epoch 17, acc: 0.6532
[2024-01-24 18:01:04] [INFO] local epoch 18, acc: 0.6607
[2024-01-24 18:01:05] [INFO] local epoch 19, acc: 0.6562
[2024-01-24 18:01:06] [INFO] local epoch 20, acc: 0.6428
[2024-01-24 18:01:07] [INFO] server epoch 5, acc 0.4491
[2024-01-24 18:01:07] [INFO] server epoch 5, acc 0.4170
[2024-01-24 18:01:08] [INFO] server epoch 5, acc 0.4800
[2024-01-24 18:01:08] [INFO] server epoch 5, acc 0.4499
[2024-01-24 18:01:09] [INFO] server epoch 5, acc 0.4531
[2024-01-24 18:01:09] [INFO] server epoch 5, acc 0.4995
[2024-01-24 18:01:10] [INFO] server epoch 5, acc 0.4776
[2024-01-24 18:01:10] [INFO] server epoch 5, acc 0.4209
[2024-01-24 18:01:11] [INFO] server epoch 5, acc 0.4937
[2024-01-24 18:01:11] [INFO] [server epoch 6, client 1, local train]
[2024-01-24 18:01:12] [INFO] local epoch 1, acc: 0.5092
[2024-01-24 18:01:13] [INFO] local epoch 2, acc: 0.5229
[2024-01-24 18:01:14] [INFO] local epoch 3, acc: 0.5420
[2024-01-24 18:01:15] [INFO] local epoch 4, acc: 0.5399
[2024-01-24 18:01:16] [INFO] local epoch 5, acc: 0.5427
[2024-01-24 18:01:17] [INFO] local epoch 6, acc: 0.5345
[2024-01-24 18:01:18] [INFO] local epoch 7, acc: 0.5420
[2024-01-24 18:01:19] [INFO] local epoch 8, acc: 0.5420
[2024-01-24 18:01:20] [INFO] local epoch 9, acc: 0.5502
[2024-01-24 18:01:21] [INFO] local epoch 10, acc: 0.5379
[2024-01-24 18:01:22] [INFO] local epoch 11, acc: 0.5427
[2024-01-24 18:01:24] [INFO] local epoch 12, acc: 0.5454
[2024-01-24 18:01:25] [INFO] local epoch 13, acc: 0.5365
[2024-01-24 18:01:26] [INFO] local epoch 14, acc: 0.5379
[2024-01-24 18:01:27] [INFO] local epoch 15, acc: 0.5413
[2024-01-24 18:01:28] [INFO] local epoch 16, acc: 0.5365
[2024-01-24 18:01:29] [INFO] local epoch 17, acc: 0.5386
[2024-01-24 18:01:30] [INFO] local epoch 18, acc: 0.5399
[2024-01-24 18:01:31] [INFO] local epoch 19, acc: 0.5406
[2024-01-24 18:01:32] [INFO] local epoch 20, acc: 0.5386
[2024-01-24 18:01:32] [INFO] [server epoch 6, client 2, local train]
[2024-01-24 18:01:33] [INFO] local epoch 1, acc: 0.5080
[2024-01-24 18:01:34] [INFO] local epoch 2, acc: 0.5060
[2024-01-24 18:01:35] [INFO] local epoch 3, acc: 0.5201
[2024-01-24 18:01:37] [INFO] local epoch 4, acc: 0.5315
[2024-01-24 18:01:38] [INFO] local epoch 5, acc: 0.5335
[2024-01-24 18:01:39] [INFO] local epoch 6, acc: 0.5274
[2024-01-24 18:01:40] [INFO] local epoch 7, acc: 0.5308
[2024-01-24 18:01:41] [INFO] local epoch 8, acc: 0.5288
[2024-01-24 18:01:42] [INFO] local epoch 9, acc: 0.5348
[2024-01-24 18:01:43] [INFO] local epoch 10, acc: 0.5295
[2024-01-24 18:01:44] [INFO] local epoch 11, acc: 0.5281
[2024-01-24 18:01:45] [INFO] local epoch 12, acc: 0.5274
[2024-01-24 18:01:46] [INFO] local epoch 13, acc: 0.5261
[2024-01-24 18:01:47] [INFO] local epoch 14, acc: 0.5241
[2024-01-24 18:01:49] [INFO] local epoch 15, acc: 0.5288
[2024-01-24 18:01:50] [INFO] local epoch 16, acc: 0.5301
[2024-01-24 18:01:51] [INFO] local epoch 17, acc: 0.5261
[2024-01-24 18:01:52] [INFO] local epoch 18, acc: 0.5308
[2024-01-24 18:01:53] [INFO] local epoch 19, acc: 0.5295
[2024-01-24 18:01:54] [INFO] local epoch 20, acc: 0.5288
[2024-01-24 18:01:54] [INFO] [server epoch 6, client 3, local train]
[2024-01-24 18:01:55] [INFO] local epoch 1, acc: 0.4981
[2024-01-24 18:01:56] [INFO] local epoch 2, acc: 0.4913
[2024-01-24 18:01:57] [INFO] local epoch 3, acc: 0.5117
[2024-01-24 18:01:58] [INFO] local epoch 4, acc: 0.5079
[2024-01-24 18:01:59] [INFO] local epoch 5, acc: 0.5125
[2024-01-24 18:02:00] [INFO] local epoch 6, acc: 0.5162
[2024-01-24 18:02:01] [INFO] local epoch 7, acc: 0.5125
[2024-01-24 18:02:02] [INFO] local epoch 8, acc: 0.5275
[2024-01-24 18:02:03] [INFO] local epoch 9, acc: 0.5132
[2024-01-24 18:02:04] [INFO] local epoch 10, acc: 0.5094
[2024-01-24 18:02:05] [INFO] local epoch 11, acc: 0.5192
[2024-01-24 18:02:07] [INFO] local epoch 12, acc: 0.5192
[2024-01-24 18:02:08] [INFO] local epoch 13, acc: 0.5177
[2024-01-24 18:02:09] [INFO] local epoch 14, acc: 0.5147
[2024-01-24 18:02:10] [INFO] local epoch 15, acc: 0.5147
[2024-01-24 18:02:11] [INFO] local epoch 16, acc: 0.5117
[2024-01-24 18:02:12] [INFO] local epoch 17, acc: 0.5245
[2024-01-24 18:02:13] [INFO] local epoch 18, acc: 0.5162
[2024-01-24 18:02:14] [INFO] local epoch 19, acc: 0.5192
[2024-01-24 18:02:15] [INFO] local epoch 20, acc: 0.5215
[2024-01-24 18:02:15] [INFO] [server epoch 6, client 4, local train]
[2024-01-24 18:02:16] [INFO] local epoch 1, acc: 0.4971
[2024-01-24 18:02:16] [INFO] local epoch 2, acc: 0.5063
[2024-01-24 18:02:17] [INFO] local epoch 3, acc: 0.5098
[2024-01-24 18:02:18] [INFO] local epoch 4, acc: 0.5224
[2024-01-24 18:02:19] [INFO] local epoch 5, acc: 0.5132
[2024-01-24 18:02:20] [INFO] local epoch 6, acc: 0.5178
[2024-01-24 18:02:21] [INFO] local epoch 7, acc: 0.4960
[2024-01-24 18:02:22] [INFO] local epoch 8, acc: 0.4937
[2024-01-24 18:02:22] [INFO] local epoch 9, acc: 0.5109
[2024-01-24 18:02:23] [INFO] local epoch 10, acc: 0.5063
[2024-01-24 18:02:24] [INFO] local epoch 11, acc: 0.5121
[2024-01-24 18:02:25] [INFO] local epoch 12, acc: 0.5040
[2024-01-24 18:02:26] [INFO] local epoch 13, acc: 0.4983
[2024-01-24 18:02:27] [INFO] local epoch 14, acc: 0.4925
[2024-01-24 18:02:27] [INFO] local epoch 15, acc: 0.4971
[2024-01-24 18:02:28] [INFO] local epoch 16, acc: 0.4948
[2024-01-24 18:02:29] [INFO] local epoch 17, acc: 0.5098
[2024-01-24 18:02:30] [INFO] local epoch 18, acc: 0.4810
[2024-01-24 18:02:31] [INFO] local epoch 19, acc: 0.4845
[2024-01-24 18:02:32] [INFO] local epoch 20, acc: 0.4948
[2024-01-24 18:02:32] [INFO] [server epoch 6, client 5, local train]
[2024-01-24 18:02:33] [INFO] local epoch 1, acc: 0.4041
[2024-01-24 18:02:33] [INFO] local epoch 2, acc: 0.4347
[2024-01-24 18:02:34] [INFO] local epoch 3, acc: 0.4480
[2024-01-24 18:02:35] [INFO] local epoch 4, acc: 0.4367
[2024-01-24 18:02:36] [INFO] local epoch 5, acc: 0.4388
[2024-01-24 18:02:37] [INFO] local epoch 6, acc: 0.4459
[2024-01-24 18:02:38] [INFO] local epoch 7, acc: 0.4469
[2024-01-24 18:02:39] [INFO] local epoch 8, acc: 0.4316
[2024-01-24 18:02:40] [INFO] local epoch 9, acc: 0.4306
[2024-01-24 18:02:41] [INFO] local epoch 10, acc: 0.4286
[2024-01-24 18:02:41] [INFO] local epoch 11, acc: 0.4296
[2024-01-24 18:02:42] [INFO] local epoch 12, acc: 0.4286
[2024-01-24 18:02:43] [INFO] local epoch 13, acc: 0.4367
[2024-01-24 18:02:44] [INFO] local epoch 14, acc: 0.4337
[2024-01-24 18:02:45] [INFO] local epoch 15, acc: 0.4337
[2024-01-24 18:02:46] [INFO] local epoch 16, acc: 0.4296
[2024-01-24 18:02:47] [INFO] local epoch 17, acc: 0.4255
[2024-01-24 18:02:48] [INFO] local epoch 18, acc: 0.4327
[2024-01-24 18:02:49] [INFO] local epoch 19, acc: 0.4357
[2024-01-24 18:02:49] [INFO] local epoch 20, acc: 0.4388
[2024-01-24 18:02:49] [INFO] [server epoch 6, client 6, local train]
[2024-01-24 18:02:50] [INFO] local epoch 1, acc: 0.5476
[2024-01-24 18:02:51] [INFO] local epoch 2, acc: 0.5780
[2024-01-24 18:02:52] [INFO] local epoch 3, acc: 0.5749
[2024-01-24 18:02:53] [INFO] local epoch 4, acc: 0.5738
[2024-01-24 18:02:54] [INFO] local epoch 5, acc: 0.5853
[2024-01-24 18:02:55] [INFO] local epoch 6, acc: 0.5843
[2024-01-24 18:02:56] [INFO] local epoch 7, acc: 0.5801
[2024-01-24 18:02:56] [INFO] local epoch 8, acc: 0.5801
[2024-01-24 18:02:57] [INFO] local epoch 9, acc: 0.5874
[2024-01-24 18:02:58] [INFO] local epoch 10, acc: 0.5853
[2024-01-24 18:02:59] [INFO] local epoch 11, acc: 0.5822
[2024-01-24 18:03:00] [INFO] local epoch 12, acc: 0.5843
[2024-01-24 18:03:01] [INFO] local epoch 13, acc: 0.5843
[2024-01-24 18:03:02] [INFO] local epoch 14, acc: 0.5864
[2024-01-24 18:03:03] [INFO] local epoch 15, acc: 0.5906
[2024-01-24 18:03:04] [INFO] local epoch 16, acc: 0.5874
[2024-01-24 18:03:04] [INFO] local epoch 17, acc: 0.5895
[2024-01-24 18:03:05] [INFO] local epoch 18, acc: 0.5969
[2024-01-24 18:03:06] [INFO] local epoch 19, acc: 0.5874
[2024-01-24 18:03:07] [INFO] local epoch 20, acc: 0.5895
[2024-01-24 18:03:07] [INFO] [server epoch 6, client 7, local train]
[2024-01-24 18:03:08] [INFO] local epoch 1, acc: 0.4902
[2024-01-24 18:03:09] [INFO] local epoch 2, acc: 0.5134
[2024-01-24 18:03:09] [INFO] local epoch 3, acc: 0.5063
[2024-01-24 18:03:10] [INFO] local epoch 4, acc: 0.5027
[2024-01-24 18:03:11] [INFO] local epoch 5, acc: 0.5081
[2024-01-24 18:03:11] [INFO] local epoch 6, acc: 0.5027
[2024-01-24 18:03:12] [INFO] local epoch 7, acc: 0.5081
[2024-01-24 18:03:13] [INFO] local epoch 8, acc: 0.5081
[2024-01-24 18:03:14] [INFO] local epoch 9, acc: 0.5134
[2024-01-24 18:03:14] [INFO] local epoch 10, acc: 0.5170
[2024-01-24 18:03:15] [INFO] local epoch 11, acc: 0.5134
[2024-01-24 18:03:16] [INFO] local epoch 12, acc: 0.5224
[2024-01-24 18:03:17] [INFO] local epoch 13, acc: 0.5206
[2024-01-24 18:03:17] [INFO] local epoch 14, acc: 0.5063
[2024-01-24 18:03:18] [INFO] local epoch 15, acc: 0.5134
[2024-01-24 18:03:19] [INFO] local epoch 16, acc: 0.5098
[2024-01-24 18:03:19] [INFO] local epoch 17, acc: 0.5134
[2024-01-24 18:03:20] [INFO] local epoch 18, acc: 0.5152
[2024-01-24 18:03:21] [INFO] local epoch 19, acc: 0.5188
[2024-01-24 18:03:22] [INFO] local epoch 20, acc: 0.5206
[2024-01-24 18:03:22] [INFO] [server epoch 6, client 8, local train]
[2024-01-24 18:03:23] [INFO] local epoch 1, acc: 0.5178
[2024-01-24 18:03:23] [INFO] local epoch 2, acc: 0.5296
[2024-01-24 18:03:24] [INFO] local epoch 3, acc: 0.5346
[2024-01-24 18:03:25] [INFO] local epoch 4, acc: 0.5395
[2024-01-24 18:03:26] [INFO] local epoch 5, acc: 0.5435
[2024-01-24 18:03:27] [INFO] local epoch 6, acc: 0.5484
[2024-01-24 18:03:28] [INFO] local epoch 7, acc: 0.5534
[2024-01-24 18:03:29] [INFO] local epoch 8, acc: 0.5543
[2024-01-24 18:03:30] [INFO] local epoch 9, acc: 0.5494
[2024-01-24 18:03:31] [INFO] local epoch 10, acc: 0.5504
[2024-01-24 18:03:32] [INFO] local epoch 11, acc: 0.5464
[2024-01-24 18:03:32] [INFO] local epoch 12, acc: 0.5474
[2024-01-24 18:03:33] [INFO] local epoch 13, acc: 0.5504
[2024-01-24 18:03:34] [INFO] local epoch 14, acc: 0.5553
[2024-01-24 18:03:35] [INFO] local epoch 15, acc: 0.5474
[2024-01-24 18:03:36] [INFO] local epoch 16, acc: 0.5405
[2024-01-24 18:03:37] [INFO] local epoch 17, acc: 0.5484
[2024-01-24 18:03:38] [INFO] local epoch 18, acc: 0.5455
[2024-01-24 18:03:39] [INFO] local epoch 19, acc: 0.5524
[2024-01-24 18:03:40] [INFO] local epoch 20, acc: 0.5395
[2024-01-24 18:03:40] [INFO] [server epoch 6, client 9, local train]
[2024-01-24 18:03:41] [INFO] local epoch 1, acc: 0.6010
[2024-01-24 18:03:42] [INFO] local epoch 2, acc: 0.6450
[2024-01-24 18:03:43] [INFO] local epoch 3, acc: 0.6525
[2024-01-24 18:03:44] [INFO] local epoch 4, acc: 0.6532
[2024-01-24 18:03:45] [INFO] local epoch 5, acc: 0.6518
[2024-01-24 18:03:46] [INFO] local epoch 6, acc: 0.6518
[2024-01-24 18:03:47] [INFO] local epoch 7, acc: 0.6570
[2024-01-24 18:03:48] [INFO] local epoch 8, acc: 0.6540
[2024-01-24 18:03:49] [INFO] local epoch 9, acc: 0.6555
[2024-01-24 18:03:50] [INFO] local epoch 10, acc: 0.6585
[2024-01-24 18:03:51] [INFO] local epoch 11, acc: 0.6614
[2024-01-24 18:03:52] [INFO] local epoch 12, acc: 0.6532
[2024-01-24 18:03:53] [INFO] local epoch 13, acc: 0.6577
[2024-01-24 18:03:54] [INFO] local epoch 14, acc: 0.6607
[2024-01-24 18:03:55] [INFO] local epoch 15, acc: 0.6629
[2024-01-24 18:03:56] [INFO] local epoch 16, acc: 0.6518
[2024-01-24 18:03:57] [INFO] local epoch 17, acc: 0.6495
[2024-01-24 18:03:58] [INFO] local epoch 18, acc: 0.6465
[2024-01-24 18:03:59] [INFO] local epoch 19, acc: 0.6547
[2024-01-24 18:04:00] [INFO] local epoch 20, acc: 0.6480
[2024-01-24 18:04:01] [INFO] server epoch 6, acc 0.4621
[2024-01-24 18:04:02] [INFO] server epoch 6, acc 0.4277
[2024-01-24 18:04:02] [INFO] server epoch 6, acc 0.4906
[2024-01-24 18:04:03] [INFO] server epoch 6, acc 0.4465
[2024-01-24 18:04:03] [INFO] server epoch 6, acc 0.4531
[2024-01-24 18:04:03] [INFO] server epoch 6, acc 0.5005
[2024-01-24 18:04:04] [INFO] server epoch 6, acc 0.4597
[2024-01-24 18:04:04] [INFO] server epoch 6, acc 0.4279
[2024-01-24 18:04:05] [INFO] server epoch 6, acc 0.4959
[2024-01-24 18:04:05] [INFO] [server epoch 7, client 1, local train]
[2024-01-24 18:04:06] [INFO] local epoch 1, acc: 0.4983
[2024-01-24 18:04:07] [INFO] local epoch 2, acc: 0.5263
[2024-01-24 18:04:08] [INFO] local epoch 3, acc: 0.5304
[2024-01-24 18:04:09] [INFO] local epoch 4, acc: 0.5324
[2024-01-24 18:04:10] [INFO] local epoch 5, acc: 0.5392
[2024-01-24 18:04:11] [INFO] local epoch 6, acc: 0.5406
[2024-01-24 18:04:12] [INFO] local epoch 7, acc: 0.5461
[2024-01-24 18:04:14] [INFO] local epoch 8, acc: 0.5461
[2024-01-24 18:04:15] [INFO] local epoch 9, acc: 0.5447
[2024-01-24 18:04:16] [INFO] local epoch 10, acc: 0.5406
[2024-01-24 18:04:17] [INFO] local epoch 11, acc: 0.5461
[2024-01-24 18:04:18] [INFO] local epoch 12, acc: 0.5420
[2024-01-24 18:04:19] [INFO] local epoch 13, acc: 0.5440
[2024-01-24 18:04:20] [INFO] local epoch 14, acc: 0.5392
[2024-01-24 18:04:21] [INFO] local epoch 15, acc: 0.5406
[2024-01-24 18:04:22] [INFO] local epoch 16, acc: 0.5433
[2024-01-24 18:04:23] [INFO] local epoch 17, acc: 0.5461
[2024-01-24 18:04:24] [INFO] local epoch 18, acc: 0.5502
[2024-01-24 18:04:26] [INFO] local epoch 19, acc: 0.5461
[2024-01-24 18:04:27] [INFO] local epoch 20, acc: 0.5386
[2024-01-24 18:04:27] [INFO] [server epoch 7, client 2, local train]
[2024-01-24 18:04:28] [INFO] local epoch 1, acc: 0.5087
[2024-01-24 18:04:29] [INFO] local epoch 2, acc: 0.5295
[2024-01-24 18:04:30] [INFO] local epoch 3, acc: 0.5295
[2024-01-24 18:04:31] [INFO] local epoch 4, acc: 0.5228
[2024-01-24 18:04:32] [INFO] local epoch 5, acc: 0.5281
[2024-01-24 18:04:33] [INFO] local epoch 6, acc: 0.5335
[2024-01-24 18:04:34] [INFO] local epoch 7, acc: 0.5375
[2024-01-24 18:04:35] [INFO] local epoch 8, acc: 0.5462
[2024-01-24 18:04:36] [INFO] local epoch 9, acc: 0.5402
[2024-01-24 18:04:38] [INFO] local epoch 10, acc: 0.5395
[2024-01-24 18:04:39] [INFO] local epoch 11, acc: 0.5408
[2024-01-24 18:04:40] [INFO] local epoch 12, acc: 0.5422
[2024-01-24 18:04:41] [INFO] local epoch 13, acc: 0.5435
[2024-01-24 18:04:42] [INFO] local epoch 14, acc: 0.5462
[2024-01-24 18:04:43] [INFO] local epoch 15, acc: 0.5408
[2024-01-24 18:04:44] [INFO] local epoch 16, acc: 0.5375
[2024-01-24 18:04:45] [INFO] local epoch 17, acc: 0.5422
[2024-01-24 18:04:46] [INFO] local epoch 18, acc: 0.5428
[2024-01-24 18:04:47] [INFO] local epoch 19, acc: 0.5489
[2024-01-24 18:04:48] [INFO] local epoch 20, acc: 0.5462
[2024-01-24 18:04:48] [INFO] [server epoch 7, client 3, local train]
[2024-01-24 18:04:50] [INFO] local epoch 1, acc: 0.4845
[2024-01-24 18:04:51] [INFO] local epoch 2, acc: 0.4981
[2024-01-24 18:04:52] [INFO] local epoch 3, acc: 0.5094
[2024-01-24 18:04:53] [INFO] local epoch 4, acc: 0.5102
[2024-01-24 18:04:54] [INFO] local epoch 5, acc: 0.5072
[2024-01-24 18:04:55] [INFO] local epoch 6, acc: 0.5200
[2024-01-24 18:04:56] [INFO] local epoch 7, acc: 0.5072
[2024-01-24 18:04:57] [INFO] local epoch 8, acc: 0.5132
[2024-01-24 18:04:58] [INFO] local epoch 9, acc: 0.5215
[2024-01-24 18:04:59] [INFO] local epoch 10, acc: 0.5215
[2024-01-24 18:05:00] [INFO] local epoch 11, acc: 0.5177
[2024-01-24 18:05:01] [INFO] local epoch 12, acc: 0.5192
[2024-01-24 18:05:02] [INFO] local epoch 13, acc: 0.5208
[2024-01-24 18:05:03] [INFO] local epoch 14, acc: 0.5170
[2024-01-24 18:05:04] [INFO] local epoch 15, acc: 0.5268
[2024-01-24 18:05:05] [INFO] local epoch 16, acc: 0.5260
[2024-01-24 18:05:06] [INFO] local epoch 17, acc: 0.5283
[2024-01-24 18:05:07] [INFO] local epoch 18, acc: 0.5215
[2024-01-24 18:05:08] [INFO] local epoch 19, acc: 0.5238
[2024-01-24 18:05:09] [INFO] local epoch 20, acc: 0.5147
[2024-01-24 18:05:09] [INFO] [server epoch 7, client 4, local train]
[2024-01-24 18:05:10] [INFO] local epoch 1, acc: 0.4948
[2024-01-24 18:05:11] [INFO] local epoch 2, acc: 0.5144
[2024-01-24 18:05:12] [INFO] local epoch 3, acc: 0.5006
[2024-01-24 18:05:13] [INFO] local epoch 4, acc: 0.5098
[2024-01-24 18:05:13] [INFO] local epoch 5, acc: 0.5132
[2024-01-24 18:05:14] [INFO] local epoch 6, acc: 0.5259
[2024-01-24 18:05:15] [INFO] local epoch 7, acc: 0.5167
[2024-01-24 18:05:16] [INFO] local epoch 8, acc: 0.5236
[2024-01-24 18:05:17] [INFO] local epoch 9, acc: 0.5075
[2024-01-24 18:05:18] [INFO] local epoch 10, acc: 0.5109
[2024-01-24 18:05:19] [INFO] local epoch 11, acc: 0.4960
[2024-01-24 18:05:19] [INFO] local epoch 12, acc: 0.5086
[2024-01-24 18:05:20] [INFO] local epoch 13, acc: 0.5017
[2024-01-24 18:05:21] [INFO] local epoch 14, acc: 0.5086
[2024-01-24 18:05:22] [INFO] local epoch 15, acc: 0.5017
[2024-01-24 18:05:23] [INFO] local epoch 16, acc: 0.5063
[2024-01-24 18:05:24] [INFO] local epoch 17, acc: 0.5190
[2024-01-24 18:05:25] [INFO] local epoch 18, acc: 0.4937
[2024-01-24 18:05:25] [INFO] local epoch 19, acc: 0.4983
[2024-01-24 18:05:26] [INFO] local epoch 20, acc: 0.5132
[2024-01-24 18:05:26] [INFO] [server epoch 7, client 5, local train]
[2024-01-24 18:05:27] [INFO] local epoch 1, acc: 0.3867
[2024-01-24 18:05:28] [INFO] local epoch 2, acc: 0.4245
[2024-01-24 18:05:29] [INFO] local epoch 3, acc: 0.4306
[2024-01-24 18:05:30] [INFO] local epoch 4, acc: 0.4408
[2024-01-24 18:05:31] [INFO] local epoch 5, acc: 0.4459
[2024-01-24 18:05:32] [INFO] local epoch 6, acc: 0.4388
[2024-01-24 18:05:33] [INFO] local epoch 7, acc: 0.4357
[2024-01-24 18:05:33] [INFO] local epoch 8, acc: 0.4337
[2024-01-24 18:05:34] [INFO] local epoch 9, acc: 0.4408
[2024-01-24 18:05:35] [INFO] local epoch 10, acc: 0.4337
[2024-01-24 18:05:36] [INFO] local epoch 11, acc: 0.4327
[2024-01-24 18:05:37] [INFO] local epoch 12, acc: 0.4327
[2024-01-24 18:05:38] [INFO] local epoch 13, acc: 0.4398
[2024-01-24 18:05:39] [INFO] local epoch 14, acc: 0.4429
[2024-01-24 18:05:40] [INFO] local epoch 15, acc: 0.4459
[2024-01-24 18:05:40] [INFO] local epoch 16, acc: 0.4520
[2024-01-24 18:05:41] [INFO] local epoch 17, acc: 0.4469
[2024-01-24 18:05:42] [INFO] local epoch 18, acc: 0.4490
[2024-01-24 18:05:43] [INFO] local epoch 19, acc: 0.4449
[2024-01-24 18:05:44] [INFO] local epoch 20, acc: 0.4449
[2024-01-24 18:05:44] [INFO] [server epoch 7, client 6, local train]
[2024-01-24 18:05:45] [INFO] local epoch 1, acc: 0.5686
[2024-01-24 18:05:46] [INFO] local epoch 2, acc: 0.5749
[2024-01-24 18:05:47] [INFO] local epoch 3, acc: 0.5969
[2024-01-24 18:05:48] [INFO] local epoch 4, acc: 0.5937
[2024-01-24 18:05:48] [INFO] local epoch 5, acc: 0.5927
[2024-01-24 18:05:49] [INFO] local epoch 6, acc: 0.5958
[2024-01-24 18:05:50] [INFO] local epoch 7, acc: 0.5885
[2024-01-24 18:05:51] [INFO] local epoch 8, acc: 0.6031
[2024-01-24 18:05:52] [INFO] local epoch 9, acc: 0.5916
[2024-01-24 18:05:53] [INFO] local epoch 10, acc: 0.6042
[2024-01-24 18:05:54] [INFO] local epoch 11, acc: 0.6021
[2024-01-24 18:05:55] [INFO] local epoch 12, acc: 0.5906
[2024-01-24 18:05:55] [INFO] local epoch 13, acc: 0.5969
[2024-01-24 18:05:56] [INFO] local epoch 14, acc: 0.5969
[2024-01-24 18:05:57] [INFO] local epoch 15, acc: 0.5958
[2024-01-24 18:05:58] [INFO] local epoch 16, acc: 0.6000
[2024-01-24 18:05:59] [INFO] local epoch 17, acc: 0.5895
[2024-01-24 18:06:00] [INFO] local epoch 18, acc: 0.5969
[2024-01-24 18:06:01] [INFO] local epoch 19, acc: 0.5937
[2024-01-24 18:06:02] [INFO] local epoch 20, acc: 0.5916
[2024-01-24 18:06:02] [INFO] [server epoch 7, client 7, local train]
[2024-01-24 18:06:02] [INFO] local epoch 1, acc: 0.4723
[2024-01-24 18:06:03] [INFO] local epoch 2, acc: 0.5116
[2024-01-24 18:06:04] [INFO] local epoch 3, acc: 0.5349
[2024-01-24 18:06:05] [INFO] local epoch 4, acc: 0.5206
[2024-01-24 18:06:05] [INFO] local epoch 5, acc: 0.5331
[2024-01-24 18:06:06] [INFO] local epoch 6, acc: 0.5188
[2024-01-24 18:06:07] [INFO] local epoch 7, acc: 0.5349
[2024-01-24 18:06:07] [INFO] local epoch 8, acc: 0.5403
[2024-01-24 18:06:08] [INFO] local epoch 9, acc: 0.5438
[2024-01-24 18:06:09] [INFO] local epoch 10, acc: 0.5313
[2024-01-24 18:06:10] [INFO] local epoch 11, acc: 0.5385
[2024-01-24 18:06:10] [INFO] local epoch 12, acc: 0.5385
[2024-01-24 18:06:11] [INFO] local epoch 13, acc: 0.5349
[2024-01-24 18:06:12] [INFO] local epoch 14, acc: 0.5277
[2024-01-24 18:06:13] [INFO] local epoch 15, acc: 0.5313
[2024-01-24 18:06:13] [INFO] local epoch 16, acc: 0.5313
[2024-01-24 18:06:14] [INFO] local epoch 17, acc: 0.5295
[2024-01-24 18:06:15] [INFO] local epoch 18, acc: 0.5295
[2024-01-24 18:06:16] [INFO] local epoch 19, acc: 0.5349
[2024-01-24 18:06:16] [INFO] local epoch 20, acc: 0.5403
[2024-01-24 18:06:16] [INFO] [server epoch 7, client 8, local train]
[2024-01-24 18:06:17] [INFO] local epoch 1, acc: 0.5128
[2024-01-24 18:06:18] [INFO] local epoch 2, acc: 0.5158
[2024-01-24 18:06:19] [INFO] local epoch 3, acc: 0.5277
[2024-01-24 18:06:20] [INFO] local epoch 4, acc: 0.5306
[2024-01-24 18:06:21] [INFO] local epoch 5, acc: 0.5306
[2024-01-24 18:06:22] [INFO] local epoch 6, acc: 0.5326
[2024-01-24 18:06:23] [INFO] local epoch 7, acc: 0.5405
[2024-01-24 18:06:24] [INFO] local epoch 8, acc: 0.5385
[2024-01-24 18:06:25] [INFO] local epoch 9, acc: 0.5455
[2024-01-24 18:06:25] [INFO] local epoch 10, acc: 0.5425
[2024-01-24 18:06:26] [INFO] local epoch 11, acc: 0.5435
[2024-01-24 18:06:27] [INFO] local epoch 12, acc: 0.5395
[2024-01-24 18:06:28] [INFO] local epoch 13, acc: 0.5514
[2024-01-24 18:06:29] [INFO] local epoch 14, acc: 0.5504
[2024-01-24 18:06:30] [INFO] local epoch 15, acc: 0.5504
[2024-01-24 18:06:31] [INFO] local epoch 16, acc: 0.5445
[2024-01-24 18:06:32] [INFO] local epoch 17, acc: 0.5524
[2024-01-24 18:06:33] [INFO] local epoch 18, acc: 0.5534
[2024-01-24 18:06:34] [INFO] local epoch 19, acc: 0.5524
[2024-01-24 18:06:34] [INFO] local epoch 20, acc: 0.5435
[2024-01-24 18:06:34] [INFO] [server epoch 7, client 9, local train]
[2024-01-24 18:06:35] [INFO] local epoch 1, acc: 0.6249
[2024-01-24 18:06:36] [INFO] local epoch 2, acc: 0.6458
[2024-01-24 18:06:37] [INFO] local epoch 3, acc: 0.6428
[2024-01-24 18:06:39] [INFO] local epoch 4, acc: 0.6547
[2024-01-24 18:06:40] [INFO] local epoch 5, acc: 0.6622
[2024-01-24 18:06:41] [INFO] local epoch 6, acc: 0.6629
[2024-01-24 18:06:42] [INFO] local epoch 7, acc: 0.6652
[2024-01-24 18:06:43] [INFO] local epoch 8, acc: 0.6644
[2024-01-24 18:06:44] [INFO] local epoch 9, acc: 0.6592
[2024-01-24 18:06:45] [INFO] local epoch 10, acc: 0.6682
[2024-01-24 18:06:46] [INFO] local epoch 11, acc: 0.6614
[2024-01-24 18:06:47] [INFO] local epoch 12, acc: 0.6711
[2024-01-24 18:06:48] [INFO] local epoch 13, acc: 0.6652
[2024-01-24 18:06:49] [INFO] local epoch 14, acc: 0.6682
[2024-01-24 18:06:50] [INFO] local epoch 15, acc: 0.6667
[2024-01-24 18:06:51] [INFO] local epoch 16, acc: 0.6659
[2024-01-24 18:06:52] [INFO] local epoch 17, acc: 0.6696
[2024-01-24 18:06:53] [INFO] local epoch 18, acc: 0.6629
[2024-01-24 18:06:54] [INFO] local epoch 19, acc: 0.6667
[2024-01-24 18:06:55] [INFO] local epoch 20, acc: 0.6659
[2024-01-24 18:06:56] [INFO] server epoch 7, acc 0.4580
[2024-01-24 18:06:56] [INFO] server epoch 7, acc 0.4297
[2024-01-24 18:06:57] [INFO] server epoch 7, acc 0.5004
[2024-01-24 18:06:57] [INFO] server epoch 7, acc 0.4545
[2024-01-24 18:06:58] [INFO] server epoch 7, acc 0.4663
[2024-01-24 18:06:58] [INFO] server epoch 7, acc 0.4932
[2024-01-24 18:06:59] [INFO] server epoch 7, acc 0.4651
[2024-01-24 18:06:59] [INFO] server epoch 7, acc 0.4486
[2024-01-24 18:07:00] [INFO] server epoch 7, acc 0.5019
[2024-01-24 18:07:00] [INFO] [server epoch 8, client 1, local train]
[2024-01-24 18:07:01] [INFO] local epoch 1, acc: 0.4805
[2024-01-24 18:07:02] [INFO] local epoch 2, acc: 0.5215
[2024-01-24 18:07:03] [INFO] local epoch 3, acc: 0.5317
[2024-01-24 18:07:04] [INFO] local epoch 4, acc: 0.5352
[2024-01-24 18:07:05] [INFO] local epoch 5, acc: 0.5283
[2024-01-24 18:07:06] [INFO] local epoch 6, acc: 0.5297
[2024-01-24 18:07:07] [INFO] local epoch 7, acc: 0.5427
[2024-01-24 18:07:08] [INFO] local epoch 8, acc: 0.5365
[2024-01-24 18:07:09] [INFO] local epoch 9, acc: 0.5304
[2024-01-24 18:07:11] [INFO] local epoch 10, acc: 0.5345
[2024-01-24 18:07:12] [INFO] local epoch 11, acc: 0.5454
[2024-01-24 18:07:13] [INFO] local epoch 12, acc: 0.5379
[2024-01-24 18:07:14] [INFO] local epoch 13, acc: 0.5372
[2024-01-24 18:07:15] [INFO] local epoch 14, acc: 0.5440
[2024-01-24 18:07:16] [INFO] local epoch 15, acc: 0.5433
[2024-01-24 18:07:17] [INFO] local epoch 16, acc: 0.5481
[2024-01-24 18:07:18] [INFO] local epoch 17, acc: 0.5413
[2024-01-24 18:07:19] [INFO] local epoch 18, acc: 0.5427
[2024-01-24 18:07:20] [INFO] local epoch 19, acc: 0.5304
[2024-01-24 18:07:22] [INFO] local epoch 20, acc: 0.5372
[2024-01-24 18:07:22] [INFO] [server epoch 8, client 2, local train]
[2024-01-24 18:07:23] [INFO] local epoch 1, acc: 0.5074
[2024-01-24 18:07:24] [INFO] local epoch 2, acc: 0.5221
[2024-01-24 18:07:25] [INFO] local epoch 3, acc: 0.5295
[2024-01-24 18:07:26] [INFO] local epoch 4, acc: 0.5261
[2024-01-24 18:07:27] [INFO] local epoch 5, acc: 0.5348
[2024-01-24 18:07:28] [INFO] local epoch 6, acc: 0.5382
[2024-01-24 18:07:30] [INFO] local epoch 7, acc: 0.5408
[2024-01-24 18:07:31] [INFO] local epoch 8, acc: 0.5462
[2024-01-24 18:07:32] [INFO] local epoch 9, acc: 0.5515
[2024-01-24 18:07:33] [INFO] local epoch 10, acc: 0.5515
[2024-01-24 18:07:34] [INFO] local epoch 11, acc: 0.5509
[2024-01-24 18:07:35] [INFO] local epoch 12, acc: 0.5462
[2024-01-24 18:07:36] [INFO] local epoch 13, acc: 0.5462
[2024-01-24 18:07:37] [INFO] local epoch 14, acc: 0.5502
[2024-01-24 18:07:38] [INFO] local epoch 15, acc: 0.5515
[2024-01-24 18:07:39] [INFO] local epoch 16, acc: 0.5462
[2024-01-24 18:07:41] [INFO] local epoch 17, acc: 0.5502
[2024-01-24 18:07:42] [INFO] local epoch 18, acc: 0.5469
[2024-01-24 18:07:43] [INFO] local epoch 19, acc: 0.5502
[2024-01-24 18:07:44] [INFO] local epoch 20, acc: 0.5542
[2024-01-24 18:07:44] [INFO] [server epoch 8, client 3, local train]
[2024-01-24 18:07:45] [INFO] local epoch 1, acc: 0.4672
[2024-01-24 18:07:46] [INFO] local epoch 2, acc: 0.5313
[2024-01-24 18:07:47] [INFO] local epoch 3, acc: 0.5192
[2024-01-24 18:07:48] [INFO] local epoch 4, acc: 0.5177
[2024-01-24 18:07:49] [INFO] local epoch 5, acc: 0.5185
[2024-01-24 18:07:50] [INFO] local epoch 6, acc: 0.5253
[2024-01-24 18:07:51] [INFO] local epoch 7, acc: 0.5253
[2024-01-24 18:07:52] [INFO] local epoch 8, acc: 0.5230
[2024-01-24 18:07:53] [INFO] local epoch 9, acc: 0.5291
[2024-01-24 18:07:54] [INFO] local epoch 10, acc: 0.5381
[2024-01-24 18:07:55] [INFO] local epoch 11, acc: 0.5291
[2024-01-24 18:07:56] [INFO] local epoch 12, acc: 0.5268
[2024-01-24 18:07:58] [INFO] local epoch 13, acc: 0.5306
[2024-01-24 18:07:59] [INFO] local epoch 14, acc: 0.5230
[2024-01-24 18:08:00] [INFO] local epoch 15, acc: 0.5208
[2024-01-24 18:08:01] [INFO] local epoch 16, acc: 0.5291
[2024-01-24 18:08:02] [INFO] local epoch 17, acc: 0.5283
[2024-01-24 18:08:03] [INFO] local epoch 18, acc: 0.5291
[2024-01-24 18:08:04] [INFO] local epoch 19, acc: 0.5306
[2024-01-24 18:08:05] [INFO] local epoch 20, acc: 0.5291
[2024-01-24 18:08:05] [INFO] [server epoch 8, client 4, local train]
[2024-01-24 18:08:06] [INFO] local epoch 1, acc: 0.4810
[2024-01-24 18:08:07] [INFO] local epoch 2, acc: 0.5086
[2024-01-24 18:08:08] [INFO] local epoch 3, acc: 0.5121
[2024-01-24 18:08:08] [INFO] local epoch 4, acc: 0.5247
[2024-01-24 18:08:09] [INFO] local epoch 5, acc: 0.5201
[2024-01-24 18:08:10] [INFO] local epoch 6, acc: 0.5213
[2024-01-24 18:08:11] [INFO] local epoch 7, acc: 0.4994
[2024-01-24 18:08:12] [INFO] local epoch 8, acc: 0.5086
[2024-01-24 18:08:13] [INFO] local epoch 9, acc: 0.5017
[2024-01-24 18:08:14] [INFO] local epoch 10, acc: 0.5086
[2024-01-24 18:08:15] [INFO] local epoch 11, acc: 0.4868
[2024-01-24 18:08:16] [INFO] local epoch 12, acc: 0.5213
[2024-01-24 18:08:16] [INFO] local epoch 13, acc: 0.4925
[2024-01-24 18:08:17] [INFO] local epoch 14, acc: 0.5029
[2024-01-24 18:08:18] [INFO] local epoch 15, acc: 0.5144
[2024-01-24 18:08:19] [INFO] local epoch 16, acc: 0.5201
[2024-01-24 18:08:20] [INFO] local epoch 17, acc: 0.5098
[2024-01-24 18:08:21] [INFO] local epoch 18, acc: 0.5270
[2024-01-24 18:08:21] [INFO] local epoch 19, acc: 0.5328
[2024-01-24 18:08:22] [INFO] local epoch 20, acc: 0.5190
[2024-01-24 18:08:22] [INFO] [server epoch 8, client 5, local train]
[2024-01-24 18:08:23] [INFO] local epoch 1, acc: 0.3878
[2024-01-24 18:08:24] [INFO] local epoch 2, acc: 0.4296
[2024-01-24 18:08:25] [INFO] local epoch 3, acc: 0.4133
[2024-01-24 18:08:26] [INFO] local epoch 4, acc: 0.4306
[2024-01-24 18:08:27] [INFO] local epoch 5, acc: 0.4327
[2024-01-24 18:08:28] [INFO] local epoch 6, acc: 0.4276
[2024-01-24 18:08:29] [INFO] local epoch 7, acc: 0.4265
[2024-01-24 18:08:29] [INFO] local epoch 8, acc: 0.4357
[2024-01-24 18:08:30] [INFO] local epoch 9, acc: 0.4214
[2024-01-24 18:08:31] [INFO] local epoch 10, acc: 0.4347
[2024-01-24 18:08:32] [INFO] local epoch 11, acc: 0.4337
[2024-01-24 18:08:33] [INFO] local epoch 12, acc: 0.4337
[2024-01-24 18:08:34] [INFO] local epoch 13, acc: 0.4337
[2024-01-24 18:08:35] [INFO] local epoch 14, acc: 0.4286
[2024-01-24 18:08:36] [INFO] local epoch 15, acc: 0.4337
[2024-01-24 18:08:37] [INFO] local epoch 16, acc: 0.4388
[2024-01-24 18:08:38] [INFO] local epoch 17, acc: 0.4357
[2024-01-24 18:08:39] [INFO] local epoch 18, acc: 0.4408
[2024-01-24 18:08:39] [INFO] local epoch 19, acc: 0.4306
[2024-01-24 18:08:40] [INFO] local epoch 20, acc: 0.4378
[2024-01-24 18:08:40] [INFO] [server epoch 8, client 6, local train]
[2024-01-24 18:08:41] [INFO] local epoch 1, acc: 0.5539
[2024-01-24 18:08:42] [INFO] local epoch 2, acc: 0.5874
[2024-01-24 18:08:43] [INFO] local epoch 3, acc: 0.5843
[2024-01-24 18:08:44] [INFO] local epoch 4, acc: 0.5864
[2024-01-24 18:08:45] [INFO] local epoch 5, acc: 0.5885
[2024-01-24 18:08:46] [INFO] local epoch 6, acc: 0.5958
[2024-01-24 18:08:46] [INFO] local epoch 7, acc: 0.5937
[2024-01-24 18:08:47] [INFO] local epoch 8, acc: 0.5937
[2024-01-24 18:08:48] [INFO] local epoch 9, acc: 0.5969
[2024-01-24 18:08:49] [INFO] local epoch 10, acc: 0.5990
[2024-01-24 18:08:50] [INFO] local epoch 11, acc: 0.5937
[2024-01-24 18:08:51] [INFO] local epoch 12, acc: 0.5979
[2024-01-24 18:08:52] [INFO] local epoch 13, acc: 0.6042
[2024-01-24 18:08:53] [INFO] local epoch 14, acc: 0.6000
[2024-01-24 18:08:53] [INFO] local epoch 15, acc: 0.6031
[2024-01-24 18:08:54] [INFO] local epoch 16, acc: 0.5958
[2024-01-24 18:08:55] [INFO] local epoch 17, acc: 0.6021
[2024-01-24 18:08:56] [INFO] local epoch 18, acc: 0.5916
[2024-01-24 18:08:57] [INFO] local epoch 19, acc: 0.6073
[2024-01-24 18:08:58] [INFO] local epoch 20, acc: 0.6010
[2024-01-24 18:08:58] [INFO] [server epoch 8, client 7, local train]
[2024-01-24 18:08:59] [INFO] local epoch 1, acc: 0.4991
[2024-01-24 18:08:59] [INFO] local epoch 2, acc: 0.5009
[2024-01-24 18:09:00] [INFO] local epoch 3, acc: 0.5009
[2024-01-24 18:09:01] [INFO] local epoch 4, acc: 0.5224
[2024-01-24 18:09:01] [INFO] local epoch 5, acc: 0.5331
[2024-01-24 18:09:02] [INFO] local epoch 6, acc: 0.5313
[2024-01-24 18:09:03] [INFO] local epoch 7, acc: 0.5331
[2024-01-24 18:09:04] [INFO] local epoch 8, acc: 0.5259
[2024-01-24 18:09:04] [INFO] local epoch 9, acc: 0.5242
[2024-01-24 18:09:05] [INFO] local epoch 10, acc: 0.5403
[2024-01-24 18:09:06] [INFO] local epoch 11, acc: 0.5331
[2024-01-24 18:09:07] [INFO] local epoch 12, acc: 0.5313
[2024-01-24 18:09:07] [INFO] local epoch 13, acc: 0.5403
[2024-01-24 18:09:08] [INFO] local epoch 14, acc: 0.5367
[2024-01-24 18:09:09] [INFO] local epoch 15, acc: 0.5474
[2024-01-24 18:09:09] [INFO] local epoch 16, acc: 0.5438
[2024-01-24 18:09:10] [INFO] local epoch 17, acc: 0.5438
[2024-01-24 18:09:11] [INFO] local epoch 18, acc: 0.5367
[2024-01-24 18:09:12] [INFO] local epoch 19, acc: 0.5438
[2024-01-24 18:09:12] [INFO] local epoch 20, acc: 0.5385
[2024-01-24 18:09:12] [INFO] [server epoch 8, client 8, local train]
[2024-01-24 18:09:13] [INFO] local epoch 1, acc: 0.5198
[2024-01-24 18:09:14] [INFO] local epoch 2, acc: 0.5257
[2024-01-24 18:09:15] [INFO] local epoch 3, acc: 0.5395
[2024-01-24 18:09:16] [INFO] local epoch 4, acc: 0.5484
[2024-01-24 18:09:17] [INFO] local epoch 5, acc: 0.5366
[2024-01-24 18:09:18] [INFO] local epoch 6, acc: 0.5494
[2024-01-24 18:09:19] [INFO] local epoch 7, acc: 0.5385
[2024-01-24 18:09:20] [INFO] local epoch 8, acc: 0.5494
[2024-01-24 18:09:21] [INFO] local epoch 9, acc: 0.5484
[2024-01-24 18:09:22] [INFO] local epoch 10, acc: 0.5464
[2024-01-24 18:09:22] [INFO] local epoch 11, acc: 0.5504
[2024-01-24 18:09:23] [INFO] local epoch 12, acc: 0.5534
[2024-01-24 18:09:24] [INFO] local epoch 13, acc: 0.5563
[2024-01-24 18:09:25] [INFO] local epoch 14, acc: 0.5563
[2024-01-24 18:09:26] [INFO] local epoch 15, acc: 0.5524
[2024-01-24 18:09:27] [INFO] local epoch 16, acc: 0.5514
[2024-01-24 18:09:28] [INFO] local epoch 17, acc: 0.5494
[2024-01-24 18:09:29] [INFO] local epoch 18, acc: 0.5484
[2024-01-24 18:09:30] [INFO] local epoch 19, acc: 0.5583
[2024-01-24 18:09:30] [INFO] local epoch 20, acc: 0.5534
[2024-01-24 18:09:30] [INFO] [server epoch 8, client 9, local train]
[2024-01-24 18:09:32] [INFO] local epoch 1, acc: 0.6204
[2024-01-24 18:09:33] [INFO] local epoch 2, acc: 0.6331
[2024-01-24 18:09:34] [INFO] local epoch 3, acc: 0.6495
[2024-01-24 18:09:35] [INFO] local epoch 4, acc: 0.6555
[2024-01-24 18:09:36] [INFO] local epoch 5, acc: 0.6488
[2024-01-24 18:09:37] [INFO] local epoch 6, acc: 0.6607
[2024-01-24 18:09:38] [INFO] local epoch 7, acc: 0.6540
[2024-01-24 18:09:39] [INFO] local epoch 8, acc: 0.6510
[2024-01-24 18:09:40] [INFO] local epoch 9, acc: 0.6577
[2024-01-24 18:09:41] [INFO] local epoch 10, acc: 0.6629
[2024-01-24 18:09:42] [INFO] local epoch 11, acc: 0.6659
[2024-01-24 18:09:43] [INFO] local epoch 12, acc: 0.6607
[2024-01-24 18:09:44] [INFO] local epoch 13, acc: 0.6659
[2024-01-24 18:09:45] [INFO] local epoch 14, acc: 0.6682
[2024-01-24 18:09:46] [INFO] local epoch 15, acc: 0.6667
[2024-01-24 18:09:47] [INFO] local epoch 16, acc: 0.6637
[2024-01-24 18:09:48] [INFO] local epoch 17, acc: 0.6704
[2024-01-24 18:09:49] [INFO] local epoch 18, acc: 0.6704
[2024-01-24 18:09:50] [INFO] local epoch 19, acc: 0.6696
[2024-01-24 18:09:51] [INFO] local epoch 20, acc: 0.6704
[2024-01-24 18:09:52] [INFO] server epoch 8, acc 0.4696
[2024-01-24 18:09:53] [INFO] server epoch 8, acc 0.4444
[2024-01-24 18:09:53] [INFO] server epoch 8, acc 0.5019
[2024-01-24 18:09:54] [INFO] server epoch 8, acc 0.4626
[2024-01-24 18:09:54] [INFO] server epoch 8, acc 0.4755
[2024-01-24 18:09:54] [INFO] server epoch 8, acc 0.5079
[2024-01-24 18:09:55] [INFO] server epoch 8, acc 0.4526
[2024-01-24 18:09:55] [INFO] server epoch 8, acc 0.4486
[2024-01-24 18:09:56] [INFO] server epoch 8, acc 0.4996
[2024-01-24 18:09:56] [INFO] [server epoch 9, client 1, local train]
[2024-01-24 18:09:57] [INFO] local epoch 1, acc: 0.5017
[2024-01-24 18:09:58] [INFO] local epoch 2, acc: 0.5427
[2024-01-24 18:09:59] [INFO] local epoch 3, acc: 0.5536
[2024-01-24 18:10:00] [INFO] local epoch 4, acc: 0.5413
[2024-01-24 18:10:01] [INFO] local epoch 5, acc: 0.5461
[2024-01-24 18:10:02] [INFO] local epoch 6, acc: 0.5577
[2024-01-24 18:10:03] [INFO] local epoch 7, acc: 0.5468
[2024-01-24 18:10:04] [INFO] local epoch 8, acc: 0.5515
[2024-01-24 18:10:06] [INFO] local epoch 9, acc: 0.5618
[2024-01-24 18:10:07] [INFO] local epoch 10, acc: 0.5577
[2024-01-24 18:10:08] [INFO] local epoch 11, acc: 0.5611
