[2024-01-24 22:24:50] [INFO] hyper_fed
        n_server     :   3   
        n_client     :   9   
      n_train_data   : 1000  
       n_test_data   :  200  
          seed       : 10000 
      local_epochs   :   5   
     distill_epochs  :   5   
       batch_size    :  160  
      server_epochs  :  20   
          alpha      :  0.1  
         dataset     :cifar10
     model_structure : cnn2  
[2024-01-24 22:24:55] [INFO] [server epoch 1, client 1, local train]
[2024-01-24 22:24:56] [INFO] local epoch 1, acc: 0.5334
[2024-01-24 22:24:56] [INFO] local epoch 2, acc: 0.6011
[2024-01-24 22:24:57] [INFO] local epoch 3, acc: 0.6065
[2024-01-24 22:24:57] [INFO] local epoch 4, acc: 0.6399
[2024-01-24 22:24:58] [INFO] local epoch 5, acc: 0.6525
[2024-01-24 22:24:58] [INFO] [server epoch 1, client 2, local train]
[2024-01-24 22:24:58] [INFO] local epoch 1, acc: 0.5560
[2024-01-24 22:24:58] [INFO] local epoch 2, acc: 0.6029
[2024-01-24 22:24:59] [INFO] local epoch 3, acc: 0.6047
[2024-01-24 22:24:59] [INFO] local epoch 4, acc: 0.6426
[2024-01-24 22:25:00] [INFO] local epoch 5, acc: 0.6625
[2024-01-24 22:25:00] [INFO] [server epoch 1, client 3, local train]
[2024-01-24 22:25:00] [INFO] local epoch 1, acc: 0.5469
[2024-01-24 22:25:01] [INFO] local epoch 2, acc: 0.5939
[2024-01-24 22:25:02] [INFO] local epoch 3, acc: 0.6047
[2024-01-24 22:25:02] [INFO] local epoch 4, acc: 0.6381
[2024-01-24 22:25:03] [INFO] local epoch 5, acc: 0.6534
[2024-01-24 22:25:03] [INFO] [server epoch 1, client 4, local train]
[2024-01-24 22:25:03] [INFO] local epoch 1, acc: 0.0099
[2024-01-24 22:25:04] [INFO] local epoch 2, acc: 0.0307
[2024-01-24 22:25:04] [INFO] local epoch 3, acc: 0.0415
[2024-01-24 22:25:04] [INFO] local epoch 4, acc: 0.0415
[2024-01-24 22:25:05] [INFO] local epoch 5, acc: 0.0641
[2024-01-24 22:25:05] [INFO] [server epoch 1, client 5, local train]
[2024-01-24 22:25:05] [INFO] local epoch 1, acc: 0.0135
[2024-01-24 22:25:06] [INFO] local epoch 2, acc: 0.0397
[2024-01-24 22:25:06] [INFO] local epoch 3, acc: 0.0388
[2024-01-24 22:25:07] [INFO] local epoch 4, acc: 0.0560
[2024-01-24 22:25:07] [INFO] local epoch 5, acc: 0.0542
[2024-01-24 22:25:07] [INFO] [server epoch 1, client 6, local train]
[2024-01-24 22:25:08] [INFO] local epoch 1, acc: 0.0072
[2024-01-24 22:25:08] [INFO] local epoch 2, acc: 0.0352
[2024-01-24 22:25:09] [INFO] local epoch 3, acc: 0.0406
[2024-01-24 22:25:09] [INFO] local epoch 4, acc: 0.0469
[2024-01-24 22:25:10] [INFO] local epoch 5, acc: 0.0478
[2024-01-24 22:25:10] [INFO] [server epoch 1, client 7, local train]
[2024-01-24 22:25:10] [INFO] local epoch 1, acc: 0.0143
[2024-01-24 22:25:11] [INFO] local epoch 2, acc: 0.0447
[2024-01-24 22:25:11] [INFO] local epoch 3, acc: 0.0483
[2024-01-24 22:25:12] [INFO] local epoch 4, acc: 0.0510
[2024-01-24 22:25:12] [INFO] local epoch 5, acc: 0.0608
[2024-01-24 22:25:12] [INFO] [server epoch 1, client 8, local train]
[2024-01-24 22:25:13] [INFO] local epoch 1, acc: 0.0215
[2024-01-24 22:25:13] [INFO] local epoch 2, acc: 0.0358
[2024-01-24 22:25:14] [INFO] local epoch 3, acc: 0.0546
[2024-01-24 22:25:14] [INFO] local epoch 4, acc: 0.0564
[2024-01-24 22:25:15] [INFO] local epoch 5, acc: 0.0653
[2024-01-24 22:25:15] [INFO] [server epoch 1, client 9, local train]
[2024-01-24 22:25:15] [INFO] local epoch 1, acc: 0.0188
[2024-01-24 22:25:16] [INFO] local epoch 2, acc: 0.0447
[2024-01-24 22:25:16] [INFO] local epoch 3, acc: 0.0483
[2024-01-24 22:25:17] [INFO] local epoch 4, acc: 0.0581
[2024-01-24 22:25:17] [INFO] local epoch 5, acc: 0.0644
