[2024-01-24 22:21:50] [INFO] hyper_fed
        n_server     :   3   
        n_client     :   9   
      n_train_data   : 1000  
       n_test_data   :  200  
          seed       :   0   
      local_epochs   :   5   
     distill_epochs  :   5   
       batch_size    :  160  
      server_epochs  :  20   
          alpha      :  0.1  
         dataset     :cifar10
     model_structure : cnn2  
[2024-01-24 22:21:57] [INFO] [server epoch 1, client 1, local train]
[2024-01-24 22:21:59] [INFO] local epoch 1, acc: 0.0044
[2024-01-24 22:22:00] [INFO] local epoch 2, acc: 0.0477
[2024-01-24 22:22:00] [INFO] local epoch 3, acc: 0.0265
[2024-01-24 22:22:01] [INFO] local epoch 4, acc: 0.0989
[2024-01-24 22:22:02] [INFO] local epoch 5, acc: 0.0795
[2024-01-24 22:22:02] [INFO] [server epoch 1, client 2, local train]
[2024-01-24 22:22:02] [INFO] local epoch 1, acc: 0.0018
[2024-01-24 22:22:03] [INFO] local epoch 2, acc: 0.0345
[2024-01-24 22:22:04] [INFO] local epoch 3, acc: 0.0830
[2024-01-24 22:22:05] [INFO] local epoch 4, acc: 0.0698
[2024-01-24 22:22:05] [INFO] local epoch 5, acc: 0.0769
[2024-01-24 22:22:05] [INFO] [server epoch 1, client 3, local train]
[2024-01-24 22:22:06] [INFO] local epoch 1, acc: 0.3860
[2024-01-24 22:22:07] [INFO] local epoch 2, acc: 0.5018
[2024-01-24 22:22:08] [INFO] local epoch 3, acc: 0.5097
[2024-01-24 22:22:09] [INFO] local epoch 4, acc: 0.5415
[2024-01-24 22:22:09] [INFO] local epoch 5, acc: 0.5636
[2024-01-24 22:22:09] [INFO] [server epoch 1, client 4, local train]
[2024-01-24 22:22:10] [INFO] local epoch 1, acc: 0.3913
[2024-01-24 22:22:11] [INFO] local epoch 2, acc: 0.4956
[2024-01-24 22:22:12] [INFO] local epoch 3, acc: 0.5247
[2024-01-24 22:22:13] [INFO] local epoch 4, acc: 0.5875
[2024-01-24 22:22:14] [INFO] local epoch 5, acc: 0.6087
[2024-01-24 22:22:14] [INFO] [server epoch 1, client 5, local train]
[2024-01-24 22:22:14] [INFO] local epoch 1, acc: 0.4037
[2024-01-24 22:22:15] [INFO] local epoch 2, acc: 0.5124
[2024-01-24 22:22:16] [INFO] local epoch 3, acc: 0.5530
[2024-01-24 22:22:17] [INFO] local epoch 4, acc: 0.5627
[2024-01-24 22:22:18] [INFO] local epoch 5, acc: 0.5981
[2024-01-24 22:22:18] [INFO] [server epoch 1, client 6, local train]
[2024-01-24 22:22:18] [INFO] local epoch 1, acc: 0.0000
[2024-01-24 22:22:19] [INFO] local epoch 2, acc: 0.0177
[2024-01-24 22:22:20] [INFO] local epoch 3, acc: 0.0822
[2024-01-24 22:22:21] [INFO] local epoch 4, acc: 0.0963
[2024-01-24 22:22:22] [INFO] local epoch 5, acc: 0.1060
[2024-01-24 22:22:22] [INFO] [server epoch 1, client 7, local train]
[2024-01-24 22:22:22] [INFO] local epoch 1, acc: 0.0857
[2024-01-24 22:22:23] [INFO] local epoch 2, acc: 0.1032
[2024-01-24 22:22:24] [INFO] local epoch 3, acc: 0.1032
[2024-01-24 22:22:25] [INFO] local epoch 4, acc: 0.1295
[2024-01-24 22:22:26] [INFO] local epoch 5, acc: 0.1111
[2024-01-24 22:22:26] [INFO] [server epoch 1, client 8, local train]
[2024-01-24 22:22:27] [INFO] local epoch 1, acc: 0.0665
[2024-01-24 22:22:27] [INFO] local epoch 2, acc: 0.0980
[2024-01-24 22:22:28] [INFO] local epoch 3, acc: 0.1181
[2024-01-24 22:22:29] [INFO] local epoch 4, acc: 0.1312
[2024-01-24 22:22:30] [INFO] local epoch 5, acc: 0.1286
[2024-01-24 22:22:30] [INFO] [server epoch 1, client 9, local train]
[2024-01-24 22:22:31] [INFO] local epoch 1, acc: 0.0691
[2024-01-24 22:22:32] [INFO] local epoch 2, acc: 0.1146
