[2024-02-22 15:46:31] [INFO] hyper_fed1
      n_public_data  :  100  
          seed       : 10000 
      local_epochs   :   1   
     distill_epochs  :   1   
       batch_size    :  160  
      server_epochs  :   2   
          alpha      :  1.0  
            a        :  1.0  
       temperature   :   5   
         dataset     :cifar10
     model_structure : cnn3  
[2024-02-22 15:46:55] [INFO] [rank: 0, server epoch 1, client 1, local train]
[2024-02-22 15:46:57] [INFO] rank: 0, local epoch 1, acc: 0.4087
[2024-02-22 15:46:57] [INFO] [rank: 0, server epoch 1, client 2, local train]
[2024-02-22 15:46:58] [INFO] rank: 0, local epoch 1, acc: 0.4038
[2024-02-22 15:46:58] [INFO] [rank: 0, server epoch 1, client 3, local train]
[2024-02-22 15:47:00] [INFO] rank: 0, local epoch 1, acc: 0.3775
[2024-02-22 15:47:00] [INFO] [rank: 0, server epoch 1, client 4, local train]
[2024-02-22 15:47:01] [INFO] rank: 0, local epoch 1, acc: 0.3776
[2024-02-22 15:47:01] [INFO] [rank: 0, server epoch 1, client 5, local train]
[2024-02-22 15:47:03] [INFO] rank: 0, local epoch 1, acc: 0.3620
[2024-02-22 15:47:03] [INFO] [rank: 0, server epoch 1, client 6, local train]
[2024-02-22 15:47:05] [INFO] rank: 0, local epoch 1, acc: 0.3390
[2024-02-22 15:47:05] [INFO] [rank: 0, server epoch 1, client 7, local train]
[2024-02-22 15:47:06] [INFO] rank: 0, local epoch 1, acc: 0.3850
[2024-02-22 15:47:06] [INFO] [rank: 0, server epoch 1, client 8, local train]
[2024-02-22 15:47:08] [INFO] rank: 0, local epoch 1, acc: 0.3706
[2024-02-22 15:47:08] [INFO] [rank: 0, server epoch 1, client 9, local train]
[2024-02-22 15:47:10] [INFO] rank: 0, local epoch 1, acc: 0.3687
[2024-02-22 15:47:12] [INFO] [rank: 0, server epoch 1, distill train]
[2024-02-22 15:47:13] [INFO] rank: 0, distill epoch 1, acc: 0.3933
[2024-02-22 15:47:13] [INFO] [rank: 0, server epoch 1, distill train]
[2024-02-22 15:47:14] [INFO] rank: 0, distill epoch 1, acc: 0.3669
[2024-02-22 15:47:14] [INFO] [rank: 0, server epoch 1, distill train]
[2024-02-22 15:47:15] [INFO] rank: 0, distill epoch 1, acc: 0.3763
[2024-02-22 15:47:15] [INFO] [rank: 0, server epoch 2, client 1, local train]
[2024-02-22 15:47:17] [INFO] rank: 0, local epoch 1, acc: 0.4516
[2024-02-22 15:47:17] [INFO] [rank: 0, server epoch 2, client 2, local train]
[2024-02-22 15:47:18] [INFO] rank: 0, local epoch 1, acc: 0.4597
[2024-02-22 15:47:18] [INFO] [rank: 0, server epoch 2, client 3, local train]
[2024-02-22 15:47:20] [INFO] rank: 0, local epoch 1, acc: 0.4431
[2024-02-22 15:47:20] [INFO] [rank: 0, server epoch 2, client 4, local train]
[2024-02-22 15:47:21] [INFO] rank: 0, local epoch 1, acc: 0.4392
[2024-02-22 15:47:21] [INFO] [rank: 0, server epoch 2, client 5, local train]
[2024-02-22 15:47:23] [INFO] rank: 0, local epoch 1, acc: 0.4415
[2024-02-22 15:47:23] [INFO] [rank: 0, server epoch 2, client 6, local train]
[2024-02-22 15:47:24] [INFO] rank: 0, local epoch 1, acc: 0.4502
[2024-02-22 15:47:24] [INFO] [rank: 0, server epoch 2, client 7, local train]
[2024-02-22 15:47:26] [INFO] rank: 0, local epoch 1, acc: 0.4050
[2024-02-22 15:47:26] [INFO] [rank: 0, server epoch 2, client 8, local train]
[2024-02-22 15:47:28] [INFO] rank: 0, local epoch 1, acc: 0.4001
[2024-02-22 15:47:28] [INFO] [rank: 0, server epoch 2, client 9, local train]
[2024-02-22 15:47:29] [INFO] rank: 0, local epoch 1, acc: 0.4058
[2024-02-22 15:47:31] [INFO] [rank: 0, server epoch 2, distill train]
[2024-02-22 15:47:32] [INFO] rank: 0, distill epoch 1, acc: 0.4569
[2024-02-22 15:47:32] [INFO] [rank: 0, server epoch 2, distill train]
[2024-02-22 15:47:33] [INFO] rank: 0, distill epoch 1, acc: 0.4483
[2024-02-22 15:47:33] [INFO] [rank: 0, server epoch 2, distill train]
[2024-02-22 15:47:34] [INFO] rank: 0, distill epoch 1, acc: 0.4155
[2024-02-22 15:47:34] [INFO] results saved in ./res/hyper_fed1_seed_10000_alpha_1.0_dataset_cifar10_model_structure_cnn3/a_1.0_T_5_local_epochs_1_server_epochs_2_distill_epochs_1_batch_size_160.pt.
[2024-02-22 15:47:34] [INFO] time cost: 00:01:03
