[2024-02-22 22:30:22] [INFO] hyper_fed1
      n_public_data  : 1000  
          seed       : 10000 
      local_epochs   :  10   
     distill_epochs  :  10   
       batch_size    :  160  
      server_epochs  :  20   
          alpha      :  1.0  
            a        :  1.0  
       temperature   :  10   
         dataset     :cifar10
     model_structure : cnn3  
[2024-02-22 22:30:56] [INFO] [rank: 1, server epoch 1, client 1, local train]
[2024-02-22 22:30:59] [INFO] rank: 1, local epoch 1, acc: 0.2074
[2024-02-22 22:31:01] [INFO] rank: 1, local epoch 2, acc: 0.2405
[2024-02-22 22:31:03] [INFO] rank: 1, local epoch 3, acc: 0.2683
[2024-02-22 22:31:05] [INFO] rank: 1, local epoch 4, acc: 0.2907
[2024-02-22 22:31:07] [INFO] rank: 1, local epoch 5, acc: 0.3079
[2024-02-22 22:31:09] [INFO] rank: 1, local epoch 6, acc: 0.3143
[2024-02-22 22:31:11] [INFO] rank: 1, local epoch 7, acc: 0.3042
[2024-02-22 22:31:13] [INFO] rank: 1, local epoch 8, acc: 0.3302
[2024-02-22 22:31:16] [INFO] rank: 1, local epoch 9, acc: 0.3364
[2024-02-22 22:31:18] [INFO] rank: 1, local epoch 10, acc: 0.3413
[2024-02-22 22:31:18] [INFO] [rank: 1, server epoch 1, client 2, local train]
[2024-02-22 22:31:21] [INFO] rank: 1, local epoch 1, acc: 0.1944
[2024-02-22 22:31:23] [INFO] rank: 1, local epoch 2, acc: 0.2356
[2024-02-22 22:31:26] [INFO] rank: 1, local epoch 3, acc: 0.2782
[2024-02-22 22:31:28] [INFO] rank: 1, local epoch 4, acc: 0.3050
[2024-02-22 22:31:30] [INFO] rank: 1, local epoch 5, acc: 0.3133
[2024-02-22 22:31:32] [INFO] rank: 1, local epoch 6, acc: 0.3184
[2024-02-22 22:31:35] [INFO] rank: 1, local epoch 7, acc: 0.3274
[2024-02-22 22:31:37] [INFO] rank: 1, local epoch 8, acc: 0.3325
[2024-02-22 22:31:39] [INFO] rank: 1, local epoch 9, acc: 0.3333
[2024-02-22 22:31:41] [INFO] rank: 1, local epoch 10, acc: 0.3402
[2024-02-22 22:31:41] [INFO] [rank: 1, server epoch 1, client 3, local train]
[2024-02-22 22:31:43] [INFO] rank: 1, local epoch 1, acc: 0.2112
[2024-02-22 22:31:45] [INFO] rank: 1, local epoch 2, acc: 0.2376
[2024-02-22 22:31:47] [INFO] rank: 1, local epoch 3, acc: 0.2582
[2024-02-22 22:31:50] [INFO] rank: 1, local epoch 4, acc: 0.2861
[2024-02-22 22:31:52] [INFO] rank: 1, local epoch 5, acc: 0.2976
[2024-02-22 22:31:54] [INFO] rank: 1, local epoch 6, acc: 0.3139
[2024-02-22 22:31:56] [INFO] rank: 1, local epoch 7, acc: 0.3357
[2024-02-22 22:31:58] [INFO] rank: 1, local epoch 8, acc: 0.3275
[2024-02-22 22:32:00] [INFO] rank: 1, local epoch 9, acc: 0.3310
[2024-02-22 22:32:02] [INFO] rank: 1, local epoch 10, acc: 0.3455
[2024-02-22 22:32:02] [INFO] [rank: 1, server epoch 1, client 4, local train]
[2024-02-22 22:32:05] [INFO] rank: 1, local epoch 1, acc: 0.1933
[2024-02-22 22:32:07] [INFO] rank: 1, local epoch 2, acc: 0.2800
[2024-02-22 22:32:10] [INFO] rank: 1, local epoch 3, acc: 0.3023
[2024-02-22 22:32:12] [INFO] rank: 1, local epoch 4, acc: 0.3266
[2024-02-22 22:32:15] [INFO] rank: 1, local epoch 5, acc: 0.3428
[2024-02-22 22:32:18] [INFO] rank: 1, local epoch 6, acc: 0.3616
[2024-02-22 22:32:21] [INFO] rank: 1, local epoch 7, acc: 0.3724
[2024-02-22 22:32:23] [INFO] rank: 1, local epoch 8, acc: 0.3800
[2024-02-22 22:32:27] [INFO] rank: 1, local epoch 9, acc: 0.3942
[2024-02-22 22:32:29] [INFO] rank: 1, local epoch 10, acc: 0.3944
[2024-02-22 22:32:29] [INFO] [rank: 1, server epoch 1, client 5, local train]
[2024-02-22 22:32:32] [INFO] rank: 1, local epoch 1, acc: 0.1990
[2024-02-22 22:32:34] [INFO] rank: 1, local epoch 2, acc: 0.2589
[2024-02-22 22:32:36] [INFO] rank: 1, local epoch 3, acc: 0.3116
[2024-02-22 22:32:39] [INFO] rank: 1, local epoch 4, acc: 0.3291
[2024-02-22 22:32:41] [INFO] rank: 1, local epoch 5, acc: 0.3320
[2024-02-22 22:32:44] [INFO] rank: 1, local epoch 6, acc: 0.3457
[2024-02-22 22:32:46] [INFO] rank: 1, local epoch 7, acc: 0.3671
[2024-02-22 22:32:49] [INFO] rank: 1, local epoch 8, acc: 0.3928
[2024-02-22 22:32:51] [INFO] rank: 1, local epoch 9, acc: 0.4008
[2024-02-22 22:32:53] [INFO] rank: 1, local epoch 10, acc: 0.3906
[2024-02-22 22:32:53] [INFO] [rank: 1, server epoch 1, client 6, local train]
[2024-02-22 22:32:56] [INFO] rank: 1, local epoch 1, acc: 0.1842
[2024-02-22 22:32:58] [INFO] rank: 1, local epoch 2, acc: 0.2767
[2024-02-22 22:33:00] [INFO] rank: 1, local epoch 3, acc: 0.3133
[2024-02-22 22:33:03] [INFO] rank: 1, local epoch 4, acc: 0.3221
[2024-02-22 22:33:05] [INFO] rank: 1, local epoch 5, acc: 0.3319
[2024-02-22 22:33:07] [INFO] rank: 1, local epoch 6, acc: 0.3415
[2024-02-22 22:33:10] [INFO] rank: 1, local epoch 7, acc: 0.3631
[2024-02-22 22:33:12] [INFO] rank: 1, local epoch 8, acc: 0.3691
[2024-02-22 22:33:15] [INFO] rank: 1, local epoch 9, acc: 0.3828
[2024-02-22 22:33:17] [INFO] rank: 1, local epoch 10, acc: 0.3919
[2024-02-22 22:33:17] [INFO] [rank: 1, server epoch 1, client 7, local train]
[2024-02-22 22:33:20] [INFO] rank: 1, local epoch 1, acc: 0.1893
[2024-02-22 22:33:22] [INFO] rank: 1, local epoch 2, acc: 0.2188
[2024-02-22 22:33:25] [INFO] rank: 1, local epoch 3, acc: 0.2604
[2024-02-22 22:33:27] [INFO] rank: 1, local epoch 4, acc: 0.2734
[2024-02-22 22:33:29] [INFO] rank: 1, local epoch 5, acc: 0.2653
[2024-02-22 22:33:32] [INFO] rank: 1, local epoch 6, acc: 0.3002
[2024-02-22 22:33:34] [INFO] rank: 1, local epoch 7, acc: 0.3228
[2024-02-22 22:33:37] [INFO] rank: 1, local epoch 8, acc: 0.3098
[2024-02-22 22:33:39] [INFO] rank: 1, local epoch 9, acc: 0.3334
[2024-02-22 22:33:41] [INFO] rank: 1, local epoch 10, acc: 0.3327
[2024-02-22 22:33:41] [INFO] [rank: 1, server epoch 1, client 8, local train]
[2024-02-22 22:33:44] [INFO] rank: 1, local epoch 1, acc: 0.1912
[2024-02-22 22:33:46] [INFO] rank: 1, local epoch 2, acc: 0.2128
[2024-02-22 22:33:48] [INFO] rank: 1, local epoch 3, acc: 0.2514
[2024-02-22 22:33:50] [INFO] rank: 1, local epoch 4, acc: 0.2778
[2024-02-22 22:33:53] [INFO] rank: 1, local epoch 5, acc: 0.3143
[2024-02-22 22:33:55] [INFO] rank: 1, local epoch 6, acc: 0.3005
[2024-02-22 22:33:57] [INFO] rank: 1, local epoch 7, acc: 0.2970
[2024-02-22 22:34:00] [INFO] rank: 1, local epoch 8, acc: 0.3221
[2024-02-22 22:34:02] [INFO] rank: 1, local epoch 9, acc: 0.3266
[2024-02-22 22:34:04] [INFO] rank: 1, local epoch 10, acc: 0.3298
[2024-02-22 22:34:04] [INFO] [rank: 1, server epoch 1, client 9, local train]
[2024-02-22 22:34:06] [INFO] rank: 1, local epoch 1, acc: 0.1934
[2024-02-22 22:34:09] [INFO] rank: 1, local epoch 2, acc: 0.2134
[2024-02-22 22:34:11] [INFO] rank: 1, local epoch 3, acc: 0.2396
[2024-02-22 22:34:14] [INFO] rank: 1, local epoch 4, acc: 0.2732
[2024-02-22 22:34:16] [INFO] rank: 1, local epoch 5, acc: 0.2839
[2024-02-22 22:34:19] [INFO] rank: 1, local epoch 6, acc: 0.3137
[2024-02-22 22:34:21] [INFO] rank: 1, local epoch 7, acc: 0.3051
[2024-02-22 22:34:23] [INFO] rank: 1, local epoch 8, acc: 0.3097
[2024-02-22 22:34:26] [INFO] rank: 1, local epoch 9, acc: 0.3099
[2024-02-22 22:34:28] [INFO] rank: 1, local epoch 10, acc: 0.3297
[2024-02-22 22:34:32] [INFO] [rank: 1, server epoch 1, distill train]
[2024-02-22 22:34:35] [INFO] rank: 1, server: 0, distill epoch 1, acc: 0.3534
[2024-02-22 22:34:37] [INFO] rank: 1, server: 0, distill epoch 2, acc: 0.3557
[2024-02-22 22:34:39] [INFO] rank: 1, server: 0, distill epoch 3, acc: 0.3499
[2024-02-22 22:34:41] [INFO] rank: 1, server: 0, distill epoch 4, acc: 0.3525
[2024-02-22 22:34:43] [INFO] rank: 1, server: 0, distill epoch 5, acc: 0.3589
[2024-02-22 22:34:45] [INFO] rank: 1, server: 0, distill epoch 6, acc: 0.3688
[2024-02-22 22:34:48] [INFO] rank: 1, server: 0, distill epoch 7, acc: 0.3647
[2024-02-22 22:34:50] [INFO] rank: 1, server: 0, distill epoch 8, acc: 0.3618
[2024-02-22 22:34:52] [INFO] rank: 1, server: 0, distill epoch 9, acc: 0.3531
[2024-02-22 22:34:54] [INFO] rank: 1, server: 0, distill epoch 10, acc: 0.3475
[2024-02-22 22:34:54] [INFO] [rank: 1, server epoch 1, distill train]
[2024-02-22 22:34:56] [INFO] rank: 1, server: 1, distill epoch 1, acc: 0.4060
[2024-02-22 22:34:59] [INFO] rank: 1, server: 1, distill epoch 2, acc: 0.4224
[2024-02-22 22:35:01] [INFO] rank: 1, server: 1, distill epoch 3, acc: 0.4286
[2024-02-22 22:35:03] [INFO] rank: 1, server: 1, distill epoch 4, acc: 0.4194
[2024-02-22 22:35:05] [INFO] rank: 1, server: 1, distill epoch 5, acc: 0.3955
[2024-02-22 22:35:07] [INFO] rank: 1, server: 1, distill epoch 6, acc: 0.3687
[2024-02-22 22:35:10] [INFO] rank: 1, server: 1, distill epoch 7, acc: 0.3409
[2024-02-22 22:35:12] [INFO] rank: 1, server: 1, distill epoch 8, acc: 0.3222
[2024-02-22 22:35:14] [INFO] rank: 1, server: 1, distill epoch 9, acc: 0.3046
[2024-02-22 22:35:17] [INFO] rank: 1, server: 1, distill epoch 10, acc: 0.2926
[2024-02-22 22:35:17] [INFO] [rank: 1, server epoch 1, distill train]
[2024-02-22 22:35:20] [INFO] rank: 1, server: 2, distill epoch 1, acc: 0.3398
[2024-02-22 22:35:22] [INFO] rank: 1, server: 2, distill epoch 2, acc: 0.3386
[2024-02-22 22:35:24] [INFO] rank: 1, server: 2, distill epoch 3, acc: 0.3332
[2024-02-22 22:35:27] [INFO] rank: 1, server: 2, distill epoch 4, acc: 0.3233
[2024-02-22 22:35:29] [INFO] rank: 1, server: 2, distill epoch 5, acc: 0.3214
[2024-02-22 22:35:32] [INFO] rank: 1, server: 2, distill epoch 6, acc: 0.3216
[2024-02-22 22:35:34] [INFO] rank: 1, server: 2, distill epoch 7, acc: 0.3190
[2024-02-22 22:35:36] [INFO] rank: 1, server: 2, distill epoch 8, acc: 0.3221
[2024-02-22 22:35:39] [INFO] rank: 1, server: 2, distill epoch 9, acc: 0.3210
[2024-02-22 22:35:42] [INFO] rank: 1, server: 2, distill epoch 10, acc: 0.3219
[2024-02-22 22:35:42] [INFO] [rank: 1, server epoch 2, client 1, local train]
[2024-02-22 22:35:44] [INFO] rank: 1, local epoch 1, acc: 0.3531
[2024-02-22 22:35:47] [INFO] rank: 1, local epoch 2, acc: 0.3458
[2024-02-22 22:35:49] [INFO] rank: 1, local epoch 3, acc: 0.3447
[2024-02-22 22:35:52] [INFO] rank: 1, local epoch 4, acc: 0.3462
[2024-02-22 22:35:54] [INFO] rank: 1, local epoch 5, acc: 0.3583
[2024-02-22 22:35:57] [INFO] rank: 1, local epoch 6, acc: 0.3638
[2024-02-22 22:35:59] [INFO] rank: 1, local epoch 7, acc: 0.3680
[2024-02-22 22:36:02] [INFO] rank: 1, local epoch 8, acc: 0.3780
[2024-02-22 22:36:04] [INFO] rank: 1, local epoch 9, acc: 0.3783
[2024-02-22 22:36:07] [INFO] rank: 1, local epoch 10, acc: 0.3822
[2024-02-22 22:36:07] [INFO] [rank: 1, server epoch 2, client 2, local train]
[2024-02-22 22:36:09] [INFO] rank: 1, local epoch 1, acc: 0.3780
[2024-02-22 22:36:12] [INFO] rank: 1, local epoch 2, acc: 0.3763
[2024-02-22 22:36:14] [INFO] rank: 1, local epoch 3, acc: 0.3792
[2024-02-22 22:36:17] [INFO] rank: 1, local epoch 4, acc: 0.3897
[2024-02-22 22:36:19] [INFO] rank: 1, local epoch 5, acc: 0.3966
[2024-02-22 22:36:22] [INFO] rank: 1, local epoch 6, acc: 0.3934
[2024-02-22 22:36:24] [INFO] rank: 1, local epoch 7, acc: 0.3958
[2024-02-22 22:36:27] [INFO] rank: 1, local epoch 8, acc: 0.3967
[2024-02-22 22:36:29] [INFO] rank: 1, local epoch 9, acc: 0.3940
[2024-02-22 22:36:31] [INFO] rank: 1, local epoch 10, acc: 0.3985
[2024-02-22 22:36:31] [INFO] [rank: 1, server epoch 2, client 3, local train]
[2024-02-22 22:36:34] [INFO] rank: 1, local epoch 1, acc: 0.4031
[2024-02-22 22:36:36] [INFO] rank: 1, local epoch 2, acc: 0.4044
[2024-02-22 22:36:39] [INFO] rank: 1, local epoch 3, acc: 0.4083
[2024-02-22 22:36:41] [INFO] rank: 1, local epoch 4, acc: 0.4086
[2024-02-22 22:36:43] [INFO] rank: 1, local epoch 5, acc: 0.4161
[2024-02-22 22:36:46] [INFO] rank: 1, local epoch 6, acc: 0.4236
[2024-02-22 22:36:48] [INFO] rank: 1, local epoch 7, acc: 0.4290
[2024-02-22 22:36:51] [INFO] rank: 1, local epoch 8, acc: 0.4138
[2024-02-22 22:36:53] [INFO] rank: 1, local epoch 9, acc: 0.4126
[2024-02-22 22:36:55] [INFO] rank: 1, local epoch 10, acc: 0.4134
[2024-02-22 22:36:55] [INFO] [rank: 1, server epoch 2, client 4, local train]
[2024-02-22 22:36:58] [INFO] rank: 1, local epoch 1, acc: 0.3877
[2024-02-22 22:37:00] [INFO] rank: 1, local epoch 2, acc: 0.4125
[2024-02-22 22:37:03] [INFO] rank: 1, local epoch 3, acc: 0.4210
[2024-02-22 22:37:06] [INFO] rank: 1, local epoch 4, acc: 0.4181
[2024-02-22 22:37:09] [INFO] rank: 1, local epoch 5, acc: 0.4209
[2024-02-22 22:37:11] [INFO] rank: 1, local epoch 6, acc: 0.4208
[2024-02-22 22:37:14] [INFO] rank: 1, local epoch 7, acc: 0.4391
[2024-02-22 22:37:17] [INFO] rank: 1, local epoch 8, acc: 0.4421
[2024-02-22 22:37:19] [INFO] rank: 1, local epoch 9, acc: 0.4533
[2024-02-22 22:37:22] [INFO] rank: 1, local epoch 10, acc: 0.4443
[2024-02-22 22:37:22] [INFO] [rank: 1, server epoch 2, client 5, local train]
[2024-02-22 22:37:24] [INFO] rank: 1, local epoch 1, acc: 0.4528
[2024-02-22 22:37:27] [INFO] rank: 1, local epoch 2, acc: 0.4676
[2024-02-22 22:37:30] [INFO] rank: 1, local epoch 3, acc: 0.4565
[2024-02-22 22:37:33] [INFO] rank: 1, local epoch 4, acc: 0.4539
[2024-02-22 22:37:35] [INFO] rank: 1, local epoch 5, acc: 0.4596
[2024-02-22 22:37:38] [INFO] rank: 1, local epoch 6, acc: 0.4666
[2024-02-22 22:37:41] [INFO] rank: 1, local epoch 7, acc: 0.4754
[2024-02-22 22:37:43] [INFO] rank: 1, local epoch 8, acc: 0.4731
[2024-02-22 22:37:46] [INFO] rank: 1, local epoch 9, acc: 0.4754
[2024-02-22 22:37:48] [INFO] rank: 1, local epoch 10, acc: 0.4818
[2024-02-22 22:37:48] [INFO] [rank: 1, server epoch 2, client 6, local train]
[2024-02-22 22:37:51] [INFO] rank: 1, local epoch 1, acc: 0.4947
[2024-02-22 22:37:53] [INFO] rank: 1, local epoch 2, acc: 0.4735
[2024-02-22 22:37:56] [INFO] rank: 1, local epoch 3, acc: 0.5017
[2024-02-22 22:37:58] [INFO] rank: 1, local epoch 4, acc: 0.4872
[2024-02-22 22:38:01] [INFO] rank: 1, local epoch 5, acc: 0.4716
[2024-02-22 22:38:03] [INFO] rank: 1, local epoch 6, acc: 0.4980
