[2024-02-22 22:49:46] [INFO] hyper_fed2
      n_public_data  : 1000  
          seed       : 10000 
      local_epochs   :  10   
     distill_epochs  :  10   
       batch_size    :  160  
      server_epochs  :  20   
          alpha      :  1.0  
            a        :  1.0  
       temperature   :   5   
         dataset     :cifar10
     model_structure : cnn3  
[2024-02-22 22:50:21] [INFO] [rank: 0, server epoch 1, client 1, local train]
[2024-02-22 22:50:23] [INFO] rank: 0, local epoch 1, acc: 0.2074
[2024-02-22 22:50:26] [INFO] rank: 0, local epoch 2, acc: 0.2406
[2024-02-22 22:50:28] [INFO] rank: 0, local epoch 3, acc: 0.2687
[2024-02-22 22:50:30] [INFO] rank: 0, local epoch 4, acc: 0.2909
[2024-02-22 22:50:33] [INFO] rank: 0, local epoch 5, acc: 0.3079
[2024-02-22 22:50:35] [INFO] rank: 0, local epoch 6, acc: 0.3145
[2024-02-22 22:50:37] [INFO] rank: 0, local epoch 7, acc: 0.3039
[2024-02-22 22:50:39] [INFO] rank: 0, local epoch 8, acc: 0.3307
[2024-02-22 22:50:41] [INFO] rank: 0, local epoch 9, acc: 0.3367
[2024-02-22 22:50:44] [INFO] rank: 0, local epoch 10, acc: 0.3406
[2024-02-22 22:50:44] [INFO] [rank: 0, server epoch 1, client 2, local train]
[2024-02-22 22:50:46] [INFO] rank: 0, local epoch 1, acc: 0.1944
[2024-02-22 22:50:48] [INFO] rank: 0, local epoch 2, acc: 0.2357
[2024-02-22 22:50:50] [INFO] rank: 0, local epoch 3, acc: 0.2777
[2024-02-22 22:50:52] [INFO] rank: 0, local epoch 4, acc: 0.3054
[2024-02-22 22:50:54] [INFO] rank: 0, local epoch 5, acc: 0.3132
[2024-02-22 22:50:57] [INFO] rank: 0, local epoch 6, acc: 0.3193
[2024-02-22 22:50:59] [INFO] rank: 0, local epoch 7, acc: 0.3266
[2024-02-22 22:51:01] [INFO] rank: 0, local epoch 8, acc: 0.3308
[2024-02-22 22:51:03] [INFO] rank: 0, local epoch 9, acc: 0.3338
[2024-02-22 22:51:05] [INFO] rank: 0, local epoch 10, acc: 0.3399
[2024-02-22 22:51:05] [INFO] [rank: 0, server epoch 1, client 3, local train]
[2024-02-22 22:51:07] [INFO] rank: 0, local epoch 1, acc: 0.2112
[2024-02-22 22:51:09] [INFO] rank: 0, local epoch 2, acc: 0.2375
[2024-02-22 22:51:12] [INFO] rank: 0, local epoch 3, acc: 0.2577
[2024-02-22 22:51:14] [INFO] rank: 0, local epoch 4, acc: 0.2857
[2024-02-22 22:51:16] [INFO] rank: 0, local epoch 5, acc: 0.2978
[2024-02-22 22:51:18] [INFO] rank: 0, local epoch 6, acc: 0.3132
[2024-02-22 22:51:21] [INFO] rank: 0, local epoch 7, acc: 0.3353
[2024-02-22 22:51:23] [INFO] rank: 0, local epoch 8, acc: 0.3278
[2024-02-22 22:51:25] [INFO] rank: 0, local epoch 9, acc: 0.3310
[2024-02-22 22:51:27] [INFO] rank: 0, local epoch 10, acc: 0.3456
[2024-02-22 22:51:27] [INFO] [rank: 0, server epoch 1, client 4, local train]
[2024-02-22 22:51:30] [INFO] rank: 0, local epoch 1, acc: 0.1933
[2024-02-22 22:51:33] [INFO] rank: 0, local epoch 2, acc: 0.2805
[2024-02-22 22:51:35] [INFO] rank: 0, local epoch 3, acc: 0.3032
[2024-02-22 22:51:38] [INFO] rank: 0, local epoch 4, acc: 0.3272
[2024-02-22 22:51:40] [INFO] rank: 0, local epoch 5, acc: 0.3428
[2024-02-22 22:51:43] [INFO] rank: 0, local epoch 6, acc: 0.3610
[2024-02-22 22:51:46] [INFO] rank: 0, local epoch 7, acc: 0.3727
[2024-02-22 22:51:48] [INFO] rank: 0, local epoch 8, acc: 0.3799
[2024-02-22 22:51:50] [INFO] rank: 0, local epoch 9, acc: 0.3950
[2024-02-22 22:51:52] [INFO] rank: 0, local epoch 10, acc: 0.3932
[2024-02-22 22:51:52] [INFO] [rank: 0, server epoch 1, client 5, local train]
[2024-02-22 22:51:55] [INFO] rank: 0, local epoch 1, acc: 0.1989
[2024-02-22 22:51:57] [INFO] rank: 0, local epoch 2, acc: 0.2588
[2024-02-22 22:51:59] [INFO] rank: 0, local epoch 3, acc: 0.3106
[2024-02-22 22:52:01] [INFO] rank: 0, local epoch 4, acc: 0.3296
[2024-02-22 22:52:03] [INFO] rank: 0, local epoch 5, acc: 0.3318
[2024-02-22 22:52:05] [INFO] rank: 0, local epoch 6, acc: 0.3458
[2024-02-22 22:52:07] [INFO] rank: 0, local epoch 7, acc: 0.3674
[2024-02-22 22:52:10] [INFO] rank: 0, local epoch 8, acc: 0.3931
[2024-02-22 22:52:12] [INFO] rank: 0, local epoch 9, acc: 0.4015
[2024-02-22 22:52:14] [INFO] rank: 0, local epoch 10, acc: 0.3886
[2024-02-22 22:52:14] [INFO] [rank: 0, server epoch 1, client 6, local train]
[2024-02-22 22:52:17] [INFO] rank: 0, local epoch 1, acc: 0.1841
[2024-02-22 22:52:19] [INFO] rank: 0, local epoch 2, acc: 0.2764
[2024-02-22 22:52:22] [INFO] rank: 0, local epoch 3, acc: 0.3133
[2024-02-22 22:52:24] [INFO] rank: 0, local epoch 4, acc: 0.3222
[2024-02-22 22:52:27] [INFO] rank: 0, local epoch 5, acc: 0.3322
[2024-02-22 22:52:29] [INFO] rank: 0, local epoch 6, acc: 0.3410
[2024-02-22 22:52:31] [INFO] rank: 0, local epoch 7, acc: 0.3628
[2024-02-22 22:52:34] [INFO] rank: 0, local epoch 8, acc: 0.3697
[2024-02-22 22:52:36] [INFO] rank: 0, local epoch 9, acc: 0.3828
[2024-02-22 22:52:38] [INFO] rank: 0, local epoch 10, acc: 0.3921
[2024-02-22 22:52:38] [INFO] [rank: 0, server epoch 1, client 7, local train]
[2024-02-22 22:52:41] [INFO] rank: 0, local epoch 1, acc: 0.1896
[2024-02-22 22:52:43] [INFO] rank: 0, local epoch 2, acc: 0.2194
[2024-02-22 22:52:45] [INFO] rank: 0, local epoch 3, acc: 0.2604
[2024-02-22 22:52:48] [INFO] rank: 0, local epoch 4, acc: 0.2727
[2024-02-22 22:52:50] [INFO] rank: 0, local epoch 5, acc: 0.2667
[2024-02-22 22:52:52] [INFO] rank: 0, local epoch 6, acc: 0.2991
[2024-02-22 22:52:54] [INFO] rank: 0, local epoch 7, acc: 0.3229
[2024-02-22 22:52:56] [INFO] rank: 0, local epoch 8, acc: 0.3105
[2024-02-22 22:52:58] [INFO] rank: 0, local epoch 9, acc: 0.3326
[2024-02-22 22:53:01] [INFO] rank: 0, local epoch 10, acc: 0.3329
[2024-02-22 22:53:01] [INFO] [rank: 0, server epoch 1, client 8, local train]
[2024-02-22 22:53:03] [INFO] rank: 0, local epoch 1, acc: 0.1913
[2024-02-22 22:53:05] [INFO] rank: 0, local epoch 2, acc: 0.2127
[2024-02-22 22:53:07] [INFO] rank: 0, local epoch 3, acc: 0.2516
[2024-02-22 22:53:09] [INFO] rank: 0, local epoch 4, acc: 0.2783
[2024-02-22 22:53:11] [INFO] rank: 0, local epoch 5, acc: 0.3140
[2024-02-22 22:53:14] [INFO] rank: 0, local epoch 6, acc: 0.3004
[2024-02-22 22:53:16] [INFO] rank: 0, local epoch 7, acc: 0.2972
[2024-02-22 22:53:18] [INFO] rank: 0, local epoch 8, acc: 0.3225
[2024-02-22 22:53:21] [INFO] rank: 0, local epoch 9, acc: 0.3267
[2024-02-22 22:53:23] [INFO] rank: 0, local epoch 10, acc: 0.3305
[2024-02-22 22:53:23] [INFO] [rank: 0, server epoch 1, client 9, local train]
[2024-02-22 22:53:26] [INFO] rank: 0, local epoch 1, acc: 0.1935
[2024-02-22 22:53:28] [INFO] rank: 0, local epoch 2, acc: 0.2133
[2024-02-22 22:53:31] [INFO] rank: 0, local epoch 3, acc: 0.2394
[2024-02-22 22:53:33] [INFO] rank: 0, local epoch 4, acc: 0.2734
[2024-02-22 22:53:35] [INFO] rank: 0, local epoch 5, acc: 0.2845
[2024-02-22 22:53:37] [INFO] rank: 0, local epoch 6, acc: 0.3136
[2024-02-22 22:53:39] [INFO] rank: 0, local epoch 7, acc: 0.3042
[2024-02-22 22:53:42] [INFO] rank: 0, local epoch 8, acc: 0.3090
[2024-02-22 22:53:44] [INFO] rank: 0, local epoch 9, acc: 0.3093
[2024-02-22 22:53:46] [INFO] rank: 0, local epoch 10, acc: 0.3286
[2024-02-22 22:53:49] [INFO] [rank: 0, server epoch 1, distill train]
[2024-02-22 22:53:51] [INFO] rank: 0, server: 0, distill epoch 1, acc: 0.3538
[2024-02-22 22:53:53] [INFO] rank: 0, server: 0, distill epoch 2, acc: 0.3556
[2024-02-22 22:53:55] [INFO] rank: 0, server: 0, distill epoch 3, acc: 0.3507
[2024-02-22 22:53:57] [INFO] rank: 0, server: 0, distill epoch 4, acc: 0.3542
[2024-02-22 22:53:59] [INFO] rank: 0, server: 0, distill epoch 5, acc: 0.3620
[2024-02-22 22:54:01] [INFO] rank: 0, server: 0, distill epoch 6, acc: 0.3699
[2024-02-22 22:54:03] [INFO] rank: 0, server: 0, distill epoch 7, acc: 0.3640
[2024-02-22 22:54:05] [INFO] rank: 0, server: 0, distill epoch 8, acc: 0.3599
[2024-02-22 22:54:07] [INFO] rank: 0, server: 0, distill epoch 9, acc: 0.3502
[2024-02-22 22:54:09] [INFO] rank: 0, server: 0, distill epoch 10, acc: 0.3414
[2024-02-22 22:54:09] [INFO] [rank: 0, server epoch 1, distill train]
[2024-02-22 22:54:11] [INFO] rank: 0, server: 1, distill epoch 1, acc: 0.4080
[2024-02-22 22:54:13] [INFO] rank: 0, server: 1, distill epoch 2, acc: 0.4251
[2024-02-22 22:54:15] [INFO] rank: 0, server: 1, distill epoch 3, acc: 0.4273
[2024-02-22 22:54:18] [INFO] rank: 0, server: 1, distill epoch 4, acc: 0.4176
[2024-02-22 22:54:20] [INFO] rank: 0, server: 1, distill epoch 5, acc: 0.3907
[2024-02-22 22:54:22] [INFO] rank: 0, server: 1, distill epoch 6, acc: 0.3624
[2024-02-22 22:54:24] [INFO] rank: 0, server: 1, distill epoch 7, acc: 0.3366
[2024-02-22 22:54:26] [INFO] rank: 0, server: 1, distill epoch 8, acc: 0.3179
[2024-02-22 22:54:29] [INFO] rank: 0, server: 1, distill epoch 9, acc: 0.3039
[2024-02-22 22:54:31] [INFO] rank: 0, server: 1, distill epoch 10, acc: 0.2947
[2024-02-22 22:54:31] [INFO] [rank: 0, server epoch 1, distill train]
[2024-02-22 22:54:33] [INFO] rank: 0, server: 2, distill epoch 1, acc: 0.3407
[2024-02-22 22:54:35] [INFO] rank: 0, server: 2, distill epoch 2, acc: 0.3400
[2024-02-22 22:54:37] [INFO] rank: 0, server: 2, distill epoch 3, acc: 0.3347
[2024-02-22 22:54:39] [INFO] rank: 0, server: 2, distill epoch 4, acc: 0.3261
[2024-02-22 22:54:40] [INFO] rank: 0, server: 2, distill epoch 5, acc: 0.3243
[2024-02-22 22:54:42] [INFO] rank: 0, server: 2, distill epoch 6, acc: 0.3222
[2024-02-22 22:54:44] [INFO] rank: 0, server: 2, distill epoch 7, acc: 0.3204
[2024-02-22 22:54:46] [INFO] rank: 0, server: 2, distill epoch 8, acc: 0.3213
[2024-02-22 22:54:48] [INFO] rank: 0, server: 2, distill epoch 9, acc: 0.3219
[2024-02-22 22:54:50] [INFO] rank: 0, server: 2, distill epoch 10, acc: 0.3206
[2024-02-22 22:54:50] [INFO] [rank: 0, server epoch 2, client 1, local train]
[2024-02-22 22:54:53] [INFO] rank: 0, local epoch 1, acc: 0.3527
[2024-02-22 22:54:55] [INFO] rank: 0, local epoch 2, acc: 0.3455
[2024-02-22 22:54:57] [INFO] rank: 0, local epoch 3, acc: 0.3442
[2024-02-22 22:54:59] [INFO] rank: 0, local epoch 4, acc: 0.3463
[2024-02-22 22:55:01] [INFO] rank: 0, local epoch 5, acc: 0.3587
[2024-02-22 22:55:03] [INFO] rank: 0, local epoch 6, acc: 0.3643
[2024-02-22 22:55:05] [INFO] rank: 0, local epoch 7, acc: 0.3674
[2024-02-22 22:55:07] [INFO] rank: 0, local epoch 8, acc: 0.3774
[2024-02-22 22:55:10] [INFO] rank: 0, local epoch 9, acc: 0.3782
[2024-02-22 22:55:12] [INFO] rank: 0, local epoch 10, acc: 0.3818
[2024-02-22 22:55:12] [INFO] [rank: 0, server epoch 2, client 2, local train]
[2024-02-22 22:55:14] [INFO] rank: 0, local epoch 1, acc: 0.3799
[2024-02-22 22:55:17] [INFO] rank: 0, local epoch 2, acc: 0.3768
[2024-02-22 22:55:19] [INFO] rank: 0, local epoch 3, acc: 0.3786
[2024-02-22 22:55:21] [INFO] rank: 0, local epoch 4, acc: 0.3898
[2024-02-22 22:55:23] [INFO] rank: 0, local epoch 5, acc: 0.3966
[2024-02-22 22:55:26] [INFO] rank: 0, local epoch 6, acc: 0.3931
[2024-02-22 22:55:28] [INFO] rank: 0, local epoch 7, acc: 0.3951
[2024-02-22 22:55:30] [INFO] rank: 0, local epoch 8, acc: 0.3959
[2024-02-22 22:55:32] [INFO] rank: 0, local epoch 9, acc: 0.3946
[2024-02-22 22:55:34] [INFO] rank: 0, local epoch 10, acc: 0.3988
[2024-02-22 22:55:34] [INFO] [rank: 0, server epoch 2, client 3, local train]
[2024-02-22 22:55:37] [INFO] rank: 0, local epoch 1, acc: 0.4029
[2024-02-22 22:55:39] [INFO] rank: 0, local epoch 2, acc: 0.4058
[2024-02-22 22:55:41] [INFO] rank: 0, local epoch 3, acc: 0.4081
[2024-02-22 22:55:43] [INFO] rank: 0, local epoch 4, acc: 0.4095
[2024-02-22 22:55:45] [INFO] rank: 0, local epoch 5, acc: 0.4172
[2024-02-22 22:55:47] [INFO] rank: 0, local epoch 6, acc: 0.4232
[2024-02-22 22:55:49] [INFO] rank: 0, local epoch 7, acc: 0.4292
[2024-02-22 22:55:51] [INFO] rank: 0, local epoch 8, acc: 0.4140
[2024-02-22 22:55:54] [INFO] rank: 0, local epoch 9, acc: 0.4124
[2024-02-22 22:55:56] [INFO] rank: 0, local epoch 10, acc: 0.4139
[2024-02-22 22:55:56] [INFO] [rank: 0, server epoch 2, client 4, local train]
[2024-02-22 22:55:58] [INFO] rank: 0, local epoch 1, acc: 0.3873
[2024-02-22 22:56:00] [INFO] rank: 0, local epoch 2, acc: 0.4130
[2024-02-22 22:56:03] [INFO] rank: 0, local epoch 3, acc: 0.4214
[2024-02-22 22:56:05] [INFO] rank: 0, local epoch 4, acc: 0.4186
[2024-02-22 22:56:07] [INFO] rank: 0, local epoch 5, acc: 0.4210
[2024-02-22 22:56:10] [INFO] rank: 0, local epoch 6, acc: 0.4201
[2024-02-22 22:56:12] [INFO] rank: 0, local epoch 7, acc: 0.4369
[2024-02-22 22:56:15] [INFO] rank: 0, local epoch 8, acc: 0.4426
[2024-02-22 22:56:17] [INFO] rank: 0, local epoch 9, acc: 0.4528
[2024-02-22 22:56:19] [INFO] rank: 0, local epoch 10, acc: 0.4456
[2024-02-22 22:56:19] [INFO] [rank: 0, server epoch 2, client 5, local train]
[2024-02-22 22:56:22] [INFO] rank: 0, local epoch 1, acc: 0.4526
[2024-02-22 22:56:24] [INFO] rank: 0, local epoch 2, acc: 0.4691
[2024-02-22 22:56:27] [INFO] rank: 0, local epoch 3, acc: 0.4570
[2024-02-22 22:56:29] [INFO] rank: 0, local epoch 4, acc: 0.4534
[2024-02-22 22:56:32] [INFO] rank: 0, local epoch 5, acc: 0.4599
[2024-02-22 22:56:34] [INFO] rank: 0, local epoch 6, acc: 0.4662
[2024-02-22 22:56:36] [INFO] rank: 0, local epoch 7, acc: 0.4772
[2024-02-22 22:56:39] [INFO] rank: 0, local epoch 8, acc: 0.4742
[2024-02-22 22:56:41] [INFO] rank: 0, local epoch 9, acc: 0.4765
[2024-02-22 22:56:43] [INFO] rank: 0, local epoch 10, acc: 0.4818
[2024-02-22 22:56:43] [INFO] [rank: 0, server epoch 2, client 6, local train]
[2024-02-22 22:56:45] [INFO] rank: 0, local epoch 1, acc: 0.4947
[2024-02-22 22:56:47] [INFO] rank: 0, local epoch 2, acc: 0.4746
[2024-02-22 22:56:50] [INFO] rank: 0, local epoch 3, acc: 0.5030
[2024-02-22 22:56:52] [INFO] rank: 0, local epoch 4, acc: 0.4874
[2024-02-22 22:56:54] [INFO] rank: 0, local epoch 5, acc: 0.4733
[2024-02-22 22:56:56] [INFO] rank: 0, local epoch 6, acc: 0.5011
[2024-02-22 22:56:59] [INFO] rank: 0, local epoch 7, acc: 0.4893
[2024-02-22 22:57:01] [INFO] rank: 0, local epoch 8, acc: 0.5042
[2024-02-22 22:57:03] [INFO] rank: 0, local epoch 9, acc: 0.5007
[2024-02-22 22:57:06] [INFO] rank: 0, local epoch 10, acc: 0.5130
[2024-02-22 22:57:06] [INFO] [rank: 0, server epoch 2, client 7, local train]
[2024-02-22 22:57:08] [INFO] rank: 0, local epoch 1, acc: 0.3129
[2024-02-22 22:57:10] [INFO] rank: 0, local epoch 2, acc: 0.3421
[2024-02-22 22:57:12] [INFO] rank: 0, local epoch 3, acc: 0.3403
[2024-02-22 22:57:15] [INFO] rank: 0, local epoch 4, acc: 0.3511
[2024-02-22 22:57:17] [INFO] rank: 0, local epoch 5, acc: 0.3436
[2024-02-22 22:57:20] [INFO] rank: 0, local epoch 6, acc: 0.3622
[2024-02-22 22:57:22] [INFO] rank: 0, local epoch 7, acc: 0.3613
[2024-02-22 22:57:25] [INFO] rank: 0, local epoch 8, acc: 0.3635
[2024-02-22 22:57:27] [INFO] rank: 0, local epoch 9, acc: 0.3720
[2024-02-22 22:57:30] [INFO] rank: 0, local epoch 10, acc: 0.3675
[2024-02-22 22:57:30] [INFO] [rank: 0, server epoch 2, client 8, local train]
[2024-02-22 22:57:32] [INFO] rank: 0, local epoch 1, acc: 0.3936
[2024-02-22 22:57:34] [INFO] rank: 0, local epoch 2, acc: 0.3835
[2024-02-22 22:57:37] [INFO] rank: 0, local epoch 3, acc: 0.3975
[2024-02-22 22:57:39] [INFO] rank: 0, local epoch 4, acc: 0.3989
[2024-02-22 22:57:41] [INFO] rank: 0, local epoch 5, acc: 0.4124
[2024-02-22 22:57:43] [INFO] rank: 0, local epoch 6, acc: 0.4119
[2024-02-22 22:57:45] [INFO] rank: 0, local epoch 7, acc: 0.4020
[2024-02-22 22:57:48] [INFO] rank: 0, local epoch 8, acc: 0.4187
[2024-02-22 22:57:50] [INFO] rank: 0, local epoch 9, acc: 0.4317
[2024-02-22 22:57:52] [INFO] rank: 0, local epoch 10, acc: 0.4062
[2024-02-22 22:57:52] [INFO] [rank: 0, server epoch 2, client 9, local train]
[2024-02-22 22:57:55] [INFO] rank: 0, local epoch 1, acc: 0.4194
[2024-02-22 22:57:57] [INFO] rank: 0, local epoch 2, acc: 0.4175
[2024-02-22 22:57:59] [INFO] rank: 0, local epoch 3, acc: 0.4506
[2024-02-22 22:58:01] [INFO] rank: 0, local epoch 4, acc: 0.4266
[2024-02-22 22:58:03] [INFO] rank: 0, local epoch 5, acc: 0.4176
[2024-02-22 22:58:05] [INFO] rank: 0, local epoch 6, acc: 0.4287
[2024-02-22 22:58:08] [INFO] rank: 0, local epoch 7, acc: 0.4319
[2024-02-22 22:58:10] [INFO] rank: 0, local epoch 8, acc: 0.4201
[2024-02-22 22:58:12] [INFO] rank: 0, local epoch 9, acc: 0.4434
[2024-02-22 22:58:15] [INFO] rank: 0, local epoch 10, acc: 0.4546
[2024-02-22 22:58:19] [INFO] [rank: 0, server epoch 2, distill train]
[2024-02-22 22:58:21] [INFO] rank: 0, server: 0, distill epoch 1, acc: 0.4145
[2024-02-22 22:58:23] [INFO] rank: 0, server: 0, distill epoch 2, acc: 0.4227
[2024-02-22 22:58:26] [INFO] rank: 0, server: 0, distill epoch 3, acc: 0.4363
[2024-02-22 22:58:28] [INFO] rank: 0, server: 0, distill epoch 4, acc: 0.4551
[2024-02-22 22:58:30] [INFO] rank: 0, server: 0, distill epoch 5, acc: 0.4566
[2024-02-22 22:58:32] [INFO] rank: 0, server: 0, distill epoch 6, acc: 0.4438
[2024-02-22 22:58:34] [INFO] rank: 0, server: 0, distill epoch 7, acc: 0.4261
[2024-02-22 22:58:36] [INFO] rank: 0, server: 0, distill epoch 8, acc: 0.4144
[2024-02-22 22:58:38] [INFO] rank: 0, server: 0, distill epoch 9, acc: 0.4072
[2024-02-22 22:58:40] [INFO] rank: 0, server: 0, distill epoch 10, acc: 0.4044
[2024-02-22 22:58:40] [INFO] [rank: 0, server epoch 2, distill train]
[2024-02-22 22:58:42] [INFO] rank: 0, server: 1, distill epoch 1, acc: 0.4991
[2024-02-22 22:58:44] [INFO] rank: 0, server: 1, distill epoch 2, acc: 0.4848
[2024-02-22 22:58:46] [INFO] rank: 0, server: 1, distill epoch 3, acc: 0.4621
[2024-02-22 22:58:48] [INFO] rank: 0, server: 1, distill epoch 4, acc: 0.4519
[2024-02-22 22:58:50] [INFO] rank: 0, server: 1, distill epoch 5, acc: 0.4407
[2024-02-22 22:58:52] [INFO] rank: 0, server: 1, distill epoch 6, acc: 0.4282
[2024-02-22 22:58:54] [INFO] rank: 0, server: 1, distill epoch 7, acc: 0.4101
[2024-02-22 22:58:56] [INFO] rank: 0, server: 1, distill epoch 8, acc: 0.3971
[2024-02-22 22:58:58] [INFO] rank: 0, server: 1, distill epoch 9, acc: 0.3933
[2024-02-22 22:59:00] [INFO] rank: 0, server: 1, distill epoch 10, acc: 0.3912
[2024-02-22 22:59:00] [INFO] [rank: 0, server epoch 2, distill train]
[2024-02-22 22:59:02] [INFO] rank: 0, server: 2, distill epoch 1, acc: 0.4349
[2024-02-22 22:59:04] [INFO] rank: 0, server: 2, distill epoch 2, acc: 0.4085
[2024-02-22 22:59:06] [INFO] rank: 0, server: 2, distill epoch 3, acc: 0.3906
[2024-02-22 22:59:08] [INFO] rank: 0, server: 2, distill epoch 4, acc: 0.3816
[2024-02-22 22:59:10] [INFO] rank: 0, server: 2, distill epoch 5, acc: 0.3826
[2024-02-22 22:59:11] [INFO] rank: 0, server: 2, distill epoch 6, acc: 0.3925
[2024-02-22 22:59:14] [INFO] rank: 0, server: 2, distill epoch 7, acc: 0.4092
[2024-02-22 22:59:16] [INFO] rank: 0, server: 2, distill epoch 8, acc: 0.4230
[2024-02-22 22:59:18] [INFO] rank: 0, server: 2, distill epoch 9, acc: 0.4299
[2024-02-22 22:59:20] [INFO] rank: 0, server: 2, distill epoch 10, acc: 0.4305
[2024-02-22 22:59:20] [INFO] [rank: 0, server epoch 3, client 1, local train]
[2024-02-22 22:59:23] [INFO] rank: 0, local epoch 1, acc: 0.3927
[2024-02-22 22:59:25] [INFO] rank: 0, local epoch 2, acc: 0.4077
[2024-02-22 22:59:27] [INFO] rank: 0, local epoch 3, acc: 0.4049
[2024-02-22 22:59:30] [INFO] rank: 0, local epoch 4, acc: 0.4100
[2024-02-22 22:59:32] [INFO] rank: 0, local epoch 5, acc: 0.4124
[2024-02-22 22:59:34] [INFO] rank: 0, local epoch 6, acc: 0.4176
[2024-02-22 22:59:36] [INFO] rank: 0, local epoch 7, acc: 0.4251
[2024-02-22 22:59:38] [INFO] rank: 0, local epoch 8, acc: 0.4114
[2024-02-22 22:59:40] [INFO] rank: 0, local epoch 9, acc: 0.4167
[2024-02-22 22:59:43] [INFO] rank: 0, local epoch 10, acc: 0.4253
[2024-02-22 22:59:43] [INFO] [rank: 0, server epoch 3, client 2, local train]
[2024-02-22 22:59:45] [INFO] rank: 0, local epoch 1, acc: 0.4271
[2024-02-22 22:59:47] [INFO] rank: 0, local epoch 2, acc: 0.4260
[2024-02-22 22:59:49] [INFO] rank: 0, local epoch 3, acc: 0.4237
[2024-02-22 22:59:51] [INFO] rank: 0, local epoch 4, acc: 0.4390
[2024-02-22 22:59:53] [INFO] rank: 0, local epoch 5, acc: 0.4256
[2024-02-22 22:59:55] [INFO] rank: 0, local epoch 6, acc: 0.4376
[2024-02-22 22:59:57] [INFO] rank: 0, local epoch 7, acc: 0.4268
[2024-02-22 23:00:00] [INFO] rank: 0, local epoch 8, acc: 0.4343
[2024-02-22 23:00:02] [INFO] rank: 0, local epoch 9, acc: 0.4382
[2024-02-22 23:00:04] [INFO] rank: 0, local epoch 10, acc: 0.4394
[2024-02-22 23:00:04] [INFO] [rank: 0, server epoch 3, client 3, local train]
[2024-02-22 23:00:06] [INFO] rank: 0, local epoch 1, acc: 0.4490
[2024-02-22 23:00:08] [INFO] rank: 0, local epoch 2, acc: 0.4338
[2024-02-22 23:00:10] [INFO] rank: 0, local epoch 3, acc: 0.4278
[2024-02-22 23:00:13] [INFO] rank: 0, local epoch 4, acc: 0.4363
[2024-02-22 23:00:15] [INFO] rank: 0, local epoch 5, acc: 0.4385
[2024-02-22 23:00:18] [INFO] rank: 0, local epoch 6, acc: 0.4513
[2024-02-22 23:00:20] [INFO] rank: 0, local epoch 7, acc: 0.4444
[2024-02-22 23:00:22] [INFO] rank: 0, local epoch 8, acc: 0.4301
[2024-02-22 23:00:25] [INFO] rank: 0, local epoch 9, acc: 0.4508
[2024-02-22 23:00:27] [INFO] rank: 0, local epoch 10, acc: 0.4563
[2024-02-22 23:00:27] [INFO] [rank: 0, server epoch 3, client 4, local train]
[2024-02-22 23:00:30] [INFO] rank: 0, local epoch 1, acc: 0.4871
[2024-02-22 23:00:32] [INFO] rank: 0, local epoch 2, acc: 0.4867
[2024-02-22 23:00:34] [INFO] rank: 0, local epoch 3, acc: 0.5020
[2024-02-22 23:00:36] [INFO] rank: 0, local epoch 4, acc: 0.4885
[2024-02-22 23:00:38] [INFO] rank: 0, local epoch 5, acc: 0.4802
[2024-02-22 23:00:41] [INFO] rank: 0, local epoch 6, acc: 0.5012
[2024-02-22 23:00:43] [INFO] rank: 0, local epoch 7, acc: 0.5009
[2024-02-22 23:00:45] [INFO] rank: 0, local epoch 8, acc: 0.5014
[2024-02-22 23:00:47] [INFO] rank: 0, local epoch 9, acc: 0.5059
[2024-02-22 23:00:49] [INFO] rank: 0, local epoch 10, acc: 0.5043
[2024-02-22 23:00:49] [INFO] [rank: 0, server epoch 3, client 5, local train]
[2024-02-22 23:00:52] [INFO] rank: 0, local epoch 1, acc: 0.4969
[2024-02-22 23:00:54] [INFO] rank: 0, local epoch 2, acc: 0.4993
[2024-02-22 23:00:56] [INFO] rank: 0, local epoch 3, acc: 0.5038
[2024-02-22 23:00:59] [INFO] rank: 0, local epoch 4, acc: 0.5064
[2024-02-22 23:01:01] [INFO] rank: 0, local epoch 5, acc: 0.5074
[2024-02-22 23:01:03] [INFO] rank: 0, local epoch 6, acc: 0.5119
[2024-02-22 23:01:05] [INFO] rank: 0, local epoch 7, acc: 0.5165
[2024-02-22 23:01:08] [INFO] rank: 0, local epoch 8, acc: 0.5125
[2024-02-22 23:01:10] [INFO] rank: 0, local epoch 9, acc: 0.5284
[2024-02-22 23:01:12] [INFO] rank: 0, local epoch 10, acc: 0.5216
[2024-02-22 23:01:12] [INFO] [rank: 0, server epoch 3, client 6, local train]
[2024-02-22 23:01:15] [INFO] rank: 0, local epoch 1, acc: 0.5235
[2024-02-22 23:01:18] [INFO] rank: 0, local epoch 2, acc: 0.5261
[2024-02-22 23:01:20] [INFO] rank: 0, local epoch 3, acc: 0.5328
[2024-02-22 23:01:23] [INFO] rank: 0, local epoch 4, acc: 0.5201
[2024-02-22 23:01:25] [INFO] rank: 0, local epoch 5, acc: 0.5309
[2024-02-22 23:01:27] [INFO] rank: 0, local epoch 6, acc: 0.5242
[2024-02-22 23:01:30] [INFO] rank: 0, local epoch 7, acc: 0.5338
[2024-02-22 23:01:32] [INFO] rank: 0, local epoch 8, acc: 0.5302
[2024-02-22 23:01:35] [INFO] rank: 0, local epoch 9, acc: 0.5352
[2024-02-22 23:01:37] [INFO] rank: 0, local epoch 10, acc: 0.5336
[2024-02-22 23:01:37] [INFO] [rank: 0, server epoch 3, client 7, local train]
[2024-02-22 23:01:40] [INFO] rank: 0, local epoch 1, acc: 0.4409
[2024-02-22 23:01:42] [INFO] rank: 0, local epoch 2, acc: 0.4201
[2024-02-22 23:01:44] [INFO] rank: 0, local epoch 3, acc: 0.4276
[2024-02-22 23:01:46] [INFO] rank: 0, local epoch 4, acc: 0.4338
[2024-02-22 23:01:49] [INFO] rank: 0, local epoch 5, acc: 0.4349
[2024-02-22 23:01:51] [INFO] rank: 0, local epoch 6, acc: 0.4369
[2024-02-22 23:01:53] [INFO] rank: 0, local epoch 7, acc: 0.4429
[2024-02-22 23:01:56] [INFO] rank: 0, local epoch 8, acc: 0.4355
[2024-02-22 23:01:58] [INFO] rank: 0, local epoch 9, acc: 0.4387
[2024-02-22 23:02:00] [INFO] rank: 0, local epoch 10, acc: 0.4435
[2024-02-22 23:02:00] [INFO] [rank: 0, server epoch 3, client 8, local train]
[2024-02-22 23:02:02] [INFO] rank: 0, local epoch 1, acc: 0.4431
[2024-02-22 23:02:05] [INFO] rank: 0, local epoch 2, acc: 0.4638
[2024-02-22 23:02:07] [INFO] rank: 0, local epoch 3, acc: 0.4572
[2024-02-22 23:02:09] [INFO] rank: 0, local epoch 4, acc: 0.4533
[2024-02-22 23:02:12] [INFO] rank: 0, local epoch 5, acc: 0.4692
[2024-02-22 23:02:14] [INFO] rank: 0, local epoch 6, acc: 0.4694
[2024-02-22 23:02:17] [INFO] rank: 0, local epoch 7, acc: 0.4636
[2024-02-22 23:02:19] [INFO] rank: 0, local epoch 8, acc: 0.4660
[2024-02-22 23:02:22] [INFO] rank: 0, local epoch 9, acc: 0.4495
[2024-02-22 23:02:24] [INFO] rank: 0, local epoch 10, acc: 0.4695
[2024-02-22 23:02:24] [INFO] [rank: 0, server epoch 3, client 9, local train]
[2024-02-22 23:02:27] [INFO] rank: 0, local epoch 1, acc: 0.4672
[2024-02-22 23:02:29] [INFO] rank: 0, local epoch 2, acc: 0.4622
[2024-02-22 23:02:31] [INFO] rank: 0, local epoch 3, acc: 0.4536
[2024-02-22 23:02:33] [INFO] rank: 0, local epoch 4, acc: 0.4786
[2024-02-22 23:02:36] [INFO] rank: 0, local epoch 5, acc: 0.4710
[2024-02-22 23:02:38] [INFO] rank: 0, local epoch 6, acc: 0.4526
[2024-02-22 23:02:40] [INFO] rank: 0, local epoch 7, acc: 0.4839
[2024-02-22 23:02:42] [INFO] rank: 0, local epoch 8, acc: 0.4721
[2024-02-22 23:02:44] [INFO] rank: 0, local epoch 9, acc: 0.4727
[2024-02-22 23:02:46] [INFO] rank: 0, local epoch 10, acc: 0.4582
[2024-02-22 23:02:50] [INFO] [rank: 0, server epoch 3, distill train]
[2024-02-22 23:02:52] [INFO] rank: 0, server: 0, distill epoch 1, acc: 0.4630
[2024-02-22 23:02:54] [INFO] rank: 0, server: 0, distill epoch 2, acc: 0.4832
[2024-02-22 23:02:56] [INFO] rank: 0, server: 0, distill epoch 3, acc: 0.5022
[2024-02-22 23:02:58] [INFO] rank: 0, server: 0, distill epoch 4, acc: 0.5055
[2024-02-22 23:03:00] [INFO] rank: 0, server: 0, distill epoch 5, acc: 0.4863
[2024-02-22 23:03:02] [INFO] rank: 0, server: 0, distill epoch 6, acc: 0.4732
[2024-02-22 23:03:03] [INFO] rank: 0, server: 0, distill epoch 7, acc: 0.4632
[2024-02-22 23:03:05] [INFO] rank: 0, server: 0, distill epoch 8, acc: 0.4581
[2024-02-22 23:03:07] [INFO] rank: 0, server: 0, distill epoch 9, acc: 0.4579
[2024-02-22 23:03:09] [INFO] rank: 0, server: 0, distill epoch 10, acc: 0.4611
[2024-02-22 23:03:09] [INFO] [rank: 0, server epoch 3, distill train]
[2024-02-22 23:03:11] [INFO] rank: 0, server: 1, distill epoch 1, acc: 0.5324
[2024-02-22 23:03:14] [INFO] rank: 0, server: 1, distill epoch 2, acc: 0.5245
[2024-02-22 23:03:16] [INFO] rank: 0, server: 1, distill epoch 3, acc: 0.5232
[2024-02-22 23:03:18] [INFO] rank: 0, server: 1, distill epoch 4, acc: 0.5159
[2024-02-22 23:03:20] [INFO] rank: 0, server: 1, distill epoch 5, acc: 0.4918
[2024-02-22 23:03:23] [INFO] rank: 0, server: 1, distill epoch 6, acc: 0.4684
[2024-02-22 23:03:25] [INFO] rank: 0, server: 1, distill epoch 7, acc: 0.4470
[2024-02-22 23:03:27] [INFO] rank: 0, server: 1, distill epoch 8, acc: 0.4368
[2024-02-22 23:03:30] [INFO] rank: 0, server: 1, distill epoch 9, acc: 0.4312
[2024-02-22 23:03:32] [INFO] rank: 0, server: 1, distill epoch 10, acc: 0.4309
[2024-02-22 23:03:32] [INFO] [rank: 0, server epoch 3, distill train]
[2024-02-22 23:03:34] [INFO] rank: 0, server: 2, distill epoch 1, acc: 0.4915
[2024-02-22 23:03:36] [INFO] rank: 0, server: 2, distill epoch 2, acc: 0.4657
[2024-02-22 23:03:38] [INFO] rank: 0, server: 2, distill epoch 3, acc: 0.4619
[2024-02-22 23:03:40] [INFO] rank: 0, server: 2, distill epoch 4, acc: 0.4642
[2024-02-22 23:03:42] [INFO] rank: 0, server: 2, distill epoch 5, acc: 0.4748
[2024-02-22 23:03:44] [INFO] rank: 0, server: 2, distill epoch 6, acc: 0.4857
[2024-02-22 23:03:46] [INFO] rank: 0, server: 2, distill epoch 7, acc: 0.4884
[2024-02-22 23:03:48] [INFO] rank: 0, server: 2, distill epoch 8, acc: 0.4877
[2024-02-22 23:03:50] [INFO] rank: 0, server: 2, distill epoch 9, acc: 0.4846
[2024-02-22 23:03:52] [INFO] rank: 0, server: 2, distill epoch 10, acc: 0.4794
[2024-02-22 23:03:52] [INFO] [rank: 0, server epoch 4, client 1, local train]
[2024-02-22 23:03:54] [INFO] rank: 0, local epoch 1, acc: 0.4214
[2024-02-22 23:03:56] [INFO] rank: 0, local epoch 2, acc: 0.4487
[2024-02-22 23:03:58] [INFO] rank: 0, local epoch 3, acc: 0.4535
[2024-02-22 23:04:01] [INFO] rank: 0, local epoch 4, acc: 0.4424
[2024-02-22 23:04:03] [INFO] rank: 0, local epoch 5, acc: 0.4462
[2024-02-22 23:04:05] [INFO] rank: 0, local epoch 6, acc: 0.4569
[2024-02-22 23:04:07] [INFO] rank: 0, local epoch 7, acc: 0.4595
[2024-02-22 23:04:09] [INFO] rank: 0, local epoch 8, acc: 0.4629
[2024-02-22 23:04:11] [INFO] rank: 0, local epoch 9, acc: 0.4480
[2024-02-22 23:04:13] [INFO] rank: 0, local epoch 10, acc: 0.4514
[2024-02-22 23:04:13] [INFO] [rank: 0, server epoch 4, client 2, local train]
[2024-02-22 23:04:16] [INFO] rank: 0, local epoch 1, acc: 0.4578
[2024-02-22 23:04:18] [INFO] rank: 0, local epoch 2, acc: 0.4564
[2024-02-22 23:04:20] [INFO] rank: 0, local epoch 3, acc: 0.4538
[2024-02-22 23:04:23] [INFO] rank: 0, local epoch 4, acc: 0.4577
[2024-02-22 23:04:25] [INFO] rank: 0, local epoch 5, acc: 0.4434
[2024-02-22 23:04:27] [INFO] rank: 0, local epoch 6, acc: 0.4562
[2024-02-22 23:04:30] [INFO] rank: 0, local epoch 7, acc: 0.4612
[2024-02-22 23:04:32] [INFO] rank: 0, local epoch 8, acc: 0.4624
[2024-02-22 23:04:34] [INFO] rank: 0, local epoch 9, acc: 0.4588
[2024-02-22 23:04:36] [INFO] rank: 0, local epoch 10, acc: 0.4595
[2024-02-22 23:04:36] [INFO] [rank: 0, server epoch 4, client 3, local train]
[2024-02-22 23:04:38] [INFO] rank: 0, local epoch 1, acc: 0.4535
[2024-02-22 23:04:41] [INFO] rank: 0, local epoch 2, acc: 0.4571
[2024-02-22 23:04:43] [INFO] rank: 0, local epoch 3, acc: 0.4628
[2024-02-22 23:04:45] [INFO] rank: 0, local epoch 4, acc: 0.4564
[2024-02-22 23:04:47] [INFO] rank: 0, local epoch 5, acc: 0.4739
[2024-02-22 23:04:49] [INFO] rank: 0, local epoch 6, acc: 0.4694
[2024-02-22 23:04:52] [INFO] rank: 0, local epoch 7, acc: 0.4575
[2024-02-22 23:04:54] [INFO] rank: 0, local epoch 8, acc: 0.4662
[2024-02-22 23:04:56] [INFO] rank: 0, local epoch 9, acc: 0.4492
[2024-02-22 23:04:58] [INFO] rank: 0, local epoch 10, acc: 0.4760
[2024-02-22 23:04:58] [INFO] [rank: 0, server epoch 4, client 4, local train]
[2024-02-22 23:05:00] [INFO] rank: 0, local epoch 1, acc: 0.5233
[2024-02-22 23:05:02] [INFO] rank: 0, local epoch 2, acc: 0.5243
[2024-02-22 23:05:05] [INFO] rank: 0, local epoch 3, acc: 0.5316
[2024-02-22 23:05:07] [INFO] rank: 0, local epoch 4, acc: 0.5307
[2024-02-22 23:05:09] [INFO] rank: 0, local epoch 5, acc: 0.5364
[2024-02-22 23:05:11] [INFO] rank: 0, local epoch 6, acc: 0.5354
[2024-02-22 23:05:13] [INFO] rank: 0, local epoch 7, acc: 0.5280
[2024-02-22 23:05:16] [INFO] rank: 0, local epoch 8, acc: 0.5203
[2024-02-22 23:05:18] [INFO] rank: 0, local epoch 9, acc: 0.5277
[2024-02-22 23:05:21] [INFO] rank: 0, local epoch 10, acc: 0.5350
[2024-02-22 23:05:21] [INFO] [rank: 0, server epoch 4, client 5, local train]
[2024-02-22 23:05:23] [INFO] rank: 0, local epoch 1, acc: 0.5373
[2024-02-22 23:05:26] [INFO] rank: 0, local epoch 2, acc: 0.5235
[2024-02-22 23:05:28] [INFO] rank: 0, local epoch 3, acc: 0.5433
[2024-02-22 23:05:30] [INFO] rank: 0, local epoch 4, acc: 0.5338
[2024-02-22 23:05:32] [INFO] rank: 0, local epoch 5, acc: 0.5347
[2024-02-22 23:05:35] [INFO] rank: 0, local epoch 6, acc: 0.5493
[2024-02-22 23:05:37] [INFO] rank: 0, local epoch 7, acc: 0.5344
[2024-02-22 23:05:39] [INFO] rank: 0, local epoch 8, acc: 0.5261
[2024-02-22 23:05:41] [INFO] rank: 0, local epoch 9, acc: 0.5382
[2024-02-22 23:05:44] [INFO] rank: 0, local epoch 10, acc: 0.5357
[2024-02-22 23:05:44] [INFO] [rank: 0, server epoch 4, client 6, local train]
[2024-02-22 23:05:46] [INFO] rank: 0, local epoch 1, acc: 0.5443
[2024-02-22 23:05:48] [INFO] rank: 0, local epoch 2, acc: 0.5398
[2024-02-22 23:05:51] [INFO] rank: 0, local epoch 3, acc: 0.5365
[2024-02-22 23:05:53] [INFO] rank: 0, local epoch 4, acc: 0.5457
[2024-02-22 23:05:55] [INFO] rank: 0, local epoch 5, acc: 0.5436
[2024-02-22 23:05:57] [INFO] rank: 0, local epoch 6, acc: 0.5399
[2024-02-22 23:06:00] [INFO] rank: 0, local epoch 7, acc: 0.5432
[2024-02-22 23:06:02] [INFO] rank: 0, local epoch 8, acc: 0.5507
[2024-02-22 23:06:04] [INFO] rank: 0, local epoch 9, acc: 0.5419
[2024-02-22 23:06:06] [INFO] rank: 0, local epoch 10, acc: 0.5514
[2024-02-22 23:06:06] [INFO] [rank: 0, server epoch 4, client 7, local train]
[2024-02-22 23:06:09] [INFO] rank: 0, local epoch 1, acc: 0.4807
[2024-02-22 23:06:11] [INFO] rank: 0, local epoch 2, acc: 0.4678
[2024-02-22 23:06:13] [INFO] rank: 0, local epoch 3, acc: 0.4773
[2024-02-22 23:06:16] [INFO] rank: 0, local epoch 4, acc: 0.4740
[2024-02-22 23:06:18] [INFO] rank: 0, local epoch 5, acc: 0.4815
[2024-02-22 23:06:21] [INFO] rank: 0, local epoch 6, acc: 0.4759
[2024-02-22 23:06:23] [INFO] rank: 0, local epoch 7, acc: 0.4708
[2024-02-22 23:06:26] [INFO] rank: 0, local epoch 8, acc: 0.4597
[2024-02-22 23:06:28] [INFO] rank: 0, local epoch 9, acc: 0.4883
[2024-02-22 23:06:31] [INFO] rank: 0, local epoch 10, acc: 0.4941
[2024-02-22 23:06:31] [INFO] [rank: 0, server epoch 4, client 8, local train]
[2024-02-22 23:06:33] [INFO] rank: 0, local epoch 1, acc: 0.4898
[2024-02-22 23:06:35] [INFO] rank: 0, local epoch 2, acc: 0.4734
[2024-02-22 23:06:38] [INFO] rank: 0, local epoch 3, acc: 0.5071
[2024-02-22 23:06:41] [INFO] rank: 0, local epoch 4, acc: 0.4992
[2024-02-22 23:06:43] [INFO] rank: 0, local epoch 5, acc: 0.4824
[2024-02-22 23:06:45] [INFO] rank: 0, local epoch 6, acc: 0.5224
[2024-02-22 23:06:47] [INFO] rank: 0, local epoch 7, acc: 0.4903
[2024-02-22 23:06:50] [INFO] rank: 0, local epoch 8, acc: 0.4831
[2024-02-22 23:06:52] [INFO] rank: 0, local epoch 9, acc: 0.4973
[2024-02-22 23:06:55] [INFO] rank: 0, local epoch 10, acc: 0.5062
[2024-02-22 23:06:55] [INFO] [rank: 0, server epoch 4, client 9, local train]
[2024-02-22 23:06:57] [INFO] rank: 0, local epoch 1, acc: 0.4965
[2024-02-22 23:06:59] [INFO] rank: 0, local epoch 2, acc: 0.4927
[2024-02-22 23:07:02] [INFO] rank: 0, local epoch 3, acc: 0.4945
[2024-02-22 23:07:05] [INFO] rank: 0, local epoch 4, acc: 0.5032
[2024-02-22 23:07:07] [INFO] rank: 0, local epoch 5, acc: 0.4926
[2024-02-22 23:07:09] [INFO] rank: 0, local epoch 6, acc: 0.4880
[2024-02-22 23:07:12] [INFO] rank: 0, local epoch 7, acc: 0.5082
[2024-02-22 23:07:15] [INFO] rank: 0, local epoch 8, acc: 0.4922
[2024-02-22 23:07:18] [INFO] rank: 0, local epoch 9, acc: 0.4986
[2024-02-22 23:07:20] [INFO] rank: 0, local epoch 10, acc: 0.4996
[2024-02-22 23:07:24] [INFO] [rank: 0, server epoch 4, distill train]
[2024-02-22 23:07:26] [INFO] rank: 0, server: 0, distill epoch 1, acc: 0.4909
[2024-02-22 23:07:28] [INFO] rank: 0, server: 0, distill epoch 2, acc: 0.5088
[2024-02-22 23:07:31] [INFO] rank: 0, server: 0, distill epoch 3, acc: 0.5229
[2024-02-22 23:07:33] [INFO] rank: 0, server: 0, distill epoch 4, acc: 0.5217
[2024-02-22 23:07:34] [INFO] rank: 0, server: 0, distill epoch 5, acc: 0.5095
[2024-02-22 23:07:37] [INFO] rank: 0, server: 0, distill epoch 6, acc: 0.4947
[2024-02-22 23:07:38] [INFO] rank: 0, server: 0, distill epoch 7, acc: 0.4834
[2024-02-22 23:07:40] [INFO] rank: 0, server: 0, distill epoch 8, acc: 0.4814
[2024-02-22 23:07:42] [INFO] rank: 0, server: 0, distill epoch 9, acc: 0.4844
[2024-02-22 23:07:44] [INFO] rank: 0, server: 0, distill epoch 10, acc: 0.4886
[2024-02-22 23:07:44] [INFO] [rank: 0, server epoch 4, distill train]
[2024-02-22 23:07:46] [INFO] rank: 0, server: 1, distill epoch 1, acc: 0.5551
[2024-02-22 23:07:48] [INFO] rank: 0, server: 1, distill epoch 2, acc: 0.5399
[2024-02-22 23:07:50] [INFO] rank: 0, server: 1, distill epoch 3, acc: 0.5344
[2024-02-22 23:07:52] [INFO] rank: 0, server: 1, distill epoch 4, acc: 0.5240
[2024-02-22 23:07:54] [INFO] rank: 0, server: 1, distill epoch 5, acc: 0.5053
[2024-02-22 23:07:56] [INFO] rank: 0, server: 1, distill epoch 6, acc: 0.4863
[2024-02-22 23:07:58] [INFO] rank: 0, server: 1, distill epoch 7, acc: 0.4708
[2024-02-22 23:08:00] [INFO] rank: 0, server: 1, distill epoch 8, acc: 0.4638
[2024-02-22 23:08:02] [INFO] rank: 0, server: 1, distill epoch 9, acc: 0.4629
[2024-02-22 23:08:04] [INFO] rank: 0, server: 1, distill epoch 10, acc: 0.4654
[2024-02-22 23:08:04] [INFO] [rank: 0, server epoch 4, distill train]
[2024-02-22 23:08:06] [INFO] rank: 0, server: 2, distill epoch 1, acc: 0.5150
[2024-02-22 23:08:08] [INFO] rank: 0, server: 2, distill epoch 2, acc: 0.4955
[2024-02-22 23:08:09] [INFO] rank: 0, server: 2, distill epoch 3, acc: 0.4913
[2024-02-22 23:08:11] [INFO] rank: 0, server: 2, distill epoch 4, acc: 0.4959
[2024-02-22 23:08:14] [INFO] rank: 0, server: 2, distill epoch 5, acc: 0.5077
[2024-02-22 23:08:16] [INFO] rank: 0, server: 2, distill epoch 6, acc: 0.5145
[2024-02-22 23:08:18] [INFO] rank: 0, server: 2, distill epoch 7, acc: 0.5210
[2024-02-22 23:08:21] [INFO] rank: 0, server: 2, distill epoch 8, acc: 0.5152
[2024-02-22 23:08:23] [INFO] rank: 0, server: 2, distill epoch 9, acc: 0.5054
[2024-02-22 23:08:25] [INFO] rank: 0, server: 2, distill epoch 10, acc: 0.4925
[2024-02-22 23:08:25] [INFO] [rank: 0, server epoch 5, client 1, local train]
[2024-02-22 23:08:27] [INFO] rank: 0, local epoch 1, acc: 0.4598
[2024-02-22 23:08:30] [INFO] rank: 0, local epoch 2, acc: 0.4692
[2024-02-22 23:08:32] [INFO] rank: 0, local epoch 3, acc: 0.4733
[2024-02-22 23:08:34] [INFO] rank: 0, local epoch 4, acc: 0.4737
[2024-02-22 23:08:36] [INFO] rank: 0, local epoch 5, acc: 0.4629
[2024-02-22 23:08:39] [INFO] rank: 0, local epoch 6, acc: 0.4739
[2024-02-22 23:08:41] [INFO] rank: 0, local epoch 7, acc: 0.4621
[2024-02-22 23:08:43] [INFO] rank: 0, local epoch 8, acc: 0.4687
[2024-02-22 23:08:45] [INFO] rank: 0, local epoch 9, acc: 0.4658
[2024-02-22 23:08:48] [INFO] rank: 0, local epoch 10, acc: 0.4790
[2024-02-22 23:08:48] [INFO] [rank: 0, server epoch 5, client 2, local train]
[2024-02-22 23:08:50] [INFO] rank: 0, local epoch 1, acc: 0.4712
[2024-02-22 23:08:52] [INFO] rank: 0, local epoch 2, acc: 0.4861
[2024-02-22 23:08:54] [INFO] rank: 0, local epoch 3, acc: 0.4765
[2024-02-22 23:08:57] [INFO] rank: 0, local epoch 4, acc: 0.4784
[2024-02-22 23:08:59] [INFO] rank: 0, local epoch 5, acc: 0.4783
[2024-02-22 23:09:01] [INFO] rank: 0, local epoch 6, acc: 0.4705
[2024-02-22 23:09:04] [INFO] rank: 0, local epoch 7, acc: 0.4695
[2024-02-22 23:09:06] [INFO] rank: 0, local epoch 8, acc: 0.4738
[2024-02-22 23:09:08] [INFO] rank: 0, local epoch 9, acc: 0.4853
[2024-02-22 23:09:11] [INFO] rank: 0, local epoch 10, acc: 0.4803
[2024-02-22 23:09:11] [INFO] [rank: 0, server epoch 5, client 3, local train]
[2024-02-22 23:09:13] [INFO] rank: 0, local epoch 1, acc: 0.4730
[2024-02-22 23:09:15] [INFO] rank: 0, local epoch 2, acc: 0.4772
[2024-02-22 23:09:18] [INFO] rank: 0, local epoch 3, acc: 0.4851
[2024-02-22 23:09:20] [INFO] rank: 0, local epoch 4, acc: 0.4709
[2024-02-22 23:09:23] [INFO] rank: 0, local epoch 5, acc: 0.4845
[2024-02-22 23:09:25] [INFO] rank: 0, local epoch 6, acc: 0.4806
[2024-02-22 23:09:27] [INFO] rank: 0, local epoch 7, acc: 0.4676
[2024-02-22 23:09:30] [INFO] rank: 0, local epoch 8, acc: 0.4803
[2024-02-22 23:09:32] [INFO] rank: 0, local epoch 9, acc: 0.4777
[2024-02-22 23:09:35] [INFO] rank: 0, local epoch 10, acc: 0.4868
[2024-02-22 23:09:35] [INFO] [rank: 0, server epoch 5, client 4, local train]
[2024-02-22 23:09:37] [INFO] rank: 0, local epoch 1, acc: 0.5510
[2024-02-22 23:09:39] [INFO] rank: 0, local epoch 2, acc: 0.5534
[2024-02-22 23:09:42] [INFO] rank: 0, local epoch 3, acc: 0.5457
[2024-02-22 23:09:44] [INFO] rank: 0, local epoch 4, acc: 0.5450
[2024-02-22 23:09:46] [INFO] rank: 0, local epoch 5, acc: 0.5371
[2024-02-22 23:09:49] [INFO] rank: 0, local epoch 6, acc: 0.5449
[2024-02-22 23:09:51] [INFO] rank: 0, local epoch 7, acc: 0.5490
[2024-02-22 23:09:54] [INFO] rank: 0, local epoch 8, acc: 0.5459
[2024-02-22 23:09:56] [INFO] rank: 0, local epoch 9, acc: 0.5553
[2024-02-22 23:09:58] [INFO] rank: 0, local epoch 10, acc: 0.5491
[2024-02-22 23:09:58] [INFO] [rank: 0, server epoch 5, client 5, local train]
[2024-02-22 23:10:00] [INFO] rank: 0, local epoch 1, acc: 0.5323
[2024-02-22 23:10:03] [INFO] rank: 0, local epoch 2, acc: 0.5572
[2024-02-22 23:10:05] [INFO] rank: 0, local epoch 3, acc: 0.5529
[2024-02-22 23:10:07] [INFO] rank: 0, local epoch 4, acc: 0.5556
[2024-02-22 23:10:09] [INFO] rank: 0, local epoch 5, acc: 0.5444
[2024-02-22 23:10:12] [INFO] rank: 0, local epoch 6, acc: 0.5584
[2024-02-22 23:10:14] [INFO] rank: 0, local epoch 7, acc: 0.5549
[2024-02-22 23:10:17] [INFO] rank: 0, local epoch 8, acc: 0.5435
[2024-02-22 23:10:19] [INFO] rank: 0, local epoch 9, acc: 0.5447
[2024-02-22 23:10:22] [INFO] rank: 0, local epoch 10, acc: 0.5570
[2024-02-22 23:10:22] [INFO] [rank: 0, server epoch 5, client 6, local train]
[2024-02-22 23:10:25] [INFO] rank: 0, local epoch 1, acc: 0.5414
[2024-02-22 23:10:27] [INFO] rank: 0, local epoch 2, acc: 0.5565
[2024-02-22 23:10:30] [INFO] rank: 0, local epoch 3, acc: 0.5603
[2024-02-22 23:10:32] [INFO] rank: 0, local epoch 4, acc: 0.5679
[2024-02-22 23:10:34] [INFO] rank: 0, local epoch 5, acc: 0.5507
[2024-02-22 23:10:36] [INFO] rank: 0, local epoch 6, acc: 0.5557
[2024-02-22 23:10:39] [INFO] rank: 0, local epoch 7, acc: 0.5549
[2024-02-22 23:10:41] [INFO] rank: 0, local epoch 8, acc: 0.5581
[2024-02-22 23:10:43] [INFO] rank: 0, local epoch 9, acc: 0.5662
[2024-02-22 23:10:46] [INFO] rank: 0, local epoch 10, acc: 0.5438
[2024-02-22 23:10:46] [INFO] [rank: 0, server epoch 5, client 7, local train]
[2024-02-22 23:10:48] [INFO] rank: 0, local epoch 1, acc: 0.4893
[2024-02-22 23:10:50] [INFO] rank: 0, local epoch 2, acc: 0.5268
[2024-02-22 23:10:53] [INFO] rank: 0, local epoch 3, acc: 0.5037
[2024-02-22 23:10:55] [INFO] rank: 0, local epoch 4, acc: 0.5031
[2024-02-22 23:10:57] [INFO] rank: 0, local epoch 5, acc: 0.4959
[2024-02-22 23:10:59] [INFO] rank: 0, local epoch 6, acc: 0.4928
[2024-02-22 23:11:01] [INFO] rank: 0, local epoch 7, acc: 0.5114
[2024-02-22 23:11:04] [INFO] rank: 0, local epoch 8, acc: 0.5157
[2024-02-22 23:11:06] [INFO] rank: 0, local epoch 9, acc: 0.4988
[2024-02-22 23:11:08] [INFO] rank: 0, local epoch 10, acc: 0.5111
[2024-02-22 23:11:08] [INFO] [rank: 0, server epoch 5, client 8, local train]
[2024-02-22 23:11:10] [INFO] rank: 0, local epoch 1, acc: 0.5030
[2024-02-22 23:11:13] [INFO] rank: 0, local epoch 2, acc: 0.4901
[2024-02-22 23:11:15] [INFO] rank: 0, local epoch 3, acc: 0.5134
[2024-02-22 23:11:18] [INFO] rank: 0, local epoch 4, acc: 0.5294
[2024-02-22 23:11:20] [INFO] rank: 0, local epoch 5, acc: 0.5171
[2024-02-22 23:11:23] [INFO] rank: 0, local epoch 6, acc: 0.5265
[2024-02-22 23:11:25] [INFO] rank: 0, local epoch 7, acc: 0.5091
[2024-02-22 23:11:28] [INFO] rank: 0, local epoch 8, acc: 0.5254
[2024-02-22 23:11:30] [INFO] rank: 0, local epoch 9, acc: 0.5334
[2024-02-22 23:11:33] [INFO] rank: 0, local epoch 10, acc: 0.5059
[2024-02-22 23:11:33] [INFO] [rank: 0, server epoch 5, client 9, local train]
[2024-02-22 23:11:35] [INFO] rank: 0, local epoch 1, acc: 0.5019
[2024-02-22 23:11:37] [INFO] rank: 0, local epoch 2, acc: 0.5301
[2024-02-22 23:11:40] [INFO] rank: 0, local epoch 3, acc: 0.5313
[2024-02-22 23:11:42] [INFO] rank: 0, local epoch 4, acc: 0.5126
[2024-02-22 23:11:45] [INFO] rank: 0, local epoch 5, acc: 0.5096
[2024-02-22 23:11:47] [INFO] rank: 0, local epoch 6, acc: 0.5308
[2024-02-22 23:11:49] [INFO] rank: 0, local epoch 7, acc: 0.5115
[2024-02-22 23:11:51] [INFO] rank: 0, local epoch 8, acc: 0.5334
[2024-02-22 23:11:54] [INFO] rank: 0, local epoch 9, acc: 0.5458
[2024-02-22 23:11:56] [INFO] rank: 0, local epoch 10, acc: 0.5152
[2024-02-22 23:12:00] [INFO] [rank: 0, server epoch 5, distill train]
[2024-02-22 23:12:02] [INFO] rank: 0, server: 0, distill epoch 1, acc: 0.5188
[2024-02-22 23:12:04] [INFO] rank: 0, server: 0, distill epoch 2, acc: 0.5394
[2024-02-22 23:12:07] [INFO] rank: 0, server: 0, distill epoch 3, acc: 0.5440
[2024-02-22 23:12:09] [INFO] rank: 0, server: 0, distill epoch 4, acc: 0.5355
[2024-02-22 23:12:11] [INFO] rank: 0, server: 0, distill epoch 5, acc: 0.5146
[2024-02-22 23:12:13] [INFO] rank: 0, server: 0, distill epoch 6, acc: 0.4993
[2024-02-22 23:12:15] [INFO] rank: 0, server: 0, distill epoch 7, acc: 0.4953
[2024-02-22 23:12:18] [INFO] rank: 0, server: 0, distill epoch 8, acc: 0.4983
[2024-02-22 23:12:20] [INFO] rank: 0, server: 0, distill epoch 9, acc: 0.5035
[2024-02-22 23:12:23] [INFO] rank: 0, server: 0, distill epoch 10, acc: 0.5130
[2024-02-22 23:12:23] [INFO] [rank: 0, server epoch 5, distill train]
[2024-02-22 23:12:25] [INFO] rank: 0, server: 1, distill epoch 1, acc: 0.5599
[2024-02-22 23:12:27] [INFO] rank: 0, server: 1, distill epoch 2, acc: 0.5469
[2024-02-22 23:12:30] [INFO] rank: 0, server: 1, distill epoch 3, acc: 0.5398
[2024-02-22 23:12:32] [INFO] rank: 0, server: 1, distill epoch 4, acc: 0.5270
[2024-02-22 23:12:34] [INFO] rank: 0, server: 1, distill epoch 5, acc: 0.5072
[2024-02-22 23:12:36] [INFO] rank: 0, server: 1, distill epoch 6, acc: 0.4921
[2024-02-22 23:12:38] [INFO] rank: 0, server: 1, distill epoch 7, acc: 0.4845
[2024-02-22 23:12:40] [INFO] rank: 0, server: 1, distill epoch 8, acc: 0.4819
[2024-02-22 23:12:42] [INFO] rank: 0, server: 1, distill epoch 9, acc: 0.4858
[2024-02-22 23:12:44] [INFO] rank: 0, server: 1, distill epoch 10, acc: 0.4974
[2024-02-22 23:12:44] [INFO] [rank: 0, server epoch 5, distill train]
[2024-02-22 23:12:46] [INFO] rank: 0, server: 2, distill epoch 1, acc: 0.5384
[2024-02-22 23:12:48] [INFO] rank: 0, server: 2, distill epoch 2, acc: 0.5322
[2024-02-22 23:12:50] [INFO] rank: 0, server: 2, distill epoch 3, acc: 0.5285
[2024-02-22 23:12:52] [INFO] rank: 0, server: 2, distill epoch 4, acc: 0.5321
[2024-02-22 23:12:54] [INFO] rank: 0, server: 2, distill epoch 5, acc: 0.5408
[2024-02-22 23:12:56] [INFO] rank: 0, server: 2, distill epoch 6, acc: 0.5458
[2024-02-22 23:12:58] [INFO] rank: 0, server: 2, distill epoch 7, acc: 0.5470
[2024-02-22 23:13:00] [INFO] rank: 0, server: 2, distill epoch 8, acc: 0.5395
[2024-02-22 23:13:02] [INFO] rank: 0, server: 2, distill epoch 9, acc: 0.5283
[2024-02-22 23:13:04] [INFO] rank: 0, server: 2, distill epoch 10, acc: 0.5169
[2024-02-22 23:13:04] [INFO] [rank: 0, server epoch 6, client 1, local train]
[2024-02-22 23:13:06] [INFO] rank: 0, local epoch 1, acc: 0.4811
[2024-02-22 23:13:08] [INFO] rank: 0, local epoch 2, acc: 0.4796
[2024-02-22 23:13:10] [INFO] rank: 0, local epoch 3, acc: 0.4950
[2024-02-22 23:13:12] [INFO] rank: 0, local epoch 4, acc: 0.4954
[2024-02-22 23:13:15] [INFO] rank: 0, local epoch 5, acc: 0.5015
[2024-02-22 23:13:17] [INFO] rank: 0, local epoch 6, acc: 0.4902
[2024-02-22 23:13:19] [INFO] rank: 0, local epoch 7, acc: 0.4908
[2024-02-22 23:13:21] [INFO] rank: 0, local epoch 8, acc: 0.4898
[2024-02-22 23:13:23] [INFO] rank: 0, local epoch 9, acc: 0.4934
[2024-02-22 23:13:26] [INFO] rank: 0, local epoch 10, acc: 0.4937
[2024-02-22 23:13:26] [INFO] [rank: 0, server epoch 6, client 2, local train]
[2024-02-22 23:13:28] [INFO] rank: 0, local epoch 1, acc: 0.4831
[2024-02-22 23:13:30] [INFO] rank: 0, local epoch 2, acc: 0.4810
[2024-02-22 23:13:33] [INFO] rank: 0, local epoch 3, acc: 0.4732
[2024-02-22 23:13:35] [INFO] rank: 0, local epoch 4, acc: 0.4882
[2024-02-22 23:13:37] [INFO] rank: 0, local epoch 5, acc: 0.4826
[2024-02-22 23:13:39] [INFO] rank: 0, local epoch 6, acc: 0.4898
[2024-02-22 23:13:41] [INFO] rank: 0, local epoch 7, acc: 0.4787
[2024-02-22 23:13:43] [INFO] rank: 0, local epoch 8, acc: 0.4922
[2024-02-22 23:13:45] [INFO] rank: 0, local epoch 9, acc: 0.4861
[2024-02-22 23:13:48] [INFO] rank: 0, local epoch 10, acc: 0.4902
[2024-02-22 23:13:48] [INFO] [rank: 0, server epoch 6, client 3, local train]
[2024-02-22 23:13:50] [INFO] rank: 0, local epoch 1, acc: 0.4920
[2024-02-22 23:13:52] [INFO] rank: 0, local epoch 2, acc: 0.4856
[2024-02-22 23:13:54] [INFO] rank: 0, local epoch 3, acc: 0.4865
[2024-02-22 23:13:56] [INFO] rank: 0, local epoch 4, acc: 0.4933
[2024-02-22 23:13:58] [INFO] rank: 0, local epoch 5, acc: 0.4854
[2024-02-22 23:14:01] [INFO] rank: 0, local epoch 6, acc: 0.4865
[2024-02-22 23:14:03] [INFO] rank: 0, local epoch 7, acc: 0.4932
[2024-02-22 23:14:05] [INFO] rank: 0, local epoch 8, acc: 0.4868
[2024-02-22 23:14:07] [INFO] rank: 0, local epoch 9, acc: 0.4820
[2024-02-22 23:14:09] [INFO] rank: 0, local epoch 10, acc: 0.4939
[2024-02-22 23:14:09] [INFO] [rank: 0, server epoch 6, client 4, local train]
[2024-02-22 23:14:12] [INFO] rank: 0, local epoch 1, acc: 0.5785
[2024-02-22 23:14:14] [INFO] rank: 0, local epoch 2, acc: 0.5634
[2024-02-22 23:14:17] [INFO] rank: 0, local epoch 3, acc: 0.5621
[2024-02-22 23:14:19] [INFO] rank: 0, local epoch 4, acc: 0.5603
[2024-02-22 23:14:22] [INFO] rank: 0, local epoch 5, acc: 0.5613
[2024-02-22 23:14:25] [INFO] rank: 0, local epoch 6, acc: 0.5610
[2024-02-22 23:14:28] [INFO] rank: 0, local epoch 7, acc: 0.5584
[2024-02-22 23:14:30] [INFO] rank: 0, local epoch 8, acc: 0.5510
[2024-02-22 23:14:32] [INFO] rank: 0, local epoch 9, acc: 0.5633
[2024-02-22 23:14:35] [INFO] rank: 0, local epoch 10, acc: 0.5698
[2024-02-22 23:14:35] [INFO] [rank: 0, server epoch 6, client 5, local train]
[2024-02-22 23:14:38] [INFO] rank: 0, local epoch 1, acc: 0.5595
[2024-02-22 23:14:40] [INFO] rank: 0, local epoch 2, acc: 0.5626
[2024-02-22 23:14:43] [INFO] rank: 0, local epoch 3, acc: 0.5616
[2024-02-22 23:14:45] [INFO] rank: 0, local epoch 4, acc: 0.5624
