[2024-02-22 22:49:46] [INFO] hyper_fed2
      n_public_data  : 1000  
          seed       : 10000 
      local_epochs   :  10   
     distill_epochs  :  10   
       batch_size    :  160  
      server_epochs  :  20   
          alpha      :  1.0  
            a        :  1.0  
       temperature   :  10   
         dataset     :cifar10
     model_structure : cnn3  
[2024-02-22 22:50:20] [INFO] [rank: 1, server epoch 1, client 1, local train]
[2024-02-22 22:50:23] [INFO] rank: 1, local epoch 1, acc: 0.2074
[2024-02-22 22:50:25] [INFO] rank: 1, local epoch 2, acc: 0.2405
[2024-02-22 22:50:27] [INFO] rank: 1, local epoch 3, acc: 0.2683
[2024-02-22 22:50:30] [INFO] rank: 1, local epoch 4, acc: 0.2904
[2024-02-22 22:50:32] [INFO] rank: 1, local epoch 5, acc: 0.3083
[2024-02-22 22:50:34] [INFO] rank: 1, local epoch 6, acc: 0.3145
[2024-02-22 22:50:37] [INFO] rank: 1, local epoch 7, acc: 0.3043
[2024-02-22 22:50:39] [INFO] rank: 1, local epoch 8, acc: 0.3302
[2024-02-22 22:50:41] [INFO] rank: 1, local epoch 9, acc: 0.3374
[2024-02-22 22:50:43] [INFO] rank: 1, local epoch 10, acc: 0.3406
[2024-02-22 22:50:43] [INFO] [rank: 1, server epoch 1, client 2, local train]
[2024-02-22 22:50:46] [INFO] rank: 1, local epoch 1, acc: 0.1944
[2024-02-22 22:50:48] [INFO] rank: 1, local epoch 2, acc: 0.2357
[2024-02-22 22:50:50] [INFO] rank: 1, local epoch 3, acc: 0.2780
[2024-02-22 22:50:52] [INFO] rank: 1, local epoch 4, acc: 0.3056
[2024-02-22 22:50:54] [INFO] rank: 1, local epoch 5, acc: 0.3133
[2024-02-22 22:50:56] [INFO] rank: 1, local epoch 6, acc: 0.3198
[2024-02-22 22:50:58] [INFO] rank: 1, local epoch 7, acc: 0.3264
[2024-02-22 22:51:00] [INFO] rank: 1, local epoch 8, acc: 0.3323
[2024-02-22 22:51:03] [INFO] rank: 1, local epoch 9, acc: 0.3336
[2024-02-22 22:51:05] [INFO] rank: 1, local epoch 10, acc: 0.3398
[2024-02-22 22:51:05] [INFO] [rank: 1, server epoch 1, client 3, local train]
[2024-02-22 22:51:07] [INFO] rank: 1, local epoch 1, acc: 0.2113
[2024-02-22 22:51:09] [INFO] rank: 1, local epoch 2, acc: 0.2375
[2024-02-22 22:51:11] [INFO] rank: 1, local epoch 3, acc: 0.2578
[2024-02-22 22:51:14] [INFO] rank: 1, local epoch 4, acc: 0.2857
[2024-02-22 22:51:16] [INFO] rank: 1, local epoch 5, acc: 0.2970
[2024-02-22 22:51:18] [INFO] rank: 1, local epoch 6, acc: 0.3139
[2024-02-22 22:51:20] [INFO] rank: 1, local epoch 7, acc: 0.3357
[2024-02-22 22:51:23] [INFO] rank: 1, local epoch 8, acc: 0.3282
[2024-02-22 22:51:25] [INFO] rank: 1, local epoch 9, acc: 0.3311
[2024-02-22 22:51:28] [INFO] rank: 1, local epoch 10, acc: 0.3452
[2024-02-22 22:51:28] [INFO] [rank: 1, server epoch 1, client 4, local train]
[2024-02-22 22:51:31] [INFO] rank: 1, local epoch 1, acc: 0.1928
[2024-02-22 22:51:33] [INFO] rank: 1, local epoch 2, acc: 0.2790
[2024-02-22 22:51:36] [INFO] rank: 1, local epoch 3, acc: 0.3036
[2024-02-22 22:51:39] [INFO] rank: 1, local epoch 4, acc: 0.3269
[2024-02-22 22:51:42] [INFO] rank: 1, local epoch 5, acc: 0.3422
[2024-02-22 22:51:44] [INFO] rank: 1, local epoch 6, acc: 0.3621
[2024-02-22 22:51:47] [INFO] rank: 1, local epoch 7, acc: 0.3732
[2024-02-22 22:51:49] [INFO] rank: 1, local epoch 8, acc: 0.3803
[2024-02-22 22:51:51] [INFO] rank: 1, local epoch 9, acc: 0.3938
[2024-02-22 22:51:54] [INFO] rank: 1, local epoch 10, acc: 0.3940
[2024-02-22 22:51:54] [INFO] [rank: 1, server epoch 1, client 5, local train]
[2024-02-22 22:51:56] [INFO] rank: 1, local epoch 1, acc: 0.1989
[2024-02-22 22:51:58] [INFO] rank: 1, local epoch 2, acc: 0.2589
[2024-02-22 22:52:00] [INFO] rank: 1, local epoch 3, acc: 0.3111
[2024-02-22 22:52:03] [INFO] rank: 1, local epoch 4, acc: 0.3294
[2024-02-22 22:52:05] [INFO] rank: 1, local epoch 5, acc: 0.3317
[2024-02-22 22:52:07] [INFO] rank: 1, local epoch 6, acc: 0.3470
[2024-02-22 22:52:09] [INFO] rank: 1, local epoch 7, acc: 0.3675
[2024-02-22 22:52:11] [INFO] rank: 1, local epoch 8, acc: 0.3932
[2024-02-22 22:52:14] [INFO] rank: 1, local epoch 9, acc: 0.4003
[2024-02-22 22:52:16] [INFO] rank: 1, local epoch 10, acc: 0.3895
[2024-02-22 22:52:16] [INFO] [rank: 1, server epoch 1, client 6, local train]
[2024-02-22 22:52:19] [INFO] rank: 1, local epoch 1, acc: 0.1841
[2024-02-22 22:52:21] [INFO] rank: 1, local epoch 2, acc: 0.2766
[2024-02-22 22:52:24] [INFO] rank: 1, local epoch 3, acc: 0.3131
[2024-02-22 22:52:26] [INFO] rank: 1, local epoch 4, acc: 0.3221
[2024-02-22 22:52:29] [INFO] rank: 1, local epoch 5, acc: 0.3317
[2024-02-22 22:52:31] [INFO] rank: 1, local epoch 6, acc: 0.3416
[2024-02-22 22:52:34] [INFO] rank: 1, local epoch 7, acc: 0.3626
[2024-02-22 22:52:36] [INFO] rank: 1, local epoch 8, acc: 0.3687
[2024-02-22 22:52:38] [INFO] rank: 1, local epoch 9, acc: 0.3834
[2024-02-22 22:52:40] [INFO] rank: 1, local epoch 10, acc: 0.3918
[2024-02-22 22:52:40] [INFO] [rank: 1, server epoch 1, client 7, local train]
[2024-02-22 22:52:43] [INFO] rank: 1, local epoch 1, acc: 0.1897
[2024-02-22 22:52:45] [INFO] rank: 1, local epoch 2, acc: 0.2190
[2024-02-22 22:52:47] [INFO] rank: 1, local epoch 3, acc: 0.2600
[2024-02-22 22:52:49] [INFO] rank: 1, local epoch 4, acc: 0.2732
[2024-02-22 22:52:51] [INFO] rank: 1, local epoch 5, acc: 0.2671
[2024-02-22 22:52:53] [INFO] rank: 1, local epoch 6, acc: 0.3001
[2024-02-22 22:52:56] [INFO] rank: 1, local epoch 7, acc: 0.3231
[2024-02-22 22:52:58] [INFO] rank: 1, local epoch 8, acc: 0.3118
[2024-02-22 22:53:00] [INFO] rank: 1, local epoch 9, acc: 0.3330
[2024-02-22 22:53:02] [INFO] rank: 1, local epoch 10, acc: 0.3324
[2024-02-22 22:53:02] [INFO] [rank: 1, server epoch 1, client 8, local train]
[2024-02-22 22:53:04] [INFO] rank: 1, local epoch 1, acc: 0.1912
[2024-02-22 22:53:07] [INFO] rank: 1, local epoch 2, acc: 0.2124
[2024-02-22 22:53:09] [INFO] rank: 1, local epoch 3, acc: 0.2512
[2024-02-22 22:53:11] [INFO] rank: 1, local epoch 4, acc: 0.2775
[2024-02-22 22:53:13] [INFO] rank: 1, local epoch 5, acc: 0.3138
[2024-02-22 22:53:16] [INFO] rank: 1, local epoch 6, acc: 0.2997
[2024-02-22 22:53:18] [INFO] rank: 1, local epoch 7, acc: 0.2967
[2024-02-22 22:53:20] [INFO] rank: 1, local epoch 8, acc: 0.3226
[2024-02-22 22:53:23] [INFO] rank: 1, local epoch 9, acc: 0.3272
[2024-02-22 22:53:25] [INFO] rank: 1, local epoch 10, acc: 0.3295
[2024-02-22 22:53:25] [INFO] [rank: 1, server epoch 1, client 9, local train]
[2024-02-22 22:53:28] [INFO] rank: 1, local epoch 1, acc: 0.1936
[2024-02-22 22:53:30] [INFO] rank: 1, local epoch 2, acc: 0.2134
[2024-02-22 22:53:32] [INFO] rank: 1, local epoch 3, acc: 0.2401
[2024-02-22 22:53:34] [INFO] rank: 1, local epoch 4, acc: 0.2735
[2024-02-22 22:53:36] [INFO] rank: 1, local epoch 5, acc: 0.2849
[2024-02-22 22:53:39] [INFO] rank: 1, local epoch 6, acc: 0.3125
[2024-02-22 22:53:41] [INFO] rank: 1, local epoch 7, acc: 0.3056
[2024-02-22 22:53:43] [INFO] rank: 1, local epoch 8, acc: 0.3100
[2024-02-22 22:53:45] [INFO] rank: 1, local epoch 9, acc: 0.3095
[2024-02-22 22:53:48] [INFO] rank: 1, local epoch 10, acc: 0.3288
[2024-02-22 22:53:51] [INFO] [rank: 1, server epoch 1, distill train]
[2024-02-22 22:53:53] [INFO] rank: 1, server: 0, distill epoch 1, acc: 0.3535
[2024-02-22 22:53:55] [INFO] rank: 1, server: 0, distill epoch 2, acc: 0.3552
[2024-02-22 22:53:57] [INFO] rank: 1, server: 0, distill epoch 3, acc: 0.3505
[2024-02-22 22:53:59] [INFO] rank: 1, server: 0, distill epoch 4, acc: 0.3524
[2024-02-22 22:54:01] [INFO] rank: 1, server: 0, distill epoch 5, acc: 0.3590
[2024-02-22 22:54:03] [INFO] rank: 1, server: 0, distill epoch 6, acc: 0.3677
[2024-02-22 22:54:05] [INFO] rank: 1, server: 0, distill epoch 7, acc: 0.3652
[2024-02-22 22:54:06] [INFO] rank: 1, server: 0, distill epoch 8, acc: 0.3614
[2024-02-22 22:54:08] [INFO] rank: 1, server: 0, distill epoch 9, acc: 0.3543
[2024-02-22 22:54:10] [INFO] rank: 1, server: 0, distill epoch 10, acc: 0.3485
[2024-02-22 22:54:10] [INFO] [rank: 1, server epoch 1, distill train]
[2024-02-22 22:54:13] [INFO] rank: 1, server: 1, distill epoch 1, acc: 0.4063
[2024-02-22 22:54:15] [INFO] rank: 1, server: 1, distill epoch 2, acc: 0.4229
[2024-02-22 22:54:17] [INFO] rank: 1, server: 1, distill epoch 3, acc: 0.4289
[2024-02-22 22:54:19] [INFO] rank: 1, server: 1, distill epoch 4, acc: 0.4183
[2024-02-22 22:54:21] [INFO] rank: 1, server: 1, distill epoch 5, acc: 0.3950
[2024-02-22 22:54:24] [INFO] rank: 1, server: 1, distill epoch 6, acc: 0.3674
[2024-02-22 22:54:26] [INFO] rank: 1, server: 1, distill epoch 7, acc: 0.3402
[2024-02-22 22:54:28] [INFO] rank: 1, server: 1, distill epoch 8, acc: 0.3221
[2024-02-22 22:54:30] [INFO] rank: 1, server: 1, distill epoch 9, acc: 0.3060
[2024-02-22 22:54:32] [INFO] rank: 1, server: 1, distill epoch 10, acc: 0.2939
[2024-02-22 22:54:32] [INFO] [rank: 1, server epoch 1, distill train]
[2024-02-22 22:54:34] [INFO] rank: 1, server: 2, distill epoch 1, acc: 0.3429
[2024-02-22 22:54:36] [INFO] rank: 1, server: 2, distill epoch 2, acc: 0.3420
[2024-02-22 22:54:38] [INFO] rank: 1, server: 2, distill epoch 3, acc: 0.3365
[2024-02-22 22:54:40] [INFO] rank: 1, server: 2, distill epoch 4, acc: 0.3259
[2024-02-22 22:54:42] [INFO] rank: 1, server: 2, distill epoch 5, acc: 0.3247
[2024-02-22 22:54:44] [INFO] rank: 1, server: 2, distill epoch 6, acc: 0.3230
[2024-02-22 22:54:46] [INFO] rank: 1, server: 2, distill epoch 7, acc: 0.3207
[2024-02-22 22:54:48] [INFO] rank: 1, server: 2, distill epoch 8, acc: 0.3216
[2024-02-22 22:54:50] [INFO] rank: 1, server: 2, distill epoch 9, acc: 0.3204
[2024-02-22 22:54:52] [INFO] rank: 1, server: 2, distill epoch 10, acc: 0.3220
[2024-02-22 22:54:52] [INFO] [rank: 1, server epoch 2, client 1, local train]
[2024-02-22 22:54:54] [INFO] rank: 1, local epoch 1, acc: 0.3526
[2024-02-22 22:54:56] [INFO] rank: 1, local epoch 2, acc: 0.3469
[2024-02-22 22:54:59] [INFO] rank: 1, local epoch 3, acc: 0.3447
[2024-02-22 22:55:01] [INFO] rank: 1, local epoch 4, acc: 0.3473
[2024-02-22 22:55:03] [INFO] rank: 1, local epoch 5, acc: 0.3582
[2024-02-22 22:55:05] [INFO] rank: 1, local epoch 6, acc: 0.3648
[2024-02-22 22:55:07] [INFO] rank: 1, local epoch 7, acc: 0.3685
[2024-02-22 22:55:09] [INFO] rank: 1, local epoch 8, acc: 0.3782
[2024-02-22 22:55:12] [INFO] rank: 1, local epoch 9, acc: 0.3767
[2024-02-22 22:55:14] [INFO] rank: 1, local epoch 10, acc: 0.3817
[2024-02-22 22:55:14] [INFO] [rank: 1, server epoch 2, client 2, local train]
[2024-02-22 22:55:16] [INFO] rank: 1, local epoch 1, acc: 0.3782
[2024-02-22 22:55:18] [INFO] rank: 1, local epoch 2, acc: 0.3759
[2024-02-22 22:55:21] [INFO] rank: 1, local epoch 3, acc: 0.3785
[2024-02-22 22:55:23] [INFO] rank: 1, local epoch 4, acc: 0.3899
[2024-02-22 22:55:26] [INFO] rank: 1, local epoch 5, acc: 0.3964
[2024-02-22 22:55:28] [INFO] rank: 1, local epoch 6, acc: 0.3932
[2024-02-22 22:55:31] [INFO] rank: 1, local epoch 7, acc: 0.3963
[2024-02-22 22:55:33] [INFO] rank: 1, local epoch 8, acc: 0.3945
[2024-02-22 22:55:35] [INFO] rank: 1, local epoch 9, acc: 0.3939
[2024-02-22 22:55:37] [INFO] rank: 1, local epoch 10, acc: 0.3986
[2024-02-22 22:55:37] [INFO] [rank: 1, server epoch 2, client 3, local train]
[2024-02-22 22:55:39] [INFO] rank: 1, local epoch 1, acc: 0.4029
[2024-02-22 22:55:41] [INFO] rank: 1, local epoch 2, acc: 0.4040
[2024-02-22 22:55:43] [INFO] rank: 1, local epoch 3, acc: 0.4082
[2024-02-22 22:55:45] [INFO] rank: 1, local epoch 4, acc: 0.4091
[2024-02-22 22:55:47] [INFO] rank: 1, local epoch 5, acc: 0.4169
[2024-02-22 22:55:49] [INFO] rank: 1, local epoch 6, acc: 0.4243
[2024-02-22 22:55:52] [INFO] rank: 1, local epoch 7, acc: 0.4287
[2024-02-22 22:55:54] [INFO] rank: 1, local epoch 8, acc: 0.4149
[2024-02-22 22:55:56] [INFO] rank: 1, local epoch 9, acc: 0.4105
[2024-02-22 22:55:58] [INFO] rank: 1, local epoch 10, acc: 0.4137
[2024-02-22 22:55:58] [INFO] [rank: 1, server epoch 2, client 4, local train]
[2024-02-22 22:56:00] [INFO] rank: 1, local epoch 1, acc: 0.3869
[2024-02-22 22:56:02] [INFO] rank: 1, local epoch 2, acc: 0.4122
[2024-02-22 22:56:05] [INFO] rank: 1, local epoch 3, acc: 0.4217
[2024-02-22 22:56:07] [INFO] rank: 1, local epoch 4, acc: 0.4186
[2024-02-22 22:56:09] [INFO] rank: 1, local epoch 5, acc: 0.4216
[2024-02-22 22:56:11] [INFO] rank: 1, local epoch 6, acc: 0.4218
[2024-02-22 22:56:14] [INFO] rank: 1, local epoch 7, acc: 0.4383
[2024-02-22 22:56:16] [INFO] rank: 1, local epoch 8, acc: 0.4428
[2024-02-22 22:56:19] [INFO] rank: 1, local epoch 9, acc: 0.4549
[2024-02-22 22:56:21] [INFO] rank: 1, local epoch 10, acc: 0.4452
[2024-02-22 22:56:21] [INFO] [rank: 1, server epoch 2, client 5, local train]
[2024-02-22 22:56:24] [INFO] rank: 1, local epoch 1, acc: 0.4531
[2024-02-22 22:56:26] [INFO] rank: 1, local epoch 2, acc: 0.4687
[2024-02-22 22:56:29] [INFO] rank: 1, local epoch 3, acc: 0.4567
[2024-02-22 22:56:31] [INFO] rank: 1, local epoch 4, acc: 0.4538
[2024-02-22 22:56:33] [INFO] rank: 1, local epoch 5, acc: 0.4598
[2024-02-22 22:56:36] [INFO] rank: 1, local epoch 6, acc: 0.4672
[2024-02-22 22:56:38] [INFO] rank: 1, local epoch 7, acc: 0.4769
[2024-02-22 22:56:40] [INFO] rank: 1, local epoch 8, acc: 0.4738
[2024-02-22 22:56:43] [INFO] rank: 1, local epoch 9, acc: 0.4776
[2024-02-22 22:56:45] [INFO] rank: 1, local epoch 10, acc: 0.4821
[2024-02-22 22:56:45] [INFO] [rank: 1, server epoch 2, client 6, local train]
[2024-02-22 22:56:47] [INFO] rank: 1, local epoch 1, acc: 0.4962
[2024-02-22 22:56:49] [INFO] rank: 1, local epoch 2, acc: 0.4751
[2024-02-22 22:56:51] [INFO] rank: 1, local epoch 3, acc: 0.5040
[2024-02-22 22:56:54] [INFO] rank: 1, local epoch 4, acc: 0.4873
[2024-02-22 22:56:56] [INFO] rank: 1, local epoch 5, acc: 0.4739
[2024-02-22 22:56:58] [INFO] rank: 1, local epoch 6, acc: 0.5018
[2024-02-22 22:57:00] [INFO] rank: 1, local epoch 7, acc: 0.4896
[2024-02-22 22:57:03] [INFO] rank: 1, local epoch 8, acc: 0.5052
[2024-02-22 22:57:05] [INFO] rank: 1, local epoch 9, acc: 0.5015
[2024-02-22 22:57:07] [INFO] rank: 1, local epoch 10, acc: 0.5130
[2024-02-22 22:57:07] [INFO] [rank: 1, server epoch 2, client 7, local train]
[2024-02-22 22:57:09] [INFO] rank: 1, local epoch 1, acc: 0.3124
[2024-02-22 22:57:11] [INFO] rank: 1, local epoch 2, acc: 0.3429
[2024-02-22 22:57:14] [INFO] rank: 1, local epoch 3, acc: 0.3405
[2024-02-22 22:57:17] [INFO] rank: 1, local epoch 4, acc: 0.3508
[2024-02-22 22:57:19] [INFO] rank: 1, local epoch 5, acc: 0.3441
[2024-02-22 22:57:21] [INFO] rank: 1, local epoch 6, acc: 0.3623
[2024-02-22 22:57:24] [INFO] rank: 1, local epoch 7, acc: 0.3612
[2024-02-22 22:57:26] [INFO] rank: 1, local epoch 8, acc: 0.3636
[2024-02-22 22:57:29] [INFO] rank: 1, local epoch 9, acc: 0.3717
[2024-02-22 22:57:31] [INFO] rank: 1, local epoch 10, acc: 0.3680
[2024-02-22 22:57:31] [INFO] [rank: 1, server epoch 2, client 8, local train]
[2024-02-22 22:57:33] [INFO] rank: 1, local epoch 1, acc: 0.3924
[2024-02-22 22:57:36] [INFO] rank: 1, local epoch 2, acc: 0.3821
[2024-02-22 22:57:38] [INFO] rank: 1, local epoch 3, acc: 0.3974
[2024-02-22 22:57:40] [INFO] rank: 1, local epoch 4, acc: 0.3985
[2024-02-22 22:57:42] [INFO] rank: 1, local epoch 5, acc: 0.4103
[2024-02-22 22:57:44] [INFO] rank: 1, local epoch 6, acc: 0.4107
[2024-02-22 22:57:47] [INFO] rank: 1, local epoch 7, acc: 0.4004
[2024-02-22 22:57:49] [INFO] rank: 1, local epoch 8, acc: 0.4159
[2024-02-22 22:57:51] [INFO] rank: 1, local epoch 9, acc: 0.4285
[2024-02-22 22:57:53] [INFO] rank: 1, local epoch 10, acc: 0.4026
[2024-02-22 22:57:53] [INFO] [rank: 1, server epoch 2, client 9, local train]
[2024-02-22 22:57:55] [INFO] rank: 1, local epoch 1, acc: 0.4192
[2024-02-22 22:57:58] [INFO] rank: 1, local epoch 2, acc: 0.4148
[2024-02-22 22:58:00] [INFO] rank: 1, local epoch 3, acc: 0.4490
[2024-02-22 22:58:02] [INFO] rank: 1, local epoch 4, acc: 0.4270
[2024-02-22 22:58:04] [INFO] rank: 1, local epoch 5, acc: 0.4162
[2024-02-22 22:58:06] [INFO] rank: 1, local epoch 6, acc: 0.4249
[2024-02-22 22:58:09] [INFO] rank: 1, local epoch 7, acc: 0.4328
[2024-02-22 22:58:11] [INFO] rank: 1, local epoch 8, acc: 0.4190
[2024-02-22 22:58:13] [INFO] rank: 1, local epoch 9, acc: 0.4417
[2024-02-22 22:58:16] [INFO] rank: 1, local epoch 10, acc: 0.4561
[2024-02-22 22:58:20] [INFO] [rank: 1, server epoch 2, distill train]
[2024-02-22 22:58:22] [INFO] rank: 1, server: 0, distill epoch 1, acc: 0.4145
[2024-02-22 22:58:24] [INFO] rank: 1, server: 0, distill epoch 2, acc: 0.4191
[2024-02-22 22:58:27] [INFO] rank: 1, server: 0, distill epoch 3, acc: 0.4308
[2024-02-22 22:58:29] [INFO] rank: 1, server: 0, distill epoch 4, acc: 0.4473
[2024-02-22 22:58:31] [INFO] rank: 1, server: 0, distill epoch 5, acc: 0.4553
[2024-02-22 22:58:33] [INFO] rank: 1, server: 0, distill epoch 6, acc: 0.4485
[2024-02-22 22:58:35] [INFO] rank: 1, server: 0, distill epoch 7, acc: 0.4322
[2024-02-22 22:58:37] [INFO] rank: 1, server: 0, distill epoch 8, acc: 0.4188
[2024-02-22 22:58:39] [INFO] rank: 1, server: 0, distill epoch 9, acc: 0.4151
[2024-02-22 22:58:41] [INFO] rank: 1, server: 0, distill epoch 10, acc: 0.4145
[2024-02-22 22:58:41] [INFO] [rank: 1, server epoch 2, distill train]
[2024-02-22 22:58:43] [INFO] rank: 1, server: 1, distill epoch 1, acc: 0.4993
[2024-02-22 22:58:45] [INFO] rank: 1, server: 1, distill epoch 2, acc: 0.4830
[2024-02-22 22:58:47] [INFO] rank: 1, server: 1, distill epoch 3, acc: 0.4627
[2024-02-22 22:58:49] [INFO] rank: 1, server: 1, distill epoch 4, acc: 0.4513
[2024-02-22 22:58:51] [INFO] rank: 1, server: 1, distill epoch 5, acc: 0.4429
[2024-02-22 22:58:53] [INFO] rank: 1, server: 1, distill epoch 6, acc: 0.4335
[2024-02-22 22:58:55] [INFO] rank: 1, server: 1, distill epoch 7, acc: 0.4188
[2024-02-22 22:58:56] [INFO] rank: 1, server: 1, distill epoch 8, acc: 0.4047
[2024-02-22 22:58:59] [INFO] rank: 1, server: 1, distill epoch 9, acc: 0.3976
[2024-02-22 22:59:01] [INFO] rank: 1, server: 1, distill epoch 10, acc: 0.3943
[2024-02-22 22:59:01] [INFO] [rank: 1, server epoch 2, distill train]
[2024-02-22 22:59:03] [INFO] rank: 1, server: 2, distill epoch 1, acc: 0.4344
[2024-02-22 22:59:04] [INFO] rank: 1, server: 2, distill epoch 2, acc: 0.4087
[2024-02-22 22:59:07] [INFO] rank: 1, server: 2, distill epoch 3, acc: 0.3887
[2024-02-22 22:59:08] [INFO] rank: 1, server: 2, distill epoch 4, acc: 0.3817
[2024-02-22 22:59:11] [INFO] rank: 1, server: 2, distill epoch 5, acc: 0.3839
[2024-02-22 22:59:13] [INFO] rank: 1, server: 2, distill epoch 6, acc: 0.3940
[2024-02-22 22:59:15] [INFO] rank: 1, server: 2, distill epoch 7, acc: 0.4104
[2024-02-22 22:59:17] [INFO] rank: 1, server: 2, distill epoch 8, acc: 0.4237
[2024-02-22 22:59:19] [INFO] rank: 1, server: 2, distill epoch 9, acc: 0.4294
[2024-02-22 22:59:22] [INFO] rank: 1, server: 2, distill epoch 10, acc: 0.4285
[2024-02-22 22:59:22] [INFO] [rank: 1, server epoch 3, client 1, local train]
[2024-02-22 22:59:24] [INFO] rank: 1, local epoch 1, acc: 0.3926
[2024-02-22 22:59:26] [INFO] rank: 1, local epoch 2, acc: 0.4077
[2024-02-22 22:59:29] [INFO] rank: 1, local epoch 3, acc: 0.4034
[2024-02-22 22:59:31] [INFO] rank: 1, local epoch 4, acc: 0.4100
[2024-02-22 22:59:33] [INFO] rank: 1, local epoch 5, acc: 0.4120
[2024-02-22 22:59:35] [INFO] rank: 1, local epoch 6, acc: 0.4184
[2024-02-22 22:59:38] [INFO] rank: 1, local epoch 7, acc: 0.4255
[2024-02-22 22:59:40] [INFO] rank: 1, local epoch 8, acc: 0.4120
[2024-02-22 22:59:42] [INFO] rank: 1, local epoch 9, acc: 0.4174
[2024-02-22 22:59:44] [INFO] rank: 1, local epoch 10, acc: 0.4246
[2024-02-22 22:59:44] [INFO] [rank: 1, server epoch 3, client 2, local train]
[2024-02-22 22:59:46] [INFO] rank: 1, local epoch 1, acc: 0.4259
[2024-02-22 22:59:49] [INFO] rank: 1, local epoch 2, acc: 0.4262
[2024-02-22 22:59:51] [INFO] rank: 1, local epoch 3, acc: 0.4230
[2024-02-22 22:59:53] [INFO] rank: 1, local epoch 4, acc: 0.4384
[2024-02-22 22:59:55] [INFO] rank: 1, local epoch 5, acc: 0.4252
[2024-02-22 22:59:57] [INFO] rank: 1, local epoch 6, acc: 0.4392
[2024-02-22 22:59:59] [INFO] rank: 1, local epoch 7, acc: 0.4263
[2024-02-22 23:00:01] [INFO] rank: 1, local epoch 8, acc: 0.4337
[2024-02-22 23:00:03] [INFO] rank: 1, local epoch 9, acc: 0.4376
[2024-02-22 23:00:05] [INFO] rank: 1, local epoch 10, acc: 0.4400
[2024-02-22 23:00:05] [INFO] [rank: 1, server epoch 3, client 3, local train]
[2024-02-22 23:00:07] [INFO] rank: 1, local epoch 1, acc: 0.4490
[2024-02-22 23:00:10] [INFO] rank: 1, local epoch 2, acc: 0.4336
[2024-02-22 23:00:12] [INFO] rank: 1, local epoch 3, acc: 0.4276
[2024-02-22 23:00:14] [INFO] rank: 1, local epoch 4, acc: 0.4371
[2024-02-22 23:00:17] [INFO] rank: 1, local epoch 5, acc: 0.4385
[2024-02-22 23:00:19] [INFO] rank: 1, local epoch 6, acc: 0.4491
[2024-02-22 23:00:21] [INFO] rank: 1, local epoch 7, acc: 0.4425
[2024-02-22 23:00:24] [INFO] rank: 1, local epoch 8, acc: 0.4301
[2024-02-22 23:00:26] [INFO] rank: 1, local epoch 9, acc: 0.4487
[2024-02-22 23:00:28] [INFO] rank: 1, local epoch 10, acc: 0.4554
[2024-02-22 23:00:28] [INFO] [rank: 1, server epoch 3, client 4, local train]
[2024-02-22 23:00:31] [INFO] rank: 1, local epoch 1, acc: 0.4873
[2024-02-22 23:00:33] [INFO] rank: 1, local epoch 2, acc: 0.4865
[2024-02-22 23:00:35] [INFO] rank: 1, local epoch 3, acc: 0.5031
[2024-02-22 23:00:37] [INFO] rank: 1, local epoch 4, acc: 0.4882
[2024-02-22 23:00:40] [INFO] rank: 1, local epoch 5, acc: 0.4811
[2024-02-22 23:00:42] [INFO] rank: 1, local epoch 6, acc: 0.5017
[2024-02-22 23:00:44] [INFO] rank: 1, local epoch 7, acc: 0.5019
[2024-02-22 23:00:46] [INFO] rank: 1, local epoch 8, acc: 0.5007
[2024-02-22 23:00:48] [INFO] rank: 1, local epoch 9, acc: 0.5055
[2024-02-22 23:00:51] [INFO] rank: 1, local epoch 10, acc: 0.5047
[2024-02-22 23:00:51] [INFO] [rank: 1, server epoch 3, client 5, local train]
[2024-02-22 23:00:53] [INFO] rank: 1, local epoch 1, acc: 0.4965
[2024-02-22 23:00:55] [INFO] rank: 1, local epoch 2, acc: 0.5004
[2024-02-22 23:00:57] [INFO] rank: 1, local epoch 3, acc: 0.5023
[2024-02-22 23:01:00] [INFO] rank: 1, local epoch 4, acc: 0.5080
[2024-02-22 23:01:02] [INFO] rank: 1, local epoch 5, acc: 0.5071
[2024-02-22 23:01:04] [INFO] rank: 1, local epoch 6, acc: 0.5115
[2024-02-22 23:01:06] [INFO] rank: 1, local epoch 7, acc: 0.5166
[2024-02-22 23:01:09] [INFO] rank: 1, local epoch 8, acc: 0.5141
[2024-02-22 23:01:11] [INFO] rank: 1, local epoch 9, acc: 0.5285
[2024-02-22 23:01:13] [INFO] rank: 1, local epoch 10, acc: 0.5211
[2024-02-22 23:01:13] [INFO] [rank: 1, server epoch 3, client 6, local train]
[2024-02-22 23:01:16] [INFO] rank: 1, local epoch 1, acc: 0.5242
[2024-02-22 23:01:18] [INFO] rank: 1, local epoch 2, acc: 0.5267
[2024-02-22 23:01:21] [INFO] rank: 1, local epoch 3, acc: 0.5335
[2024-02-22 23:01:23] [INFO] rank: 1, local epoch 4, acc: 0.5210
[2024-02-22 23:01:26] [INFO] rank: 1, local epoch 5, acc: 0.5307
[2024-02-22 23:01:28] [INFO] rank: 1, local epoch 6, acc: 0.5245
[2024-02-22 23:01:31] [INFO] rank: 1, local epoch 7, acc: 0.5344
[2024-02-22 23:01:33] [INFO] rank: 1, local epoch 8, acc: 0.5319
[2024-02-22 23:01:35] [INFO] rank: 1, local epoch 9, acc: 0.5365
[2024-02-22 23:01:38] [INFO] rank: 1, local epoch 10, acc: 0.5364
[2024-02-22 23:01:38] [INFO] [rank: 1, server epoch 3, client 7, local train]
[2024-02-22 23:01:40] [INFO] rank: 1, local epoch 1, acc: 0.4391
[2024-02-22 23:01:42] [INFO] rank: 1, local epoch 2, acc: 0.4189
[2024-02-22 23:01:45] [INFO] rank: 1, local epoch 3, acc: 0.4261
[2024-02-22 23:01:47] [INFO] rank: 1, local epoch 4, acc: 0.4339
[2024-02-22 23:01:49] [INFO] rank: 1, local epoch 5, acc: 0.4362
[2024-02-22 23:01:51] [INFO] rank: 1, local epoch 6, acc: 0.4359
[2024-02-22 23:01:54] [INFO] rank: 1, local epoch 7, acc: 0.4400
[2024-02-22 23:01:56] [INFO] rank: 1, local epoch 8, acc: 0.4361
[2024-02-22 23:01:58] [INFO] rank: 1, local epoch 9, acc: 0.4386
[2024-02-22 23:02:01] [INFO] rank: 1, local epoch 10, acc: 0.4401
[2024-02-22 23:02:01] [INFO] [rank: 1, server epoch 3, client 8, local train]
[2024-02-22 23:02:03] [INFO] rank: 1, local epoch 1, acc: 0.4440
[2024-02-22 23:02:05] [INFO] rank: 1, local epoch 2, acc: 0.4629
[2024-02-22 23:02:08] [INFO] rank: 1, local epoch 3, acc: 0.4543
[2024-02-22 23:02:10] [INFO] rank: 1, local epoch 4, acc: 0.4515
[2024-02-22 23:02:12] [INFO] rank: 1, local epoch 5, acc: 0.4675
[2024-02-22 23:02:15] [INFO] rank: 1, local epoch 6, acc: 0.4705
[2024-02-22 23:02:18] [INFO] rank: 1, local epoch 7, acc: 0.4626
[2024-02-22 23:02:20] [INFO] rank: 1, local epoch 8, acc: 0.4656
[2024-02-22 23:02:23] [INFO] rank: 1, local epoch 9, acc: 0.4509
[2024-02-22 23:02:25] [INFO] rank: 1, local epoch 10, acc: 0.4704
[2024-02-22 23:02:25] [INFO] [rank: 1, server epoch 3, client 9, local train]
[2024-02-22 23:02:28] [INFO] rank: 1, local epoch 1, acc: 0.4666
[2024-02-22 23:02:30] [INFO] rank: 1, local epoch 2, acc: 0.4608
[2024-02-22 23:02:32] [INFO] rank: 1, local epoch 3, acc: 0.4517
[2024-02-22 23:02:34] [INFO] rank: 1, local epoch 4, acc: 0.4790
[2024-02-22 23:02:36] [INFO] rank: 1, local epoch 5, acc: 0.4699
[2024-02-22 23:02:39] [INFO] rank: 1, local epoch 6, acc: 0.4504
[2024-02-22 23:02:41] [INFO] rank: 1, local epoch 7, acc: 0.4804
[2024-02-22 23:02:43] [INFO] rank: 1, local epoch 8, acc: 0.4685
[2024-02-22 23:02:45] [INFO] rank: 1, local epoch 9, acc: 0.4728
[2024-02-22 23:02:48] [INFO] rank: 1, local epoch 10, acc: 0.4575
[2024-02-22 23:02:51] [INFO] [rank: 1, server epoch 3, distill train]
[2024-02-22 23:02:53] [INFO] rank: 1, server: 0, distill epoch 1, acc: 0.4598
[2024-02-22 23:02:55] [INFO] rank: 1, server: 0, distill epoch 2, acc: 0.4794
[2024-02-22 23:02:57] [INFO] rank: 1, server: 0, distill epoch 3, acc: 0.4970
[2024-02-22 23:02:59] [INFO] rank: 1, server: 0, distill epoch 4, acc: 0.5054
[2024-02-22 23:03:01] [INFO] rank: 1, server: 0, distill epoch 5, acc: 0.4903
[2024-02-22 23:03:03] [INFO] rank: 1, server: 0, distill epoch 6, acc: 0.4770
[2024-02-22 23:03:05] [INFO] rank: 1, server: 0, distill epoch 7, acc: 0.4669
[2024-02-22 23:03:07] [INFO] rank: 1, server: 0, distill epoch 8, acc: 0.4623
[2024-02-22 23:03:09] [INFO] rank: 1, server: 0, distill epoch 9, acc: 0.4611
[2024-02-22 23:03:11] [INFO] rank: 1, server: 0, distill epoch 10, acc: 0.4643
[2024-02-22 23:03:11] [INFO] [rank: 1, server epoch 3, distill train]
[2024-02-22 23:03:13] [INFO] rank: 1, server: 1, distill epoch 1, acc: 0.5298
[2024-02-22 23:03:16] [INFO] rank: 1, server: 1, distill epoch 2, acc: 0.5205
[2024-02-22 23:03:18] [INFO] rank: 1, server: 1, distill epoch 3, acc: 0.5203
[2024-02-22 23:03:20] [INFO] rank: 1, server: 1, distill epoch 4, acc: 0.5176
[2024-02-22 23:03:23] [INFO] rank: 1, server: 1, distill epoch 5, acc: 0.4979
[2024-02-22 23:03:25] [INFO] rank: 1, server: 1, distill epoch 6, acc: 0.4745
[2024-02-22 23:03:27] [INFO] rank: 1, server: 1, distill epoch 7, acc: 0.4549
[2024-02-22 23:03:29] [INFO] rank: 1, server: 1, distill epoch 8, acc: 0.4440
[2024-02-22 23:03:31] [INFO] rank: 1, server: 1, distill epoch 9, acc: 0.4376
[2024-02-22 23:03:33] [INFO] rank: 1, server: 1, distill epoch 10, acc: 0.4375
[2024-02-22 23:03:33] [INFO] [rank: 1, server epoch 3, distill train]
[2024-02-22 23:03:35] [INFO] rank: 1, server: 2, distill epoch 1, acc: 0.4904
[2024-02-22 23:03:37] [INFO] rank: 1, server: 2, distill epoch 2, acc: 0.4675
[2024-02-22 23:03:39] [INFO] rank: 1, server: 2, distill epoch 3, acc: 0.4617
[2024-02-22 23:03:41] [INFO] rank: 1, server: 2, distill epoch 4, acc: 0.4646
[2024-02-22 23:03:43] [INFO] rank: 1, server: 2, distill epoch 5, acc: 0.4745
[2024-02-22 23:03:45] [INFO] rank: 1, server: 2, distill epoch 6, acc: 0.4833
[2024-02-22 23:03:47] [INFO] rank: 1, server: 2, distill epoch 7, acc: 0.4869
[2024-02-22 23:03:49] [INFO] rank: 1, server: 2, distill epoch 8, acc: 0.4889
[2024-02-22 23:03:51] [INFO] rank: 1, server: 2, distill epoch 9, acc: 0.4838
[2024-02-22 23:03:53] [INFO] rank: 1, server: 2, distill epoch 10, acc: 0.4802
[2024-02-22 23:03:53] [INFO] [rank: 1, server epoch 4, client 1, local train]
[2024-02-22 23:03:55] [INFO] rank: 1, local epoch 1, acc: 0.4227
[2024-02-22 23:03:57] [INFO] rank: 1, local epoch 2, acc: 0.4479
[2024-02-22 23:03:59] [INFO] rank: 1, local epoch 3, acc: 0.4529
[2024-02-22 23:04:01] [INFO] rank: 1, local epoch 4, acc: 0.4435
[2024-02-22 23:04:04] [INFO] rank: 1, local epoch 5, acc: 0.4460
[2024-02-22 23:04:06] [INFO] rank: 1, local epoch 6, acc: 0.4561
[2024-02-22 23:04:08] [INFO] rank: 1, local epoch 7, acc: 0.4629
[2024-02-22 23:04:10] [INFO] rank: 1, local epoch 8, acc: 0.4616
[2024-02-22 23:04:12] [INFO] rank: 1, local epoch 9, acc: 0.4464
[2024-02-22 23:04:15] [INFO] rank: 1, local epoch 10, acc: 0.4499
[2024-02-22 23:04:15] [INFO] [rank: 1, server epoch 4, client 2, local train]
[2024-02-22 23:04:17] [INFO] rank: 1, local epoch 1, acc: 0.4570
[2024-02-22 23:04:19] [INFO] rank: 1, local epoch 2, acc: 0.4554
[2024-02-22 23:04:22] [INFO] rank: 1, local epoch 3, acc: 0.4534
[2024-02-22 23:04:24] [INFO] rank: 1, local epoch 4, acc: 0.4583
[2024-02-22 23:04:26] [INFO] rank: 1, local epoch 5, acc: 0.4430
[2024-02-22 23:04:29] [INFO] rank: 1, local epoch 6, acc: 0.4557
[2024-02-22 23:04:31] [INFO] rank: 1, local epoch 7, acc: 0.4609
[2024-02-22 23:04:33] [INFO] rank: 1, local epoch 8, acc: 0.4622
[2024-02-22 23:04:35] [INFO] rank: 1, local epoch 9, acc: 0.4586
[2024-02-22 23:04:37] [INFO] rank: 1, local epoch 10, acc: 0.4598
[2024-02-22 23:04:37] [INFO] [rank: 1, server epoch 4, client 3, local train]
[2024-02-22 23:04:39] [INFO] rank: 1, local epoch 1, acc: 0.4532
[2024-02-22 23:04:42] [INFO] rank: 1, local epoch 2, acc: 0.4568
[2024-02-22 23:04:44] [INFO] rank: 1, local epoch 3, acc: 0.4612
[2024-02-22 23:04:46] [INFO] rank: 1, local epoch 4, acc: 0.4550
[2024-02-22 23:04:48] [INFO] rank: 1, local epoch 5, acc: 0.4719
[2024-02-22 23:04:50] [INFO] rank: 1, local epoch 6, acc: 0.4683
[2024-02-22 23:04:52] [INFO] rank: 1, local epoch 7, acc: 0.4568
[2024-02-22 23:04:54] [INFO] rank: 1, local epoch 8, acc: 0.4654
[2024-02-22 23:04:56] [INFO] rank: 1, local epoch 9, acc: 0.4476
[2024-02-22 23:04:58] [INFO] rank: 1, local epoch 10, acc: 0.4759
[2024-02-22 23:04:58] [INFO] [rank: 1, server epoch 4, client 4, local train]
[2024-02-22 23:05:01] [INFO] rank: 1, local epoch 1, acc: 0.5237
[2024-02-22 23:05:03] [INFO] rank: 1, local epoch 2, acc: 0.5247
[2024-02-22 23:05:06] [INFO] rank: 1, local epoch 3, acc: 0.5311
[2024-02-22 23:05:08] [INFO] rank: 1, local epoch 4, acc: 0.5311
[2024-02-22 23:05:10] [INFO] rank: 1, local epoch 5, acc: 0.5371
[2024-02-22 23:05:12] [INFO] rank: 1, local epoch 6, acc: 0.5335
[2024-02-22 23:05:15] [INFO] rank: 1, local epoch 7, acc: 0.5279
[2024-02-22 23:05:17] [INFO] rank: 1, local epoch 8, acc: 0.5193
[2024-02-22 23:05:20] [INFO] rank: 1, local epoch 9, acc: 0.5286
[2024-02-22 23:05:22] [INFO] rank: 1, local epoch 10, acc: 0.5329
[2024-02-22 23:05:22] [INFO] [rank: 1, server epoch 4, client 5, local train]
[2024-02-22 23:05:24] [INFO] rank: 1, local epoch 1, acc: 0.5362
[2024-02-22 23:05:27] [INFO] rank: 1, local epoch 2, acc: 0.5222
[2024-02-22 23:05:29] [INFO] rank: 1, local epoch 3, acc: 0.5422
[2024-02-22 23:05:31] [INFO] rank: 1, local epoch 4, acc: 0.5332
[2024-02-22 23:05:34] [INFO] rank: 1, local epoch 5, acc: 0.5365
[2024-02-22 23:05:36] [INFO] rank: 1, local epoch 6, acc: 0.5497
[2024-02-22 23:05:38] [INFO] rank: 1, local epoch 7, acc: 0.5325
[2024-02-22 23:05:41] [INFO] rank: 1, local epoch 8, acc: 0.5269
[2024-02-22 23:05:43] [INFO] rank: 1, local epoch 9, acc: 0.5399
[2024-02-22 23:05:45] [INFO] rank: 1, local epoch 10, acc: 0.5372
[2024-02-22 23:05:45] [INFO] [rank: 1, server epoch 4, client 6, local train]
[2024-02-22 23:05:47] [INFO] rank: 1, local epoch 1, acc: 0.5446
[2024-02-22 23:05:49] [INFO] rank: 1, local epoch 2, acc: 0.5373
[2024-02-22 23:05:52] [INFO] rank: 1, local epoch 3, acc: 0.5383
[2024-02-22 23:05:54] [INFO] rank: 1, local epoch 4, acc: 0.5455
[2024-02-22 23:05:56] [INFO] rank: 1, local epoch 5, acc: 0.5442
[2024-02-22 23:05:58] [INFO] rank: 1, local epoch 6, acc: 0.5405
[2024-02-22 23:06:00] [INFO] rank: 1, local epoch 7, acc: 0.5423
[2024-02-22 23:06:03] [INFO] rank: 1, local epoch 8, acc: 0.5490
[2024-02-22 23:06:05] [INFO] rank: 1, local epoch 9, acc: 0.5401
[2024-02-22 23:06:07] [INFO] rank: 1, local epoch 10, acc: 0.5515
[2024-02-22 23:06:07] [INFO] [rank: 1, server epoch 4, client 7, local train]
[2024-02-22 23:06:10] [INFO] rank: 1, local epoch 1, acc: 0.4803
[2024-02-22 23:06:12] [INFO] rank: 1, local epoch 2, acc: 0.4673
[2024-02-22 23:06:14] [INFO] rank: 1, local epoch 3, acc: 0.4767
[2024-02-22 23:06:17] [INFO] rank: 1, local epoch 4, acc: 0.4724
[2024-02-22 23:06:19] [INFO] rank: 1, local epoch 5, acc: 0.4804
[2024-02-22 23:06:21] [INFO] rank: 1, local epoch 6, acc: 0.4733
[2024-02-22 23:06:24] [INFO] rank: 1, local epoch 7, acc: 0.4692
[2024-02-22 23:06:27] [INFO] rank: 1, local epoch 8, acc: 0.4577
[2024-02-22 23:06:29] [INFO] rank: 1, local epoch 9, acc: 0.4855
[2024-02-22 23:06:32] [INFO] rank: 1, local epoch 10, acc: 0.4929
[2024-02-22 23:06:32] [INFO] [rank: 1, server epoch 4, client 8, local train]
[2024-02-22 23:06:34] [INFO] rank: 1, local epoch 1, acc: 0.4882
[2024-02-22 23:06:36] [INFO] rank: 1, local epoch 2, acc: 0.4715
[2024-02-22 23:06:38] [INFO] rank: 1, local epoch 3, acc: 0.5072
[2024-02-22 23:06:41] [INFO] rank: 1, local epoch 4, acc: 0.4961
[2024-02-22 23:06:43] [INFO] rank: 1, local epoch 5, acc: 0.4814
[2024-02-22 23:06:45] [INFO] rank: 1, local epoch 6, acc: 0.5219
[2024-02-22 23:06:48] [INFO] rank: 1, local epoch 7, acc: 0.4900
[2024-02-22 23:06:50] [INFO] rank: 1, local epoch 8, acc: 0.4820
[2024-02-22 23:06:53] [INFO] rank: 1, local epoch 9, acc: 0.4967
[2024-02-22 23:06:55] [INFO] rank: 1, local epoch 10, acc: 0.5067
[2024-02-22 23:06:55] [INFO] [rank: 1, server epoch 4, client 9, local train]
[2024-02-22 23:06:58] [INFO] rank: 1, local epoch 1, acc: 0.4970
[2024-02-22 23:07:00] [INFO] rank: 1, local epoch 2, acc: 0.4919
[2024-02-22 23:07:03] [INFO] rank: 1, local epoch 3, acc: 0.4940
[2024-02-22 23:07:05] [INFO] rank: 1, local epoch 4, acc: 0.5025
[2024-02-22 23:07:07] [INFO] rank: 1, local epoch 5, acc: 0.4891
[2024-02-22 23:07:09] [INFO] rank: 1, local epoch 6, acc: 0.4888
[2024-02-22 23:07:11] [INFO] rank: 1, local epoch 7, acc: 0.5077
[2024-02-22 23:07:14] [INFO] rank: 1, local epoch 8, acc: 0.4916
[2024-02-22 23:07:17] [INFO] rank: 1, local epoch 9, acc: 0.4970
[2024-02-22 23:07:20] [INFO] rank: 1, local epoch 10, acc: 0.4997
[2024-02-22 23:07:24] [INFO] [rank: 1, server epoch 4, distill train]
[2024-02-22 23:07:26] [INFO] rank: 1, server: 0, distill epoch 1, acc: 0.4893
[2024-02-22 23:07:29] [INFO] rank: 1, server: 0, distill epoch 2, acc: 0.5060
[2024-02-22 23:07:31] [INFO] rank: 1, server: 0, distill epoch 3, acc: 0.5209
[2024-02-22 23:07:33] [INFO] rank: 1, server: 0, distill epoch 4, acc: 0.5258
[2024-02-22 23:07:35] [INFO] rank: 1, server: 0, distill epoch 5, acc: 0.5119
[2024-02-22 23:07:37] [INFO] rank: 1, server: 0, distill epoch 6, acc: 0.5024
[2024-02-22 23:07:39] [INFO] rank: 1, server: 0, distill epoch 7, acc: 0.4919
[2024-02-22 23:07:41] [INFO] rank: 1, server: 0, distill epoch 8, acc: 0.4883
[2024-02-22 23:07:43] [INFO] rank: 1, server: 0, distill epoch 9, acc: 0.4884
[2024-02-22 23:07:45] [INFO] rank: 1, server: 0, distill epoch 10, acc: 0.4903
[2024-02-22 23:07:45] [INFO] [rank: 1, server epoch 4, distill train]
[2024-02-22 23:07:47] [INFO] rank: 1, server: 1, distill epoch 1, acc: 0.5535
[2024-02-22 23:07:49] [INFO] rank: 1, server: 1, distill epoch 2, acc: 0.5387
[2024-02-22 23:07:51] [INFO] rank: 1, server: 1, distill epoch 3, acc: 0.5314
[2024-02-22 23:07:53] [INFO] rank: 1, server: 1, distill epoch 4, acc: 0.5262
[2024-02-22 23:07:55] [INFO] rank: 1, server: 1, distill epoch 5, acc: 0.5090
[2024-02-22 23:07:57] [INFO] rank: 1, server: 1, distill epoch 6, acc: 0.4922
[2024-02-22 23:07:59] [INFO] rank: 1, server: 1, distill epoch 7, acc: 0.4772
[2024-02-22 23:08:01] [INFO] rank: 1, server: 1, distill epoch 8, acc: 0.4728
[2024-02-22 23:08:03] [INFO] rank: 1, server: 1, distill epoch 9, acc: 0.4705
[2024-02-22 23:08:04] [INFO] rank: 1, server: 1, distill epoch 10, acc: 0.4742
[2024-02-22 23:08:04] [INFO] [rank: 1, server epoch 4, distill train]
[2024-02-22 23:08:06] [INFO] rank: 1, server: 2, distill epoch 1, acc: 0.5141
[2024-02-22 23:08:08] [INFO] rank: 1, server: 2, distill epoch 2, acc: 0.4970
[2024-02-22 23:08:11] [INFO] rank: 1, server: 2, distill epoch 3, acc: 0.4918
[2024-02-22 23:08:13] [INFO] rank: 1, server: 2, distill epoch 4, acc: 0.4977
[2024-02-22 23:08:15] [INFO] rank: 1, server: 2, distill epoch 5, acc: 0.5062
[2024-02-22 23:08:17] [INFO] rank: 1, server: 2, distill epoch 6, acc: 0.5132
[2024-02-22 23:08:20] [INFO] rank: 1, server: 2, distill epoch 7, acc: 0.5186
[2024-02-22 23:08:22] [INFO] rank: 1, server: 2, distill epoch 8, acc: 0.5177
[2024-02-22 23:08:24] [INFO] rank: 1, server: 2, distill epoch 9, acc: 0.5055
[2024-02-22 23:08:26] [INFO] rank: 1, server: 2, distill epoch 10, acc: 0.4951
[2024-02-22 23:08:26] [INFO] [rank: 1, server epoch 5, client 1, local train]
[2024-02-22 23:08:29] [INFO] rank: 1, local epoch 1, acc: 0.4611
[2024-02-22 23:08:31] [INFO] rank: 1, local epoch 2, acc: 0.4700
[2024-02-22 23:08:33] [INFO] rank: 1, local epoch 3, acc: 0.4738
[2024-02-22 23:08:36] [INFO] rank: 1, local epoch 4, acc: 0.4751
[2024-02-22 23:08:38] [INFO] rank: 1, local epoch 5, acc: 0.4653
[2024-02-22 23:08:40] [INFO] rank: 1, local epoch 6, acc: 0.4743
[2024-02-22 23:08:42] [INFO] rank: 1, local epoch 7, acc: 0.4615
[2024-02-22 23:08:45] [INFO] rank: 1, local epoch 8, acc: 0.4688
[2024-02-22 23:08:47] [INFO] rank: 1, local epoch 9, acc: 0.4658
[2024-02-22 23:08:49] [INFO] rank: 1, local epoch 10, acc: 0.4755
[2024-02-22 23:08:49] [INFO] [rank: 1, server epoch 5, client 2, local train]
[2024-02-22 23:08:52] [INFO] rank: 1, local epoch 1, acc: 0.4717
[2024-02-22 23:08:54] [INFO] rank: 1, local epoch 2, acc: 0.4873
[2024-02-22 23:08:56] [INFO] rank: 1, local epoch 3, acc: 0.4752
[2024-02-22 23:08:59] [INFO] rank: 1, local epoch 4, acc: 0.4778
[2024-02-22 23:09:01] [INFO] rank: 1, local epoch 5, acc: 0.4777
[2024-02-22 23:09:03] [INFO] rank: 1, local epoch 6, acc: 0.4686
[2024-02-22 23:09:05] [INFO] rank: 1, local epoch 7, acc: 0.4689
[2024-02-22 23:09:08] [INFO] rank: 1, local epoch 8, acc: 0.4738
[2024-02-22 23:09:10] [INFO] rank: 1, local epoch 9, acc: 0.4847
[2024-02-22 23:09:12] [INFO] rank: 1, local epoch 10, acc: 0.4787
[2024-02-22 23:09:12] [INFO] [rank: 1, server epoch 5, client 3, local train]
[2024-02-22 23:09:15] [INFO] rank: 1, local epoch 1, acc: 0.4717
[2024-02-22 23:09:17] [INFO] rank: 1, local epoch 2, acc: 0.4763
[2024-02-22 23:09:20] [INFO] rank: 1, local epoch 3, acc: 0.4821
[2024-02-22 23:09:22] [INFO] rank: 1, local epoch 4, acc: 0.4706
[2024-02-22 23:09:24] [INFO] rank: 1, local epoch 5, acc: 0.4844
[2024-02-22 23:09:27] [INFO] rank: 1, local epoch 6, acc: 0.4786
[2024-02-22 23:09:29] [INFO] rank: 1, local epoch 7, acc: 0.4667
[2024-02-22 23:09:32] [INFO] rank: 1, local epoch 8, acc: 0.4782
[2024-02-22 23:09:34] [INFO] rank: 1, local epoch 9, acc: 0.4766
[2024-02-22 23:09:36] [INFO] rank: 1, local epoch 10, acc: 0.4860
[2024-02-22 23:09:36] [INFO] [rank: 1, server epoch 5, client 4, local train]
[2024-02-22 23:09:39] [INFO] rank: 1, local epoch 1, acc: 0.5519
[2024-02-22 23:09:41] [INFO] rank: 1, local epoch 2, acc: 0.5536
[2024-02-22 23:09:43] [INFO] rank: 1, local epoch 3, acc: 0.5449
[2024-02-22 23:09:46] [INFO] rank: 1, local epoch 4, acc: 0.5438
[2024-02-22 23:09:48] [INFO] rank: 1, local epoch 5, acc: 0.5378
[2024-02-22 23:09:51] [INFO] rank: 1, local epoch 6, acc: 0.5437
[2024-02-22 23:09:53] [INFO] rank: 1, local epoch 7, acc: 0.5486
[2024-02-22 23:09:55] [INFO] rank: 1, local epoch 8, acc: 0.5449
[2024-02-22 23:09:57] [INFO] rank: 1, local epoch 9, acc: 0.5550
[2024-02-22 23:09:59] [INFO] rank: 1, local epoch 10, acc: 0.5494
[2024-02-22 23:09:59] [INFO] [rank: 1, server epoch 5, client 5, local train]
[2024-02-22 23:10:02] [INFO] rank: 1, local epoch 1, acc: 0.5354
[2024-02-22 23:10:04] [INFO] rank: 1, local epoch 2, acc: 0.5566
[2024-02-22 23:10:06] [INFO] rank: 1, local epoch 3, acc: 0.5490
[2024-02-22 23:10:09] [INFO] rank: 1, local epoch 4, acc: 0.5543
[2024-02-22 23:10:11] [INFO] rank: 1, local epoch 5, acc: 0.5434
[2024-02-22 23:10:14] [INFO] rank: 1, local epoch 6, acc: 0.5572
[2024-02-22 23:10:16] [INFO] rank: 1, local epoch 7, acc: 0.5518
[2024-02-22 23:10:19] [INFO] rank: 1, local epoch 8, acc: 0.5423
[2024-02-22 23:10:21] [INFO] rank: 1, local epoch 9, acc: 0.5450
[2024-02-22 23:10:23] [INFO] rank: 1, local epoch 10, acc: 0.5527
[2024-02-22 23:10:23] [INFO] [rank: 1, server epoch 5, client 6, local train]
[2024-02-22 23:10:26] [INFO] rank: 1, local epoch 1, acc: 0.5388
[2024-02-22 23:10:28] [INFO] rank: 1, local epoch 2, acc: 0.5570
[2024-02-22 23:10:31] [INFO] rank: 1, local epoch 3, acc: 0.5611
[2024-02-22 23:10:33] [INFO] rank: 1, local epoch 4, acc: 0.5663
[2024-02-22 23:10:35] [INFO] rank: 1, local epoch 5, acc: 0.5489
[2024-02-22 23:10:38] [INFO] rank: 1, local epoch 6, acc: 0.5561
[2024-02-22 23:10:40] [INFO] rank: 1, local epoch 7, acc: 0.5514
[2024-02-22 23:10:42] [INFO] rank: 1, local epoch 8, acc: 0.5581
[2024-02-22 23:10:44] [INFO] rank: 1, local epoch 9, acc: 0.5665
[2024-02-22 23:10:46] [INFO] rank: 1, local epoch 10, acc: 0.5426
[2024-02-22 23:10:46] [INFO] [rank: 1, server epoch 5, client 7, local train]
[2024-02-22 23:10:49] [INFO] rank: 1, local epoch 1, acc: 0.4866
[2024-02-22 23:10:51] [INFO] rank: 1, local epoch 2, acc: 0.5251
[2024-02-22 23:10:53] [INFO] rank: 1, local epoch 3, acc: 0.5015
[2024-02-22 23:10:56] [INFO] rank: 1, local epoch 4, acc: 0.4998
[2024-02-22 23:10:58] [INFO] rank: 1, local epoch 5, acc: 0.4932
[2024-02-22 23:11:00] [INFO] rank: 1, local epoch 6, acc: 0.4894
[2024-02-22 23:11:02] [INFO] rank: 1, local epoch 7, acc: 0.5089
[2024-02-22 23:11:05] [INFO] rank: 1, local epoch 8, acc: 0.5148
[2024-02-22 23:11:07] [INFO] rank: 1, local epoch 9, acc: 0.4988
[2024-02-22 23:11:09] [INFO] rank: 1, local epoch 10, acc: 0.5119
[2024-02-22 23:11:09] [INFO] [rank: 1, server epoch 5, client 8, local train]
[2024-02-22 23:11:11] [INFO] rank: 1, local epoch 1, acc: 0.5015
[2024-02-22 23:11:14] [INFO] rank: 1, local epoch 2, acc: 0.4903
[2024-02-22 23:11:17] [INFO] rank: 1, local epoch 3, acc: 0.5132
[2024-02-22 23:11:19] [INFO] rank: 1, local epoch 4, acc: 0.5319
[2024-02-22 23:11:22] [INFO] rank: 1, local epoch 5, acc: 0.5156
[2024-02-22 23:11:24] [INFO] rank: 1, local epoch 6, acc: 0.5235
[2024-02-22 23:11:27] [INFO] rank: 1, local epoch 7, acc: 0.5066
[2024-02-22 23:11:29] [INFO] rank: 1, local epoch 8, acc: 0.5265
[2024-02-22 23:11:32] [INFO] rank: 1, local epoch 9, acc: 0.5312
[2024-02-22 23:11:34] [INFO] rank: 1, local epoch 10, acc: 0.5063
[2024-02-22 23:11:34] [INFO] [rank: 1, server epoch 5, client 9, local train]
[2024-02-22 23:11:36] [INFO] rank: 1, local epoch 1, acc: 0.5032
[2024-02-22 23:11:39] [INFO] rank: 1, local epoch 2, acc: 0.5276
[2024-02-22 23:11:41] [INFO] rank: 1, local epoch 3, acc: 0.5307
[2024-02-22 23:11:44] [INFO] rank: 1, local epoch 4, acc: 0.5106
[2024-02-22 23:11:46] [INFO] rank: 1, local epoch 5, acc: 0.5078
[2024-02-22 23:11:48] [INFO] rank: 1, local epoch 6, acc: 0.5302
[2024-02-22 23:11:50] [INFO] rank: 1, local epoch 7, acc: 0.5111
[2024-02-22 23:11:53] [INFO] rank: 1, local epoch 8, acc: 0.5276
[2024-02-22 23:11:55] [INFO] rank: 1, local epoch 9, acc: 0.5411
[2024-02-22 23:11:57] [INFO] rank: 1, local epoch 10, acc: 0.5114
[2024-02-22 23:12:01] [INFO] [rank: 1, server epoch 5, distill train]
[2024-02-22 23:12:04] [INFO] rank: 1, server: 0, distill epoch 1, acc: 0.5143
[2024-02-22 23:12:06] [INFO] rank: 1, server: 0, distill epoch 2, acc: 0.5360
[2024-02-22 23:12:08] [INFO] rank: 1, server: 0, distill epoch 3, acc: 0.5432
[2024-02-22 23:12:10] [INFO] rank: 1, server: 0, distill epoch 4, acc: 0.5382
[2024-02-22 23:12:13] [INFO] rank: 1, server: 0, distill epoch 5, acc: 0.5225
[2024-02-22 23:12:15] [INFO] rank: 1, server: 0, distill epoch 6, acc: 0.5055
[2024-02-22 23:12:17] [INFO] rank: 1, server: 0, distill epoch 7, acc: 0.4999
[2024-02-22 23:12:20] [INFO] rank: 1, server: 0, distill epoch 8, acc: 0.5021
[2024-02-22 23:12:23] [INFO] rank: 1, server: 0, distill epoch 9, acc: 0.5097
[2024-02-22 23:12:25] [INFO] rank: 1, server: 0, distill epoch 10, acc: 0.5172
[2024-02-22 23:12:25] [INFO] [rank: 1, server epoch 5, distill train]
[2024-02-22 23:12:27] [INFO] rank: 1, server: 1, distill epoch 1, acc: 0.5541
[2024-02-22 23:12:30] [INFO] rank: 1, server: 1, distill epoch 2, acc: 0.5430
[2024-02-22 23:12:32] [INFO] rank: 1, server: 1, distill epoch 3, acc: 0.5420
[2024-02-22 23:12:34] [INFO] rank: 1, server: 1, distill epoch 4, acc: 0.5272
[2024-02-22 23:12:36] [INFO] rank: 1, server: 1, distill epoch 5, acc: 0.5102
[2024-02-22 23:12:38] [INFO] rank: 1, server: 1, distill epoch 6, acc: 0.4966
[2024-02-22 23:12:40] [INFO] rank: 1, server: 1, distill epoch 7, acc: 0.4895
[2024-02-22 23:12:42] [INFO] rank: 1, server: 1, distill epoch 8, acc: 0.4856
[2024-02-22 23:12:43] [INFO] rank: 1, server: 1, distill epoch 9, acc: 0.4916
[2024-02-22 23:12:45] [INFO] rank: 1, server: 1, distill epoch 10, acc: 0.5006
[2024-02-22 23:12:45] [INFO] [rank: 1, server epoch 5, distill train]
[2024-02-22 23:12:47] [INFO] rank: 1, server: 2, distill epoch 1, acc: 0.5374
[2024-02-22 23:12:49] [INFO] rank: 1, server: 2, distill epoch 2, acc: 0.5316
[2024-02-22 23:12:51] [INFO] rank: 1, server: 2, distill epoch 3, acc: 0.5291
[2024-02-22 23:12:53] [INFO] rank: 1, server: 2, distill epoch 4, acc: 0.5297
[2024-02-22 23:12:55] [INFO] rank: 1, server: 2, distill epoch 5, acc: 0.5364
[2024-02-22 23:12:57] [INFO] rank: 1, server: 2, distill epoch 6, acc: 0.5444
[2024-02-22 23:12:59] [INFO] rank: 1, server: 2, distill epoch 7, acc: 0.5479
[2024-02-22 23:13:01] [INFO] rank: 1, server: 2, distill epoch 8, acc: 0.5431
[2024-02-22 23:13:03] [INFO] rank: 1, server: 2, distill epoch 9, acc: 0.5320
[2024-02-22 23:13:05] [INFO] rank: 1, server: 2, distill epoch 10, acc: 0.5201
[2024-02-22 23:13:05] [INFO] [rank: 1, server epoch 6, client 1, local train]
[2024-02-22 23:13:07] [INFO] rank: 1, local epoch 1, acc: 0.4835
[2024-02-22 23:13:09] [INFO] rank: 1, local epoch 2, acc: 0.4806
[2024-02-22 23:13:11] [INFO] rank: 1, local epoch 3, acc: 0.4941
[2024-02-22 23:13:14] [INFO] rank: 1, local epoch 4, acc: 0.4952
[2024-02-22 23:13:16] [INFO] rank: 1, local epoch 5, acc: 0.5015
[2024-02-22 23:13:18] [INFO] rank: 1, local epoch 6, acc: 0.4878
[2024-02-22 23:13:21] [INFO] rank: 1, local epoch 7, acc: 0.4906
[2024-02-22 23:13:23] [INFO] rank: 1, local epoch 8, acc: 0.4889
[2024-02-22 23:13:25] [INFO] rank: 1, local epoch 9, acc: 0.4923
[2024-02-22 23:13:28] [INFO] rank: 1, local epoch 10, acc: 0.4940
[2024-02-22 23:13:28] [INFO] [rank: 1, server epoch 6, client 2, local train]
[2024-02-22 23:13:30] [INFO] rank: 1, local epoch 1, acc: 0.4808
[2024-02-22 23:13:32] [INFO] rank: 1, local epoch 2, acc: 0.4816
[2024-02-22 23:13:34] [INFO] rank: 1, local epoch 3, acc: 0.4743
[2024-02-22 23:13:37] [INFO] rank: 1, local epoch 4, acc: 0.4883
[2024-02-22 23:13:39] [INFO] rank: 1, local epoch 5, acc: 0.4854
[2024-02-22 23:13:41] [INFO] rank: 1, local epoch 6, acc: 0.4901
[2024-02-22 23:13:43] [INFO] rank: 1, local epoch 7, acc: 0.4791
[2024-02-22 23:13:45] [INFO] rank: 1, local epoch 8, acc: 0.4934
[2024-02-22 23:13:47] [INFO] rank: 1, local epoch 9, acc: 0.4839
[2024-02-22 23:13:49] [INFO] rank: 1, local epoch 10, acc: 0.4904
[2024-02-22 23:13:49] [INFO] [rank: 1, server epoch 6, client 3, local train]
[2024-02-22 23:13:51] [INFO] rank: 1, local epoch 1, acc: 0.4915
[2024-02-22 23:13:53] [INFO] rank: 1, local epoch 2, acc: 0.4867
[2024-02-22 23:13:56] [INFO] rank: 1, local epoch 3, acc: 0.4857
[2024-02-22 23:13:58] [INFO] rank: 1, local epoch 4, acc: 0.4923
[2024-02-22 23:14:00] [INFO] rank: 1, local epoch 5, acc: 0.4851
[2024-02-22 23:14:02] [INFO] rank: 1, local epoch 6, acc: 0.4857
[2024-02-22 23:14:04] [INFO] rank: 1, local epoch 7, acc: 0.4933
[2024-02-22 23:14:06] [INFO] rank: 1, local epoch 8, acc: 0.4864
[2024-02-22 23:14:09] [INFO] rank: 1, local epoch 9, acc: 0.4813
[2024-02-22 23:14:11] [INFO] rank: 1, local epoch 10, acc: 0.4915
[2024-02-22 23:14:11] [INFO] [rank: 1, server epoch 6, client 4, local train]
[2024-02-22 23:14:14] [INFO] rank: 1, local epoch 1, acc: 0.5779
[2024-02-22 23:14:17] [INFO] rank: 1, local epoch 2, acc: 0.5599
[2024-02-22 23:14:19] [INFO] rank: 1, local epoch 3, acc: 0.5608
[2024-02-22 23:14:22] [INFO] rank: 1, local epoch 4, acc: 0.5600
[2024-02-22 23:14:24] [INFO] rank: 1, local epoch 5, acc: 0.5624
[2024-02-22 23:14:27] [INFO] rank: 1, local epoch 6, acc: 0.5586
[2024-02-22 23:14:30] [INFO] rank: 1, local epoch 7, acc: 0.5571
[2024-02-22 23:14:32] [INFO] rank: 1, local epoch 8, acc: 0.5494
[2024-02-22 23:14:35] [INFO] rank: 1, local epoch 9, acc: 0.5636
[2024-02-22 23:14:37] [INFO] rank: 1, local epoch 10, acc: 0.5692
[2024-02-22 23:14:37] [INFO] [rank: 1, server epoch 6, client 5, local train]
[2024-02-22 23:14:40] [INFO] rank: 1, local epoch 1, acc: 0.5597
[2024-02-22 23:14:42] [INFO] rank: 1, local epoch 2, acc: 0.5605
[2024-02-22 23:14:45] [INFO] rank: 1, local epoch 3, acc: 0.5604
