[2024-02-22 22:50:51] [INFO] normal
        n_client     :   9   
          seed       : 10000 
      local_epochs   :  100  
       batch_size    :  160  
          alpha      :  1.0  
         dataset     :cifar10
     model_structure : cnn3  
[2024-02-22 22:51:23] [INFO] client 0 training starts.
[2024-02-22 22:51:26] [INFO] local epoch 1/100, acc: 0.1893
[2024-02-22 22:51:28] [INFO] local epoch 2/100, acc: 0.2366
[2024-02-22 22:51:30] [INFO] local epoch 3/100, acc: 0.2748
[2024-02-22 22:51:33] [INFO] local epoch 4/100, acc: 0.2805
[2024-02-22 22:51:35] [INFO] local epoch 5/100, acc: 0.3037
[2024-02-22 22:51:37] [INFO] local epoch 6/100, acc: 0.3187
[2024-02-22 22:51:39] [INFO] local epoch 7/100, acc: 0.3228
[2024-02-22 22:51:41] [INFO] local epoch 8/100, acc: 0.3131
[2024-02-22 22:51:43] [INFO] local epoch 9/100, acc: 0.3390
[2024-02-22 22:51:45] [INFO] local epoch 10/100, acc: 0.3454
[2024-02-22 22:51:47] [INFO] local epoch 11/100, acc: 0.3465
[2024-02-22 22:51:49] [INFO] local epoch 12/100, acc: 0.3516
[2024-02-22 22:51:51] [INFO] local epoch 13/100, acc: 0.3598
[2024-02-22 22:51:54] [INFO] local epoch 14/100, acc: 0.3621
[2024-02-22 22:51:56] [INFO] local epoch 15/100, acc: 0.3697
[2024-02-22 22:51:57] [INFO] local epoch 16/100, acc: 0.3705
[2024-02-22 22:51:59] [INFO] local epoch 17/100, acc: 0.3698
[2024-02-22 22:52:01] [INFO] local epoch 18/100, acc: 0.3787
[2024-02-22 22:52:03] [INFO] local epoch 19/100, acc: 0.3801
[2024-02-22 22:52:06] [INFO] local epoch 20/100, acc: 0.3888
[2024-02-22 22:52:08] [INFO] local epoch 21/100, acc: 0.3871
[2024-02-22 22:52:10] [INFO] local epoch 22/100, acc: 0.3917
[2024-02-22 22:52:12] [INFO] local epoch 23/100, acc: 0.3967
[2024-02-22 22:52:14] [INFO] local epoch 24/100, acc: 0.3886
[2024-02-22 22:52:17] [INFO] local epoch 25/100, acc: 0.3939
[2024-02-22 22:52:19] [INFO] local epoch 26/100, acc: 0.3953
[2024-02-22 22:52:21] [INFO] local epoch 27/100, acc: 0.4062
[2024-02-22 22:52:23] [INFO] local epoch 28/100, acc: 0.4105
[2024-02-22 22:52:26] [INFO] local epoch 29/100, acc: 0.4004
[2024-02-22 22:52:28] [INFO] local epoch 30/100, acc: 0.4177
[2024-02-22 22:52:30] [INFO] local epoch 31/100, acc: 0.4074
[2024-02-22 22:52:32] [INFO] local epoch 32/100, acc: 0.4113
[2024-02-22 22:52:34] [INFO] local epoch 33/100, acc: 0.4114
[2024-02-22 22:52:37] [INFO] local epoch 34/100, acc: 0.4123
[2024-02-22 22:52:39] [INFO] local epoch 35/100, acc: 0.4183
[2024-02-22 22:52:41] [INFO] local epoch 36/100, acc: 0.4106
[2024-02-22 22:52:43] [INFO] local epoch 37/100, acc: 0.4211
[2024-02-22 22:52:46] [INFO] local epoch 38/100, acc: 0.4204
[2024-02-22 22:52:48] [INFO] local epoch 39/100, acc: 0.4302
[2024-02-22 22:52:50] [INFO] local epoch 40/100, acc: 0.4195
[2024-02-22 22:52:53] [INFO] local epoch 41/100, acc: 0.4256
[2024-02-22 22:52:55] [INFO] local epoch 42/100, acc: 0.4277
[2024-02-22 22:52:57] [INFO] local epoch 43/100, acc: 0.4329
[2024-02-22 22:52:59] [INFO] local epoch 44/100, acc: 0.4254
[2024-02-22 22:53:01] [INFO] local epoch 45/100, acc: 0.4239
[2024-02-22 22:53:03] [INFO] local epoch 46/100, acc: 0.4286
[2024-02-22 22:53:05] [INFO] local epoch 47/100, acc: 0.4284
[2024-02-22 22:53:07] [INFO] local epoch 48/100, acc: 0.4420
[2024-02-22 22:53:09] [INFO] local epoch 49/100, acc: 0.4263
[2024-02-22 22:53:11] [INFO] local epoch 50/100, acc: 0.4354
[2024-02-22 22:53:13] [INFO] local epoch 51/100, acc: 0.4321
[2024-02-22 22:53:15] [INFO] local epoch 52/100, acc: 0.4337
[2024-02-22 22:53:18] [INFO] local epoch 53/100, acc: 0.4388
[2024-02-22 22:53:20] [INFO] local epoch 54/100, acc: 0.4355
[2024-02-22 22:53:22] [INFO] local epoch 55/100, acc: 0.4472
[2024-02-22 22:53:24] [INFO] local epoch 56/100, acc: 0.4456
[2024-02-22 22:53:26] [INFO] local epoch 57/100, acc: 0.4402
[2024-02-22 22:53:29] [INFO] local epoch 58/100, acc: 0.4401
[2024-02-22 22:53:31] [INFO] local epoch 59/100, acc: 0.4419
[2024-02-22 22:53:33] [INFO] local epoch 60/100, acc: 0.4448
[2024-02-22 22:53:35] [INFO] local epoch 61/100, acc: 0.4276
[2024-02-22 22:53:37] [INFO] local epoch 62/100, acc: 0.4453
[2024-02-22 22:53:39] [INFO] local epoch 63/100, acc: 0.4490
[2024-02-22 22:53:41] [INFO] local epoch 64/100, acc: 0.4465
[2024-02-22 22:53:43] [INFO] local epoch 65/100, acc: 0.4500
[2024-02-22 22:53:45] [INFO] local epoch 66/100, acc: 0.4473
[2024-02-22 22:53:47] [INFO] local epoch 67/100, acc: 0.4489
[2024-02-22 22:53:49] [INFO] local epoch 68/100, acc: 0.4459
[2024-02-22 22:53:51] [INFO] local epoch 69/100, acc: 0.4526
[2024-02-22 22:53:53] [INFO] local epoch 70/100, acc: 0.4580
[2024-02-22 22:53:55] [INFO] local epoch 71/100, acc: 0.4342
[2024-02-22 22:53:57] [INFO] local epoch 72/100, acc: 0.4549
[2024-02-22 22:53:59] [INFO] local epoch 73/100, acc: 0.4521
[2024-02-22 22:54:02] [INFO] local epoch 74/100, acc: 0.4427
[2024-02-22 22:54:04] [INFO] local epoch 75/100, acc: 0.4476
[2024-02-22 22:54:06] [INFO] local epoch 76/100, acc: 0.4436
[2024-02-22 22:54:08] [INFO] local epoch 77/100, acc: 0.4576
[2024-02-22 22:54:10] [INFO] local epoch 78/100, acc: 0.4505
[2024-02-22 22:54:12] [INFO] local epoch 79/100, acc: 0.4495
[2024-02-22 22:54:14] [INFO] local epoch 80/100, acc: 0.4468
[2024-02-22 22:54:16] [INFO] local epoch 81/100, acc: 0.4433
[2024-02-22 22:54:19] [INFO] local epoch 82/100, acc: 0.4605
[2024-02-22 22:54:21] [INFO] local epoch 83/100, acc: 0.4532
[2024-02-22 22:54:23] [INFO] local epoch 84/100, acc: 0.4598
[2024-02-22 22:54:25] [INFO] local epoch 85/100, acc: 0.4530
[2024-02-22 22:54:27] [INFO] local epoch 86/100, acc: 0.4531
[2024-02-22 22:54:29] [INFO] local epoch 87/100, acc: 0.4629
[2024-02-22 22:54:31] [INFO] local epoch 88/100, acc: 0.4507
[2024-02-22 22:54:33] [INFO] local epoch 89/100, acc: 0.4552
[2024-02-22 22:54:35] [INFO] local epoch 90/100, acc: 0.4523
[2024-02-22 22:54:37] [INFO] local epoch 91/100, acc: 0.4453
[2024-02-22 22:54:39] [INFO] local epoch 92/100, acc: 0.4498
[2024-02-22 22:54:41] [INFO] local epoch 93/100, acc: 0.4492
[2024-02-22 22:54:43] [INFO] local epoch 94/100, acc: 0.4565
[2024-02-22 22:54:45] [INFO] local epoch 95/100, acc: 0.4602
[2024-02-22 22:54:47] [INFO] local epoch 96/100, acc: 0.4521
[2024-02-22 22:54:49] [INFO] local epoch 97/100, acc: 0.4616
[2024-02-22 22:54:51] [INFO] local epoch 98/100, acc: 0.4506
[2024-02-22 22:54:53] [INFO] local epoch 99/100, acc: 0.4576
[2024-02-22 22:54:55] [INFO] local epoch 100/100, acc: 0.4467
[2024-02-22 22:54:55] [INFO] client 1 training starts.
[2024-02-22 22:54:57] [INFO] local epoch 1/100, acc: 0.1997
[2024-02-22 22:54:59] [INFO] local epoch 2/100, acc: 0.2265
[2024-02-22 22:55:01] [INFO] local epoch 3/100, acc: 0.2766
[2024-02-22 22:55:03] [INFO] local epoch 4/100, acc: 0.2992
[2024-02-22 22:55:05] [INFO] local epoch 5/100, acc: 0.3099
[2024-02-22 22:55:07] [INFO] local epoch 6/100, acc: 0.3143
[2024-02-22 22:55:10] [INFO] local epoch 7/100, acc: 0.3204
[2024-02-22 22:55:12] [INFO] local epoch 8/100, acc: 0.3334
[2024-02-22 22:55:14] [INFO] local epoch 9/100, acc: 0.3197
[2024-02-22 22:55:16] [INFO] local epoch 10/100, acc: 0.3454
[2024-02-22 22:55:19] [INFO] local epoch 11/100, acc: 0.3419
[2024-02-22 22:55:21] [INFO] local epoch 12/100, acc: 0.3519
[2024-02-22 22:55:23] [INFO] local epoch 13/100, acc: 0.3586
[2024-02-22 22:55:25] [INFO] local epoch 14/100, acc: 0.3481
[2024-02-22 22:55:27] [INFO] local epoch 15/100, acc: 0.3712
[2024-02-22 22:55:30] [INFO] local epoch 16/100, acc: 0.3680
[2024-02-22 22:55:32] [INFO] local epoch 17/100, acc: 0.3716
[2024-02-22 22:55:34] [INFO] local epoch 18/100, acc: 0.3593
[2024-02-22 22:55:36] [INFO] local epoch 19/100, acc: 0.3841
[2024-02-22 22:55:38] [INFO] local epoch 20/100, acc: 0.3882
[2024-02-22 22:55:40] [INFO] local epoch 21/100, acc: 0.3847
[2024-02-22 22:55:42] [INFO] local epoch 22/100, acc: 0.3898
[2024-02-22 22:55:44] [INFO] local epoch 23/100, acc: 0.3895
[2024-02-22 22:55:46] [INFO] local epoch 24/100, acc: 0.3782
[2024-02-22 22:55:48] [INFO] local epoch 25/100, acc: 0.3918
[2024-02-22 22:55:50] [INFO] local epoch 26/100, acc: 0.4005
[2024-02-22 22:55:52] [INFO] local epoch 27/100, acc: 0.4047
[2024-02-22 22:55:54] [INFO] local epoch 28/100, acc: 0.4017
[2024-02-22 22:55:56] [INFO] local epoch 29/100, acc: 0.3988
[2024-02-22 22:55:58] [INFO] local epoch 30/100, acc: 0.4101
[2024-02-22 22:56:01] [INFO] local epoch 31/100, acc: 0.4127
[2024-02-22 22:56:03] [INFO] local epoch 32/100, acc: 0.4107
[2024-02-22 22:56:05] [INFO] local epoch 33/100, acc: 0.4166
[2024-02-22 22:56:07] [INFO] local epoch 34/100, acc: 0.4216
[2024-02-22 22:56:09] [INFO] local epoch 35/100, acc: 0.4202
[2024-02-22 22:56:11] [INFO] local epoch 36/100, acc: 0.4208
[2024-02-22 22:56:13] [INFO] local epoch 37/100, acc: 0.4168
[2024-02-22 22:56:15] [INFO] local epoch 38/100, acc: 0.4251
[2024-02-22 22:56:17] [INFO] local epoch 39/100, acc: 0.4218
[2024-02-22 22:56:20] [INFO] local epoch 40/100, acc: 0.4308
[2024-02-22 22:56:22] [INFO] local epoch 41/100, acc: 0.4196
[2024-02-22 22:56:24] [INFO] local epoch 42/100, acc: 0.4200
[2024-02-22 22:56:26] [INFO] local epoch 43/100, acc: 0.4224
[2024-02-22 22:56:29] [INFO] local epoch 44/100, acc: 0.4272
[2024-02-22 22:56:31] [INFO] local epoch 45/100, acc: 0.4359
[2024-02-22 22:56:33] [INFO] local epoch 46/100, acc: 0.4326
[2024-02-22 22:56:35] [INFO] local epoch 47/100, acc: 0.4285
[2024-02-22 22:56:37] [INFO] local epoch 48/100, acc: 0.4268
[2024-02-22 22:56:39] [INFO] local epoch 49/100, acc: 0.4219
[2024-02-22 22:56:41] [INFO] local epoch 50/100, acc: 0.4259
[2024-02-22 22:56:43] [INFO] local epoch 51/100, acc: 0.4399
[2024-02-22 22:56:45] [INFO] local epoch 52/100, acc: 0.4423
[2024-02-22 22:56:47] [INFO] local epoch 53/100, acc: 0.4518
[2024-02-22 22:56:49] [INFO] local epoch 54/100, acc: 0.4324
[2024-02-22 22:56:51] [INFO] local epoch 55/100, acc: 0.4450
[2024-02-22 22:56:54] [INFO] local epoch 56/100, acc: 0.4350
[2024-02-22 22:56:56] [INFO] local epoch 57/100, acc: 0.4462
[2024-02-22 22:56:57] [INFO] local epoch 58/100, acc: 0.4373
[2024-02-22 22:57:00] [INFO] local epoch 59/100, acc: 0.4427
[2024-02-22 22:57:01] [INFO] local epoch 60/100, acc: 0.4380
[2024-02-22 22:57:03] [INFO] local epoch 61/100, acc: 0.4447
[2024-02-22 22:57:06] [INFO] local epoch 62/100, acc: 0.4562
[2024-02-22 22:57:08] [INFO] local epoch 63/100, acc: 0.4573
[2024-02-22 22:57:10] [INFO] local epoch 64/100, acc: 0.4478
[2024-02-22 22:57:12] [INFO] local epoch 65/100, acc: 0.4527
[2024-02-22 22:57:14] [INFO] local epoch 66/100, acc: 0.4463
[2024-02-22 22:57:17] [INFO] local epoch 67/100, acc: 0.4467
[2024-02-22 22:57:19] [INFO] local epoch 68/100, acc: 0.4433
[2024-02-22 22:57:21] [INFO] local epoch 69/100, acc: 0.4547
[2024-02-22 22:57:23] [INFO] local epoch 70/100, acc: 0.4515
[2024-02-22 22:57:25] [INFO] local epoch 71/100, acc: 0.4526
[2024-02-22 22:57:27] [INFO] local epoch 72/100, acc: 0.4503
[2024-02-22 22:57:29] [INFO] local epoch 73/100, acc: 0.4422
[2024-02-22 22:57:32] [INFO] local epoch 74/100, acc: 0.4430
[2024-02-22 22:57:34] [INFO] local epoch 75/100, acc: 0.4560
[2024-02-22 22:57:36] [INFO] local epoch 76/100, acc: 0.4536
[2024-02-22 22:57:38] [INFO] local epoch 77/100, acc: 0.4592
[2024-02-22 22:57:40] [INFO] local epoch 78/100, acc: 0.4552
[2024-02-22 22:57:41] [INFO] local epoch 79/100, acc: 0.4609
[2024-02-22 22:57:44] [INFO] local epoch 80/100, acc: 0.4492
[2024-02-22 22:57:46] [INFO] local epoch 81/100, acc: 0.4489
[2024-02-22 22:57:48] [INFO] local epoch 82/100, acc: 0.4473
[2024-02-22 22:57:50] [INFO] local epoch 83/100, acc: 0.4458
[2024-02-22 22:57:52] [INFO] local epoch 84/100, acc: 0.4410
[2024-02-22 22:57:54] [INFO] local epoch 85/100, acc: 0.4374
[2024-02-22 22:57:56] [INFO] local epoch 86/100, acc: 0.4483
[2024-02-22 22:57:58] [INFO] local epoch 87/100, acc: 0.4473
[2024-02-22 22:58:00] [INFO] local epoch 88/100, acc: 0.4552
[2024-02-22 22:58:02] [INFO] local epoch 89/100, acc: 0.4437
[2024-02-22 22:58:04] [INFO] local epoch 90/100, acc: 0.4543
[2024-02-22 22:58:06] [INFO] local epoch 91/100, acc: 0.4444
[2024-02-22 22:58:08] [INFO] local epoch 92/100, acc: 0.4554
[2024-02-22 22:58:10] [INFO] local epoch 93/100, acc: 0.4437
[2024-02-22 22:58:12] [INFO] local epoch 94/100, acc: 0.4584
[2024-02-22 22:58:15] [INFO] local epoch 95/100, acc: 0.4540
[2024-02-22 22:58:17] [INFO] local epoch 96/100, acc: 0.4594
[2024-02-22 22:58:19] [INFO] local epoch 97/100, acc: 0.4557
[2024-02-22 22:58:22] [INFO] local epoch 98/100, acc: 0.4583
[2024-02-22 22:58:24] [INFO] local epoch 99/100, acc: 0.4520
[2024-02-22 22:58:26] [INFO] local epoch 100/100, acc: 0.4515
[2024-02-22 22:58:26] [INFO] client 2 training starts.
[2024-02-22 22:58:28] [INFO] local epoch 1/100, acc: 0.2145
[2024-02-22 22:58:30] [INFO] local epoch 2/100, acc: 0.2402
[2024-02-22 22:58:32] [INFO] local epoch 3/100, acc: 0.2788
[2024-02-22 22:58:35] [INFO] local epoch 4/100, acc: 0.3050
[2024-02-22 22:58:37] [INFO] local epoch 5/100, acc: 0.2966
[2024-02-22 22:58:39] [INFO] local epoch 6/100, acc: 0.3159
[2024-02-22 22:58:41] [INFO] local epoch 7/100, acc: 0.3271
[2024-02-22 22:58:43] [INFO] local epoch 8/100, acc: 0.3255
[2024-02-22 22:58:45] [INFO] local epoch 9/100, acc: 0.3324
[2024-02-22 22:58:47] [INFO] local epoch 10/100, acc: 0.3349
[2024-02-22 22:58:49] [INFO] local epoch 11/100, acc: 0.3453
[2024-02-22 22:58:51] [INFO] local epoch 12/100, acc: 0.3520
[2024-02-22 22:58:53] [INFO] local epoch 13/100, acc: 0.3487
[2024-02-22 22:58:55] [INFO] local epoch 14/100, acc: 0.3639
[2024-02-22 22:58:57] [INFO] local epoch 15/100, acc: 0.3697
[2024-02-22 22:58:59] [INFO] local epoch 16/100, acc: 0.3690
[2024-02-22 22:59:01] [INFO] local epoch 17/100, acc: 0.3749
[2024-02-22 22:59:03] [INFO] local epoch 18/100, acc: 0.3829
[2024-02-22 22:59:05] [INFO] local epoch 19/100, acc: 0.3721
[2024-02-22 22:59:07] [INFO] local epoch 20/100, acc: 0.3678
[2024-02-22 22:59:09] [INFO] local epoch 21/100, acc: 0.3845
[2024-02-22 22:59:11] [INFO] local epoch 22/100, acc: 0.3832
[2024-02-22 22:59:13] [INFO] local epoch 23/100, acc: 0.3946
[2024-02-22 22:59:16] [INFO] local epoch 24/100, acc: 0.3875
[2024-02-22 22:59:18] [INFO] local epoch 25/100, acc: 0.3936
[2024-02-22 22:59:20] [INFO] local epoch 26/100, acc: 0.3923
[2024-02-22 22:59:22] [INFO] local epoch 27/100, acc: 0.3939
[2024-02-22 22:59:25] [INFO] local epoch 28/100, acc: 0.4104
[2024-02-22 22:59:27] [INFO] local epoch 29/100, acc: 0.4037
[2024-02-22 22:59:29] [INFO] local epoch 30/100, acc: 0.3943
[2024-02-22 22:59:31] [INFO] local epoch 31/100, acc: 0.3996
[2024-02-22 22:59:33] [INFO] local epoch 32/100, acc: 0.4075
[2024-02-22 22:59:36] [INFO] local epoch 33/100, acc: 0.4028
[2024-02-22 22:59:38] [INFO] local epoch 34/100, acc: 0.3999
[2024-02-22 22:59:40] [INFO] local epoch 35/100, acc: 0.3921
[2024-02-22 22:59:42] [INFO] local epoch 36/100, acc: 0.4247
[2024-02-22 22:59:44] [INFO] local epoch 37/100, acc: 0.4236
[2024-02-22 22:59:46] [INFO] local epoch 38/100, acc: 0.4311
[2024-02-22 22:59:48] [INFO] local epoch 39/100, acc: 0.4183
[2024-02-22 22:59:50] [INFO] local epoch 40/100, acc: 0.4161
[2024-02-22 22:59:52] [INFO] local epoch 41/100, acc: 0.4251
[2024-02-22 22:59:54] [INFO] local epoch 42/100, acc: 0.4121
[2024-02-22 22:59:56] [INFO] local epoch 43/100, acc: 0.4109
[2024-02-22 22:59:58] [INFO] local epoch 44/100, acc: 0.4339
[2024-02-22 23:00:00] [INFO] local epoch 45/100, acc: 0.4242
[2024-02-22 23:00:02] [INFO] local epoch 46/100, acc: 0.4181
[2024-02-22 23:00:04] [INFO] local epoch 47/100, acc: 0.4253
[2024-02-22 23:00:07] [INFO] local epoch 48/100, acc: 0.4263
[2024-02-22 23:00:09] [INFO] local epoch 49/100, acc: 0.4440
[2024-02-22 23:00:11] [INFO] local epoch 50/100, acc: 0.4322
[2024-02-22 23:00:13] [INFO] local epoch 51/100, acc: 0.4197
[2024-02-22 23:00:15] [INFO] local epoch 52/100, acc: 0.4430
[2024-02-22 23:00:18] [INFO] local epoch 53/100, acc: 0.4390
[2024-02-22 23:00:20] [INFO] local epoch 54/100, acc: 0.4387
[2024-02-22 23:00:22] [INFO] local epoch 55/100, acc: 0.4320
[2024-02-22 23:00:24] [INFO] local epoch 56/100, acc: 0.4513
[2024-02-22 23:00:27] [INFO] local epoch 57/100, acc: 0.4517
[2024-02-22 23:00:29] [INFO] local epoch 58/100, acc: 0.4422
[2024-02-22 23:00:31] [INFO] local epoch 59/100, acc: 0.4435
[2024-02-22 23:00:33] [INFO] local epoch 60/100, acc: 0.4448
[2024-02-22 23:00:35] [INFO] local epoch 61/100, acc: 0.4492
[2024-02-22 23:00:38] [INFO] local epoch 62/100, acc: 0.4438
[2024-02-22 23:00:40] [INFO] local epoch 63/100, acc: 0.4449
[2024-02-22 23:00:42] [INFO] local epoch 64/100, acc: 0.4426
[2024-02-22 23:00:44] [INFO] local epoch 65/100, acc: 0.4357
[2024-02-22 23:00:47] [INFO] local epoch 66/100, acc: 0.4499
[2024-02-22 23:00:49] [INFO] local epoch 67/100, acc: 0.4339
[2024-02-22 23:00:51] [INFO] local epoch 68/100, acc: 0.4465
[2024-02-22 23:00:53] [INFO] local epoch 69/100, acc: 0.4459
[2024-02-22 23:00:55] [INFO] local epoch 70/100, acc: 0.4476
[2024-02-22 23:00:57] [INFO] local epoch 71/100, acc: 0.4591
[2024-02-22 23:00:59] [INFO] local epoch 72/100, acc: 0.4384
[2024-02-22 23:01:01] [INFO] local epoch 73/100, acc: 0.4496
[2024-02-22 23:01:03] [INFO] local epoch 74/100, acc: 0.4450
[2024-02-22 23:01:05] [INFO] local epoch 75/100, acc: 0.4397
[2024-02-22 23:01:07] [INFO] local epoch 76/100, acc: 0.4458
[2024-02-22 23:01:09] [INFO] local epoch 77/100, acc: 0.4613
[2024-02-22 23:01:11] [INFO] local epoch 78/100, acc: 0.4536
[2024-02-22 23:01:13] [INFO] local epoch 79/100, acc: 0.4366
[2024-02-22 23:01:15] [INFO] local epoch 80/100, acc: 0.4579
[2024-02-22 23:01:17] [INFO] local epoch 81/100, acc: 0.4410
[2024-02-22 23:01:20] [INFO] local epoch 82/100, acc: 0.4479
[2024-02-22 23:01:22] [INFO] local epoch 83/100, acc: 0.4482
[2024-02-22 23:01:24] [INFO] local epoch 84/100, acc: 0.4518
[2024-02-22 23:01:26] [INFO] local epoch 85/100, acc: 0.4620
[2024-02-22 23:01:29] [INFO] local epoch 86/100, acc: 0.4582
[2024-02-22 23:01:31] [INFO] local epoch 87/100, acc: 0.4454
[2024-02-22 23:01:33] [INFO] local epoch 88/100, acc: 0.4543
[2024-02-22 23:01:35] [INFO] local epoch 89/100, acc: 0.4525
[2024-02-22 23:01:37] [INFO] local epoch 90/100, acc: 0.4456
[2024-02-22 23:01:39] [INFO] local epoch 91/100, acc: 0.4586
[2024-02-22 23:01:41] [INFO] local epoch 92/100, acc: 0.4543
[2024-02-22 23:01:43] [INFO] local epoch 93/100, acc: 0.4576
[2024-02-22 23:01:45] [INFO] local epoch 94/100, acc: 0.4554
[2024-02-22 23:01:47] [INFO] local epoch 95/100, acc: 0.4500
[2024-02-22 23:01:49] [INFO] local epoch 96/100, acc: 0.4539
[2024-02-22 23:01:51] [INFO] local epoch 97/100, acc: 0.4543
[2024-02-22 23:01:53] [INFO] local epoch 98/100, acc: 0.4506
[2024-02-22 23:01:55] [INFO] local epoch 99/100, acc: 0.4513
[2024-02-22 23:01:57] [INFO] local epoch 100/100, acc: 0.4535
[2024-02-22 23:01:57] [INFO] client 3 training starts.
[2024-02-22 23:02:00] [INFO] local epoch 1/100, acc: 0.1937
[2024-02-22 23:02:02] [INFO] local epoch 2/100, acc: 0.2556
[2024-02-22 23:02:04] [INFO] local epoch 3/100, acc: 0.3083
[2024-02-22 23:02:06] [INFO] local epoch 4/100, acc: 0.3216
[2024-02-22 23:02:08] [INFO] local epoch 5/100, acc: 0.3392
[2024-02-22 23:02:11] [INFO] local epoch 6/100, acc: 0.3510
[2024-02-22 23:02:13] [INFO] local epoch 7/100, acc: 0.3842
[2024-02-22 23:02:16] [INFO] local epoch 8/100, acc: 0.3774
[2024-02-22 23:02:18] [INFO] local epoch 9/100, acc: 0.3883
[2024-02-22 23:02:21] [INFO] local epoch 10/100, acc: 0.4060
[2024-02-22 23:02:23] [INFO] local epoch 11/100, acc: 0.4109
[2024-02-22 23:02:25] [INFO] local epoch 12/100, acc: 0.4171
[2024-02-22 23:02:28] [INFO] local epoch 13/100, acc: 0.4216
[2024-02-22 23:02:30] [INFO] local epoch 14/100, acc: 0.4252
[2024-02-22 23:02:33] [INFO] local epoch 15/100, acc: 0.4239
[2024-02-22 23:02:35] [INFO] local epoch 16/100, acc: 0.4185
[2024-02-22 23:02:37] [INFO] local epoch 17/100, acc: 0.4266
[2024-02-22 23:02:39] [INFO] local epoch 18/100, acc: 0.4485
[2024-02-22 23:02:41] [INFO] local epoch 19/100, acc: 0.4518
[2024-02-22 23:02:44] [INFO] local epoch 20/100, acc: 0.4544
[2024-02-22 23:02:46] [INFO] local epoch 21/100, acc: 0.4459
[2024-02-22 23:02:48] [INFO] local epoch 22/100, acc: 0.4634
[2024-02-22 23:02:50] [INFO] local epoch 23/100, acc: 0.4567
[2024-02-22 23:02:53] [INFO] local epoch 24/100, acc: 0.4672
[2024-02-22 23:02:55] [INFO] local epoch 25/100, acc: 0.4562
[2024-02-22 23:02:58] [INFO] local epoch 26/100, acc: 0.4632
[2024-02-22 23:03:00] [INFO] local epoch 27/100, acc: 0.4873
[2024-02-22 23:03:02] [INFO] local epoch 28/100, acc: 0.4577
[2024-02-22 23:03:04] [INFO] local epoch 29/100, acc: 0.4861
[2024-02-22 23:03:07] [INFO] local epoch 30/100, acc: 0.4881
[2024-02-22 23:03:09] [INFO] local epoch 31/100, acc: 0.4738
[2024-02-22 23:03:11] [INFO] local epoch 32/100, acc: 0.4807
[2024-02-22 23:03:14] [INFO] local epoch 33/100, acc: 0.4814
[2024-02-22 23:03:16] [INFO] local epoch 34/100, acc: 0.4921
[2024-02-22 23:03:18] [INFO] local epoch 35/100, acc: 0.4855
[2024-02-22 23:03:21] [INFO] local epoch 36/100, acc: 0.4892
[2024-02-22 23:03:23] [INFO] local epoch 37/100, acc: 0.4822
[2024-02-22 23:03:25] [INFO] local epoch 38/100, acc: 0.4894
[2024-02-22 23:03:28] [INFO] local epoch 39/100, acc: 0.5065
[2024-02-22 23:03:30] [INFO] local epoch 40/100, acc: 0.4825
[2024-02-22 23:03:32] [INFO] local epoch 41/100, acc: 0.4980
[2024-02-22 23:03:34] [INFO] local epoch 42/100, acc: 0.5044
[2024-02-22 23:03:37] [INFO] local epoch 43/100, acc: 0.4883
[2024-02-22 23:03:39] [INFO] local epoch 44/100, acc: 0.4928
[2024-02-22 23:03:41] [INFO] local epoch 45/100, acc: 0.5026
[2024-02-22 23:03:43] [INFO] local epoch 46/100, acc: 0.5114
[2024-02-22 23:03:45] [INFO] local epoch 47/100, acc: 0.5096
[2024-02-22 23:03:47] [INFO] local epoch 48/100, acc: 0.4878
[2024-02-22 23:03:50] [INFO] local epoch 49/100, acc: 0.5030
[2024-02-22 23:03:52] [INFO] local epoch 50/100, acc: 0.5030
[2024-02-22 23:03:54] [INFO] local epoch 51/100, acc: 0.5036
[2024-02-22 23:03:57] [INFO] local epoch 52/100, acc: 0.5002
[2024-02-22 23:03:59] [INFO] local epoch 53/100, acc: 0.5038
[2024-02-22 23:04:01] [INFO] local epoch 54/100, acc: 0.5133
[2024-02-22 23:04:03] [INFO] local epoch 55/100, acc: 0.5088
[2024-02-22 23:04:06] [INFO] local epoch 56/100, acc: 0.4977
[2024-02-22 23:04:08] [INFO] local epoch 57/100, acc: 0.5073
[2024-02-22 23:04:10] [INFO] local epoch 58/100, acc: 0.5008
[2024-02-22 23:04:13] [INFO] local epoch 59/100, acc: 0.5112
[2024-02-22 23:04:15] [INFO] local epoch 60/100, acc: 0.5174
[2024-02-22 23:04:17] [INFO] local epoch 61/100, acc: 0.5123
[2024-02-22 23:04:20] [INFO] local epoch 62/100, acc: 0.5052
[2024-02-22 23:04:22] [INFO] local epoch 63/100, acc: 0.5085
[2024-02-22 23:04:25] [INFO] local epoch 64/100, acc: 0.5179
[2024-02-22 23:04:27] [INFO] local epoch 65/100, acc: 0.5155
[2024-02-22 23:04:29] [INFO] local epoch 66/100, acc: 0.5180
[2024-02-22 23:04:31] [INFO] local epoch 67/100, acc: 0.5197
[2024-02-22 23:04:34] [INFO] local epoch 68/100, acc: 0.5240
[2024-02-22 23:04:36] [INFO] local epoch 69/100, acc: 0.5171
[2024-02-22 23:04:38] [INFO] local epoch 70/100, acc: 0.5114
[2024-02-22 23:04:41] [INFO] local epoch 71/100, acc: 0.5123
[2024-02-22 23:04:43] [INFO] local epoch 72/100, acc: 0.5195
[2024-02-22 23:04:45] [INFO] local epoch 73/100, acc: 0.5234
[2024-02-22 23:04:47] [INFO] local epoch 74/100, acc: 0.5222
[2024-02-22 23:04:50] [INFO] local epoch 75/100, acc: 0.5117
[2024-02-22 23:04:52] [INFO] local epoch 76/100, acc: 0.5248
[2024-02-22 23:04:54] [INFO] local epoch 77/100, acc: 0.5172
[2024-02-22 23:04:56] [INFO] local epoch 78/100, acc: 0.5104
[2024-02-22 23:04:58] [INFO] local epoch 79/100, acc: 0.5149
[2024-02-22 23:05:01] [INFO] local epoch 80/100, acc: 0.5126
[2024-02-22 23:05:03] [INFO] local epoch 81/100, acc: 0.5132
[2024-02-22 23:05:05] [INFO] local epoch 82/100, acc: 0.5086
[2024-02-22 23:05:07] [INFO] local epoch 83/100, acc: 0.5227
[2024-02-22 23:05:10] [INFO] local epoch 84/100, acc: 0.5129
[2024-02-22 23:05:12] [INFO] local epoch 85/100, acc: 0.5133
[2024-02-22 23:05:14] [INFO] local epoch 86/100, acc: 0.5166
[2024-02-22 23:05:17] [INFO] local epoch 87/100, acc: 0.5274
[2024-02-22 23:05:19] [INFO] local epoch 88/100, acc: 0.5187
[2024-02-22 23:05:21] [INFO] local epoch 89/100, acc: 0.5143
[2024-02-22 23:05:23] [INFO] local epoch 90/100, acc: 0.5087
[2024-02-22 23:05:26] [INFO] local epoch 91/100, acc: 0.5257
[2024-02-22 23:05:28] [INFO] local epoch 92/100, acc: 0.5143
[2024-02-22 23:05:30] [INFO] local epoch 93/100, acc: 0.5229
[2024-02-22 23:05:33] [INFO] local epoch 94/100, acc: 0.5197
[2024-02-22 23:05:35] [INFO] local epoch 95/100, acc: 0.5076
[2024-02-22 23:05:37] [INFO] local epoch 96/100, acc: 0.5198
[2024-02-22 23:05:40] [INFO] local epoch 97/100, acc: 0.5123
[2024-02-22 23:05:42] [INFO] local epoch 98/100, acc: 0.5116
[2024-02-22 23:05:44] [INFO] local epoch 99/100, acc: 0.5212
[2024-02-22 23:05:46] [INFO] local epoch 100/100, acc: 0.5217
[2024-02-22 23:05:46] [INFO] client 4 training starts.
[2024-02-22 23:05:49] [INFO] local epoch 1/100, acc: 0.1924
[2024-02-22 23:05:51] [INFO] local epoch 2/100, acc: 0.2843
[2024-02-22 23:05:53] [INFO] local epoch 3/100, acc: 0.3138
[2024-02-22 23:05:55] [INFO] local epoch 4/100, acc: 0.3212
[2024-02-22 23:05:58] [INFO] local epoch 5/100, acc: 0.3305
[2024-02-22 23:06:00] [INFO] local epoch 6/100, acc: 0.3521
[2024-02-22 23:06:02] [INFO] local epoch 7/100, acc: 0.3579
[2024-02-22 23:06:04] [INFO] local epoch 8/100, acc: 0.3830
[2024-02-22 23:06:07] [INFO] local epoch 9/100, acc: 0.3725
[2024-02-22 23:06:09] [INFO] local epoch 10/100, acc: 0.3827
[2024-02-22 23:06:11] [INFO] local epoch 11/100, acc: 0.4072
[2024-02-22 23:06:14] [INFO] local epoch 12/100, acc: 0.4113
[2024-02-22 23:06:16] [INFO] local epoch 13/100, acc: 0.4034
[2024-02-22 23:06:19] [INFO] local epoch 14/100, acc: 0.4143
[2024-02-22 23:06:21] [INFO] local epoch 15/100, acc: 0.4268
[2024-02-22 23:06:24] [INFO] local epoch 16/100, acc: 0.4338
[2024-02-22 23:06:26] [INFO] local epoch 17/100, acc: 0.4314
[2024-02-22 23:06:29] [INFO] local epoch 18/100, acc: 0.4319
[2024-02-22 23:06:31] [INFO] local epoch 19/100, acc: 0.4448
[2024-02-22 23:06:33] [INFO] local epoch 20/100, acc: 0.4342
[2024-02-22 23:06:36] [INFO] local epoch 21/100, acc: 0.4608
[2024-02-22 23:06:38] [INFO] local epoch 22/100, acc: 0.4516
[2024-02-22 23:06:40] [INFO] local epoch 23/100, acc: 0.4619
[2024-02-22 23:06:43] [INFO] local epoch 24/100, acc: 0.4616
[2024-02-22 23:06:45] [INFO] local epoch 25/100, acc: 0.4490
[2024-02-22 23:06:47] [INFO] local epoch 26/100, acc: 0.4622
[2024-02-22 23:06:49] [INFO] local epoch 27/100, acc: 0.4707
[2024-02-22 23:06:52] [INFO] local epoch 28/100, acc: 0.4669
[2024-02-22 23:06:54] [INFO] local epoch 29/100, acc: 0.4793
[2024-02-22 23:06:56] [INFO] local epoch 30/100, acc: 0.4702
[2024-02-22 23:06:58] [INFO] local epoch 31/100, acc: 0.4777
[2024-02-22 23:07:01] [INFO] local epoch 32/100, acc: 0.4783
[2024-02-22 23:07:03] [INFO] local epoch 33/100, acc: 0.4792
[2024-02-22 23:07:05] [INFO] local epoch 34/100, acc: 0.4684
[2024-02-22 23:07:08] [INFO] local epoch 35/100, acc: 0.4771
[2024-02-22 23:07:10] [INFO] local epoch 36/100, acc: 0.4759
[2024-02-22 23:07:12] [INFO] local epoch 37/100, acc: 0.5057
[2024-02-22 23:07:15] [INFO] local epoch 38/100, acc: 0.4900
[2024-02-22 23:07:17] [INFO] local epoch 39/100, acc: 0.5001
[2024-02-22 23:07:20] [INFO] local epoch 40/100, acc: 0.5001
[2024-02-22 23:07:22] [INFO] local epoch 41/100, acc: 0.4936
[2024-02-22 23:07:25] [INFO] local epoch 42/100, acc: 0.4960
[2024-02-22 23:07:27] [INFO] local epoch 43/100, acc: 0.4948
[2024-02-22 23:07:30] [INFO] local epoch 44/100, acc: 0.4853
[2024-02-22 23:07:32] [INFO] local epoch 45/100, acc: 0.4990
[2024-02-22 23:07:34] [INFO] local epoch 46/100, acc: 0.4884
[2024-02-22 23:07:36] [INFO] local epoch 47/100, acc: 0.5071
[2024-02-22 23:07:38] [INFO] local epoch 48/100, acc: 0.4973
[2024-02-22 23:07:41] [INFO] local epoch 49/100, acc: 0.5035
[2024-02-22 23:07:43] [INFO] local epoch 50/100, acc: 0.4987
[2024-02-22 23:07:45] [INFO] local epoch 51/100, acc: 0.4957
[2024-02-22 23:07:48] [INFO] local epoch 52/100, acc: 0.4934
[2024-02-22 23:07:50] [INFO] local epoch 53/100, acc: 0.5051
[2024-02-22 23:07:52] [INFO] local epoch 54/100, acc: 0.5029
[2024-02-22 23:07:54] [INFO] local epoch 55/100, acc: 0.4978
[2024-02-22 23:07:56] [INFO] local epoch 56/100, acc: 0.5122
[2024-02-22 23:07:58] [INFO] local epoch 57/100, acc: 0.5047
[2024-02-22 23:08:01] [INFO] local epoch 58/100, acc: 0.5045
[2024-02-22 23:08:03] [INFO] local epoch 59/100, acc: 0.5058
[2024-02-22 23:08:05] [INFO] local epoch 60/100, acc: 0.5137
[2024-02-22 23:08:07] [INFO] local epoch 61/100, acc: 0.5193
[2024-02-22 23:08:10] [INFO] local epoch 62/100, acc: 0.5052
[2024-02-22 23:08:12] [INFO] local epoch 63/100, acc: 0.5121
[2024-02-22 23:08:14] [INFO] local epoch 64/100, acc: 0.5173
[2024-02-22 23:08:17] [INFO] local epoch 65/100, acc: 0.5000
[2024-02-22 23:08:19] [INFO] local epoch 66/100, acc: 0.5163
[2024-02-22 23:08:22] [INFO] local epoch 67/100, acc: 0.5116
[2024-02-22 23:08:24] [INFO] local epoch 68/100, acc: 0.5054
[2024-02-22 23:08:26] [INFO] local epoch 69/100, acc: 0.5173
[2024-02-22 23:08:29] [INFO] local epoch 70/100, acc: 0.5162
[2024-02-22 23:08:31] [INFO] local epoch 71/100, acc: 0.5200
[2024-02-22 23:08:33] [INFO] local epoch 72/100, acc: 0.5158
[2024-02-22 23:08:36] [INFO] local epoch 73/100, acc: 0.5259
[2024-02-22 23:08:38] [INFO] local epoch 74/100, acc: 0.5125
[2024-02-22 23:08:40] [INFO] local epoch 75/100, acc: 0.5062
[2024-02-22 23:08:42] [INFO] local epoch 76/100, acc: 0.5216
[2024-02-22 23:08:44] [INFO] local epoch 77/100, acc: 0.5124
[2024-02-22 23:08:47] [INFO] local epoch 78/100, acc: 0.5191
[2024-02-22 23:08:49] [INFO] local epoch 79/100, acc: 0.5204
[2024-02-22 23:08:52] [INFO] local epoch 80/100, acc: 0.5019
[2024-02-22 23:08:54] [INFO] local epoch 81/100, acc: 0.5151
[2024-02-22 23:08:56] [INFO] local epoch 82/100, acc: 0.5173
[2024-02-22 23:08:59] [INFO] local epoch 83/100, acc: 0.5276
[2024-02-22 23:09:01] [INFO] local epoch 84/100, acc: 0.5256
[2024-02-22 23:09:04] [INFO] local epoch 85/100, acc: 0.5150
[2024-02-22 23:09:06] [INFO] local epoch 86/100, acc: 0.5263
[2024-02-22 23:09:09] [INFO] local epoch 87/100, acc: 0.5195
[2024-02-22 23:09:11] [INFO] local epoch 88/100, acc: 0.5116
[2024-02-22 23:09:14] [INFO] local epoch 89/100, acc: 0.5256
[2024-02-22 23:09:16] [INFO] local epoch 90/100, acc: 0.5312
[2024-02-22 23:09:19] [INFO] local epoch 91/100, acc: 0.5236
[2024-02-22 23:09:21] [INFO] local epoch 92/100, acc: 0.5172
[2024-02-22 23:09:24] [INFO] local epoch 93/100, acc: 0.5173
[2024-02-22 23:09:26] [INFO] local epoch 94/100, acc: 0.5209
[2024-02-22 23:09:29] [INFO] local epoch 95/100, acc: 0.5266
[2024-02-22 23:09:31] [INFO] local epoch 96/100, acc: 0.5176
[2024-02-22 23:09:34] [INFO] local epoch 97/100, acc: 0.5085
[2024-02-22 23:09:36] [INFO] local epoch 98/100, acc: 0.5100
[2024-02-22 23:09:38] [INFO] local epoch 99/100, acc: 0.5253
[2024-02-22 23:09:40] [INFO] local epoch 100/100, acc: 0.5106
[2024-02-22 23:09:40] [INFO] client 5 training starts.
[2024-02-22 23:09:43] [INFO] local epoch 1/100, acc: 0.1962
[2024-02-22 23:09:45] [INFO] local epoch 2/100, acc: 0.2896
[2024-02-22 23:09:48] [INFO] local epoch 3/100, acc: 0.3084
[2024-02-22 23:09:50] [INFO] local epoch 4/100, acc: 0.3236
[2024-02-22 23:09:52] [INFO] local epoch 5/100, acc: 0.3451
[2024-02-22 23:09:54] [INFO] local epoch 6/100, acc: 0.3678
[2024-02-22 23:09:57] [INFO] local epoch 7/100, acc: 0.3698
[2024-02-22 23:09:59] [INFO] local epoch 8/100, acc: 0.3792
[2024-02-22 23:10:01] [INFO] local epoch 9/100, acc: 0.3990
[2024-02-22 23:10:03] [INFO] local epoch 10/100, acc: 0.3886
[2024-02-22 23:10:05] [INFO] local epoch 11/100, acc: 0.4195
[2024-02-22 23:10:07] [INFO] local epoch 12/100, acc: 0.4056
[2024-02-22 23:10:10] [INFO] local epoch 13/100, acc: 0.4122
[2024-02-22 23:10:12] [INFO] local epoch 14/100, acc: 0.4013
[2024-02-22 23:10:14] [INFO] local epoch 15/100, acc: 0.4304
[2024-02-22 23:10:17] [INFO] local epoch 16/100, acc: 0.4298
[2024-02-22 23:10:20] [INFO] local epoch 17/100, acc: 0.4386
[2024-02-22 23:10:22] [INFO] local epoch 18/100, acc: 0.4527
[2024-02-22 23:10:25] [INFO] local epoch 19/100, acc: 0.4431
[2024-02-22 23:10:27] [INFO] local epoch 20/100, acc: 0.4566
[2024-02-22 23:10:29] [INFO] local epoch 21/100, acc: 0.4526
[2024-02-22 23:10:31] [INFO] local epoch 22/100, acc: 0.4509
[2024-02-22 23:10:34] [INFO] local epoch 23/100, acc: 0.4639
[2024-02-22 23:10:36] [INFO] local epoch 24/100, acc: 0.4725
[2024-02-22 23:10:38] [INFO] local epoch 25/100, acc: 0.4600
[2024-02-22 23:10:41] [INFO] local epoch 26/100, acc: 0.4677
[2024-02-22 23:10:43] [INFO] local epoch 27/100, acc: 0.4712
[2024-02-22 23:10:45] [INFO] local epoch 28/100, acc: 0.4847
[2024-02-22 23:10:47] [INFO] local epoch 29/100, acc: 0.4685
[2024-02-22 23:10:50] [INFO] local epoch 30/100, acc: 0.4824
[2024-02-22 23:10:52] [INFO] local epoch 31/100, acc: 0.4766
[2024-02-22 23:10:54] [INFO] local epoch 32/100, acc: 0.4803
[2024-02-22 23:10:56] [INFO] local epoch 33/100, acc: 0.4849
[2024-02-22 23:10:58] [INFO] local epoch 34/100, acc: 0.4856
[2024-02-22 23:11:01] [INFO] local epoch 35/100, acc: 0.4916
[2024-02-22 23:11:03] [INFO] local epoch 36/100, acc: 0.4988
[2024-02-22 23:11:05] [INFO] local epoch 37/100, acc: 0.4875
[2024-02-22 23:11:07] [INFO] local epoch 38/100, acc: 0.4941
[2024-02-22 23:11:09] [INFO] local epoch 39/100, acc: 0.4977
[2024-02-22 23:11:12] [INFO] local epoch 40/100, acc: 0.4943
[2024-02-22 23:11:14] [INFO] local epoch 41/100, acc: 0.4868
[2024-02-22 23:11:17] [INFO] local epoch 42/100, acc: 0.5024
[2024-02-22 23:11:19] [INFO] local epoch 43/100, acc: 0.4815
[2024-02-22 23:11:22] [INFO] local epoch 44/100, acc: 0.5006
[2024-02-22 23:11:25] [INFO] local epoch 45/100, acc: 0.5087
[2024-02-22 23:11:27] [INFO] local epoch 46/100, acc: 0.4924
[2024-02-22 23:11:30] [INFO] local epoch 47/100, acc: 0.5002
[2024-02-22 23:11:32] [INFO] local epoch 48/100, acc: 0.5058
[2024-02-22 23:11:35] [INFO] local epoch 49/100, acc: 0.5077
[2024-02-22 23:11:37] [INFO] local epoch 50/100, acc: 0.5055
[2024-02-22 23:11:40] [INFO] local epoch 51/100, acc: 0.5103
[2024-02-22 23:11:42] [INFO] local epoch 52/100, acc: 0.5038
[2024-02-22 23:11:45] [INFO] local epoch 53/100, acc: 0.5121
[2024-02-22 23:11:47] [INFO] local epoch 54/100, acc: 0.5121
[2024-02-22 23:11:49] [INFO] local epoch 55/100, acc: 0.5095
[2024-02-22 23:11:52] [INFO] local epoch 56/100, acc: 0.5146
[2024-02-22 23:11:54] [INFO] local epoch 57/100, acc: 0.5197
[2024-02-22 23:11:56] [INFO] local epoch 58/100, acc: 0.5117
[2024-02-22 23:11:58] [INFO] local epoch 59/100, acc: 0.5005
[2024-02-22 23:12:01] [INFO] local epoch 60/100, acc: 0.5053
[2024-02-22 23:12:03] [INFO] local epoch 61/100, acc: 0.5035
[2024-02-22 23:12:05] [INFO] local epoch 62/100, acc: 0.5207
[2024-02-22 23:12:07] [INFO] local epoch 63/100, acc: 0.5150
[2024-02-22 23:12:10] [INFO] local epoch 64/100, acc: 0.5208
[2024-02-22 23:12:12] [INFO] local epoch 65/100, acc: 0.5171
[2024-02-22 23:12:15] [INFO] local epoch 66/100, acc: 0.5184
[2024-02-22 23:12:17] [INFO] local epoch 67/100, acc: 0.5157
[2024-02-22 23:12:20] [INFO] local epoch 68/100, acc: 0.5099
[2024-02-22 23:12:23] [INFO] local epoch 69/100, acc: 0.5209
[2024-02-22 23:12:25] [INFO] local epoch 70/100, acc: 0.5138
[2024-02-22 23:12:28] [INFO] local epoch 71/100, acc: 0.5170
[2024-02-22 23:12:30] [INFO] local epoch 72/100, acc: 0.5184
[2024-02-22 23:12:32] [INFO] local epoch 73/100, acc: 0.5192
[2024-02-22 23:12:34] [INFO] local epoch 74/100, acc: 0.5110
[2024-02-22 23:12:37] [INFO] local epoch 75/100, acc: 0.4972
[2024-02-22 23:12:39] [INFO] local epoch 76/100, acc: 0.5248
[2024-02-22 23:12:41] [INFO] local epoch 77/100, acc: 0.5135
[2024-02-22 23:12:43] [INFO] local epoch 78/100, acc: 0.5180
[2024-02-22 23:12:45] [INFO] local epoch 79/100, acc: 0.5133
[2024-02-22 23:12:47] [INFO] local epoch 80/100, acc: 0.5128
[2024-02-22 23:12:50] [INFO] local epoch 81/100, acc: 0.5117
[2024-02-22 23:12:52] [INFO] local epoch 82/100, acc: 0.5115
[2024-02-22 23:12:54] [INFO] local epoch 83/100, acc: 0.5204
[2024-02-22 23:12:57] [INFO] local epoch 84/100, acc: 0.5157
[2024-02-22 23:12:59] [INFO] local epoch 85/100, acc: 0.5179
[2024-02-22 23:13:01] [INFO] local epoch 86/100, acc: 0.5223
[2024-02-22 23:13:03] [INFO] local epoch 87/100, acc: 0.5193
[2024-02-22 23:13:06] [INFO] local epoch 88/100, acc: 0.5034
[2024-02-22 23:13:08] [INFO] local epoch 89/100, acc: 0.5203
[2024-02-22 23:13:10] [INFO] local epoch 90/100, acc: 0.5169
[2024-02-22 23:13:12] [INFO] local epoch 91/100, acc: 0.5174
[2024-02-22 23:13:15] [INFO] local epoch 92/100, acc: 0.5040
[2024-02-22 23:13:17] [INFO] local epoch 93/100, acc: 0.5121
[2024-02-22 23:13:20] [INFO] local epoch 94/100, acc: 0.5134
[2024-02-22 23:13:23] [INFO] local epoch 95/100, acc: 0.5094
[2024-02-22 23:13:25] [INFO] local epoch 96/100, acc: 0.5068
[2024-02-22 23:13:27] [INFO] local epoch 97/100, acc: 0.5126
[2024-02-22 23:13:30] [INFO] local epoch 98/100, acc: 0.5140
[2024-02-22 23:13:33] [INFO] local epoch 99/100, acc: 0.5153
[2024-02-22 23:13:35] [INFO] local epoch 100/100, acc: 0.5154
[2024-02-22 23:13:35] [INFO] client 6 training starts.
[2024-02-22 23:13:37] [INFO] local epoch 1/100, acc: 0.1805
[2024-02-22 23:13:39] [INFO] local epoch 2/100, acc: 0.2267
[2024-02-22 23:13:42] [INFO] local epoch 3/100, acc: 0.2372
[2024-02-22 23:13:44] [INFO] local epoch 4/100, acc: 0.2756
[2024-02-22 23:13:46] [INFO] local epoch 5/100, acc: 0.2984
[2024-02-22 23:13:48] [INFO] local epoch 6/100, acc: 0.2924
[2024-02-22 23:13:50] [INFO] local epoch 7/100, acc: 0.3172
[2024-02-22 23:13:53] [INFO] local epoch 8/100, acc: 0.3249
[2024-02-22 23:13:55] [INFO] local epoch 9/100, acc: 0.3313
[2024-02-22 23:13:57] [INFO] local epoch 10/100, acc: 0.3397
[2024-02-22 23:13:59] [INFO] local epoch 11/100, acc: 0.3446
[2024-02-22 23:14:02] [INFO] local epoch 12/100, acc: 0.3478
[2024-02-22 23:14:04] [INFO] local epoch 13/100, acc: 0.3458
[2024-02-22 23:14:06] [INFO] local epoch 14/100, acc: 0.3382
[2024-02-22 23:14:09] [INFO] local epoch 15/100, acc: 0.3516
[2024-02-22 23:14:11] [INFO] local epoch 16/100, acc: 0.3623
[2024-02-22 23:14:14] [INFO] local epoch 17/100, acc: 0.3629
[2024-02-22 23:14:16] [INFO] local epoch 18/100, acc: 0.3723
[2024-02-22 23:14:19] [INFO] local epoch 19/100, acc: 0.3633
[2024-02-22 23:14:21] [INFO] local epoch 20/100, acc: 0.3703
[2024-02-22 23:14:24] [INFO] local epoch 21/100, acc: 0.3944
[2024-02-22 23:14:26] [INFO] local epoch 22/100, acc: 0.3939
[2024-02-22 23:14:29] [INFO] local epoch 23/100, acc: 0.3991
[2024-02-22 23:14:31] [INFO] local epoch 24/100, acc: 0.4005
[2024-02-22 23:14:34] [INFO] local epoch 25/100, acc: 0.4250
[2024-02-22 23:14:36] [INFO] local epoch 26/100, acc: 0.3950
[2024-02-22 23:14:39] [INFO] local epoch 27/100, acc: 0.4077
[2024-02-22 23:14:41] [INFO] local epoch 28/100, acc: 0.4027
[2024-02-22 23:14:44] [INFO] local epoch 29/100, acc: 0.4033
