[2024-02-22 23:15:32] [INFO] mllsgd
        n_client     :   9   
          seed       : 10000 
      local_epochs   :   1   
       batch_size    :  160  
      server_epochs  :   1   
          alpha      :  1.0  
         dataset     :cifar10
     model_structure : cnn3  
[2024-02-22 23:15:58] [INFO] [server epoch 1, client 1, local train]
[2024-02-22 23:16:00] [INFO] local epoch 1, acc: 0.2094
[2024-02-22 23:16:00] [INFO] [server epoch 1, client 2, local train]
[2024-02-22 23:16:03] [INFO] local epoch 1, acc: 0.2046
[2024-02-22 23:16:03] [INFO] [server epoch 1, client 3, local train]
[2024-02-22 23:16:05] [INFO] local epoch 1, acc: 0.2009
[2024-02-22 23:16:05] [INFO] [server epoch 1, client 4, local train]
[2024-02-22 23:16:07] [INFO] local epoch 1, acc: 0.2034
[2024-02-22 23:16:07] [INFO] [server epoch 1, client 5, local train]
[2024-02-22 23:16:10] [INFO] local epoch 1, acc: 0.1895
[2024-02-22 23:16:10] [INFO] [server epoch 1, client 6, local train]
[2024-02-22 23:16:12] [INFO] local epoch 1, acc: 0.1771
[2024-02-22 23:16:12] [INFO] [server epoch 1, client 7, local train]
[2024-02-22 23:16:14] [INFO] local epoch 1, acc: 0.1974
[2024-02-22 23:16:14] [INFO] [server epoch 1, client 8, local train]
[2024-02-22 23:16:17] [INFO] local epoch 1, acc: 0.1836
[2024-02-22 23:16:17] [INFO] [server epoch 1, client 9, local train]
[2024-02-22 23:16:19] [INFO] local epoch 1, acc: 0.1843
[2024-02-22 23:16:21] [INFO] avg epoch 1, acc 0.2018
[2024-02-22 23:16:22] [INFO] avg epoch 1, acc 0.1890
[2024-02-22 23:16:23] [INFO] avg epoch 1, acc 0.1863
[2024-02-22 23:16:23] [INFO] [server epoch 1, client 1, local train]
[2024-02-22 23:16:25] [INFO] local epoch 1, acc: 0.2368
[2024-02-22 23:16:25] [INFO] [server epoch 1, client 2, local train]
[2024-02-22 23:16:27] [INFO] local epoch 1, acc: 0.2412
[2024-02-22 23:16:27] [INFO] [server epoch 1, client 3, local train]
[2024-02-22 23:16:30] [INFO] local epoch 1, acc: 0.2357
[2024-02-22 23:16:30] [INFO] [server epoch 1, client 4, local train]
[2024-02-22 23:16:33] [INFO] local epoch 1, acc: 0.2833
[2024-02-22 23:16:33] [INFO] [server epoch 1, client 5, local train]
[2024-02-22 23:16:35] [INFO] local epoch 1, acc: 0.2729
[2024-02-22 23:16:35] [INFO] [server epoch 1, client 6, local train]
[2024-02-22 23:16:38] [INFO] local epoch 1, acc: 0.2790
[2024-02-22 23:16:38] [INFO] [server epoch 1, client 7, local train]
[2024-02-22 23:16:41] [INFO] local epoch 1, acc: 0.2092
[2024-02-22 23:16:41] [INFO] [server epoch 1, client 8, local train]
[2024-02-22 23:16:43] [INFO] local epoch 1, acc: 0.2237
[2024-02-22 23:16:43] [INFO] [server epoch 1, client 9, local train]
[2024-02-22 23:16:46] [INFO] local epoch 1, acc: 0.2140
[2024-02-22 23:16:47] [INFO] avg epoch 2, acc 0.2372
[2024-02-22 23:16:48] [INFO] avg epoch 2, acc 0.2789
[2024-02-22 23:16:49] [INFO] avg epoch 2, acc 0.2172
[2024-02-22 23:16:50] [INFO] server epoch 1, acc 0.2814
[2024-02-22 23:16:50] [INFO] results saved in ./res/mllsgd_seed_10000_alpha_1.0_dataset_cifar10_model_structure_cnn3/local_epochs_1_server_epochs_1_batch_size_160.pt.
[2024-02-22 23:16:50] [INFO] time cost: 00:01:18
