[2024-02-22 23:15:52] [INFO] normal
        n_client     :   9   
          seed       : 10000 
      local_epochs   :  100  
       batch_size    :  160  
          alpha      :  1.0  
         dataset     :cifar10
     model_structure : cnn3  
[2024-02-22 23:16:23] [INFO] client 0 training starts.
[2024-02-22 23:16:25] [INFO] local epoch 1/100, acc: 0.1893
[2024-02-22 23:16:28] [INFO] local epoch 2/100, acc: 0.2367
[2024-02-22 23:16:30] [INFO] local epoch 3/100, acc: 0.2749
[2024-02-22 23:16:32] [INFO] local epoch 4/100, acc: 0.2801
[2024-02-22 23:16:34] [INFO] local epoch 5/100, acc: 0.3039
[2024-02-22 23:16:36] [INFO] local epoch 6/100, acc: 0.3186
[2024-02-22 23:16:38] [INFO] local epoch 7/100, acc: 0.3231
[2024-02-22 23:16:41] [INFO] local epoch 8/100, acc: 0.3136
[2024-02-22 23:16:43] [INFO] local epoch 9/100, acc: 0.3392
[2024-02-22 23:16:45] [INFO] local epoch 10/100, acc: 0.3454
[2024-02-22 23:16:47] [INFO] local epoch 11/100, acc: 0.3468
[2024-02-22 23:16:50] [INFO] local epoch 12/100, acc: 0.3532
[2024-02-22 23:16:52] [INFO] local epoch 13/100, acc: 0.3596
[2024-02-22 23:16:54] [INFO] local epoch 14/100, acc: 0.3622
[2024-02-22 23:16:56] [INFO] local epoch 15/100, acc: 0.3694
[2024-02-22 23:16:58] [INFO] local epoch 16/100, acc: 0.3704
[2024-02-22 23:17:00] [INFO] local epoch 17/100, acc: 0.3695
[2024-02-22 23:17:02] [INFO] local epoch 18/100, acc: 0.3782
[2024-02-22 23:17:04] [INFO] local epoch 19/100, acc: 0.3802
[2024-02-22 23:17:06] [INFO] local epoch 20/100, acc: 0.3893
[2024-02-22 23:17:08] [INFO] local epoch 21/100, acc: 0.3864
[2024-02-22 23:17:10] [INFO] local epoch 22/100, acc: 0.3917
[2024-02-22 23:17:12] [INFO] local epoch 23/100, acc: 0.3966
[2024-02-22 23:17:14] [INFO] local epoch 24/100, acc: 0.3896
[2024-02-22 23:17:17] [INFO] local epoch 25/100, acc: 0.3943
[2024-02-22 23:17:19] [INFO] local epoch 26/100, acc: 0.3955
[2024-02-22 23:17:21] [INFO] local epoch 27/100, acc: 0.4066
[2024-02-22 23:17:23] [INFO] local epoch 28/100, acc: 0.4110
[2024-02-22 23:17:25] [INFO] local epoch 29/100, acc: 0.3997
[2024-02-22 23:17:27] [INFO] local epoch 30/100, acc: 0.4171
[2024-02-22 23:17:29] [INFO] local epoch 31/100, acc: 0.4073
[2024-02-22 23:17:32] [INFO] local epoch 32/100, acc: 0.4112
[2024-02-22 23:17:34] [INFO] local epoch 33/100, acc: 0.4104
[2024-02-22 23:17:36] [INFO] local epoch 34/100, acc: 0.4115
[2024-02-22 23:17:38] [INFO] local epoch 35/100, acc: 0.4174
[2024-02-22 23:17:40] [INFO] local epoch 36/100, acc: 0.4114
[2024-02-22 23:17:43] [INFO] local epoch 37/100, acc: 0.4214
[2024-02-22 23:17:45] [INFO] local epoch 38/100, acc: 0.4209
[2024-02-22 23:17:47] [INFO] local epoch 39/100, acc: 0.4287
[2024-02-22 23:17:50] [INFO] local epoch 40/100, acc: 0.4212
[2024-02-22 23:17:52] [INFO] local epoch 41/100, acc: 0.4256
[2024-02-22 23:17:54] [INFO] local epoch 42/100, acc: 0.4264
[2024-02-22 23:17:56] [INFO] local epoch 43/100, acc: 0.4329
[2024-02-22 23:17:59] [INFO] local epoch 44/100, acc: 0.4262
[2024-02-22 23:18:01] [INFO] local epoch 45/100, acc: 0.4237
[2024-02-22 23:18:03] [INFO] local epoch 46/100, acc: 0.4296
[2024-02-22 23:18:05] [INFO] local epoch 47/100, acc: 0.4279
[2024-02-22 23:18:07] [INFO] local epoch 48/100, acc: 0.4433
[2024-02-22 23:18:09] [INFO] local epoch 49/100, acc: 0.4243
[2024-02-22 23:18:11] [INFO] local epoch 50/100, acc: 0.4342
[2024-02-22 23:18:13] [INFO] local epoch 51/100, acc: 0.4313
[2024-02-22 23:18:15] [INFO] local epoch 52/100, acc: 0.4335
[2024-02-22 23:18:17] [INFO] local epoch 53/100, acc: 0.4414
[2024-02-22 23:18:19] [INFO] local epoch 54/100, acc: 0.4345
[2024-02-22 23:18:22] [INFO] local epoch 55/100, acc: 0.4470
[2024-02-22 23:18:24] [INFO] local epoch 56/100, acc: 0.4449
[2024-02-22 23:18:26] [INFO] local epoch 57/100, acc: 0.4402
[2024-02-22 23:18:28] [INFO] local epoch 58/100, acc: 0.4405
[2024-02-22 23:18:30] [INFO] local epoch 59/100, acc: 0.4436
[2024-02-22 23:18:32] [INFO] local epoch 60/100, acc: 0.4423
[2024-02-22 23:18:35] [INFO] local epoch 61/100, acc: 0.4294
[2024-02-22 23:18:37] [INFO] local epoch 62/100, acc: 0.4453
[2024-02-22 23:18:39] [INFO] local epoch 63/100, acc: 0.4499
[2024-02-22 23:18:41] [INFO] local epoch 64/100, acc: 0.4471
[2024-02-22 23:18:43] [INFO] local epoch 65/100, acc: 0.4483
[2024-02-22 23:18:45] [INFO] local epoch 66/100, acc: 0.4480
[2024-02-22 23:18:47] [INFO] local epoch 67/100, acc: 0.4500
[2024-02-22 23:18:49] [INFO] local epoch 68/100, acc: 0.4467
[2024-02-22 23:18:51] [INFO] local epoch 69/100, acc: 0.4537
[2024-02-22 23:18:53] [INFO] local epoch 70/100, acc: 0.4597
[2024-02-22 23:18:55] [INFO] local epoch 71/100, acc: 0.4357
[2024-02-22 23:18:57] [INFO] local epoch 72/100, acc: 0.4529
[2024-02-22 23:18:59] [INFO] local epoch 73/100, acc: 0.4521
[2024-02-22 23:19:01] [INFO] local epoch 74/100, acc: 0.4436
[2024-02-22 23:19:03] [INFO] local epoch 75/100, acc: 0.4466
[2024-02-22 23:19:06] [INFO] local epoch 76/100, acc: 0.4458
[2024-02-22 23:19:08] [INFO] local epoch 77/100, acc: 0.4574
[2024-02-22 23:19:10] [INFO] local epoch 78/100, acc: 0.4510
[2024-02-22 23:19:12] [INFO] local epoch 79/100, acc: 0.4516
[2024-02-22 23:19:14] [INFO] local epoch 80/100, acc: 0.4445
[2024-02-22 23:19:17] [INFO] local epoch 81/100, acc: 0.4446
[2024-02-22 23:19:19] [INFO] local epoch 82/100, acc: 0.4618
[2024-02-22 23:19:22] [INFO] local epoch 83/100, acc: 0.4540
[2024-02-22 23:19:24] [INFO] local epoch 84/100, acc: 0.4590
[2024-02-22 23:19:26] [INFO] local epoch 85/100, acc: 0.4532
[2024-02-22 23:19:29] [INFO] local epoch 86/100, acc: 0.4534
[2024-02-22 23:19:31] [INFO] local epoch 87/100, acc: 0.4635
[2024-02-22 23:19:33] [INFO] local epoch 88/100, acc: 0.4514
[2024-02-22 23:19:36] [INFO] local epoch 89/100, acc: 0.4560
[2024-02-22 23:19:38] [INFO] local epoch 90/100, acc: 0.4547
[2024-02-22 23:19:40] [INFO] local epoch 91/100, acc: 0.4468
[2024-02-22 23:19:43] [INFO] local epoch 92/100, acc: 0.4522
[2024-02-22 23:19:45] [INFO] local epoch 93/100, acc: 0.4479
[2024-02-22 23:19:47] [INFO] local epoch 94/100, acc: 0.4563
[2024-02-22 23:19:49] [INFO] local epoch 95/100, acc: 0.4566
[2024-02-22 23:19:51] [INFO] local epoch 96/100, acc: 0.4532
[2024-02-22 23:19:54] [INFO] local epoch 97/100, acc: 0.4632
[2024-02-22 23:19:56] [INFO] local epoch 98/100, acc: 0.4505
[2024-02-22 23:19:58] [INFO] local epoch 99/100, acc: 0.4585
[2024-02-22 23:20:01] [INFO] local epoch 100/100, acc: 0.4468
[2024-02-22 23:20:01] [INFO] client 1 training starts.
[2024-02-22 23:20:03] [INFO] local epoch 1/100, acc: 0.1996
[2024-02-22 23:20:05] [INFO] local epoch 2/100, acc: 0.2264
[2024-02-22 23:20:08] [INFO] local epoch 3/100, acc: 0.2755
[2024-02-22 23:20:10] [INFO] local epoch 4/100, acc: 0.2992
[2024-02-22 23:20:12] [INFO] local epoch 5/100, acc: 0.3097
[2024-02-22 23:20:15] [INFO] local epoch 6/100, acc: 0.3147
[2024-02-22 23:20:17] [INFO] local epoch 7/100, acc: 0.3207
[2024-02-22 23:20:19] [INFO] local epoch 8/100, acc: 0.3338
[2024-02-22 23:20:21] [INFO] local epoch 9/100, acc: 0.3199
[2024-02-22 23:20:24] [INFO] local epoch 10/100, acc: 0.3455
[2024-02-22 23:20:26] [INFO] local epoch 11/100, acc: 0.3417
[2024-02-22 23:20:28] [INFO] local epoch 12/100, acc: 0.3522
[2024-02-22 23:20:31] [INFO] local epoch 13/100, acc: 0.3591
[2024-02-22 23:20:33] [INFO] local epoch 14/100, acc: 0.3476
[2024-02-22 23:20:35] [INFO] local epoch 15/100, acc: 0.3701
[2024-02-22 23:20:38] [INFO] local epoch 16/100, acc: 0.3694
[2024-02-22 23:20:40] [INFO] local epoch 17/100, acc: 0.3722
[2024-02-22 23:20:42] [INFO] local epoch 18/100, acc: 0.3608
[2024-02-22 23:20:44] [INFO] local epoch 19/100, acc: 0.3850
[2024-02-22 23:20:46] [INFO] local epoch 20/100, acc: 0.3894
[2024-02-22 23:20:49] [INFO] local epoch 21/100, acc: 0.3859
[2024-02-22 23:20:51] [INFO] local epoch 22/100, acc: 0.3907
[2024-02-22 23:20:53] [INFO] local epoch 23/100, acc: 0.3900
[2024-02-22 23:20:56] [INFO] local epoch 24/100, acc: 0.3784
[2024-02-22 23:20:58] [INFO] local epoch 25/100, acc: 0.3925
[2024-02-22 23:21:00] [INFO] local epoch 26/100, acc: 0.4012
[2024-02-22 23:21:03] [INFO] local epoch 27/100, acc: 0.4059
[2024-02-22 23:21:05] [INFO] local epoch 28/100, acc: 0.4039
[2024-02-22 23:21:07] [INFO] local epoch 29/100, acc: 0.4006
[2024-02-22 23:21:10] [INFO] local epoch 30/100, acc: 0.4105
[2024-02-22 23:21:12] [INFO] local epoch 31/100, acc: 0.4136
[2024-02-22 23:21:14] [INFO] local epoch 32/100, acc: 0.4104
[2024-02-22 23:21:17] [INFO] local epoch 33/100, acc: 0.4181
[2024-02-22 23:21:19] [INFO] local epoch 34/100, acc: 0.4216
[2024-02-22 23:21:21] [INFO] local epoch 35/100, acc: 0.4225
[2024-02-22 23:21:23] [INFO] local epoch 36/100, acc: 0.4229
[2024-02-22 23:21:26] [INFO] local epoch 37/100, acc: 0.4177
[2024-02-22 23:21:28] [INFO] local epoch 38/100, acc: 0.4262
[2024-02-22 23:21:30] [INFO] local epoch 39/100, acc: 0.4213
[2024-02-22 23:21:33] [INFO] local epoch 40/100, acc: 0.4301
[2024-02-22 23:21:35] [INFO] local epoch 41/100, acc: 0.4200
[2024-02-22 23:21:37] [INFO] local epoch 42/100, acc: 0.4197
[2024-02-22 23:21:40] [INFO] local epoch 43/100, acc: 0.4215
[2024-02-22 23:21:42] [INFO] local epoch 44/100, acc: 0.4277
[2024-02-22 23:21:44] [INFO] local epoch 45/100, acc: 0.4382
[2024-02-22 23:21:46] [INFO] local epoch 46/100, acc: 0.4322
[2024-02-22 23:21:49] [INFO] local epoch 47/100, acc: 0.4287
[2024-02-22 23:21:51] [INFO] local epoch 48/100, acc: 0.4279
[2024-02-22 23:21:53] [INFO] local epoch 49/100, acc: 0.4223
[2024-02-22 23:21:56] [INFO] local epoch 50/100, acc: 0.4255
[2024-02-22 23:21:58] [INFO] local epoch 51/100, acc: 0.4377
[2024-02-22 23:22:00] [INFO] local epoch 52/100, acc: 0.4431
[2024-02-22 23:22:03] [INFO] local epoch 53/100, acc: 0.4530
[2024-02-22 23:22:05] [INFO] local epoch 54/100, acc: 0.4311
[2024-02-22 23:22:07] [INFO] local epoch 55/100, acc: 0.4456
[2024-02-22 23:22:09] [INFO] local epoch 56/100, acc: 0.4329
[2024-02-22 23:22:11] [INFO] local epoch 57/100, acc: 0.4459
[2024-02-22 23:22:14] [INFO] local epoch 58/100, acc: 0.4369
[2024-02-22 23:22:16] [INFO] local epoch 59/100, acc: 0.4431
[2024-02-22 23:22:18] [INFO] local epoch 60/100, acc: 0.4368
[2024-02-22 23:22:20] [INFO] local epoch 61/100, acc: 0.4443
[2024-02-22 23:22:22] [INFO] local epoch 62/100, acc: 0.4545
[2024-02-22 23:22:25] [INFO] local epoch 63/100, acc: 0.4557
[2024-02-22 23:22:27] [INFO] local epoch 64/100, acc: 0.4492
[2024-02-22 23:22:30] [INFO] local epoch 65/100, acc: 0.4502
[2024-02-22 23:22:32] [INFO] local epoch 66/100, acc: 0.4465
[2024-02-22 23:22:34] [INFO] local epoch 67/100, acc: 0.4457
[2024-02-22 23:22:36] [INFO] local epoch 68/100, acc: 0.4409
[2024-02-22 23:22:38] [INFO] local epoch 69/100, acc: 0.4534
[2024-02-22 23:22:41] [INFO] local epoch 70/100, acc: 0.4498
[2024-02-22 23:22:43] [INFO] local epoch 71/100, acc: 0.4527
[2024-02-22 23:22:45] [INFO] local epoch 72/100, acc: 0.4488
[2024-02-22 23:22:48] [INFO] local epoch 73/100, acc: 0.4401
[2024-02-22 23:22:50] [INFO] local epoch 74/100, acc: 0.4423
[2024-02-22 23:22:53] [INFO] local epoch 75/100, acc: 0.4562
[2024-02-22 23:22:55] [INFO] local epoch 76/100, acc: 0.4567
[2024-02-22 23:22:57] [INFO] local epoch 77/100, acc: 0.4619
[2024-02-22 23:22:59] [INFO] local epoch 78/100, acc: 0.4561
[2024-02-22 23:23:01] [INFO] local epoch 79/100, acc: 0.4608
[2024-02-22 23:23:03] [INFO] local epoch 80/100, acc: 0.4520
[2024-02-22 23:23:06] [INFO] local epoch 81/100, acc: 0.4477
[2024-02-22 23:23:08] [INFO] local epoch 82/100, acc: 0.4477
[2024-02-22 23:23:10] [INFO] local epoch 83/100, acc: 0.4471
[2024-02-22 23:23:13] [INFO] local epoch 84/100, acc: 0.4408
[2024-02-22 23:23:15] [INFO] local epoch 85/100, acc: 0.4375
[2024-02-22 23:23:18] [INFO] local epoch 86/100, acc: 0.4490
[2024-02-22 23:23:20] [INFO] local epoch 87/100, acc: 0.4488
[2024-02-22 23:23:22] [INFO] local epoch 88/100, acc: 0.4557
[2024-02-22 23:23:25] [INFO] local epoch 89/100, acc: 0.4396
[2024-02-22 23:23:27] [INFO] local epoch 90/100, acc: 0.4544
[2024-02-22 23:23:29] [INFO] local epoch 91/100, acc: 0.4437
[2024-02-22 23:23:32] [INFO] local epoch 92/100, acc: 0.4571
[2024-02-22 23:23:34] [INFO] local epoch 93/100, acc: 0.4433
[2024-02-22 23:23:36] [INFO] local epoch 94/100, acc: 0.4615
[2024-02-22 23:23:38] [INFO] local epoch 95/100, acc: 0.4527
[2024-02-22 23:23:40] [INFO] local epoch 96/100, acc: 0.4623
[2024-02-22 23:23:43] [INFO] local epoch 97/100, acc: 0.4600
[2024-02-22 23:23:45] [INFO] local epoch 98/100, acc: 0.4607
[2024-02-22 23:23:47] [INFO] local epoch 99/100, acc: 0.4527
[2024-02-22 23:23:49] [INFO] local epoch 100/100, acc: 0.4543
[2024-02-22 23:23:49] [INFO] client 2 training starts.
[2024-02-22 23:23:52] [INFO] local epoch 1/100, acc: 0.2146
[2024-02-22 23:23:54] [INFO] local epoch 2/100, acc: 0.2403
[2024-02-22 23:23:56] [INFO] local epoch 3/100, acc: 0.2789
[2024-02-22 23:23:58] [INFO] local epoch 4/100, acc: 0.3054
[2024-02-22 23:24:01] [INFO] local epoch 5/100, acc: 0.2974
[2024-02-22 23:24:03] [INFO] local epoch 6/100, acc: 0.3154
[2024-02-22 23:24:05] [INFO] local epoch 7/100, acc: 0.3275
[2024-02-22 23:24:08] [INFO] local epoch 8/100, acc: 0.3251
[2024-02-22 23:24:10] [INFO] local epoch 9/100, acc: 0.3319
[2024-02-22 23:24:12] [INFO] local epoch 10/100, acc: 0.3340
[2024-02-22 23:24:15] [INFO] local epoch 11/100, acc: 0.3458
[2024-02-22 23:24:17] [INFO] local epoch 12/100, acc: 0.3517
[2024-02-22 23:24:19] [INFO] local epoch 13/100, acc: 0.3492
[2024-02-22 23:24:21] [INFO] local epoch 14/100, acc: 0.3644
[2024-02-22 23:24:23] [INFO] local epoch 15/100, acc: 0.3695
[2024-02-22 23:24:26] [INFO] local epoch 16/100, acc: 0.3693
[2024-02-22 23:24:28] [INFO] local epoch 17/100, acc: 0.3751
[2024-02-22 23:24:30] [INFO] local epoch 18/100, acc: 0.3831
[2024-02-22 23:24:32] [INFO] local epoch 19/100, acc: 0.3716
[2024-02-22 23:24:34] [INFO] local epoch 20/100, acc: 0.3677
[2024-02-22 23:24:36] [INFO] local epoch 21/100, acc: 0.3849
[2024-02-22 23:24:39] [INFO] local epoch 22/100, acc: 0.3835
[2024-02-22 23:24:41] [INFO] local epoch 23/100, acc: 0.3954
[2024-02-22 23:24:43] [INFO] local epoch 24/100, acc: 0.3881
[2024-02-22 23:24:45] [INFO] local epoch 25/100, acc: 0.3924
[2024-02-22 23:24:47] [INFO] local epoch 26/100, acc: 0.3934
[2024-02-22 23:24:50] [INFO] local epoch 27/100, acc: 0.3942
[2024-02-22 23:24:52] [INFO] local epoch 28/100, acc: 0.4115
[2024-02-22 23:24:54] [INFO] local epoch 29/100, acc: 0.4032
[2024-02-22 23:24:56] [INFO] local epoch 30/100, acc: 0.3955
[2024-02-22 23:24:58] [INFO] local epoch 31/100, acc: 0.3996
[2024-02-22 23:25:01] [INFO] local epoch 32/100, acc: 0.4085
[2024-02-22 23:25:03] [INFO] local epoch 33/100, acc: 0.4040
[2024-02-22 23:25:05] [INFO] local epoch 34/100, acc: 0.3995
[2024-02-22 23:25:07] [INFO] local epoch 35/100, acc: 0.3928
[2024-02-22 23:25:10] [INFO] local epoch 36/100, acc: 0.4258
[2024-02-22 23:25:12] [INFO] local epoch 37/100, acc: 0.4236
[2024-02-22 23:25:14] [INFO] local epoch 38/100, acc: 0.4312
[2024-02-22 23:25:16] [INFO] local epoch 39/100, acc: 0.4189
[2024-02-22 23:25:19] [INFO] local epoch 40/100, acc: 0.4176
[2024-02-22 23:25:21] [INFO] local epoch 41/100, acc: 0.4265
[2024-02-22 23:25:23] [INFO] local epoch 42/100, acc: 0.4132
[2024-02-22 23:25:25] [INFO] local epoch 43/100, acc: 0.4119
[2024-02-22 23:25:27] [INFO] local epoch 44/100, acc: 0.4354
[2024-02-22 23:25:30] [INFO] local epoch 45/100, acc: 0.4237
[2024-02-22 23:25:32] [INFO] local epoch 46/100, acc: 0.4179
[2024-02-22 23:25:34] [INFO] local epoch 47/100, acc: 0.4244
[2024-02-22 23:25:36] [INFO] local epoch 48/100, acc: 0.4267
[2024-02-22 23:25:39] [INFO] local epoch 49/100, acc: 0.4450
[2024-02-22 23:25:41] [INFO] local epoch 50/100, acc: 0.4342
[2024-02-22 23:25:43] [INFO] local epoch 51/100, acc: 0.4221
[2024-02-22 23:25:45] [INFO] local epoch 52/100, acc: 0.4449
[2024-02-22 23:25:48] [INFO] local epoch 53/100, acc: 0.4400
[2024-02-22 23:25:50] [INFO] local epoch 54/100, acc: 0.4391
[2024-02-22 23:25:52] [INFO] local epoch 55/100, acc: 0.4328
[2024-02-22 23:25:54] [INFO] local epoch 56/100, acc: 0.4507
[2024-02-22 23:25:57] [INFO] local epoch 57/100, acc: 0.4524
[2024-02-22 23:25:59] [INFO] local epoch 58/100, acc: 0.4399
[2024-02-22 23:26:01] [INFO] local epoch 59/100, acc: 0.4464
[2024-02-22 23:26:04] [INFO] local epoch 60/100, acc: 0.4451
[2024-02-22 23:26:06] [INFO] local epoch 61/100, acc: 0.4505
[2024-02-22 23:26:08] [INFO] local epoch 62/100, acc: 0.4454
[2024-02-22 23:26:11] [INFO] local epoch 63/100, acc: 0.4459
[2024-02-22 23:26:13] [INFO] local epoch 64/100, acc: 0.4451
[2024-02-22 23:26:15] [INFO] local epoch 65/100, acc: 0.4372
[2024-02-22 23:26:18] [INFO] local epoch 66/100, acc: 0.4520
[2024-02-22 23:26:20] [INFO] local epoch 67/100, acc: 0.4359
[2024-02-22 23:26:22] [INFO] local epoch 68/100, acc: 0.4466
[2024-02-22 23:26:24] [INFO] local epoch 69/100, acc: 0.4492
[2024-02-22 23:26:27] [INFO] local epoch 70/100, acc: 0.4462
[2024-02-22 23:26:29] [INFO] local epoch 71/100, acc: 0.4610
[2024-02-22 23:26:31] [INFO] local epoch 72/100, acc: 0.4416
[2024-02-22 23:26:33] [INFO] local epoch 73/100, acc: 0.4510
[2024-02-22 23:26:36] [INFO] local epoch 74/100, acc: 0.4469
[2024-02-22 23:26:38] [INFO] local epoch 75/100, acc: 0.4379
[2024-02-22 23:26:40] [INFO] local epoch 76/100, acc: 0.4480
[2024-02-22 23:26:43] [INFO] local epoch 77/100, acc: 0.4609
[2024-02-22 23:26:45] [INFO] local epoch 78/100, acc: 0.4557
[2024-02-22 23:26:47] [INFO] local epoch 79/100, acc: 0.4390
[2024-02-22 23:26:50] [INFO] local epoch 80/100, acc: 0.4562
[2024-02-22 23:26:52] [INFO] local epoch 81/100, acc: 0.4439
[2024-02-22 23:26:54] [INFO] local epoch 82/100, acc: 0.4499
[2024-02-22 23:26:56] [INFO] local epoch 83/100, acc: 0.4510
[2024-02-22 23:26:58] [INFO] local epoch 84/100, acc: 0.4527
[2024-02-22 23:27:01] [INFO] local epoch 85/100, acc: 0.4616
[2024-02-22 23:27:03] [INFO] local epoch 86/100, acc: 0.4584
[2024-02-22 23:27:05] [INFO] local epoch 87/100, acc: 0.4459
[2024-02-22 23:27:07] [INFO] local epoch 88/100, acc: 0.4561
[2024-02-22 23:27:09] [INFO] local epoch 89/100, acc: 0.4533
[2024-02-22 23:27:12] [INFO] local epoch 90/100, acc: 0.4482
[2024-02-22 23:27:14] [INFO] local epoch 91/100, acc: 0.4600
[2024-02-22 23:27:16] [INFO] local epoch 92/100, acc: 0.4549
[2024-02-22 23:27:18] [INFO] local epoch 93/100, acc: 0.4582
[2024-02-22 23:27:21] [INFO] local epoch 94/100, acc: 0.4569
[2024-02-22 23:27:23] [INFO] local epoch 95/100, acc: 0.4533
[2024-02-22 23:27:25] [INFO] local epoch 96/100, acc: 0.4553
[2024-02-22 23:27:28] [INFO] local epoch 97/100, acc: 0.4546
[2024-02-22 23:27:30] [INFO] local epoch 98/100, acc: 0.4506
[2024-02-22 23:27:32] [INFO] local epoch 99/100, acc: 0.4516
[2024-02-22 23:27:34] [INFO] local epoch 100/100, acc: 0.4554
[2024-02-22 23:27:34] [INFO] client 3 training starts.
[2024-02-22 23:27:37] [INFO] local epoch 1/100, acc: 0.1937
[2024-02-22 23:27:39] [INFO] local epoch 2/100, acc: 0.2560
[2024-02-22 23:27:42] [INFO] local epoch 3/100, acc: 0.3086
[2024-02-22 23:27:44] [INFO] local epoch 4/100, acc: 0.3217
[2024-02-22 23:27:47] [INFO] local epoch 5/100, acc: 0.3392
[2024-02-22 23:27:49] [INFO] local epoch 6/100, acc: 0.3516
[2024-02-22 23:27:52] [INFO] local epoch 7/100, acc: 0.3838
[2024-02-22 23:27:54] [INFO] local epoch 8/100, acc: 0.3787
[2024-02-22 23:27:56] [INFO] local epoch 9/100, acc: 0.3889
[2024-02-22 23:27:59] [INFO] local epoch 10/100, acc: 0.4061
[2024-02-22 23:28:01] [INFO] local epoch 11/100, acc: 0.4114
[2024-02-22 23:28:04] [INFO] local epoch 12/100, acc: 0.4156
[2024-02-22 23:28:06] [INFO] local epoch 13/100, acc: 0.4217
[2024-02-22 23:28:08] [INFO] local epoch 14/100, acc: 0.4250
[2024-02-22 23:28:11] [INFO] local epoch 15/100, acc: 0.4253
[2024-02-22 23:28:14] [INFO] local epoch 16/100, acc: 0.4181
[2024-02-22 23:28:16] [INFO] local epoch 17/100, acc: 0.4272
[2024-02-22 23:28:19] [INFO] local epoch 18/100, acc: 0.4494
[2024-02-22 23:28:21] [INFO] local epoch 19/100, acc: 0.4509
[2024-02-22 23:28:24] [INFO] local epoch 20/100, acc: 0.4542
[2024-02-22 23:28:26] [INFO] local epoch 21/100, acc: 0.4465
[2024-02-22 23:28:28] [INFO] local epoch 22/100, acc: 0.4623
[2024-02-22 23:28:31] [INFO] local epoch 23/100, acc: 0.4581
[2024-02-22 23:28:33] [INFO] local epoch 24/100, acc: 0.4675
[2024-02-22 23:28:36] [INFO] local epoch 25/100, acc: 0.4557
[2024-02-22 23:28:38] [INFO] local epoch 26/100, acc: 0.4650
[2024-02-22 23:28:41] [INFO] local epoch 27/100, acc: 0.4873
[2024-02-22 23:28:43] [INFO] local epoch 28/100, acc: 0.4584
[2024-02-22 23:28:46] [INFO] local epoch 29/100, acc: 0.4862
[2024-02-22 23:28:48] [INFO] local epoch 30/100, acc: 0.4881
[2024-02-22 23:28:50] [INFO] local epoch 31/100, acc: 0.4748
[2024-02-22 23:28:53] [INFO] local epoch 32/100, acc: 0.4809
[2024-02-22 23:28:55] [INFO] local epoch 33/100, acc: 0.4827
[2024-02-22 23:28:58] [INFO] local epoch 34/100, acc: 0.4927
[2024-02-22 23:29:00] [INFO] local epoch 35/100, acc: 0.4871
[2024-02-22 23:29:03] [INFO] local epoch 36/100, acc: 0.4888
[2024-02-22 23:29:05] [INFO] local epoch 37/100, acc: 0.4829
[2024-02-22 23:29:07] [INFO] local epoch 38/100, acc: 0.4921
[2024-02-22 23:29:10] [INFO] local epoch 39/100, acc: 0.5066
[2024-02-22 23:29:12] [INFO] local epoch 40/100, acc: 0.4819
[2024-02-22 23:29:15] [INFO] local epoch 41/100, acc: 0.4982
[2024-02-22 23:29:17] [INFO] local epoch 42/100, acc: 0.5045
[2024-02-22 23:29:20] [INFO] local epoch 43/100, acc: 0.4877
[2024-02-22 23:29:22] [INFO] local epoch 44/100, acc: 0.4918
[2024-02-22 23:29:24] [INFO] local epoch 45/100, acc: 0.5035
[2024-02-22 23:29:27] [INFO] local epoch 46/100, acc: 0.5113
[2024-02-22 23:29:29] [INFO] local epoch 47/100, acc: 0.5104
[2024-02-22 23:29:32] [INFO] local epoch 48/100, acc: 0.4866
[2024-02-22 23:29:34] [INFO] local epoch 49/100, acc: 0.5042
[2024-02-22 23:29:36] [INFO] local epoch 50/100, acc: 0.5036
[2024-02-22 23:29:39] [INFO] local epoch 51/100, acc: 0.5021
[2024-02-22 23:29:41] [INFO] local epoch 52/100, acc: 0.5031
[2024-02-22 23:29:43] [INFO] local epoch 53/100, acc: 0.5021
[2024-02-22 23:29:46] [INFO] local epoch 54/100, acc: 0.5137
[2024-02-22 23:29:48] [INFO] local epoch 55/100, acc: 0.5069
[2024-02-22 23:29:51] [INFO] local epoch 56/100, acc: 0.4994
[2024-02-22 23:29:53] [INFO] local epoch 57/100, acc: 0.5070
[2024-02-22 23:29:55] [INFO] local epoch 58/100, acc: 0.5033
[2024-02-22 23:29:58] [INFO] local epoch 59/100, acc: 0.5100
[2024-02-22 23:30:00] [INFO] local epoch 60/100, acc: 0.5146
[2024-02-22 23:30:03] [INFO] local epoch 61/100, acc: 0.5141
[2024-02-22 23:30:05] [INFO] local epoch 62/100, acc: 0.5067
[2024-02-22 23:30:07] [INFO] local epoch 63/100, acc: 0.5111
[2024-02-22 23:30:10] [INFO] local epoch 64/100, acc: 0.5187
[2024-02-22 23:30:12] [INFO] local epoch 65/100, acc: 0.5160
[2024-02-22 23:30:14] [INFO] local epoch 66/100, acc: 0.5123
[2024-02-22 23:30:17] [INFO] local epoch 67/100, acc: 0.5190
[2024-02-22 23:30:20] [INFO] local epoch 68/100, acc: 0.5241
[2024-02-22 23:30:22] [INFO] local epoch 69/100, acc: 0.5191
[2024-02-22 23:30:24] [INFO] local epoch 70/100, acc: 0.5117
[2024-02-22 23:30:27] [INFO] local epoch 71/100, acc: 0.5119
[2024-02-22 23:30:30] [INFO] local epoch 72/100, acc: 0.5190
[2024-02-22 23:30:32] [INFO] local epoch 73/100, acc: 0.5220
[2024-02-22 23:30:34] [INFO] local epoch 74/100, acc: 0.5214
[2024-02-22 23:30:37] [INFO] local epoch 75/100, acc: 0.5133
[2024-02-22 23:30:39] [INFO] local epoch 76/100, acc: 0.5227
[2024-02-22 23:30:42] [INFO] local epoch 77/100, acc: 0.5150
[2024-02-22 23:30:44] [INFO] local epoch 78/100, acc: 0.5091
[2024-02-22 23:30:46] [INFO] local epoch 79/100, acc: 0.5155
[2024-02-22 23:30:49] [INFO] local epoch 80/100, acc: 0.5123
[2024-02-22 23:30:51] [INFO] local epoch 81/100, acc: 0.5114
[2024-02-22 23:30:53] [INFO] local epoch 82/100, acc: 0.5070
[2024-02-22 23:30:56] [INFO] local epoch 83/100, acc: 0.5239
[2024-02-22 23:30:58] [INFO] local epoch 84/100, acc: 0.5114
[2024-02-22 23:31:01] [INFO] local epoch 85/100, acc: 0.5138
[2024-02-22 23:31:03] [INFO] local epoch 86/100, acc: 0.5173
[2024-02-22 23:31:06] [INFO] local epoch 87/100, acc: 0.5281
[2024-02-22 23:31:08] [INFO] local epoch 88/100, acc: 0.5190
[2024-02-22 23:31:11] [INFO] local epoch 89/100, acc: 0.5120
[2024-02-22 23:31:13] [INFO] local epoch 90/100, acc: 0.5147
[2024-02-22 23:31:16] [INFO] local epoch 91/100, acc: 0.5281
[2024-02-22 23:31:18] [INFO] local epoch 92/100, acc: 0.5162
[2024-02-22 23:31:21] [INFO] local epoch 93/100, acc: 0.5238
[2024-02-22 23:31:23] [INFO] local epoch 94/100, acc: 0.5192
[2024-02-22 23:31:25] [INFO] local epoch 95/100, acc: 0.5065
[2024-02-22 23:31:28] [INFO] local epoch 96/100, acc: 0.5198
[2024-02-22 23:31:30] [INFO] local epoch 97/100, acc: 0.5114
[2024-02-22 23:31:33] [INFO] local epoch 98/100, acc: 0.5158
[2024-02-22 23:31:35] [INFO] local epoch 99/100, acc: 0.5198
[2024-02-22 23:31:38] [INFO] local epoch 100/100, acc: 0.5241
[2024-02-22 23:31:38] [INFO] client 4 training starts.
[2024-02-22 23:31:40] [INFO] local epoch 1/100, acc: 0.1931
[2024-02-22 23:31:42] [INFO] local epoch 2/100, acc: 0.2842
[2024-02-22 23:31:45] [INFO] local epoch 3/100, acc: 0.3131
[2024-02-22 23:31:47] [INFO] local epoch 4/100, acc: 0.3203
[2024-02-22 23:31:50] [INFO] local epoch 5/100, acc: 0.3297
[2024-02-22 23:31:52] [INFO] local epoch 6/100, acc: 0.3519
[2024-02-22 23:31:54] [INFO] local epoch 7/100, acc: 0.3581
[2024-02-22 23:31:56] [INFO] local epoch 8/100, acc: 0.3829
[2024-02-22 23:31:59] [INFO] local epoch 9/100, acc: 0.3712
[2024-02-22 23:32:01] [INFO] local epoch 10/100, acc: 0.3803
[2024-02-22 23:32:04] [INFO] local epoch 11/100, acc: 0.4047
[2024-02-22 23:32:06] [INFO] local epoch 12/100, acc: 0.4099
[2024-02-22 23:32:09] [INFO] local epoch 13/100, acc: 0.4030
[2024-02-22 23:32:11] [INFO] local epoch 14/100, acc: 0.4154
[2024-02-22 23:32:14] [INFO] local epoch 15/100, acc: 0.4246
[2024-02-22 23:32:16] [INFO] local epoch 16/100, acc: 0.4340
[2024-02-22 23:32:18] [INFO] local epoch 17/100, acc: 0.4320
[2024-02-22 23:32:21] [INFO] local epoch 18/100, acc: 0.4320
[2024-02-22 23:32:23] [INFO] local epoch 19/100, acc: 0.4452
[2024-02-22 23:32:25] [INFO] local epoch 20/100, acc: 0.4342
[2024-02-22 23:32:28] [INFO] local epoch 21/100, acc: 0.4576
[2024-02-22 23:32:30] [INFO] local epoch 22/100, acc: 0.4514
[2024-02-22 23:32:33] [INFO] local epoch 23/100, acc: 0.4619
[2024-02-22 23:32:35] [INFO] local epoch 24/100, acc: 0.4615
[2024-02-22 23:32:38] [INFO] local epoch 25/100, acc: 0.4479
[2024-02-22 23:32:40] [INFO] local epoch 26/100, acc: 0.4641
[2024-02-22 23:32:43] [INFO] local epoch 27/100, acc: 0.4702
[2024-02-22 23:32:45] [INFO] local epoch 28/100, acc: 0.4651
[2024-02-22 23:32:48] [INFO] local epoch 29/100, acc: 0.4795
[2024-02-22 23:32:50] [INFO] local epoch 30/100, acc: 0.4699
[2024-02-22 23:32:52] [INFO] local epoch 31/100, acc: 0.4777
[2024-02-22 23:32:55] [INFO] local epoch 32/100, acc: 0.4790
[2024-02-22 23:32:57] [INFO] local epoch 33/100, acc: 0.4788
[2024-02-22 23:33:00] [INFO] local epoch 34/100, acc: 0.4683
[2024-02-22 23:33:02] [INFO] local epoch 35/100, acc: 0.4779
[2024-02-22 23:33:05] [INFO] local epoch 36/100, acc: 0.4766
[2024-02-22 23:33:07] [INFO] local epoch 37/100, acc: 0.5039
[2024-02-22 23:33:10] [INFO] local epoch 38/100, acc: 0.4902
[2024-02-22 23:33:13] [INFO] local epoch 39/100, acc: 0.4985
[2024-02-22 23:33:15] [INFO] local epoch 40/100, acc: 0.5002
[2024-02-22 23:33:18] [INFO] local epoch 41/100, acc: 0.4946
[2024-02-22 23:33:20] [INFO] local epoch 42/100, acc: 0.4965
[2024-02-22 23:33:23] [INFO] local epoch 43/100, acc: 0.4952
[2024-02-22 23:33:25] [INFO] local epoch 44/100, acc: 0.4869
[2024-02-22 23:33:28] [INFO] local epoch 45/100, acc: 0.4981
[2024-02-22 23:33:30] [INFO] local epoch 46/100, acc: 0.4870
[2024-02-22 23:33:33] [INFO] local epoch 47/100, acc: 0.5073
[2024-02-22 23:33:35] [INFO] local epoch 48/100, acc: 0.4995
[2024-02-22 23:33:38] [INFO] local epoch 49/100, acc: 0.5032
[2024-02-22 23:33:40] [INFO] local epoch 50/100, acc: 0.5027
[2024-02-22 23:33:43] [INFO] local epoch 51/100, acc: 0.4954
[2024-02-22 23:33:45] [INFO] local epoch 52/100, acc: 0.4939
[2024-02-22 23:33:48] [INFO] local epoch 53/100, acc: 0.5063
[2024-02-22 23:33:50] [INFO] local epoch 54/100, acc: 0.5043
[2024-02-22 23:33:52] [INFO] local epoch 55/100, acc: 0.4993
[2024-02-22 23:33:55] [INFO] local epoch 56/100, acc: 0.5130
[2024-02-22 23:33:57] [INFO] local epoch 57/100, acc: 0.5047
[2024-02-22 23:34:00] [INFO] local epoch 58/100, acc: 0.5037
[2024-02-22 23:34:03] [INFO] local epoch 59/100, acc: 0.5060
[2024-02-22 23:34:05] [INFO] local epoch 60/100, acc: 0.5149
[2024-02-22 23:34:08] [INFO] local epoch 61/100, acc: 0.5170
[2024-02-22 23:34:10] [INFO] local epoch 62/100, acc: 0.5057
[2024-02-22 23:34:13] [INFO] local epoch 63/100, acc: 0.5145
[2024-02-22 23:34:15] [INFO] local epoch 64/100, acc: 0.5191
[2024-02-22 23:34:18] [INFO] local epoch 65/100, acc: 0.4993
[2024-02-22 23:34:20] [INFO] local epoch 66/100, acc: 0.5182
[2024-02-22 23:34:23] [INFO] local epoch 67/100, acc: 0.5123
[2024-02-22 23:34:25] [INFO] local epoch 68/100, acc: 0.5080
[2024-02-22 23:34:28] [INFO] local epoch 69/100, acc: 0.5166
[2024-02-22 23:34:30] [INFO] local epoch 70/100, acc: 0.5162
[2024-02-22 23:34:33] [INFO] local epoch 71/100, acc: 0.5206
[2024-02-22 23:34:35] [INFO] local epoch 72/100, acc: 0.5166
[2024-02-22 23:34:38] [INFO] local epoch 73/100, acc: 0.5286
[2024-02-22 23:34:40] [INFO] local epoch 74/100, acc: 0.5152
[2024-02-22 23:34:42] [INFO] local epoch 75/100, acc: 0.5071
[2024-02-22 23:34:45] [INFO] local epoch 76/100, acc: 0.5236
[2024-02-22 23:34:48] [INFO] local epoch 77/100, acc: 0.5143
[2024-02-22 23:34:50] [INFO] local epoch 78/100, acc: 0.5213
[2024-02-22 23:34:52] [INFO] local epoch 79/100, acc: 0.5211
[2024-02-22 23:34:54] [INFO] local epoch 80/100, acc: 0.5034
[2024-02-22 23:34:57] [INFO] local epoch 81/100, acc: 0.5138
[2024-02-22 23:34:59] [INFO] local epoch 82/100, acc: 0.5163
[2024-02-22 23:35:02] [INFO] local epoch 83/100, acc: 0.5260
[2024-02-22 23:35:04] [INFO] local epoch 84/100, acc: 0.5233
[2024-02-22 23:35:06] [INFO] local epoch 85/100, acc: 0.5139
[2024-02-22 23:35:09] [INFO] local epoch 86/100, acc: 0.5226
[2024-02-22 23:35:12] [INFO] local epoch 87/100, acc: 0.5202
[2024-02-22 23:35:14] [INFO] local epoch 88/100, acc: 0.5110
[2024-02-22 23:35:16] [INFO] local epoch 89/100, acc: 0.5272
[2024-02-22 23:35:19] [INFO] local epoch 90/100, acc: 0.5267
[2024-02-22 23:35:21] [INFO] local epoch 91/100, acc: 0.5276
[2024-02-22 23:35:24] [INFO] local epoch 92/100, acc: 0.5180
[2024-02-22 23:35:26] [INFO] local epoch 93/100, acc: 0.5208
[2024-02-22 23:35:29] [INFO] local epoch 94/100, acc: 0.5208
[2024-02-22 23:35:31] [INFO] local epoch 95/100, acc: 0.5240
[2024-02-22 23:35:33] [INFO] local epoch 96/100, acc: 0.5177
[2024-02-22 23:35:36] [INFO] local epoch 97/100, acc: 0.5113
[2024-02-22 23:35:39] [INFO] local epoch 98/100, acc: 0.5117
[2024-02-22 23:35:41] [INFO] local epoch 99/100, acc: 0.5248
[2024-02-22 23:35:43] [INFO] local epoch 100/100, acc: 0.5128
[2024-02-22 23:35:43] [INFO] client 5 training starts.
[2024-02-22 23:35:46] [INFO] local epoch 1/100, acc: 0.1962
[2024-02-22 23:35:48] [INFO] local epoch 2/100, acc: 0.2892
[2024-02-22 23:35:51] [INFO] local epoch 3/100, acc: 0.3082
[2024-02-22 23:35:53] [INFO] local epoch 4/100, acc: 0.3238
[2024-02-22 23:35:56] [INFO] local epoch 5/100, acc: 0.3438
[2024-02-22 23:35:58] [INFO] local epoch 6/100, acc: 0.3678
[2024-02-22 23:36:01] [INFO] local epoch 7/100, acc: 0.3704
[2024-02-22 23:36:03] [INFO] local epoch 8/100, acc: 0.3791
[2024-02-22 23:36:06] [INFO] local epoch 9/100, acc: 0.3998
[2024-02-22 23:36:08] [INFO] local epoch 10/100, acc: 0.3895
[2024-02-22 23:36:10] [INFO] local epoch 11/100, acc: 0.4214
[2024-02-22 23:36:13] [INFO] local epoch 12/100, acc: 0.4060
[2024-02-22 23:36:15] [INFO] local epoch 13/100, acc: 0.4132
[2024-02-22 23:36:17] [INFO] local epoch 14/100, acc: 0.4029
[2024-02-22 23:36:20] [INFO] local epoch 15/100, acc: 0.4321
[2024-02-22 23:36:22] [INFO] local epoch 16/100, acc: 0.4300
[2024-02-22 23:36:25] [INFO] local epoch 17/100, acc: 0.4397
[2024-02-22 23:36:27] [INFO] local epoch 18/100, acc: 0.4526
[2024-02-22 23:36:30] [INFO] local epoch 19/100, acc: 0.4429
[2024-02-22 23:36:32] [INFO] local epoch 20/100, acc: 0.4571
[2024-02-22 23:36:35] [INFO] local epoch 21/100, acc: 0.4512
[2024-02-22 23:36:37] [INFO] local epoch 22/100, acc: 0.4511
[2024-02-22 23:36:40] [INFO] local epoch 23/100, acc: 0.4634
[2024-02-22 23:36:42] [INFO] local epoch 24/100, acc: 0.4699
[2024-02-22 23:36:44] [INFO] local epoch 25/100, acc: 0.4606
[2024-02-22 23:36:47] [INFO] local epoch 26/100, acc: 0.4680
[2024-02-22 23:36:49] [INFO] local epoch 27/100, acc: 0.4711
[2024-02-22 23:36:52] [INFO] local epoch 28/100, acc: 0.4849
[2024-02-22 23:36:54] [INFO] local epoch 29/100, acc: 0.4682
[2024-02-22 23:36:56] [INFO] local epoch 30/100, acc: 0.4821
[2024-02-22 23:36:58] [INFO] local epoch 31/100, acc: 0.4759
[2024-02-22 23:37:01] [INFO] local epoch 32/100, acc: 0.4797
[2024-02-22 23:37:03] [INFO] local epoch 33/100, acc: 0.4837
[2024-02-22 23:37:06] [INFO] local epoch 34/100, acc: 0.4840
[2024-02-22 23:37:08] [INFO] local epoch 35/100, acc: 0.4918
[2024-02-22 23:37:10] [INFO] local epoch 36/100, acc: 0.4975
[2024-02-22 23:37:13] [INFO] local epoch 37/100, acc: 0.4889
[2024-02-22 23:37:15] [INFO] local epoch 38/100, acc: 0.4943
[2024-02-22 23:37:18] [INFO] local epoch 39/100, acc: 0.4961
[2024-02-22 23:37:20] [INFO] local epoch 40/100, acc: 0.4929
[2024-02-22 23:37:23] [INFO] local epoch 41/100, acc: 0.4837
[2024-02-22 23:37:25] [INFO] local epoch 42/100, acc: 0.5021
[2024-02-22 23:37:28] [INFO] local epoch 43/100, acc: 0.4794
[2024-02-22 23:37:30] [INFO] local epoch 44/100, acc: 0.4998
[2024-02-22 23:37:33] [INFO] local epoch 45/100, acc: 0.5083
[2024-02-22 23:37:35] [INFO] local epoch 46/100, acc: 0.4908
[2024-02-22 23:37:38] [INFO] local epoch 47/100, acc: 0.5002
[2024-02-22 23:37:40] [INFO] local epoch 48/100, acc: 0.5044
[2024-02-22 23:37:43] [INFO] local epoch 49/100, acc: 0.5080
[2024-02-22 23:37:45] [INFO] local epoch 50/100, acc: 0.5057
[2024-02-22 23:37:48] [INFO] local epoch 51/100, acc: 0.5077
[2024-02-22 23:37:50] [INFO] local epoch 52/100, acc: 0.4999
[2024-02-22 23:37:52] [INFO] local epoch 53/100, acc: 0.5119
[2024-02-22 23:37:55] [INFO] local epoch 54/100, acc: 0.5115
[2024-02-22 23:37:57] [INFO] local epoch 55/100, acc: 0.5078
[2024-02-22 23:38:00] [INFO] local epoch 56/100, acc: 0.5118
[2024-02-22 23:38:02] [INFO] local epoch 57/100, acc: 0.5191
[2024-02-22 23:38:05] [INFO] local epoch 58/100, acc: 0.5128
[2024-02-22 23:38:07] [INFO] local epoch 59/100, acc: 0.4998
[2024-02-22 23:38:10] [INFO] local epoch 60/100, acc: 0.5049
[2024-02-22 23:38:12] [INFO] local epoch 61/100, acc: 0.5033
[2024-02-22 23:38:15] [INFO] local epoch 62/100, acc: 0.5205
[2024-02-22 23:38:18] [INFO] local epoch 63/100, acc: 0.5189
[2024-02-22 23:38:20] [INFO] local epoch 64/100, acc: 0.5185
[2024-02-22 23:38:22] [INFO] local epoch 65/100, acc: 0.5159
[2024-02-22 23:38:25] [INFO] local epoch 66/100, acc: 0.5169
[2024-02-22 23:38:27] [INFO] local epoch 67/100, acc: 0.5140
[2024-02-22 23:38:30] [INFO] local epoch 68/100, acc: 0.5095
[2024-02-22 23:38:32] [INFO] local epoch 69/100, acc: 0.5191
[2024-02-22 23:38:35] [INFO] local epoch 70/100, acc: 0.5144
[2024-02-22 23:38:37] [INFO] local epoch 71/100, acc: 0.5141
[2024-02-22 23:38:40] [INFO] local epoch 72/100, acc: 0.5167
[2024-02-22 23:38:42] [INFO] local epoch 73/100, acc: 0.5187
[2024-02-22 23:38:45] [INFO] local epoch 74/100, acc: 0.5143
[2024-02-22 23:38:47] [INFO] local epoch 75/100, acc: 0.4993
[2024-02-22 23:38:50] [INFO] local epoch 76/100, acc: 0.5260
[2024-02-22 23:38:52] [INFO] local epoch 77/100, acc: 0.5110
[2024-02-22 23:38:54] [INFO] local epoch 78/100, acc: 0.5192
[2024-02-22 23:38:56] [INFO] local epoch 79/100, acc: 0.5127
[2024-02-22 23:38:59] [INFO] local epoch 80/100, acc: 0.5118
[2024-02-22 23:39:01] [INFO] local epoch 81/100, acc: 0.5104
[2024-02-22 23:39:04] [INFO] local epoch 82/100, acc: 0.5112
[2024-02-22 23:39:06] [INFO] local epoch 83/100, acc: 0.5165
[2024-02-22 23:39:09] [INFO] local epoch 84/100, acc: 0.5117
[2024-02-22 23:39:11] [INFO] local epoch 85/100, acc: 0.5193
[2024-02-22 23:39:13] [INFO] local epoch 86/100, acc: 0.5216
[2024-02-22 23:39:16] [INFO] local epoch 87/100, acc: 0.5203
[2024-02-22 23:39:19] [INFO] local epoch 88/100, acc: 0.5035
[2024-02-22 23:39:21] [INFO] local epoch 89/100, acc: 0.5210
[2024-02-22 23:39:24] [INFO] local epoch 90/100, acc: 0.5181
[2024-02-22 23:39:26] [INFO] local epoch 91/100, acc: 0.5180
[2024-02-22 23:39:28] [INFO] local epoch 92/100, acc: 0.5062
[2024-02-22 23:39:31] [INFO] local epoch 93/100, acc: 0.5117
[2024-02-22 23:39:33] [INFO] local epoch 94/100, acc: 0.5156
[2024-02-22 23:39:36] [INFO] local epoch 95/100, acc: 0.5057
[2024-02-22 23:39:38] [INFO] local epoch 96/100, acc: 0.5062
[2024-02-22 23:39:41] [INFO] local epoch 97/100, acc: 0.5128
[2024-02-22 23:39:43] [INFO] local epoch 98/100, acc: 0.5123
[2024-02-22 23:39:46] [INFO] local epoch 99/100, acc: 0.5153
[2024-02-22 23:39:48] [INFO] local epoch 100/100, acc: 0.5172
[2024-02-22 23:39:48] [INFO] client 6 training starts.
[2024-02-22 23:39:51] [INFO] local epoch 1/100, acc: 0.1812
[2024-02-22 23:39:53] [INFO] local epoch 2/100, acc: 0.2275
[2024-02-22 23:39:56] [INFO] local epoch 3/100, acc: 0.2375
[2024-02-22 23:39:58] [INFO] local epoch 4/100, acc: 0.2749
[2024-02-22 23:40:01] [INFO] local epoch 5/100, acc: 0.3005
[2024-02-22 23:40:03] [INFO] local epoch 6/100, acc: 0.2915
[2024-02-22 23:40:06] [INFO] local epoch 7/100, acc: 0.3162
[2024-02-22 23:40:08] [INFO] local epoch 8/100, acc: 0.3250
[2024-02-22 23:40:11] [INFO] local epoch 9/100, acc: 0.3317
[2024-02-22 23:40:13] [INFO] local epoch 10/100, acc: 0.3405
[2024-02-22 23:40:16] [INFO] local epoch 11/100, acc: 0.3447
[2024-02-22 23:40:18] [INFO] local epoch 12/100, acc: 0.3474
[2024-02-22 23:40:20] [INFO] local epoch 13/100, acc: 0.3440
[2024-02-22 23:40:23] [INFO] local epoch 14/100, acc: 0.3386
[2024-02-22 23:40:25] [INFO] local epoch 15/100, acc: 0.3525
[2024-02-22 23:40:28] [INFO] local epoch 16/100, acc: 0.3617
[2024-02-22 23:40:31] [INFO] local epoch 17/100, acc: 0.3629
[2024-02-22 23:40:33] [INFO] local epoch 18/100, acc: 0.3716
[2024-02-22 23:40:36] [INFO] local epoch 19/100, acc: 0.3623
[2024-02-22 23:40:38] [INFO] local epoch 20/100, acc: 0.3690
[2024-02-22 23:40:41] [INFO] local epoch 21/100, acc: 0.3930
[2024-02-22 23:40:43] [INFO] local epoch 22/100, acc: 0.3914
[2024-02-22 23:40:45] [INFO] local epoch 23/100, acc: 0.3975
[2024-02-22 23:40:48] [INFO] local epoch 24/100, acc: 0.3984
[2024-02-22 23:40:51] [INFO] local epoch 25/100, acc: 0.4250
[2024-02-22 23:40:53] [INFO] local epoch 26/100, acc: 0.3951
[2024-02-22 23:40:56] [INFO] local epoch 27/100, acc: 0.4048
[2024-02-22 23:40:58] [INFO] local epoch 28/100, acc: 0.4023
[2024-02-22 23:41:01] [INFO] local epoch 29/100, acc: 0.4026
[2024-02-22 23:41:03] [INFO] local epoch 30/100, acc: 0.4248
[2024-02-22 23:41:05] [INFO] local epoch 31/100, acc: 0.4120
[2024-02-22 23:41:08] [INFO] local epoch 32/100, acc: 0.4273
[2024-02-22 23:41:10] [INFO] local epoch 33/100, acc: 0.4283
[2024-02-22 23:41:13] [INFO] local epoch 34/100, acc: 0.4249
[2024-02-22 23:41:15] [INFO] local epoch 35/100, acc: 0.4298
[2024-02-22 23:41:18] [INFO] local epoch 36/100, acc: 0.4233
[2024-02-22 23:41:21] [INFO] local epoch 37/100, acc: 0.4347
[2024-02-22 23:41:23] [INFO] local epoch 38/100, acc: 0.4309
[2024-02-22 23:41:26] [INFO] local epoch 39/100, acc: 0.4448
[2024-02-22 23:41:28] [INFO] local epoch 40/100, acc: 0.4266
[2024-02-22 23:41:31] [INFO] local epoch 41/100, acc: 0.4413
[2024-02-22 23:41:33] [INFO] local epoch 42/100, acc: 0.4499
[2024-02-22 23:41:35] [INFO] local epoch 43/100, acc: 0.4537
[2024-02-22 23:41:38] [INFO] local epoch 44/100, acc: 0.4556
[2024-02-22 23:41:40] [INFO] local epoch 45/100, acc: 0.4608
[2024-02-22 23:41:43] [INFO] local epoch 46/100, acc: 0.4391
[2024-02-22 23:41:45] [INFO] local epoch 47/100, acc: 0.4476
[2024-02-22 23:41:48] [INFO] local epoch 48/100, acc: 0.4583
[2024-02-22 23:41:50] [INFO] local epoch 49/100, acc: 0.4542
[2024-02-22 23:41:53] [INFO] local epoch 50/100, acc: 0.4537
[2024-02-22 23:41:55] [INFO] local epoch 51/100, acc: 0.4674
[2024-02-22 23:41:58] [INFO] local epoch 52/100, acc: 0.4747
[2024-02-22 23:42:00] [INFO] local epoch 53/100, acc: 0.4816
[2024-02-22 23:42:03] [INFO] local epoch 54/100, acc: 0.4473
[2024-02-22 23:42:05] [INFO] local epoch 55/100, acc: 0.4676
[2024-02-22 23:42:07] [INFO] local epoch 56/100, acc: 0.4822
[2024-02-22 23:42:10] [INFO] local epoch 57/100, acc: 0.4538
[2024-02-22 23:42:13] [INFO] local epoch 58/100, acc: 0.4697
[2024-02-22 23:42:15] [INFO] local epoch 59/100, acc: 0.4589
[2024-02-22 23:42:17] [INFO] local epoch 60/100, acc: 0.4690
[2024-02-22 23:42:20] [INFO] local epoch 61/100, acc: 0.4580
[2024-02-22 23:42:22] [INFO] local epoch 62/100, acc: 0.4778
[2024-02-22 23:42:25] [INFO] local epoch 63/100, acc: 0.4617
[2024-02-22 23:42:27] [INFO] local epoch 64/100, acc: 0.4475
[2024-02-22 23:42:29] [INFO] local epoch 65/100, acc: 0.4591
[2024-02-22 23:42:32] [INFO] local epoch 66/100, acc: 0.4585
[2024-02-22 23:42:34] [INFO] local epoch 67/100, acc: 0.4710
[2024-02-22 23:42:36] [INFO] local epoch 68/100, acc: 0.4623
[2024-02-22 23:42:39] [INFO] local epoch 69/100, acc: 0.4526
[2024-02-22 23:42:42] [INFO] local epoch 70/100, acc: 0.4858
[2024-02-22 23:42:44] [INFO] local epoch 71/100, acc: 0.4729
[2024-02-22 23:42:47] [INFO] local epoch 72/100, acc: 0.4770
[2024-02-22 23:42:49] [INFO] local epoch 73/100, acc: 0.4845
[2024-02-22 23:42:52] [INFO] local epoch 74/100, acc: 0.4637
[2024-02-22 23:42:54] [INFO] local epoch 75/100, acc: 0.4787
[2024-02-22 23:42:56] [INFO] local epoch 76/100, acc: 0.4893
[2024-02-22 23:42:59] [INFO] local epoch 77/100, acc: 0.4864
[2024-02-22 23:43:01] [INFO] local epoch 78/100, acc: 0.4811
[2024-02-22 23:43:03] [INFO] local epoch 79/100, acc: 0.4695
[2024-02-22 23:43:06] [INFO] local epoch 80/100, acc: 0.4584
[2024-02-22 23:43:08] [INFO] local epoch 81/100, acc: 0.4814
[2024-02-22 23:43:11] [INFO] local epoch 82/100, acc: 0.4691
[2024-02-22 23:43:13] [INFO] local epoch 83/100, acc: 0.4816
[2024-02-22 23:43:15] [INFO] local epoch 84/100, acc: 0.4745
[2024-02-22 23:43:18] [INFO] local epoch 85/100, acc: 0.4766
[2024-02-22 23:43:20] [INFO] local epoch 86/100, acc: 0.4868
[2024-02-22 23:43:22] [INFO] local epoch 87/100, acc: 0.4711
[2024-02-22 23:43:25] [INFO] local epoch 88/100, acc: 0.4689
[2024-02-22 23:43:28] [INFO] local epoch 89/100, acc: 0.4680
[2024-02-22 23:43:30] [INFO] local epoch 90/100, acc: 0.4764
[2024-02-22 23:43:33] [INFO] local epoch 91/100, acc: 0.4716
[2024-02-22 23:43:35] [INFO] local epoch 92/100, acc: 0.4746
[2024-02-22 23:43:38] [INFO] local epoch 93/100, acc: 0.4739
[2024-02-22 23:43:40] [INFO] local epoch 94/100, acc: 0.4795
[2024-02-22 23:43:43] [INFO] local epoch 95/100, acc: 0.4731
[2024-02-22 23:43:45] [INFO] local epoch 96/100, acc: 0.4779
[2024-02-22 23:43:48] [INFO] local epoch 97/100, acc: 0.4805
[2024-02-22 23:43:50] [INFO] local epoch 98/100, acc: 0.4659
[2024-02-22 23:43:52] [INFO] local epoch 99/100, acc: 0.4592
[2024-02-22 23:43:55] [INFO] local epoch 100/100, acc: 0.4807
[2024-02-22 23:43:55] [INFO] client 7 training starts.
[2024-02-22 23:43:57] [INFO] local epoch 1/100, acc: 0.1862
[2024-02-22 23:44:00] [INFO] local epoch 2/100, acc: 0.2255
[2024-02-22 23:44:02] [INFO] local epoch 3/100, acc: 0.2549
[2024-02-22 23:44:05] [INFO] local epoch 4/100, acc: 0.2651
[2024-02-22 23:44:07] [INFO] local epoch 5/100, acc: 0.2965
[2024-02-22 23:44:09] [INFO] local epoch 6/100, acc: 0.2861
[2024-02-22 23:44:12] [INFO] local epoch 7/100, acc: 0.3104
[2024-02-22 23:44:14] [INFO] local epoch 8/100, acc: 0.3125
[2024-02-22 23:44:17] [INFO] local epoch 9/100, acc: 0.3068
[2024-02-22 23:44:19] [INFO] local epoch 10/100, acc: 0.3404
[2024-02-22 23:44:22] [INFO] local epoch 11/100, acc: 0.3387
[2024-02-22 23:44:24] [INFO] local epoch 12/100, acc: 0.3360
[2024-02-22 23:44:26] [INFO] local epoch 13/100, acc: 0.3301
[2024-02-22 23:44:29] [INFO] local epoch 14/100, acc: 0.3569
[2024-02-22 23:44:31] [INFO] local epoch 15/100, acc: 0.3713
[2024-02-22 23:44:34] [INFO] local epoch 16/100, acc: 0.3425
[2024-02-22 23:44:36] [INFO] local epoch 17/100, acc: 0.3878
[2024-02-22 23:44:39] [INFO] local epoch 18/100, acc: 0.3633
[2024-02-22 23:44:41] [INFO] local epoch 19/100, acc: 0.3940
[2024-02-22 23:44:44] [INFO] local epoch 20/100, acc: 0.3698
[2024-02-22 23:44:46] [INFO] local epoch 21/100, acc: 0.3801
[2024-02-22 23:44:49] [INFO] local epoch 22/100, acc: 0.3842
[2024-02-22 23:44:51] [INFO] local epoch 23/100, acc: 0.3856
[2024-02-22 23:44:54] [INFO] local epoch 24/100, acc: 0.4000
[2024-02-22 23:44:56] [INFO] local epoch 25/100, acc: 0.4144
[2024-02-22 23:44:58] [INFO] local epoch 26/100, acc: 0.4117
[2024-02-22 23:45:01] [INFO] local epoch 27/100, acc: 0.4110
[2024-02-22 23:45:03] [INFO] local epoch 28/100, acc: 0.3977
[2024-02-22 23:45:05] [INFO] local epoch 29/100, acc: 0.4114
[2024-02-22 23:45:08] [INFO] local epoch 30/100, acc: 0.4131
[2024-02-22 23:45:10] [INFO] local epoch 31/100, acc: 0.4277
[2024-02-22 23:45:13] [INFO] local epoch 32/100, acc: 0.4415
[2024-02-22 23:45:15] [INFO] local epoch 33/100, acc: 0.4459
[2024-02-22 23:45:17] [INFO] local epoch 34/100, acc: 0.4332
[2024-02-22 23:45:20] [INFO] local epoch 35/100, acc: 0.4340
[2024-02-22 23:45:22] [INFO] local epoch 36/100, acc: 0.4249
[2024-02-22 23:45:25] [INFO] local epoch 37/100, acc: 0.4260
[2024-02-22 23:45:27] [INFO] local epoch 38/100, acc: 0.4381
[2024-02-22 23:45:30] [INFO] local epoch 39/100, acc: 0.4230
[2024-02-22 23:45:32] [INFO] local epoch 40/100, acc: 0.4121
[2024-02-22 23:45:35] [INFO] local epoch 41/100, acc: 0.4406
[2024-02-22 23:45:37] [INFO] local epoch 42/100, acc: 0.4435
[2024-02-22 23:45:39] [INFO] local epoch 43/100, acc: 0.4465
[2024-02-22 23:45:42] [INFO] local epoch 44/100, acc: 0.4261
[2024-02-22 23:45:44] [INFO] local epoch 45/100, acc: 0.4526
[2024-02-22 23:45:47] [INFO] local epoch 46/100, acc: 0.4438
[2024-02-22 23:45:49] [INFO] local epoch 47/100, acc: 0.4267
[2024-02-22 23:45:52] [INFO] local epoch 48/100, acc: 0.4800
[2024-02-22 23:45:54] [INFO] local epoch 49/100, acc: 0.4547
[2024-02-22 23:45:57] [INFO] local epoch 50/100, acc: 0.4550
[2024-02-22 23:45:59] [INFO] local epoch 51/100, acc: 0.4529
[2024-02-22 23:46:02] [INFO] local epoch 52/100, acc: 0.4606
[2024-02-22 23:46:04] [INFO] local epoch 53/100, acc: 0.4539
[2024-02-22 23:46:07] [INFO] local epoch 54/100, acc: 0.4420
[2024-02-22 23:46:09] [INFO] local epoch 55/100, acc: 0.4648
[2024-02-22 23:46:12] [INFO] local epoch 56/100, acc: 0.4439
[2024-02-22 23:46:14] [INFO] local epoch 57/100, acc: 0.4595
[2024-02-22 23:46:16] [INFO] local epoch 58/100, acc: 0.4463
[2024-02-22 23:46:19] [INFO] local epoch 59/100, acc: 0.4555
[2024-02-22 23:46:21] [INFO] local epoch 60/100, acc: 0.4832
[2024-02-22 23:46:24] [INFO] local epoch 61/100, acc: 0.4642
[2024-02-22 23:46:26] [INFO] local epoch 62/100, acc: 0.4566
[2024-02-22 23:46:28] [INFO] local epoch 63/100, acc: 0.4472
[2024-02-22 23:46:31] [INFO] local epoch 64/100, acc: 0.4681
[2024-02-22 23:46:33] [INFO] local epoch 65/100, acc: 0.4697
[2024-02-22 23:46:36] [INFO] local epoch 66/100, acc: 0.4770
[2024-02-22 23:46:38] [INFO] local epoch 67/100, acc: 0.4560
[2024-02-22 23:46:41] [INFO] local epoch 68/100, acc: 0.4537
[2024-02-22 23:46:43] [INFO] local epoch 69/100, acc: 0.4615
[2024-02-22 23:46:46] [INFO] local epoch 70/100, acc: 0.4644
[2024-02-22 23:46:48] [INFO] local epoch 71/100, acc: 0.4833
[2024-02-22 23:46:51] [INFO] local epoch 72/100, acc: 0.4470
[2024-02-22 23:46:53] [INFO] local epoch 73/100, acc: 0.4526
[2024-02-22 23:46:55] [INFO] local epoch 74/100, acc: 0.4634
[2024-02-22 23:46:57] [INFO] local epoch 75/100, acc: 0.4730
[2024-02-22 23:47:00] [INFO] local epoch 76/100, acc: 0.4736
[2024-02-22 23:47:02] [INFO] local epoch 77/100, acc: 0.4725
[2024-02-22 23:47:04] [INFO] local epoch 78/100, acc: 0.4857
[2024-02-22 23:47:07] [INFO] local epoch 79/100, acc: 0.4703
[2024-02-22 23:47:09] [INFO] local epoch 80/100, acc: 0.4705
[2024-02-22 23:47:12] [INFO] local epoch 81/100, acc: 0.4755
[2024-02-22 23:47:14] [INFO] local epoch 82/100, acc: 0.4620
[2024-02-22 23:47:16] [INFO] local epoch 83/100, acc: 0.4718
[2024-02-22 23:47:19] [INFO] local epoch 84/100, acc: 0.4588
[2024-02-22 23:47:21] [INFO] local epoch 85/100, acc: 0.4837
[2024-02-22 23:47:24] [INFO] local epoch 86/100, acc: 0.4564
[2024-02-22 23:47:26] [INFO] local epoch 87/100, acc: 0.4726
[2024-02-22 23:47:29] [INFO] local epoch 88/100, acc: 0.4684
[2024-02-22 23:47:31] [INFO] local epoch 89/100, acc: 0.4579
[2024-02-22 23:47:33] [INFO] local epoch 90/100, acc: 0.4692
[2024-02-22 23:47:36] [INFO] local epoch 91/100, acc: 0.4620
[2024-02-22 23:47:38] [INFO] local epoch 92/100, acc: 0.4608
[2024-02-22 23:47:41] [INFO] local epoch 93/100, acc: 0.4686
[2024-02-22 23:47:44] [INFO] local epoch 94/100, acc: 0.4726
[2024-02-22 23:47:46] [INFO] local epoch 95/100, acc: 0.4718
[2024-02-22 23:47:48] [INFO] local epoch 96/100, acc: 0.4519
[2024-02-22 23:47:51] [INFO] local epoch 97/100, acc: 0.4779
[2024-02-22 23:47:53] [INFO] local epoch 98/100, acc: 0.4871
[2024-02-22 23:47:56] [INFO] local epoch 99/100, acc: 0.4786
[2024-02-22 23:47:58] [INFO] local epoch 100/100, acc: 0.4653
[2024-02-22 23:47:58] [INFO] client 8 training starts.
[2024-02-22 23:48:01] [INFO] local epoch 1/100, acc: 0.1923
[2024-02-22 23:48:03] [INFO] local epoch 2/100, acc: 0.2166
[2024-02-22 23:48:06] [INFO] local epoch 3/100, acc: 0.2454
[2024-02-22 23:48:08] [INFO] local epoch 4/100, acc: 0.2543
[2024-02-22 23:48:11] [INFO] local epoch 5/100, acc: 0.2873
[2024-02-22 23:48:14] [INFO] local epoch 6/100, acc: 0.2774
[2024-02-22 23:48:16] [INFO] local epoch 7/100, acc: 0.3251
[2024-02-22 23:48:19] [INFO] local epoch 8/100, acc: 0.3114
[2024-02-22 23:48:21] [INFO] local epoch 9/100, acc: 0.3314
[2024-02-22 23:48:24] [INFO] local epoch 10/100, acc: 0.3385
[2024-02-22 23:48:26] [INFO] local epoch 11/100, acc: 0.3395
[2024-02-22 23:48:28] [INFO] local epoch 12/100, acc: 0.3412
[2024-02-22 23:48:31] [INFO] local epoch 13/100, acc: 0.3424
[2024-02-22 23:48:33] [INFO] local epoch 14/100, acc: 0.3364
[2024-02-22 23:48:36] [INFO] local epoch 15/100, acc: 0.3386
[2024-02-22 23:48:39] [INFO] local epoch 16/100, acc: 0.3476
[2024-02-22 23:48:41] [INFO] local epoch 17/100, acc: 0.3567
[2024-02-22 23:48:43] [INFO] local epoch 18/100, acc: 0.3647
[2024-02-22 23:48:46] [INFO] local epoch 19/100, acc: 0.3823
[2024-02-22 23:48:48] [INFO] local epoch 20/100, acc: 0.3855
[2024-02-22 23:48:50] [INFO] local epoch 21/100, acc: 0.4081
[2024-02-22 23:48:53] [INFO] local epoch 22/100, acc: 0.3905
[2024-02-22 23:48:55] [INFO] local epoch 23/100, acc: 0.3615
[2024-02-22 23:48:58] [INFO] local epoch 24/100, acc: 0.3866
[2024-02-22 23:49:00] [INFO] local epoch 25/100, acc: 0.3748
[2024-02-22 23:49:02] [INFO] local epoch 26/100, acc: 0.4029
[2024-02-22 23:49:05] [INFO] local epoch 27/100, acc: 0.3959
[2024-02-22 23:49:07] [INFO] local epoch 28/100, acc: 0.3785
[2024-02-22 23:49:09] [INFO] local epoch 29/100, acc: 0.4159
[2024-02-22 23:49:12] [INFO] local epoch 30/100, acc: 0.4086
[2024-02-22 23:49:14] [INFO] local epoch 31/100, acc: 0.4137
[2024-02-22 23:49:17] [INFO] local epoch 32/100, acc: 0.4047
[2024-02-22 23:49:19] [INFO] local epoch 33/100, acc: 0.4307
[2024-02-22 23:49:22] [INFO] local epoch 34/100, acc: 0.4196
[2024-02-22 23:49:24] [INFO] local epoch 35/100, acc: 0.4025
[2024-02-22 23:49:26] [INFO] local epoch 36/100, acc: 0.4161
[2024-02-22 23:49:29] [INFO] local epoch 37/100, acc: 0.4254
[2024-02-22 23:49:31] [INFO] local epoch 38/100, acc: 0.4090
[2024-02-22 23:49:34] [INFO] local epoch 39/100, acc: 0.4330
[2024-02-22 23:49:36] [INFO] local epoch 40/100, acc: 0.4287
[2024-02-22 23:49:39] [INFO] local epoch 41/100, acc: 0.4188
[2024-02-22 23:49:41] [INFO] local epoch 42/100, acc: 0.4344
[2024-02-22 23:49:44] [INFO] local epoch 43/100, acc: 0.4307
[2024-02-22 23:49:46] [INFO] local epoch 44/100, acc: 0.4371
[2024-02-22 23:49:49] [INFO] local epoch 45/100, acc: 0.4172
[2024-02-22 23:49:51] [INFO] local epoch 46/100, acc: 0.4485
[2024-02-22 23:49:53] [INFO] local epoch 47/100, acc: 0.4384
[2024-02-22 23:49:56] [INFO] local epoch 48/100, acc: 0.4332
[2024-02-22 23:49:58] [INFO] local epoch 49/100, acc: 0.4294
[2024-02-22 23:50:01] [INFO] local epoch 50/100, acc: 0.4347
[2024-02-22 23:50:03] [INFO] local epoch 51/100, acc: 0.4259
[2024-02-22 23:50:06] [INFO] local epoch 52/100, acc: 0.4457
[2024-02-22 23:50:08] [INFO] local epoch 53/100, acc: 0.4599
[2024-02-22 23:50:11] [INFO] local epoch 54/100, acc: 0.4419
[2024-02-22 23:50:14] [INFO] local epoch 55/100, acc: 0.4442
[2024-02-22 23:50:16] [INFO] local epoch 56/100, acc: 0.4499
[2024-02-22 23:50:19] [INFO] local epoch 57/100, acc: 0.4686
[2024-02-22 23:50:21] [INFO] local epoch 58/100, acc: 0.4471
[2024-02-22 23:50:23] [INFO] local epoch 59/100, acc: 0.4566
[2024-02-22 23:50:26] [INFO] local epoch 60/100, acc: 0.4535
[2024-02-22 23:50:28] [INFO] local epoch 61/100, acc: 0.4503
[2024-02-22 23:50:30] [INFO] local epoch 62/100, acc: 0.4701
[2024-02-22 23:50:33] [INFO] local epoch 63/100, acc: 0.4259
[2024-02-22 23:50:35] [INFO] local epoch 64/100, acc: 0.4482
[2024-02-22 23:50:38] [INFO] local epoch 65/100, acc: 0.4538
[2024-02-22 23:50:40] [INFO] local epoch 66/100, acc: 0.4387
[2024-02-22 23:50:43] [INFO] local epoch 67/100, acc: 0.4454
[2024-02-22 23:50:45] [INFO] local epoch 68/100, acc: 0.4439
[2024-02-22 23:50:47] [INFO] local epoch 69/100, acc: 0.4554
[2024-02-22 23:50:50] [INFO] local epoch 70/100, acc: 0.4332
[2024-02-22 23:50:52] [INFO] local epoch 71/100, acc: 0.4547
[2024-02-22 23:50:54] [INFO] local epoch 72/100, acc: 0.4467
[2024-02-22 23:50:57] [INFO] local epoch 73/100, acc: 0.4533
[2024-02-22 23:50:59] [INFO] local epoch 74/100, acc: 0.4370
[2024-02-22 23:51:01] [INFO] local epoch 75/100, acc: 0.4448
[2024-02-22 23:51:04] [INFO] local epoch 76/100, acc: 0.4512
[2024-02-22 23:51:06] [INFO] local epoch 77/100, acc: 0.4373
[2024-02-22 23:51:09] [INFO] local epoch 78/100, acc: 0.4615
[2024-02-22 23:51:11] [INFO] local epoch 79/100, acc: 0.4347
[2024-02-22 23:51:14] [INFO] local epoch 80/100, acc: 0.4443
[2024-02-22 23:51:17] [INFO] local epoch 81/100, acc: 0.4527
[2024-02-22 23:51:19] [INFO] local epoch 82/100, acc: 0.4491
[2024-02-22 23:51:21] [INFO] local epoch 83/100, acc: 0.4454
[2024-02-22 23:51:24] [INFO] local epoch 84/100, acc: 0.4398
[2024-02-22 23:51:26] [INFO] local epoch 85/100, acc: 0.4366
[2024-02-22 23:51:29] [INFO] local epoch 86/100, acc: 0.4551
[2024-02-22 23:51:31] [INFO] local epoch 87/100, acc: 0.4519
[2024-02-22 23:51:34] [INFO] local epoch 88/100, acc: 0.4374
[2024-02-22 23:51:36] [INFO] local epoch 89/100, acc: 0.4440
[2024-02-22 23:51:39] [INFO] local epoch 90/100, acc: 0.4567
[2024-02-22 23:51:41] [INFO] local epoch 91/100, acc: 0.4303
[2024-02-22 23:51:43] [INFO] local epoch 92/100, acc: 0.4542
[2024-02-22 23:51:46] [INFO] local epoch 93/100, acc: 0.4501
[2024-02-22 23:51:48] [INFO] local epoch 94/100, acc: 0.4448
[2024-02-22 23:51:51] [INFO] local epoch 95/100, acc: 0.4435
[2024-02-22 23:51:53] [INFO] local epoch 96/100, acc: 0.4493
[2024-02-22 23:51:56] [INFO] local epoch 97/100, acc: 0.4462
[2024-02-22 23:51:59] [INFO] local epoch 98/100, acc: 0.4423
[2024-02-22 23:52:01] [INFO] local epoch 99/100, acc: 0.4452
[2024-02-22 23:52:04] [INFO] local epoch 100/100, acc: 0.4354
[2024-02-22 23:52:04] [INFO] results saved in ./res/normal_seed_10000_alpha_1.0_dataset_cifar10_model_structure_cnn3/local_epochs_100_batch_size_160.pt.
[2024-02-22 23:52:04] [INFO] time cost: 00:36:12
