[2024-02-22 23:08:19] [INFO] mllsgd
        n_client     :   9   
          seed       : 10000 
      local_epochs   :   1   
       batch_size    :  160  
      server_epochs  :   1   
          alpha      :  1.0  
         dataset     :cifar10
     model_structure : cnn3  
[2024-02-22 23:08:56] [INFO] [server epoch 1, client 1, local train]
[2024-02-22 23:08:58] [INFO] local epoch 1, acc: 0.2094
[2024-02-22 23:08:58] [INFO] [server epoch 1, client 2, local train]
[2024-02-22 23:09:01] [INFO] local epoch 1, acc: 0.2045
[2024-02-22 23:09:01] [INFO] [server epoch 1, client 3, local train]
[2024-02-22 23:09:03] [INFO] local epoch 1, acc: 0.2010
[2024-02-22 23:09:03] [INFO] [server epoch 1, client 4, local train]
[2024-02-22 23:09:05] [INFO] local epoch 1, acc: 0.2034
[2024-02-22 23:09:05] [INFO] [server epoch 1, client 5, local train]
[2024-02-22 23:09:08] [INFO] local epoch 1, acc: 0.1892
[2024-02-22 23:09:08] [INFO] [server epoch 1, client 6, local train]
[2024-02-22 23:09:11] [INFO] local epoch 1, acc: 0.1772
[2024-02-22 23:09:11] [INFO] [server epoch 1, client 7, local train]
[2024-02-22 23:09:13] [INFO] local epoch 1, acc: 0.1976
[2024-02-22 23:09:13] [INFO] [server epoch 1, client 8, local train]
[2024-02-22 23:09:16] [INFO] local epoch 1, acc: 0.1836
[2024-02-22 23:09:16] [INFO] [server epoch 1, client 9, local train]
[2024-02-22 23:09:19] [INFO] local epoch 1, acc: 0.1842
[2024-02-22 23:09:20] [INFO] avg epoch 1, acc 0.2018
[2024-02-22 23:09:21] [INFO] avg epoch 1, acc 0.1890
[2024-02-22 23:09:23] [INFO] avg epoch 1, acc 0.1862
[2024-02-22 23:09:23] [INFO] [server epoch 1, client 1, local train]
[2024-02-22 23:09:25] [INFO] local epoch 1, acc: 0.2366
[2024-02-22 23:09:25] [INFO] [server epoch 1, client 2, local train]
[2024-02-22 23:09:28] [INFO] local epoch 1, acc: 0.2410
[2024-02-22 23:09:28] [INFO] [server epoch 1, client 3, local train]
[2024-02-22 23:09:30] [INFO] local epoch 1, acc: 0.2360
[2024-02-22 23:09:30] [INFO] [server epoch 1, client 4, local train]
[2024-02-22 23:09:33] [INFO] local epoch 1, acc: 0.2837
[2024-02-22 23:09:33] [INFO] [server epoch 1, client 5, local train]
[2024-02-22 23:09:36] [INFO] local epoch 1, acc: 0.2728
[2024-02-22 23:09:36] [INFO] [server epoch 1, client 6, local train]
[2024-02-22 23:09:38] [INFO] local epoch 1, acc: 0.2793
[2024-02-22 23:09:38] [INFO] [server epoch 1, client 7, local train]
[2024-02-22 23:09:41] [INFO] local epoch 1, acc: 0.2094
[2024-02-22 23:09:41] [INFO] [server epoch 1, client 8, local train]
[2024-02-22 23:09:44] [INFO] local epoch 1, acc: 0.2234
[2024-02-22 23:09:44] [INFO] [server epoch 1, client 9, local train]
[2024-02-22 23:09:46] [INFO] local epoch 1, acc: 0.2140
[2024-02-22 23:09:47] [INFO] avg epoch 2, acc 0.2372
[2024-02-22 23:09:49] [INFO] avg epoch 2, acc 0.2788
[2024-02-22 23:09:50] [INFO] avg epoch 2, acc 0.2171
