[2024-02-20 16:53:59] [INFO] hyper_fed
      n_public_data  :  100  
          seed       : 10000 
      local_epochs   :  10   
     distill_epochs  :  10   
       batch_size    :  160  
      server_epochs  :  20   
          alpha      :  1.0  
         dataset     :cifar10
     model_structure : cnn3  
[2024-02-20 16:54:22] [INFO] [rank: 1, server epoch 1, client 1, local train]
[2024-02-20 16:54:23] [INFO] rank: 0, local epoch 1, acc: 0.4026
[2024-02-20 16:54:25] [INFO] rank: 0, local epoch 2, acc: 0.4492
[2024-02-20 16:54:26] [INFO] rank: 0, local epoch 3, acc: 0.4816
[2024-02-20 16:54:27] [INFO] rank: 0, local epoch 4, acc: 0.5217
[2024-02-20 16:54:29] [INFO] rank: 0, local epoch 5, acc: 0.5407
[2024-02-20 16:54:30] [INFO] rank: 0, local epoch 6, acc: 0.5516
[2024-02-20 16:54:32] [INFO] rank: 0, local epoch 7, acc: 0.5589
[2024-02-20 16:54:33] [INFO] rank: 0, local epoch 8, acc: 0.5751
[2024-02-20 16:54:35] [INFO] rank: 1, local epoch 9, acc: 0.5792
[2024-02-20 16:54:36] [INFO] rank: 0, local epoch 10, acc: 0.5901
[2024-02-20 16:54:36] [INFO] [rank: 0, server epoch 1, client 2, local train]
[2024-02-20 16:54:38] [INFO] rank: 0, local epoch 1, acc: 0.3998
[2024-02-20 16:54:39] [INFO] rank: 0, local epoch 2, acc: 0.4508
[2024-02-20 16:54:40] [INFO] rank: 0, local epoch 3, acc: 0.5006
[2024-02-20 16:54:42] [INFO] rank: 0, local epoch 4, acc: 0.5225
[2024-02-20 16:54:43] [INFO] rank: 0, local epoch 5, acc: 0.5427
[2024-02-20 16:54:44] [INFO] rank: 0, local epoch 6, acc: 0.5456
[2024-02-20 16:54:46] [INFO] rank: 0, local epoch 7, acc: 0.5593
[2024-02-20 16:54:47] [INFO] rank: 0, local epoch 8, acc: 0.5687
[2024-02-20 16:54:48] [INFO] rank: 0, local epoch 9, acc: 0.5816
[2024-02-20 16:54:50] [INFO] rank: 0, local epoch 10, acc: 0.5881
[2024-02-20 16:54:50] [INFO] [rank: 0, server epoch 1, client 3, local train]
[2024-02-20 16:54:51] [INFO] rank: 0, local epoch 1, acc: 0.4143
[2024-02-20 16:54:52] [INFO] rank: 0, local epoch 2, acc: 0.4407
[2024-02-20 16:54:53] [INFO] rank: 0, local epoch 3, acc: 0.4901
[2024-02-20 16:54:55] [INFO] rank: 0, local epoch 4, acc: 0.5172
[2024-02-20 16:54:56] [INFO] rank: 0, local epoch 5, acc: 0.5358
[2024-02-20 16:54:57] [INFO] rank: 0, local epoch 6, acc: 0.5565
[2024-02-20 16:54:59] [INFO] rank: 0, local epoch 7, acc: 0.5601
[2024-02-20 16:55:00] [INFO] rank: 0, local epoch 8, acc: 0.5772
[2024-02-20 16:55:01] [INFO] rank: 0, local epoch 9, acc: 0.5687
[2024-02-20 16:55:03] [INFO] rank: 0, local epoch 10, acc: 0.5788
[2024-02-20 16:55:03] [INFO] [rank: 0, server epoch 1, client 4, local train]
[2024-02-20 16:55:04] [INFO] rank: 0, local epoch 1, acc: 0.3612
[2024-02-20 16:55:06] [INFO] rank: 0, local epoch 2, acc: 0.4363
[2024-02-20 16:55:07] [INFO] rank: 0, local epoch 3, acc: 0.4760
[2024-02-20 16:55:09] [INFO] rank: 0, local epoch 4, acc: 0.5076
[2024-02-20 16:55:10] [INFO] rank: 0, local epoch 5, acc: 0.5224
[2024-02-20 16:55:12] [INFO] rank: 0, local epoch 6, acc: 0.5444
[2024-02-20 16:55:14] [INFO] rank: 0, local epoch 7, acc: 0.5616
[2024-02-20 16:55:15] [INFO] rank: 0, local epoch 8, acc: 0.5652
[2024-02-20 16:55:17] [INFO] rank: 0, local epoch 9, acc: 0.5752
[2024-02-20 16:55:18] [INFO] rank: 0, local epoch 10, acc: 0.5874
[2024-02-20 16:55:18] [INFO] [rank: 0, server epoch 1, client 5, local train]
[2024-02-20 16:55:20] [INFO] rank: 0, local epoch 1, acc: 0.3685
[2024-02-20 16:55:21] [INFO] rank: 0, local epoch 2, acc: 0.4468
[2024-02-20 16:55:23] [INFO] rank: 0, local epoch 3, acc: 0.4794
[2024-02-20 16:55:24] [INFO] rank: 0, local epoch 4, acc: 0.5005
[2024-02-20 16:55:26] [INFO] rank: 0, local epoch 5, acc: 0.5240
[2024-02-20 16:55:27] [INFO] rank: 0, local epoch 6, acc: 0.5360
[2024-02-20 16:55:29] [INFO] rank: 0, local epoch 7, acc: 0.5603
[2024-02-20 16:55:30] [INFO] rank: 0, local epoch 8, acc: 0.5647
[2024-02-20 16:55:32] [INFO] rank: 0, local epoch 9, acc: 0.5746
[2024-02-20 16:55:33] [INFO] rank: 0, local epoch 10, acc: 0.5799
[2024-02-20 16:55:33] [INFO] [rank: 0, server epoch 1, client 6, local train]
[2024-02-20 16:55:35] [INFO] rank: 0, local epoch 1, acc: 0.3606
[2024-02-20 16:55:36] [INFO] rank: 0, local epoch 2, acc: 0.4549
[2024-02-20 16:55:38] [INFO] rank: 0, local epoch 3, acc: 0.4838
[2024-02-20 16:55:39] [INFO] rank: 2, local epoch 4, acc: 0.5107
[2024-02-20 16:55:41] [INFO] rank: 2, local epoch 5, acc: 0.5258
[2024-02-20 16:55:42] [INFO] rank: 2, local epoch 6, acc: 0.5389
[2024-02-20 16:55:44] [INFO] rank: 2, local epoch 7, acc: 0.5483
[2024-02-20 16:55:45] [INFO] rank: 2, local epoch 8, acc: 0.5647
[2024-02-20 16:55:47] [INFO] rank: 2, local epoch 9, acc: 0.5791
[2024-02-20 16:55:49] [INFO] rank: 2, local epoch 10, acc: 0.5853
[2024-02-20 16:55:49] [INFO] [rank: 2, server epoch 1, client 7, local train]
[2024-02-20 16:55:50] [INFO] rank: 2, local epoch 1, acc: 0.3866
[2024-02-20 16:55:52] [INFO] rank: 2, local epoch 2, acc: 0.3985
[2024-02-20 16:55:53] [INFO] rank: 2, local epoch 3, acc: 0.4374
[2024-02-20 16:55:55] [INFO] rank: 2, local epoch 4, acc: 0.4755
[2024-02-20 16:55:56] [INFO] rank: 2, local epoch 5, acc: 0.4788
[2024-02-20 16:55:58] [INFO] rank: 2, local epoch 6, acc: 0.4926
[2024-02-20 16:55:59] [INFO] rank: 2, local epoch 7, acc: 0.5009
[2024-02-20 16:56:01] [INFO] rank: 2, local epoch 8, acc: 0.4977
[2024-02-20 16:56:02] [INFO] rank: 2, local epoch 9, acc: 0.5107
[2024-02-20 16:56:04] [INFO] rank: 2, local epoch 10, acc: 0.5145
[2024-02-20 16:56:04] [INFO] [rank: 2, server epoch 1, client 8, local train]
[2024-02-20 16:56:05] [INFO] rank: 2, local epoch 1, acc: 0.3815
[2024-02-20 16:56:07] [INFO] rank: 2, local epoch 2, acc: 0.4071
[2024-02-20 16:56:08] [INFO] rank: 2, local epoch 3, acc: 0.4250
[2024-02-20 16:56:10] [INFO] rank: 2, local epoch 4, acc: 0.4642
[2024-02-20 16:56:11] [INFO] rank: 2, local epoch 5, acc: 0.4828
[2024-02-20 16:56:13] [INFO] rank: 2, local epoch 6, acc: 0.4920
[2024-02-20 16:56:14] [INFO] rank: 2, local epoch 7, acc: 0.5050
[2024-02-20 16:56:16] [INFO] rank: 2, local epoch 8, acc: 0.5001
[2024-02-20 16:56:17] [INFO] rank: 2, local epoch 9, acc: 0.5120
[2024-02-20 16:56:19] [INFO] rank: 2, local epoch 10, acc: 0.5242
[2024-02-20 16:56:19] [INFO] [rank: 2, server epoch 1, client 9, local train]
[2024-02-20 16:56:20] [INFO] rank: 2, local epoch 1, acc: 0.3806
[2024-02-20 16:56:22] [INFO] rank: 2, local epoch 2, acc: 0.4155
[2024-02-20 16:56:23] [INFO] rank: 2, local epoch 3, acc: 0.4477
[2024-02-20 16:56:25] [INFO] rank: 2, local epoch 4, acc: 0.4601
[2024-02-20 16:56:26] [INFO] rank: 2, local epoch 5, acc: 0.4801
[2024-02-20 16:56:28] [INFO] rank: 2, local epoch 6, acc: 0.4882
[2024-02-20 16:56:29] [INFO] rank: 2, local epoch 7, acc: 0.4742
[2024-02-20 16:56:31] [INFO] rank: 2, local epoch 8, acc: 0.5093
[2024-02-20 16:56:32] [INFO] rank: 2, local epoch 9, acc: 0.5107
[2024-02-20 16:56:34] [INFO] rank: 2, local epoch 10, acc: 0.5158
[2024-02-20 16:56:34] [INFO] [rank: 2, server epoch 1, client 1, distill train]
[2024-02-20 16:56:35] [INFO] rank: 2, distill epoch 1, acc: 0.5784
[2024-02-20 16:56:36] [INFO] rank: 2, distill epoch 2, acc: 0.5784
[2024-02-20 16:56:37] [INFO] rank: 2, distill epoch 3, acc: 0.5784
[2024-02-20 16:56:38] [INFO] rank: 2, distill epoch 4, acc: 0.5784
[2024-02-20 16:56:39] [INFO] rank: 2, distill epoch 5, acc: 0.5784
[2024-02-20 16:56:40] [INFO] rank: 2, distill epoch 6, acc: 0.5784
[2024-02-20 16:56:41] [INFO] rank: 2, distill epoch 7, acc: 0.5784
[2024-02-20 16:56:42] [INFO] rank: 2, distill epoch 8, acc: 0.5784
[2024-02-20 16:56:43] [INFO] rank: 2, distill epoch 9, acc: 0.5784
[2024-02-20 16:56:44] [INFO] rank: 2, distill epoch 10, acc: 0.5784
[2024-02-20 16:56:44] [INFO] [rank: 2, server epoch 1, client 2, distill train]
[2024-02-20 16:56:45] [INFO] rank: 2, distill epoch 1, acc: 0.5784
[2024-02-20 16:56:46] [INFO] rank: 2, distill epoch 2, acc: 0.5784
[2024-02-20 16:56:47] [INFO] rank: 2, distill epoch 3, acc: 0.5784
[2024-02-20 16:56:48] [INFO] rank: 2, distill epoch 4, acc: 0.5784
[2024-02-20 16:56:49] [INFO] rank: 2, distill epoch 5, acc: 0.5784
[2024-02-20 16:56:50] [INFO] rank: 2, distill epoch 6, acc: 0.5784
[2024-02-20 16:56:51] [INFO] rank: 2, distill epoch 7, acc: 0.5784
[2024-02-20 16:56:52] [INFO] rank: 2, distill epoch 8, acc: 0.5784
[2024-02-20 16:56:53] [INFO] rank: 2, distill epoch 9, acc: 0.5784
[2024-02-20 16:56:54] [INFO] rank: 2, distill epoch 10, acc: 0.5784
[2024-02-20 16:56:54] [INFO] [rank: 2, server epoch 1, client 3, distill train]
[2024-02-20 16:56:55] [INFO] rank: 2, distill epoch 1, acc: 0.5925
[2024-02-20 16:56:56] [INFO] rank: 2, distill epoch 2, acc: 0.5682
[2024-02-20 16:56:57] [INFO] rank: 2, distill epoch 3, acc: 0.5257
[2024-02-20 16:56:58] [INFO] rank: 2, distill epoch 4, acc: 0.4864
[2024-02-20 16:56:59] [INFO] rank: 2, distill epoch 5, acc: 0.4265
[2024-02-20 16:57:00] [INFO] rank: 2, distill epoch 6, acc: 0.3649
[2024-02-20 16:57:01] [INFO] rank: 2, distill epoch 7, acc: 0.3200
[2024-02-20 16:57:02] [INFO] rank: 2, distill epoch 8, acc: 0.2884
[2024-02-20 16:57:04] [INFO] rank: 2, distill epoch 9, acc: 0.2616
[2024-02-20 16:57:03] [INFO] rank: 1, distill epoch 10, acc: 0.2426
[2024-02-20 16:57:03] [INFO] [rank: 1, server epoch 1, client 4, distill train]
