[2024-02-21 18:40:58] [INFO] normal
        n_client     :   9   
          seed       : 10000 
      local_epochs   :  50   
       batch_size    :  160  
          alpha      :  1.0  
         dataset     :cifar10
     model_structure : cnn3  
[2024-02-21 18:41:22] [INFO] client 0 training starts.
[2024-02-21 18:41:24] [INFO] local epoch 1/50, acc: 0.4030
[2024-02-21 18:41:26] [INFO] local epoch 2/50, acc: 0.4492
[2024-02-21 18:41:27] [INFO] local epoch 3/50, acc: 0.4824
[2024-02-21 18:41:28] [INFO] local epoch 4/50, acc: 0.5217
[2024-02-21 18:41:30] [INFO] local epoch 5/50, acc: 0.5399
[2024-02-21 18:41:31] [INFO] local epoch 6/50, acc: 0.5516
[2024-02-21 18:41:33] [INFO] local epoch 7/50, acc: 0.5589
[2024-02-21 18:41:34] [INFO] local epoch 8/50, acc: 0.5747
[2024-02-21 18:41:36] [INFO] local epoch 9/50, acc: 0.5800
[2024-02-21 18:41:37] [INFO] local epoch 10/50, acc: 0.5893
[2024-02-21 18:41:39] [INFO] local epoch 11/50, acc: 0.5998
[2024-02-21 18:41:41] [INFO] local epoch 12/50, acc: 0.5982
[2024-02-21 18:41:42] [INFO] local epoch 13/50, acc: 0.6011
[2024-02-21 18:41:43] [INFO] local epoch 14/50, acc: 0.6079
[2024-02-21 18:41:45] [INFO] local epoch 15/50, acc: 0.6063
[2024-02-21 18:41:46] [INFO] local epoch 16/50, acc: 0.6112
[2024-02-21 18:41:48] [INFO] local epoch 17/50, acc: 0.6100
[2024-02-21 18:41:49] [INFO] local epoch 18/50, acc: 0.6221
[2024-02-21 18:41:51] [INFO] local epoch 19/50, acc: 0.6221
[2024-02-21 18:41:52] [INFO] local epoch 20/50, acc: 0.6189
[2024-02-21 18:41:53] [INFO] local epoch 21/50, acc: 0.6168
[2024-02-21 18:41:55] [INFO] local epoch 22/50, acc: 0.6351
[2024-02-21 18:41:56] [INFO] local epoch 23/50, acc: 0.6383
[2024-02-21 18:41:58] [INFO] local epoch 24/50, acc: 0.6258
[2024-02-21 18:41:59] [INFO] local epoch 25/50, acc: 0.6367
[2024-02-21 18:42:00] [INFO] local epoch 26/50, acc: 0.6383
[2024-02-21 18:42:02] [INFO] local epoch 27/50, acc: 0.6448
[2024-02-21 18:42:03] [INFO] local epoch 28/50, acc: 0.6339
[2024-02-21 18:42:05] [INFO] local epoch 29/50, acc: 0.6472
[2024-02-21 18:42:06] [INFO] local epoch 30/50, acc: 0.6286
[2024-02-21 18:42:07] [INFO] local epoch 31/50, acc: 0.6480
[2024-02-21 18:42:09] [INFO] local epoch 32/50, acc: 0.6476
[2024-02-21 18:42:10] [INFO] local epoch 33/50, acc: 0.6472
[2024-02-21 18:42:12] [INFO] local epoch 34/50, acc: 0.6549
[2024-02-21 18:42:13] [INFO] local epoch 35/50, acc: 0.6517
[2024-02-21 18:42:14] [INFO] local epoch 36/50, acc: 0.6569
[2024-02-21 18:42:16] [INFO] local epoch 37/50, acc: 0.6529
[2024-02-21 18:42:17] [INFO] local epoch 38/50, acc: 0.6488
[2024-02-21 18:42:19] [INFO] local epoch 39/50, acc: 0.6501
[2024-02-21 18:42:20] [INFO] local epoch 40/50, acc: 0.6553
[2024-02-21 18:42:21] [INFO] local epoch 41/50, acc: 0.6517
[2024-02-21 18:42:23] [INFO] local epoch 42/50, acc: 0.6590
[2024-02-21 18:42:24] [INFO] local epoch 43/50, acc: 0.6565
[2024-02-21 18:42:26] [INFO] local epoch 44/50, acc: 0.6549
[2024-02-21 18:42:27] [INFO] local epoch 45/50, acc: 0.6505
[2024-02-21 18:42:29] [INFO] local epoch 46/50, acc: 0.6553
[2024-02-21 18:42:30] [INFO] local epoch 47/50, acc: 0.6509
[2024-02-21 18:42:31] [INFO] local epoch 48/50, acc: 0.6525
[2024-02-21 18:42:33] [INFO] local epoch 49/50, acc: 0.6444
[2024-02-21 18:42:34] [INFO] local epoch 50/50, acc: 0.6472
[2024-02-21 18:42:34] [INFO] client 1 training starts.
[2024-02-21 18:42:36] [INFO] local epoch 1/50, acc: 0.4123
[2024-02-21 18:42:37] [INFO] local epoch 2/50, acc: 0.4411
[2024-02-21 18:42:39] [INFO] local epoch 3/50, acc: 0.4909
[2024-02-21 18:42:40] [INFO] local epoch 4/50, acc: 0.5144
[2024-02-21 18:42:41] [INFO] local epoch 5/50, acc: 0.5237
[2024-02-21 18:42:43] [INFO] local epoch 6/50, acc: 0.5492
[2024-02-21 18:42:44] [INFO] local epoch 7/50, acc: 0.5597
[2024-02-21 18:42:46] [INFO] local epoch 8/50, acc: 0.5606
[2024-02-21 18:42:47] [INFO] local epoch 9/50, acc: 0.5711
[2024-02-21 18:42:49] [INFO] local epoch 10/50, acc: 0.5824
[2024-02-21 18:42:50] [INFO] local epoch 11/50, acc: 0.5788
[2024-02-21 18:42:52] [INFO] local epoch 12/50, acc: 0.5925
[2024-02-21 18:42:53] [INFO] local epoch 13/50, acc: 0.6035
[2024-02-21 18:42:54] [INFO] local epoch 14/50, acc: 0.6051
[2024-02-21 18:42:56] [INFO] local epoch 15/50, acc: 0.6128
[2024-02-21 18:42:57] [INFO] local epoch 16/50, acc: 0.6063
[2024-02-21 18:42:58] [INFO] local epoch 17/50, acc: 0.6177
[2024-02-21 18:43:00] [INFO] local epoch 18/50, acc: 0.6015
[2024-02-21 18:43:01] [INFO] local epoch 19/50, acc: 0.6092
[2024-02-21 18:43:02] [INFO] local epoch 20/50, acc: 0.6262
[2024-02-21 18:43:04] [INFO] local epoch 21/50, acc: 0.6302
[2024-02-21 18:43:05] [INFO] local epoch 22/50, acc: 0.6262
[2024-02-21 18:43:07] [INFO] local epoch 23/50, acc: 0.6335
[2024-02-21 18:43:08] [INFO] local epoch 24/50, acc: 0.6343
[2024-02-21 18:43:09] [INFO] local epoch 25/50, acc: 0.6387
[2024-02-21 18:43:11] [INFO] local epoch 26/50, acc: 0.6407
[2024-02-21 18:43:12] [INFO] local epoch 27/50, acc: 0.6387
[2024-02-21 18:43:14] [INFO] local epoch 28/50, acc: 0.6436
[2024-02-21 18:43:15] [INFO] local epoch 29/50, acc: 0.6476
[2024-02-21 18:43:16] [INFO] local epoch 30/50, acc: 0.6472
[2024-02-21 18:43:18] [INFO] local epoch 31/50, acc: 0.6472
[2024-02-21 18:43:19] [INFO] local epoch 32/50, acc: 0.6440
[2024-02-21 18:43:20] [INFO] local epoch 33/50, acc: 0.6501
[2024-02-21 18:43:22] [INFO] local epoch 34/50, acc: 0.6460
[2024-02-21 18:43:23] [INFO] local epoch 35/50, acc: 0.6521
[2024-02-21 18:43:25] [INFO] local epoch 36/50, acc: 0.6565
[2024-02-21 18:43:26] [INFO] local epoch 37/50, acc: 0.6488
[2024-02-21 18:43:27] [INFO] local epoch 38/50, acc: 0.6505
[2024-02-21 18:43:29] [INFO] local epoch 39/50, acc: 0.6464
[2024-02-21 18:43:30] [INFO] local epoch 40/50, acc: 0.6517
[2024-02-21 18:43:31] [INFO] local epoch 41/50, acc: 0.6488
[2024-02-21 18:43:33] [INFO] local epoch 42/50, acc: 0.6545
[2024-02-21 18:43:34] [INFO] local epoch 43/50, acc: 0.6533
[2024-02-21 18:43:36] [INFO] local epoch 44/50, acc: 0.6541
[2024-02-21 18:43:37] [INFO] local epoch 45/50, acc: 0.6545
[2024-02-21 18:43:39] [INFO] local epoch 46/50, acc: 0.6501
[2024-02-21 18:43:40] [INFO] local epoch 47/50, acc: 0.6541
[2024-02-21 18:43:42] [INFO] local epoch 48/50, acc: 0.6468
[2024-02-21 18:43:43] [INFO] local epoch 49/50, acc: 0.6521
[2024-02-21 18:43:44] [INFO] local epoch 50/50, acc: 0.6436
[2024-02-21 18:43:44] [INFO] client 2 training starts.
[2024-02-21 18:43:46] [INFO] local epoch 1/50, acc: 0.3945
[2024-02-21 18:43:47] [INFO] local epoch 2/50, acc: 0.4536
[2024-02-21 18:43:49] [INFO] local epoch 3/50, acc: 0.4945
[2024-02-21 18:43:50] [INFO] local epoch 4/50, acc: 0.5111
[2024-02-21 18:43:52] [INFO] local epoch 5/50, acc: 0.5354
[2024-02-21 18:43:53] [INFO] local epoch 6/50, acc: 0.5561
[2024-02-21 18:43:54] [INFO] local epoch 7/50, acc: 0.5581
[2024-02-21 18:43:56] [INFO] local epoch 8/50, acc: 0.5772
[2024-02-21 18:43:57] [INFO] local epoch 9/50, acc: 0.5873
[2024-02-21 18:43:59] [INFO] local epoch 10/50, acc: 0.5763
[2024-02-21 18:44:00] [INFO] local epoch 11/50, acc: 0.5970
[2024-02-21 18:44:02] [INFO] local epoch 12/50, acc: 0.6031
[2024-02-21 18:44:03] [INFO] local epoch 13/50, acc: 0.6063
[2024-02-21 18:44:05] [INFO] local epoch 14/50, acc: 0.6079
[2024-02-21 18:44:06] [INFO] local epoch 15/50, acc: 0.6140
[2024-02-21 18:44:07] [INFO] local epoch 16/50, acc: 0.6136
[2024-02-21 18:44:09] [INFO] local epoch 17/50, acc: 0.6245
[2024-02-21 18:44:10] [INFO] local epoch 18/50, acc: 0.6262
[2024-02-21 18:44:11] [INFO] local epoch 19/50, acc: 0.6213
[2024-02-21 18:44:13] [INFO] local epoch 20/50, acc: 0.6286
[2024-02-21 18:44:14] [INFO] local epoch 21/50, acc: 0.6278
[2024-02-21 18:44:16] [INFO] local epoch 22/50, acc: 0.6339
[2024-02-21 18:44:17] [INFO] local epoch 23/50, acc: 0.6379
[2024-02-21 18:44:19] [INFO] local epoch 24/50, acc: 0.6391
[2024-02-21 18:44:20] [INFO] local epoch 25/50, acc: 0.6221
[2024-02-21 18:44:22] [INFO] local epoch 26/50, acc: 0.6428
[2024-02-21 18:44:23] [INFO] local epoch 27/50, acc: 0.6420
[2024-02-21 18:44:25] [INFO] local epoch 28/50, acc: 0.6464
[2024-02-21 18:44:26] [INFO] local epoch 29/50, acc: 0.6436
[2024-02-21 18:44:28] [INFO] local epoch 30/50, acc: 0.6537
[2024-02-21 18:44:29] [INFO] local epoch 31/50, acc: 0.6444
[2024-02-21 18:44:31] [INFO] local epoch 32/50, acc: 0.6428
[2024-02-21 18:44:32] [INFO] local epoch 33/50, acc: 0.6488
[2024-02-21 18:44:33] [INFO] local epoch 34/50, acc: 0.6513
[2024-02-21 18:44:35] [INFO] local epoch 35/50, acc: 0.6505
[2024-02-21 18:44:36] [INFO] local epoch 36/50, acc: 0.6553
[2024-02-21 18:44:38] [INFO] local epoch 37/50, acc: 0.6545
[2024-02-21 18:44:39] [INFO] local epoch 38/50, acc: 0.6529
[2024-02-21 18:44:41] [INFO] local epoch 39/50, acc: 0.6537
[2024-02-21 18:44:42] [INFO] local epoch 40/50, acc: 0.6594
[2024-02-21 18:44:44] [INFO] local epoch 41/50, acc: 0.6565
[2024-02-21 18:44:45] [INFO] local epoch 42/50, acc: 0.6533
[2024-02-21 18:44:46] [INFO] local epoch 43/50, acc: 0.6517
[2024-02-21 18:44:48] [INFO] local epoch 44/50, acc: 0.6582
[2024-02-21 18:44:49] [INFO] local epoch 45/50, acc: 0.6553
[2024-02-21 18:44:51] [INFO] local epoch 46/50, acc: 0.6569
[2024-02-21 18:44:52] [INFO] local epoch 47/50, acc: 0.6537
[2024-02-21 18:44:54] [INFO] local epoch 48/50, acc: 0.6561
[2024-02-21 18:44:55] [INFO] local epoch 49/50, acc: 0.6553
[2024-02-21 18:44:57] [INFO] local epoch 50/50, acc: 0.6529
[2024-02-21 18:44:57] [INFO] client 3 training starts.
[2024-02-21 18:44:58] [INFO] local epoch 1/50, acc: 0.3745
[2024-02-21 18:45:00] [INFO] local epoch 2/50, acc: 0.4580
[2024-02-21 18:45:02] [INFO] local epoch 3/50, acc: 0.4786
[2024-02-21 18:45:03] [INFO] local epoch 4/50, acc: 0.5094
[2024-02-21 18:45:05] [INFO] local epoch 5/50, acc: 0.5237
[2024-02-21 18:45:06] [INFO] local epoch 6/50, acc: 0.5399
[2024-02-21 18:45:08] [INFO] local epoch 7/50, acc: 0.5577
[2024-02-21 18:45:09] [INFO] local epoch 8/50, acc: 0.5686
[2024-02-21 18:45:11] [INFO] local epoch 9/50, acc: 0.5775
[2024-02-21 18:45:13] [INFO] local epoch 10/50, acc: 0.5699
[2024-02-21 18:45:14] [INFO] local epoch 11/50, acc: 0.5806
[2024-02-21 18:45:16] [INFO] local epoch 12/50, acc: 0.5968
[2024-02-21 18:45:17] [INFO] local epoch 13/50, acc: 0.6093
[2024-02-21 18:45:19] [INFO] local epoch 14/50, acc: 0.6099
[2024-02-21 18:45:20] [INFO] local epoch 15/50, acc: 0.6073
[2024-02-21 18:45:22] [INFO] local epoch 16/50, acc: 0.6057
[2024-02-21 18:45:23] [INFO] local epoch 17/50, acc: 0.6177
[2024-02-21 18:45:25] [INFO] local epoch 18/50, acc: 0.6292
[2024-02-21 18:45:26] [INFO] local epoch 19/50, acc: 0.6247
[2024-02-21 18:45:28] [INFO] local epoch 20/50, acc: 0.6219
[2024-02-21 18:45:30] [INFO] local epoch 21/50, acc: 0.6380
[2024-02-21 18:45:32] [INFO] local epoch 22/50, acc: 0.6378
[2024-02-21 18:45:33] [INFO] local epoch 23/50, acc: 0.6354
[2024-02-21 18:45:35] [INFO] local epoch 24/50, acc: 0.6461
[2024-02-21 18:45:36] [INFO] local epoch 25/50, acc: 0.6435
[2024-02-21 18:45:38] [INFO] local epoch 26/50, acc: 0.6438
[2024-02-21 18:45:40] [INFO] local epoch 27/50, acc: 0.6571
[2024-02-21 18:45:41] [INFO] local epoch 28/50, acc: 0.6550
[2024-02-21 18:45:43] [INFO] local epoch 29/50, acc: 0.6566
[2024-02-21 18:45:45] [INFO] local epoch 30/50, acc: 0.6605
[2024-02-21 18:45:46] [INFO] local epoch 31/50, acc: 0.6555
[2024-02-21 18:45:48] [INFO] local epoch 32/50, acc: 0.6600
[2024-02-21 18:45:50] [INFO] local epoch 33/50, acc: 0.6654
[2024-02-21 18:45:51] [INFO] local epoch 34/50, acc: 0.6553
[2024-02-21 18:45:53] [INFO] local epoch 35/50, acc: 0.6652
[2024-02-21 18:45:55] [INFO] local epoch 36/50, acc: 0.6683
[2024-02-21 18:45:56] [INFO] local epoch 37/50, acc: 0.6754
[2024-02-21 18:45:58] [INFO] local epoch 38/50, acc: 0.6712
[2024-02-21 18:46:00] [INFO] local epoch 39/50, acc: 0.6594
[2024-02-21 18:46:01] [INFO] local epoch 40/50, acc: 0.6641
[2024-02-21 18:46:03] [INFO] local epoch 41/50, acc: 0.6605
[2024-02-21 18:46:05] [INFO] local epoch 42/50, acc: 0.6634
[2024-02-21 18:46:06] [INFO] local epoch 43/50, acc: 0.6741
[2024-02-21 18:46:08] [INFO] local epoch 44/50, acc: 0.6795
[2024-02-21 18:46:10] [INFO] local epoch 45/50, acc: 0.6754
[2024-02-21 18:46:11] [INFO] local epoch 46/50, acc: 0.6775
[2024-02-21 18:46:13] [INFO] local epoch 47/50, acc: 0.6772
[2024-02-21 18:46:15] [INFO] local epoch 48/50, acc: 0.6772
[2024-02-21 18:46:16] [INFO] local epoch 49/50, acc: 0.6741
[2024-02-21 18:46:18] [INFO] local epoch 50/50, acc: 0.6780
[2024-02-21 18:46:18] [INFO] client 4 training starts.
[2024-02-21 18:46:19] [INFO] local epoch 1/50, acc: 0.3784
[2024-02-21 18:46:21] [INFO] local epoch 2/50, acc: 0.4428
[2024-02-21 18:46:23] [INFO] local epoch 3/50, acc: 0.4786
[2024-02-21 18:46:24] [INFO] local epoch 4/50, acc: 0.5076
[2024-02-21 18:46:26] [INFO] local epoch 5/50, acc: 0.5052
[2024-02-21 18:46:28] [INFO] local epoch 6/50, acc: 0.5355
[2024-02-21 18:46:29] [INFO] local epoch 7/50, acc: 0.5352
[2024-02-21 18:46:31] [INFO] local epoch 8/50, acc: 0.5686
[2024-02-21 18:46:33] [INFO] local epoch 9/50, acc: 0.5775
[2024-02-21 18:46:34] [INFO] local epoch 10/50, acc: 0.5835
[2024-02-21 18:46:36] [INFO] local epoch 11/50, acc: 0.5892
[2024-02-21 18:46:37] [INFO] local epoch 12/50, acc: 0.5929
[2024-02-21 18:46:39] [INFO] local epoch 13/50, acc: 0.6015
[2024-02-21 18:46:41] [INFO] local epoch 14/50, acc: 0.6036
[2024-02-21 18:46:42] [INFO] local epoch 15/50, acc: 0.6156
[2024-02-21 18:46:44] [INFO] local epoch 16/50, acc: 0.6177
[2024-02-21 18:46:45] [INFO] local epoch 17/50, acc: 0.6138
[2024-02-21 18:46:47] [INFO] local epoch 18/50, acc: 0.6260
[2024-02-21 18:46:49] [INFO] local epoch 19/50, acc: 0.6198
[2024-02-21 18:46:50] [INFO] local epoch 20/50, acc: 0.6172
[2024-02-21 18:46:52] [INFO] local epoch 21/50, acc: 0.6334
[2024-02-21 18:46:54] [INFO] local epoch 22/50, acc: 0.6203
[2024-02-21 18:46:55] [INFO] local epoch 23/50, acc: 0.6313
[2024-02-21 18:46:57] [INFO] local epoch 24/50, acc: 0.6357
[2024-02-21 18:46:58] [INFO] local epoch 25/50, acc: 0.6339
[2024-02-21 18:47:00] [INFO] local epoch 26/50, acc: 0.6454
[2024-02-21 18:47:02] [INFO] local epoch 27/50, acc: 0.6441
[2024-02-21 18:47:03] [INFO] local epoch 28/50, acc: 0.6540
[2024-02-21 18:47:05] [INFO] local epoch 29/50, acc: 0.6498
[2024-02-21 18:47:07] [INFO] local epoch 30/50, acc: 0.6568
[2024-02-21 18:47:08] [INFO] local epoch 31/50, acc: 0.6456
[2024-02-21 18:47:10] [INFO] local epoch 32/50, acc: 0.6589
[2024-02-21 18:47:11] [INFO] local epoch 33/50, acc: 0.6493
[2024-02-21 18:47:13] [INFO] local epoch 34/50, acc: 0.6636
[2024-02-21 18:47:15] [INFO] local epoch 35/50, acc: 0.6587
[2024-02-21 18:47:16] [INFO] local epoch 36/50, acc: 0.6631
[2024-02-21 18:47:18] [INFO] local epoch 37/50, acc: 0.6644
[2024-02-21 18:47:20] [INFO] local epoch 38/50, acc: 0.6584
[2024-02-21 18:47:21] [INFO] local epoch 39/50, acc: 0.6545
[2024-02-21 18:47:23] [INFO] local epoch 40/50, acc: 0.6741
[2024-02-21 18:47:24] [INFO] local epoch 41/50, acc: 0.6696
[2024-02-21 18:47:26] [INFO] local epoch 42/50, acc: 0.6678
[2024-02-21 18:47:28] [INFO] local epoch 43/50, acc: 0.6728
[2024-02-21 18:47:29] [INFO] local epoch 44/50, acc: 0.6594
[2024-02-21 18:47:31] [INFO] local epoch 45/50, acc: 0.6712
[2024-02-21 18:47:33] [INFO] local epoch 46/50, acc: 0.6641
[2024-02-21 18:47:34] [INFO] local epoch 47/50, acc: 0.6686
[2024-02-21 18:47:36] [INFO] local epoch 48/50, acc: 0.6741
[2024-02-21 18:47:38] [INFO] local epoch 49/50, acc: 0.6733
[2024-02-21 18:47:39] [INFO] local epoch 50/50, acc: 0.6759
[2024-02-21 18:47:39] [INFO] client 5 training starts.
[2024-02-21 18:47:41] [INFO] local epoch 1/50, acc: 0.3740
[2024-02-21 18:47:43] [INFO] local epoch 2/50, acc: 0.4496
[2024-02-21 18:47:44] [INFO] local epoch 3/50, acc: 0.4809
[2024-02-21 18:47:46] [INFO] local epoch 4/50, acc: 0.4877
[2024-02-21 18:47:47] [INFO] local epoch 5/50, acc: 0.5297
[2024-02-21 18:47:49] [INFO] local epoch 6/50, acc: 0.5410
[2024-02-21 18:47:50] [INFO] local epoch 7/50, acc: 0.5629
[2024-02-21 18:47:52] [INFO] local epoch 8/50, acc: 0.5684
[2024-02-21 18:47:54] [INFO] local epoch 9/50, acc: 0.5678
[2024-02-21 18:47:56] [INFO] local epoch 10/50, acc: 0.5762
[2024-02-21 18:47:57] [INFO] local epoch 11/50, acc: 0.5846
[2024-02-21 18:47:59] [INFO] local epoch 12/50, acc: 0.5966
[2024-02-21 18:48:01] [INFO] local epoch 13/50, acc: 0.6013
[2024-02-21 18:48:02] [INFO] local epoch 14/50, acc: 0.6041
[2024-02-21 18:48:04] [INFO] local epoch 15/50, acc: 0.6054
[2024-02-21 18:48:05] [INFO] local epoch 16/50, acc: 0.6135
[2024-02-21 18:48:07] [INFO] local epoch 17/50, acc: 0.6091
[2024-02-21 18:48:08] [INFO] local epoch 18/50, acc: 0.6281
[2024-02-21 18:48:10] [INFO] local epoch 19/50, acc: 0.6247
[2024-02-21 18:48:12] [INFO] local epoch 20/50, acc: 0.6331
[2024-02-21 18:48:13] [INFO] local epoch 21/50, acc: 0.6313
[2024-02-21 18:48:15] [INFO] local epoch 22/50, acc: 0.6336
[2024-02-21 18:48:17] [INFO] local epoch 23/50, acc: 0.6446
[2024-02-21 18:48:18] [INFO] local epoch 24/50, acc: 0.6446
[2024-02-21 18:48:20] [INFO] local epoch 25/50, acc: 0.6365
[2024-02-21 18:48:21] [INFO] local epoch 26/50, acc: 0.6464
[2024-02-21 18:48:23] [INFO] local epoch 27/50, acc: 0.6495
[2024-02-21 18:48:24] [INFO] local epoch 28/50, acc: 0.6553
[2024-02-21 18:48:26] [INFO] local epoch 29/50, acc: 0.6542
[2024-02-21 18:48:28] [INFO] local epoch 30/50, acc: 0.6579
[2024-02-21 18:48:29] [INFO] local epoch 31/50, acc: 0.6613
[2024-02-21 18:48:31] [INFO] local epoch 32/50, acc: 0.6657
[2024-02-21 18:48:33] [INFO] local epoch 33/50, acc: 0.6688
[2024-02-21 18:48:34] [INFO] local epoch 34/50, acc: 0.6686
[2024-02-21 18:48:36] [INFO] local epoch 35/50, acc: 0.6634
[2024-02-21 18:48:37] [INFO] local epoch 36/50, acc: 0.6639
[2024-02-21 18:48:39] [INFO] local epoch 37/50, acc: 0.6715
[2024-02-21 18:48:41] [INFO] local epoch 38/50, acc: 0.6741
[2024-02-21 18:48:42] [INFO] local epoch 39/50, acc: 0.6649
[2024-02-21 18:48:44] [INFO] local epoch 40/50, acc: 0.6600
[2024-02-21 18:48:45] [INFO] local epoch 41/50, acc: 0.6618
[2024-02-21 18:48:47] [INFO] local epoch 42/50, acc: 0.6717
[2024-02-21 18:48:48] [INFO] local epoch 43/50, acc: 0.6670
[2024-02-21 18:48:50] [INFO] local epoch 44/50, acc: 0.6738
[2024-02-21 18:48:52] [INFO] local epoch 45/50, acc: 0.6720
[2024-02-21 18:48:53] [INFO] local epoch 46/50, acc: 0.6741
[2024-02-21 18:48:55] [INFO] local epoch 47/50, acc: 0.6728
[2024-02-21 18:48:56] [INFO] local epoch 48/50, acc: 0.6707
[2024-02-21 18:48:58] [INFO] local epoch 49/50, acc: 0.6699
[2024-02-21 18:48:59] [INFO] local epoch 50/50, acc: 0.6759
[2024-02-21 18:48:59] [INFO] client 6 training starts.
[2024-02-21 18:49:01] [INFO] local epoch 1/50, acc: 0.3701
[2024-02-21 18:49:03] [INFO] local epoch 2/50, acc: 0.4125
[2024-02-21 18:49:04] [INFO] local epoch 3/50, acc: 0.4496
[2024-02-21 18:49:06] [INFO] local epoch 4/50, acc: 0.4742
[2024-02-21 18:49:08] [INFO] local epoch 5/50, acc: 0.4831
[2024-02-21 18:49:09] [INFO] local epoch 6/50, acc: 0.4793
[2024-02-21 18:49:11] [INFO] local epoch 7/50, acc: 0.4936
[2024-02-21 18:49:13] [INFO] local epoch 8/50, acc: 0.5066
[2024-02-21 18:49:14] [INFO] local epoch 9/50, acc: 0.5099
[2024-02-21 18:49:16] [INFO] local epoch 10/50, acc: 0.5237
[2024-02-21 18:49:17] [INFO] local epoch 11/50, acc: 0.5169
[2024-02-21 18:49:19] [INFO] local epoch 12/50, acc: 0.5318
[2024-02-21 18:49:21] [INFO] local epoch 13/50, acc: 0.5261
[2024-02-21 18:49:22] [INFO] local epoch 14/50, acc: 0.5299
[2024-02-21 18:49:24] [INFO] local epoch 15/50, acc: 0.5385
[2024-02-21 18:49:25] [INFO] local epoch 16/50, acc: 0.5318
[2024-02-21 18:49:27] [INFO] local epoch 17/50, acc: 0.5453
[2024-02-21 18:49:29] [INFO] local epoch 18/50, acc: 0.5399
[2024-02-21 18:49:30] [INFO] local epoch 19/50, acc: 0.5369
[2024-02-21 18:49:32] [INFO] local epoch 20/50, acc: 0.5426
[2024-02-21 18:49:34] [INFO] local epoch 21/50, acc: 0.5501
[2024-02-21 18:49:35] [INFO] local epoch 22/50, acc: 0.5534
[2024-02-21 18:49:37] [INFO] local epoch 23/50, acc: 0.5545
[2024-02-21 18:49:39] [INFO] local epoch 24/50, acc: 0.5445
[2024-02-21 18:49:40] [INFO] local epoch 25/50, acc: 0.5550
[2024-02-21 18:49:42] [INFO] local epoch 26/50, acc: 0.5612
[2024-02-21 18:49:44] [INFO] local epoch 27/50, acc: 0.5564
[2024-02-21 18:49:45] [INFO] local epoch 28/50, acc: 0.5591
[2024-02-21 18:49:47] [INFO] local epoch 29/50, acc: 0.5669
[2024-02-21 18:49:49] [INFO] local epoch 30/50, acc: 0.5699
[2024-02-21 18:49:50] [INFO] local epoch 31/50, acc: 0.5723
[2024-02-21 18:49:52] [INFO] local epoch 32/50, acc: 0.5623
[2024-02-21 18:49:53] [INFO] local epoch 33/50, acc: 0.5769
[2024-02-21 18:49:55] [INFO] local epoch 34/50, acc: 0.5775
[2024-02-21 18:49:57] [INFO] local epoch 35/50, acc: 0.5829
[2024-02-21 18:49:58] [INFO] local epoch 36/50, acc: 0.5599
[2024-02-21 18:50:00] [INFO] local epoch 37/50, acc: 0.5864
[2024-02-21 18:50:02] [INFO] local epoch 38/50, acc: 0.5858
[2024-02-21 18:50:03] [INFO] local epoch 39/50, acc: 0.5804
[2024-02-21 18:50:05] [INFO] local epoch 40/50, acc: 0.5802
[2024-02-21 18:50:07] [INFO] local epoch 41/50, acc: 0.5834
[2024-02-21 18:50:09] [INFO] local epoch 42/50, acc: 0.5839
[2024-02-21 18:50:10] [INFO] local epoch 43/50, acc: 0.5880
[2024-02-21 18:50:12] [INFO] local epoch 44/50, acc: 0.5896
[2024-02-21 18:50:14] [INFO] local epoch 45/50, acc: 0.5942
[2024-02-21 18:50:15] [INFO] local epoch 46/50, acc: 0.5885
[2024-02-21 18:50:17] [INFO] local epoch 47/50, acc: 0.5848
[2024-02-21 18:50:18] [INFO] local epoch 48/50, acc: 0.5883
[2024-02-21 18:50:20] [INFO] local epoch 49/50, acc: 0.5950
[2024-02-21 18:50:21] [INFO] local epoch 50/50, acc: 0.5942
[2024-02-21 18:50:21] [INFO] client 7 training starts.
[2024-02-21 18:50:23] [INFO] local epoch 1/50, acc: 0.3663
[2024-02-21 18:50:25] [INFO] local epoch 2/50, acc: 0.4185
[2024-02-21 18:50:26] [INFO] local epoch 3/50, acc: 0.4531
[2024-02-21 18:50:28] [INFO] local epoch 4/50, acc: 0.4580
[2024-02-21 18:50:30] [INFO] local epoch 5/50, acc: 0.4555
[2024-02-21 18:50:31] [INFO] local epoch 6/50, acc: 0.4885
[2024-02-21 18:50:33] [INFO] local epoch 7/50, acc: 0.5023
[2024-02-21 18:50:34] [INFO] local epoch 8/50, acc: 0.5128
[2024-02-21 18:50:36] [INFO] local epoch 9/50, acc: 0.4972
[2024-02-21 18:50:37] [INFO] local epoch 10/50, acc: 0.5031
[2024-02-21 18:50:39] [INFO] local epoch 11/50, acc: 0.5228
[2024-02-21 18:50:41] [INFO] local epoch 12/50, acc: 0.5261
[2024-02-21 18:50:42] [INFO] local epoch 13/50, acc: 0.5280
[2024-02-21 18:50:44] [INFO] local epoch 14/50, acc: 0.5328
[2024-02-21 18:50:45] [INFO] local epoch 15/50, acc: 0.5388
[2024-02-21 18:50:47] [INFO] local epoch 16/50, acc: 0.5437
[2024-02-21 18:50:49] [INFO] local epoch 17/50, acc: 0.5385
[2024-02-21 18:50:50] [INFO] local epoch 18/50, acc: 0.5501
[2024-02-21 18:50:52] [INFO] local epoch 19/50, acc: 0.5474
[2024-02-21 18:50:54] [INFO] local epoch 20/50, acc: 0.5372
[2024-02-21 18:50:55] [INFO] local epoch 21/50, acc: 0.5547
[2024-02-21 18:50:57] [INFO] local epoch 22/50, acc: 0.5488
[2024-02-21 18:50:58] [INFO] local epoch 23/50, acc: 0.5583
[2024-02-21 18:51:00] [INFO] local epoch 24/50, acc: 0.5599
[2024-02-21 18:51:02] [INFO] local epoch 25/50, acc: 0.5588
[2024-02-21 18:51:03] [INFO] local epoch 26/50, acc: 0.5647
[2024-02-21 18:51:05] [INFO] local epoch 27/50, acc: 0.5553
[2024-02-21 18:51:06] [INFO] local epoch 28/50, acc: 0.5696
[2024-02-21 18:51:08] [INFO] local epoch 29/50, acc: 0.5710
[2024-02-21 18:51:09] [INFO] local epoch 30/50, acc: 0.5739
[2024-02-21 18:51:11] [INFO] local epoch 31/50, acc: 0.5707
[2024-02-21 18:51:13] [INFO] local epoch 32/50, acc: 0.5810
[2024-02-21 18:51:14] [INFO] local epoch 33/50, acc: 0.5742
[2024-02-21 18:51:16] [INFO] local epoch 34/50, acc: 0.5780
[2024-02-21 18:51:18] [INFO] local epoch 35/50, acc: 0.5850
[2024-02-21 18:51:20] [INFO] local epoch 36/50, acc: 0.5823
[2024-02-21 18:51:21] [INFO] local epoch 37/50, acc: 0.5842
[2024-02-21 18:51:23] [INFO] local epoch 38/50, acc: 0.5747
[2024-02-21 18:51:25] [INFO] local epoch 39/50, acc: 0.5896
[2024-02-21 18:51:26] [INFO] local epoch 40/50, acc: 0.5837
[2024-02-21 18:51:28] [INFO] local epoch 41/50, acc: 0.5723
[2024-02-21 18:51:29] [INFO] local epoch 42/50, acc: 0.5902
[2024-02-21 18:51:31] [INFO] local epoch 43/50, acc: 0.6015
[2024-02-21 18:51:32] [INFO] local epoch 44/50, acc: 0.5958
[2024-02-21 18:51:34] [INFO] local epoch 45/50, acc: 0.5923
[2024-02-21 18:51:36] [INFO] local epoch 46/50, acc: 0.5929
[2024-02-21 18:51:37] [INFO] local epoch 47/50, acc: 0.6026
[2024-02-21 18:51:39] [INFO] local epoch 48/50, acc: 0.5899
[2024-02-21 18:51:41] [INFO] local epoch 49/50, acc: 0.6026
[2024-02-21 18:51:42] [INFO] local epoch 50/50, acc: 0.5964
[2024-02-21 18:51:42] [INFO] client 8 training starts.
[2024-02-21 18:51:44] [INFO] local epoch 1/50, acc: 0.3779
[2024-02-21 18:51:45] [INFO] local epoch 2/50, acc: 0.4098
[2024-02-21 18:51:47] [INFO] local epoch 3/50, acc: 0.4277
[2024-02-21 18:51:48] [INFO] local epoch 4/50, acc: 0.4658
[2024-02-21 18:51:50] [INFO] local epoch 5/50, acc: 0.4758
[2024-02-21 18:51:52] [INFO] local epoch 6/50, acc: 0.4839
[2024-02-21 18:51:53] [INFO] local epoch 7/50, acc: 0.5031
[2024-02-21 18:51:55] [INFO] local epoch 8/50, acc: 0.4972
[2024-02-21 18:51:57] [INFO] local epoch 9/50, acc: 0.4993
[2024-02-21 18:51:58] [INFO] local epoch 10/50, acc: 0.5093
[2024-02-21 18:52:00] [INFO] local epoch 11/50, acc: 0.5142
[2024-02-21 18:52:01] [INFO] local epoch 12/50, acc: 0.5223
[2024-02-21 18:52:03] [INFO] local epoch 13/50, acc: 0.5212
[2024-02-21 18:52:05] [INFO] local epoch 14/50, acc: 0.5264
[2024-02-21 18:52:06] [INFO] local epoch 15/50, acc: 0.5310
[2024-02-21 18:52:08] [INFO] local epoch 16/50, acc: 0.5196
[2024-02-21 18:52:09] [INFO] local epoch 17/50, acc: 0.5326
[2024-02-21 18:52:11] [INFO] local epoch 18/50, acc: 0.5310
[2024-02-21 18:52:13] [INFO] local epoch 19/50, acc: 0.5437
