[2024-02-21 18:52:23] [INFO] normal
        n_client     :   9   
          seed       : 10000 
      local_epochs   :  100  
       batch_size    :  160  
          alpha      :  1.0  
         dataset     :cifar10
     model_structure : cnn3  
[2024-02-21 18:52:47] [INFO] client 0 training starts.
[2024-02-21 18:52:49] [INFO] local epoch 1/100, acc: 0.4022
[2024-02-21 18:52:50] [INFO] local epoch 2/100, acc: 0.4492
[2024-02-21 18:52:51] [INFO] local epoch 3/100, acc: 0.4816
[2024-02-21 18:52:53] [INFO] local epoch 4/100, acc: 0.5221
[2024-02-21 18:52:54] [INFO] local epoch 5/100, acc: 0.5387
[2024-02-21 18:52:55] [INFO] local epoch 6/100, acc: 0.5529
[2024-02-21 18:52:57] [INFO] local epoch 7/100, acc: 0.5589
[2024-02-21 18:52:59] [INFO] local epoch 8/100, acc: 0.5768
[2024-02-21 18:53:00] [INFO] local epoch 9/100, acc: 0.5808
[2024-02-21 18:53:02] [INFO] local epoch 10/100, acc: 0.5889
[2024-02-21 18:53:03] [INFO] local epoch 11/100, acc: 0.6015
[2024-02-21 18:53:04] [INFO] local epoch 12/100, acc: 0.5994
[2024-02-21 18:53:06] [INFO] local epoch 13/100, acc: 0.6011
[2024-02-21 18:53:07] [INFO] local epoch 14/100, acc: 0.6100
[2024-02-21 18:53:09] [INFO] local epoch 15/100, acc: 0.6071
[2024-02-21 18:53:10] [INFO] local epoch 16/100, acc: 0.6092
[2024-02-21 18:53:12] [INFO] local epoch 17/100, acc: 0.6096
[2024-02-21 18:53:13] [INFO] local epoch 18/100, acc: 0.6197
[2024-02-21 18:53:14] [INFO] local epoch 19/100, acc: 0.6209
[2024-02-21 18:53:16] [INFO] local epoch 20/100, acc: 0.6205
[2024-02-21 18:53:17] [INFO] local epoch 21/100, acc: 0.6193
[2024-02-21 18:53:19] [INFO] local epoch 22/100, acc: 0.6351
[2024-02-21 18:53:20] [INFO] local epoch 23/100, acc: 0.6387
[2024-02-21 18:53:22] [INFO] local epoch 24/100, acc: 0.6298
[2024-02-21 18:53:23] [INFO] local epoch 25/100, acc: 0.6371
[2024-02-21 18:53:25] [INFO] local epoch 26/100, acc: 0.6383
[2024-02-21 18:53:26] [INFO] local epoch 27/100, acc: 0.6464
[2024-02-21 18:53:27] [INFO] local epoch 28/100, acc: 0.6339
[2024-02-21 18:53:29] [INFO] local epoch 29/100, acc: 0.6464
[2024-02-21 18:53:30] [INFO] local epoch 30/100, acc: 0.6314
[2024-02-21 18:53:32] [INFO] local epoch 31/100, acc: 0.6484
[2024-02-21 18:53:33] [INFO] local epoch 32/100, acc: 0.6484
[2024-02-21 18:53:35] [INFO] local epoch 33/100, acc: 0.6493
[2024-02-21 18:53:36] [INFO] local epoch 34/100, acc: 0.6541
[2024-02-21 18:53:38] [INFO] local epoch 35/100, acc: 0.6537
[2024-02-21 18:53:39] [INFO] local epoch 36/100, acc: 0.6582
[2024-02-21 18:53:41] [INFO] local epoch 37/100, acc: 0.6529
[2024-02-21 18:53:42] [INFO] local epoch 38/100, acc: 0.6521
[2024-02-21 18:53:44] [INFO] local epoch 39/100, acc: 0.6501
[2024-02-21 18:53:45] [INFO] local epoch 40/100, acc: 0.6545
[2024-02-21 18:53:46] [INFO] local epoch 41/100, acc: 0.6549
[2024-02-21 18:53:48] [INFO] local epoch 42/100, acc: 0.6598
[2024-02-21 18:53:49] [INFO] local epoch 43/100, acc: 0.6586
[2024-02-21 18:53:50] [INFO] local epoch 44/100, acc: 0.6569
[2024-02-21 18:53:52] [INFO] local epoch 45/100, acc: 0.6501
[2024-02-21 18:53:53] [INFO] local epoch 46/100, acc: 0.6505
[2024-02-21 18:53:55] [INFO] local epoch 47/100, acc: 0.6517
[2024-02-21 18:53:56] [INFO] local epoch 48/100, acc: 0.6549
[2024-02-21 18:53:58] [INFO] local epoch 49/100, acc: 0.6468
[2024-02-21 18:53:59] [INFO] local epoch 50/100, acc: 0.6493
[2024-02-21 18:54:00] [INFO] local epoch 51/100, acc: 0.6561
[2024-02-21 18:54:02] [INFO] local epoch 52/100, acc: 0.6578
[2024-02-21 18:54:03] [INFO] local epoch 53/100, acc: 0.6618
[2024-02-21 18:54:05] [INFO] local epoch 54/100, acc: 0.6472
[2024-02-21 18:54:06] [INFO] local epoch 55/100, acc: 0.6424
[2024-02-21 18:54:07] [INFO] local epoch 56/100, acc: 0.6395
[2024-02-21 18:54:09] [INFO] local epoch 57/100, acc: 0.6476
[2024-02-21 18:54:10] [INFO] local epoch 58/100, acc: 0.6517
[2024-02-21 18:54:12] [INFO] local epoch 59/100, acc: 0.6569
[2024-02-21 18:54:13] [INFO] local epoch 60/100, acc: 0.6432
[2024-02-21 18:54:15] [INFO] local epoch 61/100, acc: 0.6484
[2024-02-21 18:54:16] [INFO] local epoch 62/100, acc: 0.6497
[2024-02-21 18:54:18] [INFO] local epoch 63/100, acc: 0.6606
[2024-02-21 18:54:19] [INFO] local epoch 64/100, acc: 0.6525
[2024-02-21 18:54:21] [INFO] local epoch 65/100, acc: 0.6557
[2024-02-21 18:54:22] [INFO] local epoch 66/100, acc: 0.6383
[2024-02-21 18:54:24] [INFO] local epoch 67/100, acc: 0.6488
[2024-02-21 18:54:25] [INFO] local epoch 68/100, acc: 0.6525
[2024-02-21 18:54:26] [INFO] local epoch 69/100, acc: 0.6545
[2024-02-21 18:54:28] [INFO] local epoch 70/100, acc: 0.6513
[2024-02-21 18:54:29] [INFO] local epoch 71/100, acc: 0.6549
[2024-02-21 18:54:31] [INFO] local epoch 72/100, acc: 0.6537
[2024-02-21 18:54:32] [INFO] local epoch 73/100, acc: 0.6513
[2024-02-21 18:54:34] [INFO] local epoch 74/100, acc: 0.6436
[2024-02-21 18:54:35] [INFO] local epoch 75/100, acc: 0.6468
[2024-02-21 18:54:36] [INFO] local epoch 76/100, acc: 0.6456
[2024-02-21 18:54:38] [INFO] local epoch 77/100, acc: 0.6472
[2024-02-21 18:54:39] [INFO] local epoch 78/100, acc: 0.6545
[2024-02-21 18:54:40] [INFO] local epoch 79/100, acc: 0.6488
[2024-02-21 18:54:42] [INFO] local epoch 80/100, acc: 0.6391
[2024-02-21 18:54:43] [INFO] local epoch 81/100, acc: 0.6428
[2024-02-21 18:54:45] [INFO] local epoch 82/100, acc: 0.6456
[2024-02-21 18:54:46] [INFO] local epoch 83/100, acc: 0.6452
[2024-02-21 18:54:47] [INFO] local epoch 84/100, acc: 0.6541
[2024-02-21 18:54:49] [INFO] local epoch 85/100, acc: 0.6517
[2024-02-21 18:54:50] [INFO] local epoch 86/100, acc: 0.6452
[2024-02-21 18:54:52] [INFO] local epoch 87/100, acc: 0.6448
[2024-02-21 18:54:53] [INFO] local epoch 88/100, acc: 0.6533
[2024-02-21 18:54:54] [INFO] local epoch 89/100, acc: 0.6513
[2024-02-21 18:54:56] [INFO] local epoch 90/100, acc: 0.6505
[2024-02-21 18:54:57] [INFO] local epoch 91/100, acc: 0.6493
[2024-02-21 18:54:59] [INFO] local epoch 92/100, acc: 0.6436
[2024-02-21 18:55:00] [INFO] local epoch 93/100, acc: 0.6484
[2024-02-21 18:55:02] [INFO] local epoch 94/100, acc: 0.6521
[2024-02-21 18:55:03] [INFO] local epoch 95/100, acc: 0.6497
[2024-02-21 18:55:04] [INFO] local epoch 96/100, acc: 0.6432
[2024-02-21 18:55:06] [INFO] local epoch 97/100, acc: 0.6468
[2024-02-21 18:55:07] [INFO] local epoch 98/100, acc: 0.6363
[2024-02-21 18:55:09] [INFO] local epoch 99/100, acc: 0.6407
[2024-02-21 18:55:10] [INFO] local epoch 100/100, acc: 0.6452
[2024-02-21 18:55:10] [INFO] client 1 training starts.
[2024-02-21 18:55:12] [INFO] local epoch 1/100, acc: 0.4066
[2024-02-21 18:55:13] [INFO] local epoch 2/100, acc: 0.4609
[2024-02-21 18:55:14] [INFO] local epoch 3/100, acc: 0.5018
[2024-02-21 18:55:16] [INFO] local epoch 4/100, acc: 0.5196
[2024-02-21 18:55:17] [INFO] local epoch 5/100, acc: 0.5362
[2024-02-21 18:55:19] [INFO] local epoch 6/100, acc: 0.5496
[2024-02-21 18:55:20] [INFO] local epoch 7/100, acc: 0.5666
[2024-02-21 18:55:22] [INFO] local epoch 8/100, acc: 0.5711
[2024-02-21 18:55:23] [INFO] local epoch 9/100, acc: 0.5703
[2024-02-21 18:55:24] [INFO] local epoch 10/100, acc: 0.5865
[2024-02-21 18:55:26] [INFO] local epoch 11/100, acc: 0.5869
[2024-02-21 18:55:27] [INFO] local epoch 12/100, acc: 0.5917
[2024-02-21 18:55:29] [INFO] local epoch 13/100, acc: 0.5897
[2024-02-21 18:55:30] [INFO] local epoch 14/100, acc: 0.5982
[2024-02-21 18:55:32] [INFO] local epoch 15/100, acc: 0.6039
[2024-02-21 18:55:33] [INFO] local epoch 16/100, acc: 0.6112
[2024-02-21 18:55:34] [INFO] local epoch 17/100, acc: 0.6136
[2024-02-21 18:55:36] [INFO] local epoch 18/100, acc: 0.6193
[2024-02-21 18:55:37] [INFO] local epoch 19/100, acc: 0.6144
[2024-02-21 18:55:39] [INFO] local epoch 20/100, acc: 0.6266
[2024-02-21 18:55:40] [INFO] local epoch 21/100, acc: 0.6266
[2024-02-21 18:55:42] [INFO] local epoch 22/100, acc: 0.6262
[2024-02-21 18:55:43] [INFO] local epoch 23/100, acc: 0.6294
[2024-02-21 18:55:45] [INFO] local epoch 24/100, acc: 0.6306
[2024-02-21 18:55:46] [INFO] local epoch 25/100, acc: 0.6335
[2024-02-21 18:55:47] [INFO] local epoch 26/100, acc: 0.6371
[2024-02-21 18:55:49] [INFO] local epoch 27/100, acc: 0.6420
[2024-02-21 18:55:50] [INFO] local epoch 28/100, acc: 0.6379
[2024-02-21 18:55:52] [INFO] local epoch 29/100, acc: 0.6460
[2024-02-21 18:55:53] [INFO] local epoch 30/100, acc: 0.6395
[2024-02-21 18:55:55] [INFO] local epoch 31/100, acc: 0.6472
[2024-02-21 18:55:56] [INFO] local epoch 32/100, acc: 0.6444
[2024-02-21 18:55:58] [INFO] local epoch 33/100, acc: 0.6484
[2024-02-21 18:55:59] [INFO] local epoch 34/100, acc: 0.6237
[2024-02-21 18:56:01] [INFO] local epoch 35/100, acc: 0.6493
[2024-02-21 18:56:02] [INFO] local epoch 36/100, acc: 0.6347
[2024-02-21 18:56:04] [INFO] local epoch 37/100, acc: 0.6484
[2024-02-21 18:56:05] [INFO] local epoch 38/100, acc: 0.6484
[2024-02-21 18:56:07] [INFO] local epoch 39/100, acc: 0.6440
[2024-02-21 18:56:08] [INFO] local epoch 40/100, acc: 0.6476
[2024-02-21 18:56:09] [INFO] local epoch 41/100, acc: 0.6480
[2024-02-21 18:56:11] [INFO] local epoch 42/100, acc: 0.6569
[2024-02-21 18:56:12] [INFO] local epoch 43/100, acc: 0.6561
[2024-02-21 18:56:14] [INFO] local epoch 44/100, acc: 0.6549
[2024-02-21 18:56:15] [INFO] local epoch 45/100, acc: 0.6529
[2024-02-21 18:56:17] [INFO] local epoch 46/100, acc: 0.6517
[2024-02-21 18:56:19] [INFO] local epoch 47/100, acc: 0.6513
[2024-02-21 18:56:20] [INFO] local epoch 48/100, acc: 0.6484
[2024-02-21 18:56:22] [INFO] local epoch 49/100, acc: 0.6513
[2024-02-21 18:56:23] [INFO] local epoch 50/100, acc: 0.6521
[2024-02-21 18:56:25] [INFO] local epoch 51/100, acc: 0.6501
[2024-02-21 18:56:26] [INFO] local epoch 52/100, acc: 0.6488
[2024-02-21 18:56:27] [INFO] local epoch 53/100, acc: 0.6501
[2024-02-21 18:56:29] [INFO] local epoch 54/100, acc: 0.6537
[2024-02-21 18:56:30] [INFO] local epoch 55/100, acc: 0.6565
[2024-02-21 18:56:32] [INFO] local epoch 56/100, acc: 0.6521
[2024-02-21 18:56:33] [INFO] local epoch 57/100, acc: 0.6448
[2024-02-21 18:56:35] [INFO] local epoch 58/100, acc: 0.6557
[2024-02-21 18:56:36] [INFO] local epoch 59/100, acc: 0.6574
[2024-02-21 18:56:38] [INFO] local epoch 60/100, acc: 0.6529
[2024-02-21 18:56:39] [INFO] local epoch 61/100, acc: 0.6383
[2024-02-21 18:56:40] [INFO] local epoch 62/100, acc: 0.6420
[2024-02-21 18:56:42] [INFO] local epoch 63/100, acc: 0.6359
[2024-02-21 18:56:43] [INFO] local epoch 64/100, acc: 0.6541
[2024-02-21 18:56:45] [INFO] local epoch 65/100, acc: 0.6436
[2024-02-21 18:56:46] [INFO] local epoch 66/100, acc: 0.6432
[2024-02-21 18:56:48] [INFO] local epoch 67/100, acc: 0.6428
[2024-02-21 18:56:49] [INFO] local epoch 68/100, acc: 0.6395
[2024-02-21 18:56:51] [INFO] local epoch 69/100, acc: 0.6488
[2024-02-21 18:56:52] [INFO] local epoch 70/100, acc: 0.6416
[2024-02-21 18:56:54] [INFO] local epoch 71/100, acc: 0.6505
[2024-02-21 18:56:55] [INFO] local epoch 72/100, acc: 0.6391
[2024-02-21 18:56:57] [INFO] local epoch 73/100, acc: 0.6436
[2024-02-21 18:56:58] [INFO] local epoch 74/100, acc: 0.6476
[2024-02-21 18:56:59] [INFO] local epoch 75/100, acc: 0.6529
[2024-02-21 18:57:01] [INFO] local epoch 76/100, acc: 0.6355
[2024-02-21 18:57:02] [INFO] local epoch 77/100, acc: 0.6456
[2024-02-21 18:57:04] [INFO] local epoch 78/100, acc: 0.6278
[2024-02-21 18:57:05] [INFO] local epoch 79/100, acc: 0.6314
[2024-02-21 18:57:07] [INFO] local epoch 80/100, acc: 0.6407
[2024-02-21 18:57:08] [INFO] local epoch 81/100, acc: 0.6460
[2024-02-21 18:57:09] [INFO] local epoch 82/100, acc: 0.6428
[2024-02-21 18:57:11] [INFO] local epoch 83/100, acc: 0.6371
[2024-02-21 18:57:12] [INFO] local epoch 84/100, acc: 0.6424
[2024-02-21 18:57:14] [INFO] local epoch 85/100, acc: 0.6403
[2024-02-21 18:57:15] [INFO] local epoch 86/100, acc: 0.6488
[2024-02-21 18:57:16] [INFO] local epoch 87/100, acc: 0.6339
[2024-02-21 18:57:18] [INFO] local epoch 88/100, acc: 0.6383
[2024-02-21 18:57:19] [INFO] local epoch 89/100, acc: 0.6517
[2024-02-21 18:57:21] [INFO] local epoch 90/100, acc: 0.6335
[2024-02-21 18:57:22] [INFO] local epoch 91/100, acc: 0.6497
[2024-02-21 18:57:24] [INFO] local epoch 92/100, acc: 0.6432
[2024-02-21 18:57:25] [INFO] local epoch 93/100, acc: 0.6513
[2024-02-21 18:57:26] [INFO] local epoch 94/100, acc: 0.6468
[2024-02-21 18:57:28] [INFO] local epoch 95/100, acc: 0.6452
[2024-02-21 18:57:29] [INFO] local epoch 96/100, acc: 0.6436
[2024-02-21 18:57:30] [INFO] local epoch 97/100, acc: 0.6424
[2024-02-21 18:57:32] [INFO] local epoch 98/100, acc: 0.6444
[2024-02-21 18:57:33] [INFO] local epoch 99/100, acc: 0.6476
[2024-02-21 18:57:35] [INFO] local epoch 100/100, acc: 0.6432
[2024-02-21 18:57:35] [INFO] client 2 training starts.
[2024-02-21 18:57:36] [INFO] local epoch 1/100, acc: 0.3973
[2024-02-21 18:57:38] [INFO] local epoch 2/100, acc: 0.4585
[2024-02-21 18:57:39] [INFO] local epoch 3/100, acc: 0.4771
[2024-02-21 18:57:41] [INFO] local epoch 4/100, acc: 0.5184
[2024-02-21 18:57:42] [INFO] local epoch 5/100, acc: 0.5245
[2024-02-21 18:57:44] [INFO] local epoch 6/100, acc: 0.5512
[2024-02-21 18:57:45] [INFO] local epoch 7/100, acc: 0.5662
[2024-02-21 18:57:46] [INFO] local epoch 8/100, acc: 0.5723
[2024-02-21 18:57:48] [INFO] local epoch 9/100, acc: 0.5881
[2024-02-21 18:57:49] [INFO] local epoch 10/100, acc: 0.5901
[2024-02-21 18:57:50] [INFO] local epoch 11/100, acc: 0.5990
[2024-02-21 18:57:52] [INFO] local epoch 12/100, acc: 0.5978
[2024-02-21 18:57:53] [INFO] local epoch 13/100, acc: 0.5885
[2024-02-21 18:57:55] [INFO] local epoch 14/100, acc: 0.6055
[2024-02-21 18:57:56] [INFO] local epoch 15/100, acc: 0.6140
[2024-02-21 18:57:57] [INFO] local epoch 16/100, acc: 0.6144
[2024-02-21 18:57:59] [INFO] local epoch 17/100, acc: 0.6221
[2024-02-21 18:58:00] [INFO] local epoch 18/100, acc: 0.6164
[2024-02-21 18:58:02] [INFO] local epoch 19/100, acc: 0.6201
[2024-02-21 18:58:03] [INFO] local epoch 20/100, acc: 0.6168
[2024-02-21 18:58:05] [INFO] local epoch 21/100, acc: 0.6217
[2024-02-21 18:58:06] [INFO] local epoch 22/100, acc: 0.6318
[2024-02-21 18:58:07] [INFO] local epoch 23/100, acc: 0.6241
[2024-02-21 18:58:09] [INFO] local epoch 24/100, acc: 0.6225
[2024-02-21 18:58:10] [INFO] local epoch 25/100, acc: 0.6407
[2024-02-21 18:58:12] [INFO] local epoch 26/100, acc: 0.6367
[2024-02-21 18:58:13] [INFO] local epoch 27/100, acc: 0.6383
[2024-02-21 18:58:15] [INFO] local epoch 28/100, acc: 0.6420
[2024-02-21 18:58:16] [INFO] local epoch 29/100, acc: 0.6412
[2024-02-21 18:58:17] [INFO] local epoch 30/100, acc: 0.6387
[2024-02-21 18:58:19] [INFO] local epoch 31/100, acc: 0.6440
[2024-02-21 18:58:20] [INFO] local epoch 32/100, acc: 0.6452
[2024-02-21 18:58:21] [INFO] local epoch 33/100, acc: 0.6460
[2024-02-21 18:58:23] [INFO] local epoch 34/100, acc: 0.6472
[2024-02-21 18:58:24] [INFO] local epoch 35/100, acc: 0.6476
[2024-02-21 18:58:26] [INFO] local epoch 36/100, acc: 0.6416
[2024-02-21 18:58:27] [INFO] local epoch 37/100, acc: 0.6501
[2024-02-21 18:58:28] [INFO] local epoch 38/100, acc: 0.6533
[2024-02-21 18:58:30] [INFO] local epoch 39/100, acc: 0.6505
[2024-02-21 18:58:31] [INFO] local epoch 40/100, acc: 0.6513
[2024-02-21 18:58:33] [INFO] local epoch 41/100, acc: 0.6545
[2024-02-21 18:58:34] [INFO] local epoch 42/100, acc: 0.6525
[2024-02-21 18:58:36] [INFO] local epoch 43/100, acc: 0.6505
[2024-02-21 18:58:37] [INFO] local epoch 44/100, acc: 0.6484
[2024-02-21 18:58:38] [INFO] local epoch 45/100, acc: 0.6476
[2024-02-21 18:58:40] [INFO] local epoch 46/100, acc: 0.6553
[2024-02-21 18:58:41] [INFO] local epoch 47/100, acc: 0.6521
[2024-02-21 18:58:43] [INFO] local epoch 48/100, acc: 0.6557
[2024-02-21 18:58:44] [INFO] local epoch 49/100, acc: 0.6557
[2024-02-21 18:58:46] [INFO] local epoch 50/100, acc: 0.6553
[2024-02-21 18:58:47] [INFO] local epoch 51/100, acc: 0.6493
[2024-02-21 18:58:49] [INFO] local epoch 52/100, acc: 0.6586
[2024-02-21 18:58:50] [INFO] local epoch 53/100, acc: 0.6497
[2024-02-21 18:58:51] [INFO] local epoch 54/100, acc: 0.6533
[2024-02-21 18:58:53] [INFO] local epoch 55/100, acc: 0.6594
[2024-02-21 18:58:55] [INFO] local epoch 56/100, acc: 0.6578
[2024-02-21 18:58:56] [INFO] local epoch 57/100, acc: 0.6545
[2024-02-21 18:58:58] [INFO] local epoch 58/100, acc: 0.6569
[2024-02-21 18:58:59] [INFO] local epoch 59/100, acc: 0.6525
[2024-02-21 18:59:00] [INFO] local epoch 60/100, acc: 0.6549
[2024-02-21 18:59:02] [INFO] local epoch 61/100, acc: 0.6582
[2024-02-21 18:59:03] [INFO] local epoch 62/100, acc: 0.6480
[2024-02-21 18:59:05] [INFO] local epoch 63/100, acc: 0.6440
[2024-02-21 18:59:06] [INFO] local epoch 64/100, acc: 0.6432
[2024-02-21 18:59:08] [INFO] local epoch 65/100, acc: 0.6375
[2024-02-21 18:59:09] [INFO] local epoch 66/100, acc: 0.6464
[2024-02-21 18:59:11] [INFO] local epoch 67/100, acc: 0.6533
[2024-02-21 18:59:12] [INFO] local epoch 68/100, acc: 0.6537
[2024-02-21 18:59:13] [INFO] local epoch 69/100, acc: 0.6517
[2024-02-21 18:59:15] [INFO] local epoch 70/100, acc: 0.6509
[2024-02-21 18:59:16] [INFO] local epoch 71/100, acc: 0.6549
[2024-02-21 18:59:18] [INFO] local epoch 72/100, acc: 0.6452
[2024-02-21 18:59:19] [INFO] local epoch 73/100, acc: 0.6574
[2024-02-21 18:59:20] [INFO] local epoch 74/100, acc: 0.6484
[2024-02-21 18:59:22] [INFO] local epoch 75/100, acc: 0.6529
[2024-02-21 18:59:23] [INFO] local epoch 76/100, acc: 0.6509
[2024-02-21 18:59:25] [INFO] local epoch 77/100, acc: 0.6395
[2024-02-21 18:59:26] [INFO] local epoch 78/100, acc: 0.6379
[2024-02-21 18:59:27] [INFO] local epoch 79/100, acc: 0.6488
[2024-02-21 18:59:29] [INFO] local epoch 80/100, acc: 0.6517
[2024-02-21 18:59:30] [INFO] local epoch 81/100, acc: 0.6371
[2024-02-21 18:59:31] [INFO] local epoch 82/100, acc: 0.6436
[2024-02-21 18:59:33] [INFO] local epoch 83/100, acc: 0.6529
[2024-02-21 18:59:34] [INFO] local epoch 84/100, acc: 0.6493
[2024-02-21 18:59:36] [INFO] local epoch 85/100, acc: 0.6484
[2024-02-21 18:59:37] [INFO] local epoch 86/100, acc: 0.6484
[2024-02-21 18:59:38] [INFO] local epoch 87/100, acc: 0.6432
[2024-02-21 18:59:40] [INFO] local epoch 88/100, acc: 0.6407
[2024-02-21 18:59:41] [INFO] local epoch 89/100, acc: 0.6476
[2024-02-21 18:59:42] [INFO] local epoch 90/100, acc: 0.6444
[2024-02-21 18:59:44] [INFO] local epoch 91/100, acc: 0.6448
[2024-02-21 18:59:45] [INFO] local epoch 92/100, acc: 0.6436
[2024-02-21 18:59:47] [INFO] local epoch 93/100, acc: 0.6420
[2024-02-21 18:59:48] [INFO] local epoch 94/100, acc: 0.6440
[2024-02-21 18:59:50] [INFO] local epoch 95/100, acc: 0.6310
[2024-02-21 18:59:51] [INFO] local epoch 96/100, acc: 0.6395
[2024-02-21 18:59:53] [INFO] local epoch 97/100, acc: 0.6407
[2024-02-21 18:59:54] [INFO] local epoch 98/100, acc: 0.6395
[2024-02-21 18:59:56] [INFO] local epoch 99/100, acc: 0.6407
[2024-02-21 18:59:57] [INFO] local epoch 100/100, acc: 0.6387
[2024-02-21 18:59:57] [INFO] client 3 training starts.
[2024-02-21 18:59:58] [INFO] local epoch 1/100, acc: 0.3674
[2024-02-21 19:00:00] [INFO] local epoch 2/100, acc: 0.4374
[2024-02-21 19:00:02] [INFO] local epoch 3/100, acc: 0.4763
[2024-02-21 19:00:03] [INFO] local epoch 4/100, acc: 0.4963
[2024-02-21 19:00:05] [INFO] local epoch 5/100, acc: 0.5154
[2024-02-21 19:00:07] [INFO] local epoch 6/100, acc: 0.5373
[2024-02-21 19:00:08] [INFO] local epoch 7/100, acc: 0.5603
[2024-02-21 19:00:10] [INFO] local epoch 8/100, acc: 0.5655
[2024-02-21 19:00:11] [INFO] local epoch 9/100, acc: 0.5749
[2024-02-21 19:00:13] [INFO] local epoch 10/100, acc: 0.5759
[2024-02-21 19:00:15] [INFO] local epoch 11/100, acc: 0.5838
[2024-02-21 19:00:17] [INFO] local epoch 12/100, acc: 0.5937
[2024-02-21 19:00:18] [INFO] local epoch 13/100, acc: 0.6023
[2024-02-21 19:00:20] [INFO] local epoch 14/100, acc: 0.6065
[2024-02-21 19:00:22] [INFO] local epoch 15/100, acc: 0.6104
[2024-02-21 19:00:23] [INFO] local epoch 16/100, acc: 0.6122
[2024-02-21 19:00:25] [INFO] local epoch 17/100, acc: 0.6216
[2024-02-21 19:00:26] [INFO] local epoch 18/100, acc: 0.6227
[2024-02-21 19:00:28] [INFO] local epoch 19/100, acc: 0.6341
[2024-02-21 19:00:30] [INFO] local epoch 20/100, acc: 0.6357
[2024-02-21 19:00:31] [INFO] local epoch 21/100, acc: 0.6336
[2024-02-21 19:00:33] [INFO] local epoch 22/100, acc: 0.6320
[2024-02-21 19:00:35] [INFO] local epoch 23/100, acc: 0.6485
[2024-02-21 19:00:36] [INFO] local epoch 24/100, acc: 0.6516
[2024-02-21 19:00:38] [INFO] local epoch 25/100, acc: 0.6482
[2024-02-21 19:00:39] [INFO] local epoch 26/100, acc: 0.6461
[2024-02-21 19:00:41] [INFO] local epoch 27/100, acc: 0.6527
[2024-02-21 19:00:42] [INFO] local epoch 28/100, acc: 0.6561
[2024-02-21 19:00:44] [INFO] local epoch 29/100, acc: 0.6576
[2024-02-21 19:00:46] [INFO] local epoch 30/100, acc: 0.6555
[2024-02-21 19:00:47] [INFO] local epoch 31/100, acc: 0.6553
[2024-02-21 19:00:49] [INFO] local epoch 32/100, acc: 0.6594
[2024-02-21 19:00:51] [INFO] local epoch 33/100, acc: 0.6587
[2024-02-21 19:00:52] [INFO] local epoch 34/100, acc: 0.6707
[2024-02-21 19:00:54] [INFO] local epoch 35/100, acc: 0.6587
[2024-02-21 19:00:55] [INFO] local epoch 36/100, acc: 0.6675
[2024-02-21 19:00:57] [INFO] local epoch 37/100, acc: 0.6618
[2024-02-21 19:00:59] [INFO] local epoch 38/100, acc: 0.6743
[2024-02-21 19:01:00] [INFO] local epoch 39/100, acc: 0.6686
[2024-02-21 19:01:02] [INFO] local epoch 40/100, acc: 0.6574
[2024-02-21 19:01:03] [INFO] local epoch 41/100, acc: 0.6670
[2024-02-21 19:01:05] [INFO] local epoch 42/100, acc: 0.6780
[2024-02-21 19:01:07] [INFO] local epoch 43/100, acc: 0.6808
[2024-02-21 19:01:08] [INFO] local epoch 44/100, acc: 0.6654
[2024-02-21 19:01:10] [INFO] local epoch 45/100, acc: 0.6788
[2024-02-21 19:01:12] [INFO] local epoch 46/100, acc: 0.6798
[2024-02-21 19:01:13] [INFO] local epoch 47/100, acc: 0.6767
[2024-02-21 19:01:15] [INFO] local epoch 48/100, acc: 0.6709
[2024-02-21 19:01:17] [INFO] local epoch 49/100, acc: 0.6855
[2024-02-21 19:01:18] [INFO] local epoch 50/100, acc: 0.6863
[2024-02-21 19:01:20] [INFO] local epoch 51/100, acc: 0.6735
[2024-02-21 19:01:21] [INFO] local epoch 52/100, acc: 0.6905
[2024-02-21 19:01:23] [INFO] local epoch 53/100, acc: 0.6863
[2024-02-21 19:01:25] [INFO] local epoch 54/100, acc: 0.6871
[2024-02-21 19:01:26] [INFO] local epoch 55/100, acc: 0.6741
[2024-02-21 19:01:28] [INFO] local epoch 56/100, acc: 0.6811
[2024-02-21 19:01:30] [INFO] local epoch 57/100, acc: 0.6811
[2024-02-21 19:01:31] [INFO] local epoch 58/100, acc: 0.6775
[2024-02-21 19:01:33] [INFO] local epoch 59/100, acc: 0.6801
[2024-02-21 19:01:34] [INFO] local epoch 60/100, acc: 0.6832
[2024-02-21 19:01:36] [INFO] local epoch 61/100, acc: 0.6837
[2024-02-21 19:01:38] [INFO] local epoch 62/100, acc: 0.6777
[2024-02-21 19:01:39] [INFO] local epoch 63/100, acc: 0.6764
[2024-02-21 19:01:41] [INFO] local epoch 64/100, acc: 0.6853
[2024-02-21 19:01:43] [INFO] local epoch 65/100, acc: 0.6801
[2024-02-21 19:01:45] [INFO] local epoch 66/100, acc: 0.6811
[2024-02-21 19:01:46] [INFO] local epoch 67/100, acc: 0.6876
[2024-02-21 19:01:48] [INFO] local epoch 68/100, acc: 0.6814
[2024-02-21 19:01:49] [INFO] local epoch 69/100, acc: 0.6895
[2024-02-21 19:01:51] [INFO] local epoch 70/100, acc: 0.6837
[2024-02-21 19:01:52] [INFO] local epoch 71/100, acc: 0.6788
[2024-02-21 19:01:54] [INFO] local epoch 72/100, acc: 0.6741
[2024-02-21 19:01:55] [INFO] local epoch 73/100, acc: 0.6874
[2024-02-21 19:01:57] [INFO] local epoch 74/100, acc: 0.6793
[2024-02-21 19:01:59] [INFO] local epoch 75/100, acc: 0.6767
[2024-02-21 19:02:00] [INFO] local epoch 76/100, acc: 0.6824
[2024-02-21 19:02:02] [INFO] local epoch 77/100, acc: 0.6811
[2024-02-21 19:02:04] [INFO] local epoch 78/100, acc: 0.6816
[2024-02-21 19:02:05] [INFO] local epoch 79/100, acc: 0.6840
[2024-02-21 19:02:07] [INFO] local epoch 80/100, acc: 0.6795
[2024-02-21 19:02:08] [INFO] local epoch 81/100, acc: 0.6759
[2024-02-21 19:02:10] [INFO] local epoch 82/100, acc: 0.6842
[2024-02-21 19:02:11] [INFO] local epoch 83/100, acc: 0.6782
[2024-02-21 19:02:13] [INFO] local epoch 84/100, acc: 0.6835
[2024-02-21 19:02:14] [INFO] local epoch 85/100, acc: 0.6743
[2024-02-21 19:02:16] [INFO] local epoch 86/100, acc: 0.6746
[2024-02-21 19:02:18] [INFO] local epoch 87/100, acc: 0.6777
[2024-02-21 19:02:19] [INFO] local epoch 88/100, acc: 0.6741
[2024-02-21 19:02:21] [INFO] local epoch 89/100, acc: 0.6819
[2024-02-21 19:02:23] [INFO] local epoch 90/100, acc: 0.6709
[2024-02-21 19:02:25] [INFO] local epoch 91/100, acc: 0.6788
[2024-02-21 19:02:26] [INFO] local epoch 92/100, acc: 0.6832
[2024-02-21 19:02:28] [INFO] local epoch 93/100, acc: 0.6775
[2024-02-21 19:02:30] [INFO] local epoch 94/100, acc: 0.6832
[2024-02-21 19:02:31] [INFO] local epoch 95/100, acc: 0.6759
[2024-02-21 19:02:33] [INFO] local epoch 96/100, acc: 0.6775
[2024-02-21 19:02:34] [INFO] local epoch 97/100, acc: 0.6806
[2024-02-21 19:02:36] [INFO] local epoch 98/100, acc: 0.6709
[2024-02-21 19:02:38] [INFO] local epoch 99/100, acc: 0.6769
[2024-02-21 19:02:39] [INFO] local epoch 100/100, acc: 0.6660
[2024-02-21 19:02:39] [INFO] client 4 training starts.
[2024-02-21 19:02:41] [INFO] local epoch 1/100, acc: 0.3836
[2024-02-21 19:02:43] [INFO] local epoch 2/100, acc: 0.4426
[2024-02-21 19:02:44] [INFO] local epoch 3/100, acc: 0.4789
[2024-02-21 19:02:46] [INFO] local epoch 4/100, acc: 0.5078
[2024-02-21 19:02:48] [INFO] local epoch 5/100, acc: 0.5042
[2024-02-21 19:02:49] [INFO] local epoch 6/100, acc: 0.5371
[2024-02-21 19:02:50] [INFO] local epoch 7/100, acc: 0.5525
[2024-02-21 19:02:52] [INFO] local epoch 8/100, acc: 0.5603
[2024-02-21 19:02:54] [INFO] local epoch 9/100, acc: 0.5647
[2024-02-21 19:02:55] [INFO] local epoch 10/100, acc: 0.5783
[2024-02-21 19:02:57] [INFO] local epoch 11/100, acc: 0.5929
[2024-02-21 19:02:58] [INFO] local epoch 12/100, acc: 0.5924
[2024-02-21 19:03:00] [INFO] local epoch 13/100, acc: 0.6028
[2024-02-21 19:03:02] [INFO] local epoch 14/100, acc: 0.6059
[2024-02-21 19:03:03] [INFO] local epoch 15/100, acc: 0.6070
[2024-02-21 19:03:05] [INFO] local epoch 16/100, acc: 0.6234
[2024-02-21 19:03:07] [INFO] local epoch 17/100, acc: 0.6140
[2024-02-21 19:03:08] [INFO] local epoch 18/100, acc: 0.6263
[2024-02-21 19:03:10] [INFO] local epoch 19/100, acc: 0.6276
[2024-02-21 19:03:12] [INFO] local epoch 20/100, acc: 0.6378
[2024-02-21 19:03:13] [INFO] local epoch 21/100, acc: 0.6378
[2024-02-21 19:03:15] [INFO] local epoch 22/100, acc: 0.6315
[2024-02-21 19:03:16] [INFO] local epoch 23/100, acc: 0.6448
[2024-02-21 19:03:18] [INFO] local epoch 24/100, acc: 0.6459
[2024-02-21 19:03:20] [INFO] local epoch 25/100, acc: 0.6508
[2024-02-21 19:03:21] [INFO] local epoch 26/100, acc: 0.6464
[2024-02-21 19:03:23] [INFO] local epoch 27/100, acc: 0.6396
[2024-02-21 19:03:24] [INFO] local epoch 28/100, acc: 0.6370
[2024-02-21 19:03:26] [INFO] local epoch 29/100, acc: 0.6558
[2024-02-21 19:03:28] [INFO] local epoch 30/100, acc: 0.6524
[2024-02-21 19:03:29] [INFO] local epoch 31/100, acc: 0.6524
[2024-02-21 19:03:31] [INFO] local epoch 32/100, acc: 0.6524
[2024-02-21 19:03:32] [INFO] local epoch 33/100, acc: 0.6592
[2024-02-21 19:03:34] [INFO] local epoch 34/100, acc: 0.6644
[2024-02-21 19:03:35] [INFO] local epoch 35/100, acc: 0.6610
[2024-02-21 19:03:37] [INFO] local epoch 36/100, acc: 0.6670
[2024-02-21 19:03:38] [INFO] local epoch 37/100, acc: 0.6691
[2024-02-21 19:03:40] [INFO] local epoch 38/100, acc: 0.6652
[2024-02-21 19:03:42] [INFO] local epoch 39/100, acc: 0.6715
[2024-02-21 19:03:43] [INFO] local epoch 40/100, acc: 0.6438
[2024-02-21 19:03:45] [INFO] local epoch 41/100, acc: 0.6636
[2024-02-21 19:03:46] [INFO] local epoch 42/100, acc: 0.6725
[2024-02-21 19:03:48] [INFO] local epoch 43/100, acc: 0.6675
[2024-02-21 19:03:50] [INFO] local epoch 44/100, acc: 0.6712
[2024-02-21 19:03:51] [INFO] local epoch 45/100, acc: 0.6764
[2024-02-21 19:03:53] [INFO] local epoch 46/100, acc: 0.6618
[2024-02-21 19:03:55] [INFO] local epoch 47/100, acc: 0.6735
[2024-02-21 19:03:57] [INFO] local epoch 48/100, acc: 0.6769
[2024-02-21 19:03:58] [INFO] local epoch 49/100, acc: 0.6730
[2024-02-21 19:04:00] [INFO] local epoch 50/100, acc: 0.6759
[2024-02-21 19:04:01] [INFO] local epoch 51/100, acc: 0.6772
[2024-02-21 19:04:03] [INFO] local epoch 52/100, acc: 0.6657
[2024-02-21 19:04:05] [INFO] local epoch 53/100, acc: 0.6835
[2024-02-21 19:04:07] [INFO] local epoch 54/100, acc: 0.6717
[2024-02-21 19:04:08] [INFO] local epoch 55/100, acc: 0.6808
[2024-02-21 19:04:10] [INFO] local epoch 56/100, acc: 0.6780
[2024-02-21 19:04:11] [INFO] local epoch 57/100, acc: 0.6788
[2024-02-21 19:04:13] [INFO] local epoch 58/100, acc: 0.6764
[2024-02-21 19:04:14] [INFO] local epoch 59/100, acc: 0.6733
[2024-02-21 19:04:16] [INFO] local epoch 60/100, acc: 0.6691
[2024-02-21 19:04:18] [INFO] local epoch 61/100, acc: 0.6806
[2024-02-21 19:04:19] [INFO] local epoch 62/100, acc: 0.6751
[2024-02-21 19:04:21] [INFO] local epoch 63/100, acc: 0.6712
[2024-02-21 19:04:23] [INFO] local epoch 64/100, acc: 0.6751
[2024-02-21 19:04:24] [INFO] local epoch 65/100, acc: 0.6756
[2024-02-21 19:04:26] [INFO] local epoch 66/100, acc: 0.6780
[2024-02-21 19:04:28] [INFO] local epoch 67/100, acc: 0.6793
[2024-02-21 19:04:29] [INFO] local epoch 68/100, acc: 0.6751
[2024-02-21 19:04:31] [INFO] local epoch 69/100, acc: 0.6576
[2024-02-21 19:04:32] [INFO] local epoch 70/100, acc: 0.6675
[2024-02-21 19:04:34] [INFO] local epoch 71/100, acc: 0.6772
[2024-02-21 19:04:36] [INFO] local epoch 72/100, acc: 0.6756
[2024-02-21 19:04:38] [INFO] local epoch 73/100, acc: 0.6780
[2024-02-21 19:04:39] [INFO] local epoch 74/100, acc: 0.6668
[2024-02-21 19:04:41] [INFO] local epoch 75/100, acc: 0.6699
[2024-02-21 19:04:42] [INFO] local epoch 76/100, acc: 0.6709
[2024-02-21 19:04:44] [INFO] local epoch 77/100, acc: 0.6746
[2024-02-21 19:04:46] [INFO] local epoch 78/100, acc: 0.6722
[2024-02-21 19:04:47] [INFO] local epoch 79/100, acc: 0.6715
[2024-02-21 19:04:49] [INFO] local epoch 80/100, acc: 0.6748
[2024-02-21 19:04:51] [INFO] local epoch 81/100, acc: 0.6767
[2024-02-21 19:04:52] [INFO] local epoch 82/100, acc: 0.6720
[2024-02-21 19:04:54] [INFO] local epoch 83/100, acc: 0.6730
[2024-02-21 19:04:56] [INFO] local epoch 84/100, acc: 0.6675
[2024-02-21 19:04:57] [INFO] local epoch 85/100, acc: 0.6709
[2024-02-21 19:04:59] [INFO] local epoch 86/100, acc: 0.6748
[2024-02-21 19:05:01] [INFO] local epoch 87/100, acc: 0.6743
[2024-02-21 19:05:02] [INFO] local epoch 88/100, acc: 0.6728
[2024-02-21 19:05:04] [INFO] local epoch 89/100, acc: 0.6688
[2024-02-21 19:05:06] [INFO] local epoch 90/100, acc: 0.6694
[2024-02-21 19:05:07] [INFO] local epoch 91/100, acc: 0.6767
[2024-02-21 19:05:09] [INFO] local epoch 92/100, acc: 0.6717
[2024-02-21 19:05:10] [INFO] local epoch 93/100, acc: 0.6683
[2024-02-21 19:05:12] [INFO] local epoch 94/100, acc: 0.6696
[2024-02-21 19:05:13] [INFO] local epoch 95/100, acc: 0.6704
[2024-02-21 19:05:15] [INFO] local epoch 96/100, acc: 0.6665
[2024-02-21 19:05:17] [INFO] local epoch 97/100, acc: 0.6678
[2024-02-21 19:05:19] [INFO] local epoch 98/100, acc: 0.6735
[2024-02-21 19:05:20] [INFO] local epoch 99/100, acc: 0.6712
[2024-02-21 19:05:22] [INFO] local epoch 100/100, acc: 0.6730
[2024-02-21 19:05:22] [INFO] client 5 training starts.
[2024-02-21 19:05:23] [INFO] local epoch 1/100, acc: 0.3771
[2024-02-21 19:05:25] [INFO] local epoch 2/100, acc: 0.4509
[2024-02-21 19:05:27] [INFO] local epoch 3/100, acc: 0.4851
[2024-02-21 19:05:28] [INFO] local epoch 4/100, acc: 0.5039
[2024-02-21 19:05:30] [INFO] local epoch 5/100, acc: 0.5107
[2024-02-21 19:05:31] [INFO] local epoch 6/100, acc: 0.5274
[2024-02-21 19:05:33] [INFO] local epoch 7/100, acc: 0.5501
[2024-02-21 19:05:35] [INFO] local epoch 8/100, acc: 0.5493
[2024-02-21 19:05:36] [INFO] local epoch 9/100, acc: 0.5720
[2024-02-21 19:05:38] [INFO] local epoch 10/100, acc: 0.5762
[2024-02-21 19:05:40] [INFO] local epoch 11/100, acc: 0.5864
[2024-02-21 19:05:41] [INFO] local epoch 12/100, acc: 0.5989
[2024-02-21 19:05:43] [INFO] local epoch 13/100, acc: 0.5981
[2024-02-21 19:05:44] [INFO] local epoch 14/100, acc: 0.6083
[2024-02-21 19:05:46] [INFO] local epoch 15/100, acc: 0.6140
[2024-02-21 19:05:48] [INFO] local epoch 16/100, acc: 0.6109
[2024-02-21 19:05:49] [INFO] local epoch 17/100, acc: 0.6255
[2024-02-21 19:05:51] [INFO] local epoch 18/100, acc: 0.6276
[2024-02-21 19:05:52] [INFO] local epoch 19/100, acc: 0.6216
[2024-02-21 19:05:54] [INFO] local epoch 20/100, acc: 0.6307
[2024-02-21 19:05:56] [INFO] local epoch 21/100, acc: 0.6273
[2024-02-21 19:05:58] [INFO] local epoch 22/100, acc: 0.6438
[2024-02-21 19:05:59] [INFO] local epoch 23/100, acc: 0.6370
[2024-02-21 19:06:01] [INFO] local epoch 24/100, acc: 0.6430
[2024-02-21 19:06:02] [INFO] local epoch 25/100, acc: 0.6534
[2024-02-21 19:06:04] [INFO] local epoch 26/100, acc: 0.6529
[2024-02-21 19:06:06] [INFO] local epoch 27/100, acc: 0.6558
[2024-02-21 19:06:07] [INFO] local epoch 28/100, acc: 0.6610
[2024-02-21 19:06:09] [INFO] local epoch 29/100, acc: 0.6613
[2024-02-21 19:06:11] [INFO] local epoch 30/100, acc: 0.6670
[2024-02-21 19:06:12] [INFO] local epoch 31/100, acc: 0.6600
[2024-02-21 19:06:14] [INFO] local epoch 32/100, acc: 0.6631
[2024-02-21 19:06:15] [INFO] local epoch 33/100, acc: 0.6618
[2024-02-21 19:06:17] [INFO] local epoch 34/100, acc: 0.6686
[2024-02-21 19:06:18] [INFO] local epoch 35/100, acc: 0.6568
[2024-02-21 19:06:20] [INFO] local epoch 36/100, acc: 0.6722
[2024-02-21 19:06:22] [INFO] local epoch 37/100, acc: 0.6477
[2024-02-21 19:06:23] [INFO] local epoch 38/100, acc: 0.6756
[2024-02-21 19:06:25] [INFO] local epoch 39/100, acc: 0.6751
[2024-02-21 19:06:27] [INFO] local epoch 40/100, acc: 0.6759
[2024-02-21 19:06:28] [INFO] local epoch 41/100, acc: 0.6728
[2024-02-21 19:06:30] [INFO] local epoch 42/100, acc: 0.6754
[2024-02-21 19:06:32] [INFO] local epoch 43/100, acc: 0.6623
[2024-02-21 19:06:33] [INFO] local epoch 44/100, acc: 0.6735
[2024-02-21 19:06:35] [INFO] local epoch 45/100, acc: 0.6741
[2024-02-21 19:06:37] [INFO] local epoch 46/100, acc: 0.6741
[2024-02-21 19:06:38] [INFO] local epoch 47/100, acc: 0.6748
[2024-02-21 19:06:40] [INFO] local epoch 48/100, acc: 0.6777
[2024-02-21 19:06:41] [INFO] local epoch 49/100, acc: 0.6746
[2024-02-21 19:06:43] [INFO] local epoch 50/100, acc: 0.6738
[2024-02-21 19:06:45] [INFO] local epoch 51/100, acc: 0.6837
[2024-02-21 19:06:47] [INFO] local epoch 52/100, acc: 0.6777
[2024-02-21 19:06:48] [INFO] local epoch 53/100, acc: 0.6788
[2024-02-21 19:06:50] [INFO] local epoch 54/100, acc: 0.6730
[2024-02-21 19:06:51] [INFO] local epoch 55/100, acc: 0.6793
[2024-02-21 19:06:53] [INFO] local epoch 56/100, acc: 0.6775
[2024-02-21 19:06:55] [INFO] local epoch 57/100, acc: 0.6777
[2024-02-21 19:06:56] [INFO] local epoch 58/100, acc: 0.6754
[2024-02-21 19:06:58] [INFO] local epoch 59/100, acc: 0.6741
[2024-02-21 19:06:59] [INFO] local epoch 60/100, acc: 0.6845
[2024-02-21 19:07:01] [INFO] local epoch 61/100, acc: 0.6827
[2024-02-21 19:07:03] [INFO] local epoch 62/100, acc: 0.6785
[2024-02-21 19:07:04] [INFO] local epoch 63/100, acc: 0.6746
[2024-02-21 19:07:05] [INFO] local epoch 64/100, acc: 0.6733
[2024-02-21 19:07:07] [INFO] local epoch 65/100, acc: 0.6735
[2024-02-21 19:07:09] [INFO] local epoch 66/100, acc: 0.6775
[2024-02-21 19:07:10] [INFO] local epoch 67/100, acc: 0.6769
[2024-02-21 19:07:12] [INFO] local epoch 68/100, acc: 0.6759
[2024-02-21 19:07:14] [INFO] local epoch 69/100, acc: 0.6769
[2024-02-21 19:07:15] [INFO] local epoch 70/100, acc: 0.6735
[2024-02-21 19:07:17] [INFO] local epoch 71/100, acc: 0.6806
[2024-02-21 19:07:19] [INFO] local epoch 72/100, acc: 0.6795
[2024-02-21 19:07:20] [INFO] local epoch 73/100, acc: 0.6795
[2024-02-21 19:07:22] [INFO] local epoch 74/100, acc: 0.6780
[2024-02-21 19:07:23] [INFO] local epoch 75/100, acc: 0.6785
[2024-02-21 19:07:25] [INFO] local epoch 76/100, acc: 0.6725
[2024-02-21 19:07:27] [INFO] local epoch 77/100, acc: 0.6675
[2024-02-21 19:07:28] [INFO] local epoch 78/100, acc: 0.6761
[2024-02-21 19:07:30] [INFO] local epoch 79/100, acc: 0.6790
[2024-02-21 19:07:32] [INFO] local epoch 80/100, acc: 0.6827
[2024-02-21 19:07:33] [INFO] local epoch 81/100, acc: 0.6733
[2024-02-21 19:07:35] [INFO] local epoch 82/100, acc: 0.6756
[2024-02-21 19:07:37] [INFO] local epoch 83/100, acc: 0.6759
[2024-02-21 19:07:38] [INFO] local epoch 84/100, acc: 0.6720
[2024-02-21 19:07:40] [INFO] local epoch 85/100, acc: 0.6819
[2024-02-21 19:07:42] [INFO] local epoch 86/100, acc: 0.6756
[2024-02-21 19:07:43] [INFO] local epoch 87/100, acc: 0.6759
[2024-02-21 19:07:45] [INFO] local epoch 88/100, acc: 0.6788
[2024-02-21 19:07:46] [INFO] local epoch 89/100, acc: 0.6780
[2024-02-21 19:07:48] [INFO] local epoch 90/100, acc: 0.6788
[2024-02-21 19:07:50] [INFO] local epoch 91/100, acc: 0.6761
[2024-02-21 19:07:51] [INFO] local epoch 92/100, acc: 0.6756
[2024-02-21 19:07:53] [INFO] local epoch 93/100, acc: 0.6756
[2024-02-21 19:07:55] [INFO] local epoch 94/100, acc: 0.6688
[2024-02-21 19:07:56] [INFO] local epoch 95/100, acc: 0.6775
[2024-02-21 19:07:58] [INFO] local epoch 96/100, acc: 0.6709
[2024-02-21 19:07:59] [INFO] local epoch 97/100, acc: 0.6772
[2024-02-21 19:08:01] [INFO] local epoch 98/100, acc: 0.6720
[2024-02-21 19:08:03] [INFO] local epoch 99/100, acc: 0.6733
[2024-02-21 19:08:04] [INFO] local epoch 100/100, acc: 0.6738
[2024-02-21 19:08:04] [INFO] client 6 training starts.
[2024-02-21 19:08:06] [INFO] local epoch 1/100, acc: 0.3550
[2024-02-21 19:08:08] [INFO] local epoch 2/100, acc: 0.4212
[2024-02-21 19:08:09] [INFO] local epoch 3/100, acc: 0.3963
[2024-02-21 19:08:11] [INFO] local epoch 4/100, acc: 0.4717
[2024-02-21 19:08:12] [INFO] local epoch 5/100, acc: 0.4715
[2024-02-21 19:08:14] [INFO] local epoch 6/100, acc: 0.4939
[2024-02-21 19:08:16] [INFO] local epoch 7/100, acc: 0.5026
[2024-02-21 19:08:17] [INFO] local epoch 8/100, acc: 0.4961
[2024-02-21 19:08:19] [INFO] local epoch 9/100, acc: 0.5131
[2024-02-21 19:08:20] [INFO] local epoch 10/100, acc: 0.5072
[2024-02-21 19:08:22] [INFO] local epoch 11/100, acc: 0.5118
[2024-02-21 19:08:24] [INFO] local epoch 12/100, acc: 0.5237
[2024-02-21 19:08:25] [INFO] local epoch 13/100, acc: 0.5334
[2024-02-21 19:08:27] [INFO] local epoch 14/100, acc: 0.5296
[2024-02-21 19:08:28] [INFO] local epoch 15/100, acc: 0.5369
[2024-02-21 19:08:30] [INFO] local epoch 16/100, acc: 0.5391
[2024-02-21 19:08:31] [INFO] local epoch 17/100, acc: 0.5453
[2024-02-21 19:08:33] [INFO] local epoch 18/100, acc: 0.5445
[2024-02-21 19:08:35] [INFO] local epoch 19/100, acc: 0.5418
[2024-02-21 19:08:36] [INFO] local epoch 20/100, acc: 0.5423
[2024-02-21 19:08:38] [INFO] local epoch 21/100, acc: 0.5458
[2024-02-21 19:08:39] [INFO] local epoch 22/100, acc: 0.5529
[2024-02-21 19:08:41] [INFO] local epoch 23/100, acc: 0.5583
[2024-02-21 19:08:42] [INFO] local epoch 24/100, acc: 0.5558
[2024-02-21 19:08:44] [INFO] local epoch 25/100, acc: 0.5572
[2024-02-21 19:08:46] [INFO] local epoch 26/100, acc: 0.5483
[2024-02-21 19:08:47] [INFO] local epoch 27/100, acc: 0.5537
[2024-02-21 19:08:49] [INFO] local epoch 28/100, acc: 0.5645
[2024-02-21 19:08:51] [INFO] local epoch 29/100, acc: 0.5810
[2024-02-21 19:08:52] [INFO] local epoch 30/100, acc: 0.5607
[2024-02-21 19:08:54] [INFO] local epoch 31/100, acc: 0.5702
[2024-02-21 19:08:56] [INFO] local epoch 32/100, acc: 0.5685
[2024-02-21 19:08:57] [INFO] local epoch 33/100, acc: 0.5750
[2024-02-21 19:08:59] [INFO] local epoch 34/100, acc: 0.5693
[2024-02-21 19:09:01] [INFO] local epoch 35/100, acc: 0.5747
[2024-02-21 19:09:02] [INFO] local epoch 36/100, acc: 0.5823
[2024-02-21 19:09:04] [INFO] local epoch 37/100, acc: 0.5893
[2024-02-21 19:09:05] [INFO] local epoch 38/100, acc: 0.5834
[2024-02-21 19:09:07] [INFO] local epoch 39/100, acc: 0.5734
[2024-02-21 19:09:09] [INFO] local epoch 40/100, acc: 0.5880
[2024-02-21 19:09:10] [INFO] local epoch 41/100, acc: 0.5945
[2024-02-21 19:09:12] [INFO] local epoch 42/100, acc: 0.5799
[2024-02-21 19:09:14] [INFO] local epoch 43/100, acc: 0.5950
[2024-02-21 19:09:16] [INFO] local epoch 44/100, acc: 0.5834
[2024-02-21 19:09:17] [INFO] local epoch 45/100, acc: 0.5918
[2024-02-21 19:09:19] [INFO] local epoch 46/100, acc: 0.5910
[2024-02-21 19:09:21] [INFO] local epoch 47/100, acc: 0.5775
[2024-02-21 19:09:22] [INFO] local epoch 48/100, acc: 0.5961
[2024-02-21 19:09:24] [INFO] local epoch 49/100, acc: 0.5829
[2024-02-21 19:09:26] [INFO] local epoch 50/100, acc: 0.5885
[2024-02-21 19:09:27] [INFO] local epoch 51/100, acc: 0.5891
[2024-02-21 19:09:29] [INFO] local epoch 52/100, acc: 0.5942
[2024-02-21 19:09:31] [INFO] local epoch 53/100, acc: 0.5948
[2024-02-21 19:09:32] [INFO] local epoch 54/100, acc: 0.5988
[2024-02-21 19:09:34] [INFO] local epoch 55/100, acc: 0.6072
[2024-02-21 19:09:35] [INFO] local epoch 56/100, acc: 0.5934
[2024-02-21 19:09:37] [INFO] local epoch 57/100, acc: 0.6021
[2024-02-21 19:09:39] [INFO] local epoch 58/100, acc: 0.5985
[2024-02-21 19:09:40] [INFO] local epoch 59/100, acc: 0.5945
[2024-02-21 19:09:42] [INFO] local epoch 60/100, acc: 0.6004
[2024-02-21 19:09:44] [INFO] local epoch 61/100, acc: 0.5948
[2024-02-21 19:09:45] [INFO] local epoch 62/100, acc: 0.5904
[2024-02-21 19:09:47] [INFO] local epoch 63/100, acc: 0.5948
[2024-02-21 19:09:48] [INFO] local epoch 64/100, acc: 0.5948
[2024-02-21 19:09:50] [INFO] local epoch 65/100, acc: 0.5961
[2024-02-21 19:09:52] [INFO] local epoch 66/100, acc: 0.6007
[2024-02-21 19:09:53] [INFO] local epoch 67/100, acc: 0.5899
[2024-02-21 19:09:55] [INFO] local epoch 68/100, acc: 0.6007
[2024-02-21 19:09:57] [INFO] local epoch 69/100, acc: 0.5983
[2024-02-21 19:09:58] [INFO] local epoch 70/100, acc: 0.6021
[2024-02-21 19:10:00] [INFO] local epoch 71/100, acc: 0.5977
[2024-02-21 19:10:01] [INFO] local epoch 72/100, acc: 0.5983
[2024-02-21 19:10:03] [INFO] local epoch 73/100, acc: 0.5891
[2024-02-21 19:10:05] [INFO] local epoch 74/100, acc: 0.5918
[2024-02-21 19:10:06] [INFO] local epoch 75/100, acc: 0.5934
[2024-02-21 19:10:08] [INFO] local epoch 76/100, acc: 0.5961
[2024-02-21 19:10:10] [INFO] local epoch 77/100, acc: 0.5831
[2024-02-21 19:10:11] [INFO] local epoch 78/100, acc: 0.5961
[2024-02-21 19:10:13] [INFO] local epoch 79/100, acc: 0.5921
[2024-02-21 19:10:15] [INFO] local epoch 80/100, acc: 0.5942
[2024-02-21 19:10:16] [INFO] local epoch 81/100, acc: 0.5937
[2024-02-21 19:10:18] [INFO] local epoch 82/100, acc: 0.5939
[2024-02-21 19:10:19] [INFO] local epoch 83/100, acc: 0.5931
[2024-02-21 19:10:21] [INFO] local epoch 84/100, acc: 0.5912
[2024-02-21 19:10:23] [INFO] local epoch 85/100, acc: 0.5861
[2024-02-21 19:10:24] [INFO] local epoch 86/100, acc: 0.5991
[2024-02-21 19:10:26] [INFO] local epoch 87/100, acc: 0.6007
[2024-02-21 19:10:27] [INFO] local epoch 88/100, acc: 0.6007
[2024-02-21 19:10:29] [INFO] local epoch 89/100, acc: 0.5931
[2024-02-21 19:10:31] [INFO] local epoch 90/100, acc: 0.5969
[2024-02-21 19:10:32] [INFO] local epoch 91/100, acc: 0.5999
[2024-02-21 19:10:34] [INFO] local epoch 92/100, acc: 0.5945
[2024-02-21 19:10:35] [INFO] local epoch 93/100, acc: 0.5902
[2024-02-21 19:10:37] [INFO] local epoch 94/100, acc: 0.5848
[2024-02-21 19:10:39] [INFO] local epoch 95/100, acc: 0.5921
[2024-02-21 19:10:40] [INFO] local epoch 96/100, acc: 0.5912
[2024-02-21 19:10:42] [INFO] local epoch 97/100, acc: 0.5856
[2024-02-21 19:10:43] [INFO] local epoch 98/100, acc: 0.5964
[2024-02-21 19:10:45] [INFO] local epoch 99/100, acc: 0.5885
[2024-02-21 19:10:47] [INFO] local epoch 100/100, acc: 0.5893
[2024-02-21 19:10:47] [INFO] client 7 training starts.
[2024-02-21 19:10:49] [INFO] local epoch 1/100, acc: 0.3528
[2024-02-21 19:10:50] [INFO] local epoch 2/100, acc: 0.4077
[2024-02-21 19:10:52] [INFO] local epoch 3/100, acc: 0.4236
[2024-02-21 19:10:53] [INFO] local epoch 4/100, acc: 0.4693
[2024-02-21 19:10:55] [INFO] local epoch 5/100, acc: 0.4853
[2024-02-21 19:10:57] [INFO] local epoch 6/100, acc: 0.4974
[2024-02-21 19:10:58] [INFO] local epoch 7/100, acc: 0.4980
[2024-02-21 19:11:00] [INFO] local epoch 8/100, acc: 0.5061
[2024-02-21 19:11:01] [INFO] local epoch 9/100, acc: 0.5137
[2024-02-21 19:11:03] [INFO] local epoch 10/100, acc: 0.5212
[2024-02-21 19:11:04] [INFO] local epoch 11/100, acc: 0.5239
[2024-02-21 19:11:06] [INFO] local epoch 12/100, acc: 0.5283
[2024-02-21 19:11:07] [INFO] local epoch 13/100, acc: 0.5320
[2024-02-21 19:11:08] [INFO] local epoch 14/100, acc: 0.5296
[2024-02-21 19:11:10] [INFO] local epoch 15/100, acc: 0.5358
[2024-02-21 19:11:11] [INFO] local epoch 16/100, acc: 0.5372
[2024-02-21 19:11:12] [INFO] local epoch 17/100, acc: 0.5347
[2024-02-21 19:11:14] [INFO] local epoch 18/100, acc: 0.5461
[2024-02-21 19:11:15] [INFO] local epoch 19/100, acc: 0.5501
[2024-02-21 19:11:16] [INFO] local epoch 20/100, acc: 0.5512
[2024-02-21 19:11:18] [INFO] local epoch 21/100, acc: 0.5518
[2024-02-21 19:11:19] [INFO] local epoch 22/100, acc: 0.5318
[2024-02-21 19:11:20] [INFO] local epoch 23/100, acc: 0.5596
[2024-02-21 19:11:22] [INFO] local epoch 24/100, acc: 0.5599
[2024-02-21 19:11:23] [INFO] local epoch 25/100, acc: 0.5615
[2024-02-21 19:11:24] [INFO] local epoch 26/100, acc: 0.5477
[2024-02-21 19:11:26] [INFO] local epoch 27/100, acc: 0.5515
[2024-02-21 19:11:27] [INFO] local epoch 28/100, acc: 0.5666
[2024-02-21 19:11:28] [INFO] local epoch 29/100, acc: 0.5669
[2024-02-21 19:11:30] [INFO] local epoch 30/100, acc: 0.5629
[2024-02-21 19:11:31] [INFO] local epoch 31/100, acc: 0.5726
[2024-02-21 19:11:33] [INFO] local epoch 32/100, acc: 0.5791
[2024-02-21 19:11:34] [INFO] local epoch 33/100, acc: 0.5653
[2024-02-21 19:11:35] [INFO] local epoch 34/100, acc: 0.5793
[2024-02-21 19:11:37] [INFO] local epoch 35/100, acc: 0.5802
[2024-02-21 19:11:38] [INFO] local epoch 36/100, acc: 0.5658
[2024-02-21 19:11:40] [INFO] local epoch 37/100, acc: 0.5826
[2024-02-21 19:11:41] [INFO] local epoch 38/100, acc: 0.5848
[2024-02-21 19:11:42] [INFO] local epoch 39/100, acc: 0.5880
[2024-02-21 19:11:43] [INFO] local epoch 40/100, acc: 0.5842
[2024-02-21 19:11:45] [INFO] local epoch 41/100, acc: 0.5848
[2024-02-21 19:11:46] [INFO] local epoch 42/100, acc: 0.5780
[2024-02-21 19:11:48] [INFO] local epoch 43/100, acc: 0.5907
[2024-02-21 19:11:49] [INFO] local epoch 44/100, acc: 0.5872
[2024-02-21 19:11:50] [INFO] local epoch 45/100, acc: 0.5923
[2024-02-21 19:11:52] [INFO] local epoch 46/100, acc: 0.5918
[2024-02-21 19:11:53] [INFO] local epoch 47/100, acc: 0.5815
[2024-02-21 19:11:54] [INFO] local epoch 48/100, acc: 0.5926
[2024-02-21 19:11:56] [INFO] local epoch 49/100, acc: 0.5926
[2024-02-21 19:11:57] [INFO] local epoch 50/100, acc: 0.5912
[2024-02-21 19:11:58] [INFO] local epoch 51/100, acc: 0.5918
[2024-02-21 19:12:00] [INFO] local epoch 52/100, acc: 0.5880
[2024-02-21 19:12:01] [INFO] local epoch 53/100, acc: 0.5937
[2024-02-21 19:12:02] [INFO] local epoch 54/100, acc: 0.5910
[2024-02-21 19:12:04] [INFO] local epoch 55/100, acc: 0.5969
[2024-02-21 19:12:05] [INFO] local epoch 56/100, acc: 0.6012
[2024-02-21 19:12:06] [INFO] local epoch 57/100, acc: 0.6012
[2024-02-21 19:12:08] [INFO] local epoch 58/100, acc: 0.5972
[2024-02-21 19:12:09] [INFO] local epoch 59/100, acc: 0.5812
[2024-02-21 19:12:10] [INFO] local epoch 60/100, acc: 0.6012
[2024-02-21 19:12:12] [INFO] local epoch 61/100, acc: 0.5956
[2024-02-21 19:12:13] [INFO] local epoch 62/100, acc: 0.5988
[2024-02-21 19:12:14] [INFO] local epoch 63/100, acc: 0.6034
[2024-02-21 19:12:16] [INFO] local epoch 64/100, acc: 0.5950
[2024-02-21 19:12:17] [INFO] local epoch 65/100, acc: 0.5921
[2024-02-21 19:12:18] [INFO] local epoch 66/100, acc: 0.5853
[2024-02-21 19:12:20] [INFO] local epoch 67/100, acc: 0.5950
[2024-02-21 19:12:21] [INFO] local epoch 68/100, acc: 0.5950
[2024-02-21 19:12:23] [INFO] local epoch 69/100, acc: 0.5950
[2024-02-21 19:12:24] [INFO] local epoch 70/100, acc: 0.5999
[2024-02-21 19:12:25] [INFO] local epoch 71/100, acc: 0.5910
[2024-02-21 19:12:26] [INFO] local epoch 72/100, acc: 0.5977
[2024-02-21 19:12:28] [INFO] local epoch 73/100, acc: 0.5937
[2024-02-21 19:12:29] [INFO] local epoch 74/100, acc: 0.5880
[2024-02-21 19:12:31] [INFO] local epoch 75/100, acc: 0.5926
[2024-02-21 19:12:32] [INFO] local epoch 76/100, acc: 0.5931
[2024-02-21 19:12:34] [INFO] local epoch 77/100, acc: 0.5861
[2024-02-21 19:12:35] [INFO] local epoch 78/100, acc: 0.5880
[2024-02-21 19:12:36] [INFO] local epoch 79/100, acc: 0.5969
[2024-02-21 19:12:37] [INFO] local epoch 80/100, acc: 0.5893
[2024-02-21 19:12:39] [INFO] local epoch 81/100, acc: 0.5883
[2024-02-21 19:12:40] [INFO] local epoch 82/100, acc: 0.5950
[2024-02-21 19:12:42] [INFO] local epoch 83/100, acc: 0.5910
[2024-02-21 19:12:43] [INFO] local epoch 84/100, acc: 0.5950
[2024-02-21 19:12:44] [INFO] local epoch 85/100, acc: 0.5912
[2024-02-21 19:12:46] [INFO] local epoch 86/100, acc: 0.5815
[2024-02-21 19:12:47] [INFO] local epoch 87/100, acc: 0.5907
[2024-02-21 19:12:48] [INFO] local epoch 88/100, acc: 0.5904
[2024-02-21 19:12:50] [INFO] local epoch 89/100, acc: 0.5956
[2024-02-21 19:12:51] [INFO] local epoch 90/100, acc: 0.5899
[2024-02-21 19:12:52] [INFO] local epoch 91/100, acc: 0.5910
[2024-02-21 19:12:54] [INFO] local epoch 92/100, acc: 0.5926
[2024-02-21 19:12:55] [INFO] local epoch 93/100, acc: 0.5926
[2024-02-21 19:12:56] [INFO] local epoch 94/100, acc: 0.5823
[2024-02-21 19:12:58] [INFO] local epoch 95/100, acc: 0.5880
[2024-02-21 19:12:59] [INFO] local epoch 96/100, acc: 0.5848
[2024-02-21 19:13:01] [INFO] local epoch 97/100, acc: 0.5880
[2024-02-21 19:13:02] [INFO] local epoch 98/100, acc: 0.5858
[2024-02-21 19:13:03] [INFO] local epoch 99/100, acc: 0.5896
[2024-02-21 19:13:05] [INFO] local epoch 100/100, acc: 0.5888
[2024-02-21 19:13:05] [INFO] client 8 training starts.
[2024-02-21 19:13:06] [INFO] local epoch 1/100, acc: 0.3771
[2024-02-21 19:13:07] [INFO] local epoch 2/100, acc: 0.4023
[2024-02-21 19:13:09] [INFO] local epoch 3/100, acc: 0.4488
[2024-02-21 19:13:10] [INFO] local epoch 4/100, acc: 0.4572
[2024-02-21 19:13:11] [INFO] local epoch 5/100, acc: 0.4761
[2024-02-21 19:13:13] [INFO] local epoch 6/100, acc: 0.4801
[2024-02-21 19:13:14] [INFO] local epoch 7/100, acc: 0.4909
[2024-02-21 19:13:15] [INFO] local epoch 8/100, acc: 0.5018
[2024-02-21 19:13:17] [INFO] local epoch 9/100, acc: 0.5001
[2024-02-21 19:13:18] [INFO] local epoch 10/100, acc: 0.5091
[2024-02-21 19:13:20] [INFO] local epoch 11/100, acc: 0.5212
[2024-02-21 19:13:21] [INFO] local epoch 12/100, acc: 0.5280
[2024-02-21 19:13:22] [INFO] local epoch 13/100, acc: 0.5182
[2024-02-21 19:13:23] [INFO] local epoch 14/100, acc: 0.5255
[2024-02-21 19:13:25] [INFO] local epoch 15/100, acc: 0.5212
[2024-02-21 19:13:26] [INFO] local epoch 16/100, acc: 0.5274
[2024-02-21 19:13:27] [INFO] local epoch 17/100, acc: 0.5391
[2024-02-21 19:13:29] [INFO] local epoch 18/100, acc: 0.5264
[2024-02-21 19:13:30] [INFO] local epoch 19/100, acc: 0.5426
[2024-02-21 19:13:32] [INFO] local epoch 20/100, acc: 0.5361
[2024-02-21 19:13:33] [INFO] local epoch 21/100, acc: 0.5458
[2024-02-21 19:13:34] [INFO] local epoch 22/100, acc: 0.5450
[2024-02-21 19:13:36] [INFO] local epoch 23/100, acc: 0.5483
[2024-02-21 19:13:37] [INFO] local epoch 24/100, acc: 0.5553
[2024-02-21 19:13:39] [INFO] local epoch 25/100, acc: 0.5588
[2024-02-21 19:13:40] [INFO] local epoch 26/100, acc: 0.5569
[2024-02-21 19:13:41] [INFO] local epoch 27/100, acc: 0.5501
[2024-02-21 19:13:42] [INFO] local epoch 28/100, acc: 0.5569
[2024-02-21 19:13:44] [INFO] local epoch 29/100, acc: 0.5553
[2024-02-21 19:13:45] [INFO] local epoch 30/100, acc: 0.5591
[2024-02-21 19:13:47] [INFO] local epoch 31/100, acc: 0.5610
[2024-02-21 19:13:48] [INFO] local epoch 32/100, acc: 0.5591
[2024-02-21 19:13:49] [INFO] local epoch 33/100, acc: 0.5677
[2024-02-21 19:13:51] [INFO] local epoch 34/100, acc: 0.5650
[2024-02-21 19:13:52] [INFO] local epoch 35/100, acc: 0.5629
[2024-02-21 19:13:54] [INFO] local epoch 36/100, acc: 0.5707
[2024-02-21 19:13:55] [INFO] local epoch 37/100, acc: 0.5756
[2024-02-21 19:13:56] [INFO] local epoch 38/100, acc: 0.5737
[2024-02-21 19:13:57] [INFO] local epoch 39/100, acc: 0.5639
[2024-02-21 19:13:59] [INFO] local epoch 40/100, acc: 0.5753
[2024-02-21 19:14:00] [INFO] local epoch 41/100, acc: 0.5777
[2024-02-21 19:14:01] [INFO] local epoch 42/100, acc: 0.5664
[2024-02-21 19:14:03] [INFO] local epoch 43/100, acc: 0.5823
[2024-02-21 19:14:04] [INFO] local epoch 44/100, acc: 0.5791
[2024-02-21 19:14:06] [INFO] local epoch 45/100, acc: 0.5842
[2024-02-21 19:14:07] [INFO] local epoch 46/100, acc: 0.5848
[2024-02-21 19:14:08] [INFO] local epoch 47/100, acc: 0.5766
[2024-02-21 19:14:10] [INFO] local epoch 48/100, acc: 0.5729
[2024-02-21 19:14:11] [INFO] local epoch 49/100, acc: 0.5783
[2024-02-21 19:14:12] [INFO] local epoch 50/100, acc: 0.5788
[2024-02-21 19:14:14] [INFO] local epoch 51/100, acc: 0.5758
[2024-02-21 19:14:15] [INFO] local epoch 52/100, acc: 0.5750
[2024-02-21 19:14:17] [INFO] local epoch 53/100, acc: 0.5783
[2024-02-21 19:14:18] [INFO] local epoch 54/100, acc: 0.5785
[2024-02-21 19:14:19] [INFO] local epoch 55/100, acc: 0.5802
[2024-02-21 19:14:21] [INFO] local epoch 56/100, acc: 0.5820
[2024-02-21 19:14:22] [INFO] local epoch 57/100, acc: 0.5823
[2024-02-21 19:14:23] [INFO] local epoch 58/100, acc: 0.5883
[2024-02-21 19:14:25] [INFO] local epoch 59/100, acc: 0.5791
[2024-02-21 19:14:26] [INFO] local epoch 60/100, acc: 0.5764
[2024-02-21 19:14:27] [INFO] local epoch 61/100, acc: 0.5788
[2024-02-21 19:14:29] [INFO] local epoch 62/100, acc: 0.5810
[2024-02-21 19:14:30] [INFO] local epoch 63/100, acc: 0.5820
[2024-02-21 19:14:32] [INFO] local epoch 64/100, acc: 0.5804
[2024-02-21 19:14:33] [INFO] local epoch 65/100, acc: 0.5829
[2024-02-21 19:14:34] [INFO] local epoch 66/100, acc: 0.5850
[2024-02-21 19:14:36] [INFO] local epoch 67/100, acc: 0.5883
[2024-02-21 19:14:37] [INFO] local epoch 68/100, acc: 0.5820
[2024-02-21 19:14:38] [INFO] local epoch 69/100, acc: 0.5829
[2024-02-21 19:14:40] [INFO] local epoch 70/100, acc: 0.5764
[2024-02-21 19:14:41] [INFO] local epoch 71/100, acc: 0.5842
[2024-02-21 19:14:42] [INFO] local epoch 72/100, acc: 0.5820
[2024-02-21 19:14:44] [INFO] local epoch 73/100, acc: 0.5826
[2024-02-21 19:14:45] [INFO] local epoch 74/100, acc: 0.5769
[2024-02-21 19:14:47] [INFO] local epoch 75/100, acc: 0.5845
[2024-02-21 19:14:48] [INFO] local epoch 76/100, acc: 0.5858
[2024-02-21 19:14:49] [INFO] local epoch 77/100, acc: 0.5869
[2024-02-21 19:14:51] [INFO] local epoch 78/100, acc: 0.5780
[2024-02-21 19:14:52] [INFO] local epoch 79/100, acc: 0.5834
[2024-02-21 19:14:53] [INFO] local epoch 80/100, acc: 0.5866
[2024-02-21 19:14:55] [INFO] local epoch 81/100, acc: 0.5891
[2024-02-21 19:14:56] [INFO] local epoch 82/100, acc: 0.5807
[2024-02-21 19:14:58] [INFO] local epoch 83/100, acc: 0.5791
[2024-02-21 19:14:59] [INFO] local epoch 84/100, acc: 0.5861
[2024-02-21 19:15:00] [INFO] local epoch 85/100, acc: 0.5791
[2024-02-21 19:15:02] [INFO] local epoch 86/100, acc: 0.5812
[2024-02-21 19:15:03] [INFO] local epoch 87/100, acc: 0.5791
[2024-02-21 19:15:04] [INFO] local epoch 88/100, acc: 0.5777
[2024-02-21 19:15:06] [INFO] local epoch 89/100, acc: 0.5804
[2024-02-21 19:15:07] [INFO] local epoch 90/100, acc: 0.5780
[2024-02-21 19:15:08] [INFO] local epoch 91/100, acc: 0.5853
[2024-02-21 19:15:10] [INFO] local epoch 92/100, acc: 0.5712
[2024-02-21 19:15:11] [INFO] local epoch 93/100, acc: 0.5818
[2024-02-21 19:15:12] [INFO] local epoch 94/100, acc: 0.5696
[2024-02-21 19:15:14] [INFO] local epoch 95/100, acc: 0.5823
[2024-02-21 19:15:15] [INFO] local epoch 96/100, acc: 0.5739
[2024-02-21 19:15:16] [INFO] local epoch 97/100, acc: 0.5802
[2024-02-21 19:15:18] [INFO] local epoch 98/100, acc: 0.5793
[2024-02-21 19:15:19] [INFO] local epoch 99/100, acc: 0.5815
[2024-02-21 19:15:20] [INFO] local epoch 100/100, acc: 0.5726
[2024-02-21 19:15:20] [INFO] results saved in ./res/normal_seed_10000_alpha_1.0_dataset_cifar10_model_structure_cnn3/local_epochs_100_batch_size_160.pt.
[2024-02-21 19:15:20] [INFO] time cost: 00:22:56
