[2024-02-21 22:39:06] [INFO] fed_avg1
        n_client     :   9   
          seed       : 10000 
      local_epochs   :   1   
       batch_size    :  160  
      server_epochs  :   2   
          alpha      :  1.0  
         dataset     :cifar10
     model_structure : cnn3  
[2024-02-21 22:39:29] [INFO] [server epoch 1, client 1, local train]
[2024-02-21 22:39:30] [INFO] local epoch 1, acc: 0.4087
[2024-02-21 22:39:30] [INFO] [server epoch 1, client 2, local train]
[2024-02-21 22:39:31] [INFO] local epoch 1, acc: 0.4038
[2024-02-21 22:39:31] [INFO] [server epoch 1, client 3, local train]
[2024-02-21 22:39:32] [INFO] local epoch 1, acc: 0.3775
[2024-02-21 22:39:33] [INFO] [server epoch 1, client 4, local train]
[2024-02-21 22:39:34] [INFO] local epoch 1, acc: 0.3776
[2024-02-21 22:39:34] [INFO] [server epoch 1, client 5, local train]
[2024-02-21 22:39:36] [INFO] local epoch 1, acc: 0.3620
[2024-02-21 22:39:36] [INFO] [server epoch 1, client 6, local train]
[2024-02-21 22:39:37] [INFO] local epoch 1, acc: 0.3392
[2024-02-21 22:39:37] [INFO] [server epoch 1, client 7, local train]
[2024-02-21 22:39:39] [INFO] local epoch 1, acc: 0.3866
[2024-02-21 22:39:39] [INFO] [server epoch 1, client 8, local train]
[2024-02-21 22:39:40] [INFO] local epoch 1, acc: 0.3709
[2024-02-21 22:39:40] [INFO] [server epoch 1, client 9, local train]
[2024-02-21 22:39:41] [INFO] local epoch 1, acc: 0.3701
