[2024-02-21 22:37:27] [INFO] fed_avg1
        n_client     :   9   
          seed       : 10000 
      local_epochs   :   1   
       batch_size    :  160  
      server_epochs  :   2   
          alpha      :  1.0  
         dataset     :cifar10
     model_structure : cnn3  
[2024-02-21 22:37:51] [INFO] [server epoch 1, client 1, local train]
[2024-02-21 22:37:52] [INFO] local epoch 1, acc: 0.4087
[2024-02-21 22:37:52] [INFO] [server epoch 1, client 2, local train]
[2024-02-21 22:37:53] [INFO] local epoch 1, acc: 0.4034
[2024-02-21 22:37:53] [INFO] [server epoch 1, client 3, local train]
[2024-02-21 22:37:55] [INFO] local epoch 1, acc: 0.3775
[2024-02-21 22:37:55] [INFO] [server epoch 1, client 4, local train]
[2024-02-21 22:37:57] [INFO] local epoch 1, acc: 0.3779
[2024-02-21 22:37:57] [INFO] [server epoch 1, client 5, local train]
[2024-02-21 22:37:58] [INFO] local epoch 1, acc: 0.3612
[2024-02-21 22:37:58] [INFO] [server epoch 1, client 6, local train]
[2024-02-21 22:37:59] [INFO] local epoch 1, acc: 0.3392
[2024-02-21 22:37:59] [INFO] [server epoch 1, client 7, local train]
[2024-02-21 22:38:01] [INFO] local epoch 1, acc: 0.3861
[2024-02-21 22:38:01] [INFO] [server epoch 1, client 8, local train]
[2024-02-21 22:38:02] [INFO] local epoch 1, acc: 0.3704
[2024-02-21 22:38:03] [INFO] [server epoch 1, client 9, local train]
[2024-02-21 22:38:04] [INFO] local epoch 1, acc: 0.3690
