[2024-02-21 22:35:51] [INFO] fed_avg1
        n_client     :   9   
          seed       : 10000 
      local_epochs   :   1   
       batch_size    :  160  
      server_epochs  :   2   
          alpha      :  1.0  
         dataset     :cifar10
     model_structure : cnn3  
[2024-02-21 22:36:13] [INFO] [server epoch 1, client 1, local train]
[2024-02-21 22:36:15] [INFO] local epoch 1, acc: 0.4091
[2024-02-21 22:36:15] [INFO] [server epoch 1, client 2, local train]
[2024-02-21 22:36:16] [INFO] local epoch 1, acc: 0.4030
[2024-02-21 22:36:16] [INFO] [server epoch 1, client 3, local train]
[2024-02-21 22:36:17] [INFO] local epoch 1, acc: 0.3775
[2024-02-21 22:36:17] [INFO] [server epoch 1, client 4, local train]
[2024-02-21 22:36:19] [INFO] local epoch 1, acc: 0.3776
[2024-02-21 22:36:19] [INFO] [server epoch 1, client 5, local train]
[2024-02-21 22:36:21] [INFO] local epoch 1, acc: 0.3606
[2024-02-21 22:36:21] [INFO] [server epoch 1, client 6, local train]
[2024-02-21 22:36:22] [INFO] local epoch 1, acc: 0.3392
[2024-02-21 22:36:22] [INFO] [server epoch 1, client 7, local train]
[2024-02-21 22:36:24] [INFO] local epoch 1, acc: 0.3855
[2024-02-21 22:36:24] [INFO] [server epoch 1, client 8, local train]
[2024-02-21 22:36:25] [INFO] local epoch 1, acc: 0.3706
[2024-02-21 22:36:25] [INFO] [server epoch 1, client 9, local train]
[2024-02-21 22:36:26] [INFO] local epoch 1, acc: 0.3690
