[2024-02-21 22:33:13] [INFO] fed_avg1
        n_client     :   9   
          seed       : 10000 
      local_epochs   :   1   
       batch_size    :  160  
      server_epochs  :   2   
          alpha      :  1.0  
         dataset     :cifar10
     model_structure : cnn3  
[2024-02-21 22:33:36] [INFO] [server epoch 1, client 1, local train]
[2024-02-21 22:33:37] [INFO] local epoch 1, acc: 0.4087
[2024-02-21 22:33:37] [INFO] [server epoch 1, client 2, local train]
[2024-02-21 22:33:38] [INFO] local epoch 1, acc: 0.4038
[2024-02-21 22:33:38] [INFO] [server epoch 1, client 3, local train]
[2024-02-21 22:33:39] [INFO] local epoch 1, acc: 0.3775
[2024-02-21 22:33:39] [INFO] [server epoch 1, client 4, local train]
[2024-02-21 22:33:41] [INFO] local epoch 1, acc: 0.3773
[2024-02-21 22:33:41] [INFO] [server epoch 1, client 5, local train]
[2024-02-21 22:33:43] [INFO] local epoch 1, acc: 0.3617
[2024-02-21 22:33:43] [INFO] [server epoch 1, client 6, local train]
[2024-02-21 22:33:44] [INFO] local epoch 1, acc: 0.3390
[2024-02-21 22:33:44] [INFO] [server epoch 1, client 7, local train]
[2024-02-21 22:33:46] [INFO] local epoch 1, acc: 0.3852
[2024-02-21 22:33:46] [INFO] [server epoch 1, client 8, local train]
[2024-02-21 22:33:47] [INFO] local epoch 1, acc: 0.3701
[2024-02-21 22:33:47] [INFO] [server epoch 1, client 9, local train]
[2024-02-21 22:33:49] [INFO] local epoch 1, acc: 0.3693
