[2024-02-21 22:49:47] [INFO] fed_avg1
        n_client     :   9   
          seed       : 10000 
      local_epochs   :  10   
       batch_size    :  160  
      server_epochs  :  20   
          alpha      :  1.0  
         dataset     :cifar10
     model_structure : cnn3  
[2024-02-21 22:50:10] [INFO] [server epoch 1, client 1, local train]
[2024-02-21 22:50:11] [INFO] local epoch 1, acc: 0.4091
[2024-02-21 22:50:13] [INFO] local epoch 2, acc: 0.4488
[2024-02-21 22:50:14] [INFO] local epoch 3, acc: 0.5026
[2024-02-21 22:50:15] [INFO] local epoch 4, acc: 0.5257
[2024-02-21 22:50:17] [INFO] local epoch 5, acc: 0.5375
[2024-02-21 22:50:18] [INFO] local epoch 6, acc: 0.5533
[2024-02-21 22:50:19] [INFO] local epoch 7, acc: 0.5658
[2024-02-21 22:50:21] [INFO] local epoch 8, acc: 0.5711
[2024-02-21 22:50:22] [INFO] local epoch 9, acc: 0.5865
[2024-02-21 22:50:23] [INFO] local epoch 10, acc: 0.5938
[2024-02-21 22:50:23] [INFO] [server epoch 1, client 2, local train]
[2024-02-21 22:50:24] [INFO] local epoch 1, acc: 0.3787
[2024-02-21 22:50:26] [INFO] local epoch 2, acc: 0.4561
[2024-02-21 22:50:27] [INFO] local epoch 3, acc: 0.4962
[2024-02-21 22:50:28] [INFO] local epoch 4, acc: 0.5233
[2024-02-21 22:50:30] [INFO] local epoch 5, acc: 0.5354
[2024-02-21 22:50:31] [INFO] local epoch 6, acc: 0.5456
[2024-02-21 22:50:32] [INFO] local epoch 7, acc: 0.5573
[2024-02-21 22:50:34] [INFO] local epoch 8, acc: 0.5715
[2024-02-21 22:50:35] [INFO] local epoch 9, acc: 0.5832
[2024-02-21 22:50:36] [INFO] local epoch 10, acc: 0.5816
[2024-02-21 22:50:36] [INFO] [server epoch 1, client 3, local train]
[2024-02-21 22:50:37] [INFO] local epoch 1, acc: 0.3908
[2024-02-21 22:50:39] [INFO] local epoch 2, acc: 0.4496
[2024-02-21 22:50:40] [INFO] local epoch 3, acc: 0.4897
[2024-02-21 22:50:41] [INFO] local epoch 4, acc: 0.5164
[2024-02-21 22:50:43] [INFO] local epoch 5, acc: 0.5411
[2024-02-21 22:50:44] [INFO] local epoch 6, acc: 0.5512
[2024-02-21 22:50:45] [INFO] local epoch 7, acc: 0.5630
[2024-02-21 22:50:47] [INFO] local epoch 8, acc: 0.5654
[2024-02-21 22:50:48] [INFO] local epoch 9, acc: 0.5731
[2024-02-21 22:50:49] [INFO] local epoch 10, acc: 0.5857
[2024-02-21 22:50:49] [INFO] [server epoch 1, client 4, local train]
[2024-02-21 22:50:51] [INFO] local epoch 1, acc: 0.3606
[2024-02-21 22:50:52] [INFO] local epoch 2, acc: 0.4350
[2024-02-21 22:50:54] [INFO] local epoch 3, acc: 0.4885
[2024-02-21 22:50:55] [INFO] local epoch 4, acc: 0.5029
[2024-02-21 22:50:57] [INFO] local epoch 5, acc: 0.5290
[2024-02-21 22:50:58] [INFO] local epoch 6, acc: 0.5365
[2024-02-21 22:51:00] [INFO] local epoch 7, acc: 0.5564
[2024-02-21 22:51:01] [INFO] local epoch 8, acc: 0.5692
[2024-02-21 22:51:03] [INFO] local epoch 9, acc: 0.5819
[2024-02-21 22:51:04] [INFO] local epoch 10, acc: 0.5752
[2024-02-21 22:51:04] [INFO] [server epoch 1, client 5, local train]
[2024-02-21 22:51:05] [INFO] local epoch 1, acc: 0.3531
[2024-02-21 22:51:07] [INFO] local epoch 2, acc: 0.4408
[2024-02-21 22:51:08] [INFO] local epoch 3, acc: 0.4836
[2024-02-21 22:51:10] [INFO] local epoch 4, acc: 0.5047
[2024-02-21 22:51:11] [INFO] local epoch 5, acc: 0.5162
[2024-02-21 22:51:13] [INFO] local epoch 6, acc: 0.5509
[2024-02-21 22:51:14] [INFO] local epoch 7, acc: 0.5595
[2024-02-21 22:51:16] [INFO] local epoch 8, acc: 0.5637
[2024-02-21 22:51:18] [INFO] local epoch 9, acc: 0.5767
[2024-02-21 22:51:19] [INFO] local epoch 10, acc: 0.5851
[2024-02-21 22:51:19] [INFO] [server epoch 1, client 6, local train]
[2024-02-21 22:51:20] [INFO] local epoch 1, acc: 0.3771
[2024-02-21 22:51:22] [INFO] local epoch 2, acc: 0.4522
[2024-02-21 22:51:23] [INFO] local epoch 3, acc: 0.4875
[2024-02-21 22:51:25] [INFO] local epoch 4, acc: 0.5044
[2024-02-21 22:51:26] [INFO] local epoch 5, acc: 0.5243
[2024-02-21 22:51:28] [INFO] local epoch 6, acc: 0.5284
[2024-02-21 22:51:29] [INFO] local epoch 7, acc: 0.5569
[2024-02-21 22:51:31] [INFO] local epoch 8, acc: 0.5723
[2024-02-21 22:51:32] [INFO] local epoch 9, acc: 0.5788
[2024-02-21 22:51:34] [INFO] local epoch 10, acc: 0.5772
[2024-02-21 22:51:34] [INFO] [server epoch 1, client 7, local train]
[2024-02-21 22:51:35] [INFO] local epoch 1, acc: 0.3747
[2024-02-21 22:51:37] [INFO] local epoch 2, acc: 0.4028
[2024-02-21 22:51:38] [INFO] local epoch 3, acc: 0.4528
[2024-02-21 22:51:40] [INFO] local epoch 4, acc: 0.4693
[2024-02-21 22:51:41] [INFO] local epoch 5, acc: 0.4893
[2024-02-21 22:51:43] [INFO] local epoch 6, acc: 0.4961
[2024-02-21 22:51:44] [INFO] local epoch 7, acc: 0.4909
[2024-02-21 22:51:45] [INFO] local epoch 8, acc: 0.5058
[2024-02-21 22:51:47] [INFO] local epoch 9, acc: 0.5109
[2024-02-21 22:51:48] [INFO] local epoch 10, acc: 0.5245
[2024-02-21 22:51:48] [INFO] [server epoch 1, client 8, local train]
[2024-02-21 22:51:50] [INFO] local epoch 1, acc: 0.3677
[2024-02-21 22:51:52] [INFO] local epoch 2, acc: 0.3877
[2024-02-21 22:51:53] [INFO] local epoch 3, acc: 0.4355
[2024-02-21 22:51:55] [INFO] local epoch 4, acc: 0.4707
[2024-02-21 22:51:56] [INFO] local epoch 5, acc: 0.4853
[2024-02-21 22:51:58] [INFO] local epoch 6, acc: 0.4991
[2024-02-21 22:51:59] [INFO] local epoch 7, acc: 0.4931
[2024-02-21 22:52:01] [INFO] local epoch 8, acc: 0.5085
[2024-02-21 22:52:02] [INFO] local epoch 9, acc: 0.5201
[2024-02-21 22:52:04] [INFO] local epoch 10, acc: 0.4980
[2024-02-21 22:52:04] [INFO] [server epoch 1, client 9, local train]
[2024-02-21 22:52:05] [INFO] local epoch 1, acc: 0.3796
[2024-02-21 22:52:06] [INFO] local epoch 2, acc: 0.4117
[2024-02-21 22:52:08] [INFO] local epoch 3, acc: 0.4353
[2024-02-21 22:52:10] [INFO] local epoch 4, acc: 0.4620
[2024-02-21 22:52:11] [INFO] local epoch 5, acc: 0.4793
[2024-02-21 22:52:12] [INFO] local epoch 6, acc: 0.4631
[2024-02-21 22:52:14] [INFO] local epoch 7, acc: 0.5080
[2024-02-21 22:52:15] [INFO] local epoch 8, acc: 0.5042
[2024-02-21 22:52:17] [INFO] local epoch 9, acc: 0.5145
[2024-02-21 22:52:18] [INFO] local epoch 10, acc: 0.5080
[2024-02-21 22:52:19] [INFO] server epoch 1, acc 0.5873
[2024-02-21 22:52:19] [INFO] server epoch 1, acc 0.5741
[2024-02-21 22:52:20] [INFO] server epoch 1, acc 0.5161
[2024-02-21 22:52:20] [INFO] [server epoch 2, client 1, local train]
[2024-02-21 22:52:21] [INFO] local epoch 1, acc: 0.5857
[2024-02-21 22:52:23] [INFO] local epoch 2, acc: 0.5986
[2024-02-21 22:52:24] [INFO] local epoch 3, acc: 0.6047
[2024-02-21 22:52:25] [INFO] local epoch 4, acc: 0.6083
[2024-02-21 22:52:27] [INFO] local epoch 5, acc: 0.6136
[2024-02-21 22:52:28] [INFO] local epoch 6, acc: 0.6124
[2024-02-21 22:52:29] [INFO] local epoch 7, acc: 0.6140
[2024-02-21 22:52:30] [INFO] local epoch 8, acc: 0.6193
[2024-02-21 22:52:32] [INFO] local epoch 9, acc: 0.6221
[2024-02-21 22:52:33] [INFO] local epoch 10, acc: 0.6278
[2024-02-21 22:52:33] [INFO] [server epoch 2, client 2, local train]
[2024-02-21 22:52:34] [INFO] local epoch 1, acc: 0.5974
[2024-02-21 22:52:35] [INFO] local epoch 2, acc: 0.5966
[2024-02-21 22:52:37] [INFO] local epoch 3, acc: 0.5998
[2024-02-21 22:52:38] [INFO] local epoch 4, acc: 0.6071
[2024-02-21 22:52:39] [INFO] local epoch 5, acc: 0.6116
[2024-02-21 22:52:40] [INFO] local epoch 6, acc: 0.6140
[2024-02-21 22:52:42] [INFO] local epoch 7, acc: 0.6104
[2024-02-21 22:52:43] [INFO] local epoch 8, acc: 0.6189
[2024-02-21 22:52:44] [INFO] local epoch 9, acc: 0.6237
[2024-02-21 22:52:45] [INFO] local epoch 10, acc: 0.6197
[2024-02-21 22:52:45] [INFO] [server epoch 2, client 3, local train]
[2024-02-21 22:52:47] [INFO] local epoch 1, acc: 0.5958
[2024-02-21 22:52:48] [INFO] local epoch 2, acc: 0.6043
[2024-02-21 22:52:49] [INFO] local epoch 3, acc: 0.6051
[2024-02-21 22:52:50] [INFO] local epoch 4, acc: 0.6116
[2024-02-21 22:52:52] [INFO] local epoch 5, acc: 0.6096
[2024-02-21 22:52:53] [INFO] local epoch 6, acc: 0.6079
[2024-02-21 22:52:54] [INFO] local epoch 7, acc: 0.6124
[2024-02-21 22:52:56] [INFO] local epoch 8, acc: 0.6270
[2024-02-21 22:52:57] [INFO] local epoch 9, acc: 0.6258
[2024-02-21 22:52:58] [INFO] local epoch 10, acc: 0.6209
[2024-02-21 22:52:58] [INFO] [server epoch 2, client 4, local train]
[2024-02-21 22:53:00] [INFO] local epoch 1, acc: 0.5937
[2024-02-21 22:53:01] [INFO] local epoch 2, acc: 0.5879
[2024-02-21 22:53:03] [INFO] local epoch 3, acc: 0.6044
[2024-02-21 22:53:04] [INFO] local epoch 4, acc: 0.6039
[2024-02-21 22:53:06] [INFO] local epoch 5, acc: 0.6039
[2024-02-21 22:53:07] [INFO] local epoch 6, acc: 0.6169
[2024-02-21 22:53:09] [INFO] local epoch 7, acc: 0.6169
[2024-02-21 22:53:10] [INFO] local epoch 8, acc: 0.6203
[2024-02-21 22:53:12] [INFO] local epoch 9, acc: 0.6281
[2024-02-21 22:53:13] [INFO] local epoch 10, acc: 0.6386
[2024-02-21 22:53:13] [INFO] [server epoch 2, client 5, local train]
[2024-02-21 22:53:15] [INFO] local epoch 1, acc: 0.5908
[2024-02-21 22:53:16] [INFO] local epoch 2, acc: 0.5955
[2024-02-21 22:53:18] [INFO] local epoch 3, acc: 0.6013
[2024-02-21 22:53:19] [INFO] local epoch 4, acc: 0.6062
[2024-02-21 22:53:21] [INFO] local epoch 5, acc: 0.6078
[2024-02-21 22:53:22] [INFO] local epoch 6, acc: 0.6065
[2024-02-21 22:53:24] [INFO] local epoch 7, acc: 0.6193
[2024-02-21 22:53:25] [INFO] local epoch 8, acc: 0.6200
[2024-02-21 22:53:26] [INFO] local epoch 9, acc: 0.6258
[2024-02-21 22:53:28] [INFO] local epoch 10, acc: 0.6253
[2024-02-21 22:53:28] [INFO] [server epoch 2, client 6, local train]
[2024-02-21 22:53:29] [INFO] local epoch 1, acc: 0.5793
[2024-02-21 22:53:31] [INFO] local epoch 2, acc: 0.5953
[2024-02-21 22:53:32] [INFO] local epoch 3, acc: 0.6002
[2024-02-21 22:53:33] [INFO] local epoch 4, acc: 0.6015
[2024-02-21 22:53:35] [INFO] local epoch 5, acc: 0.6127
[2024-02-21 22:53:36] [INFO] local epoch 6, acc: 0.6172
[2024-02-21 22:53:38] [INFO] local epoch 7, acc: 0.6146
[2024-02-21 22:53:39] [INFO] local epoch 8, acc: 0.6185
[2024-02-21 22:53:41] [INFO] local epoch 9, acc: 0.6260
[2024-02-21 22:53:42] [INFO] local epoch 10, acc: 0.6344
[2024-02-21 22:53:42] [INFO] [server epoch 2, client 7, local train]
[2024-02-21 22:53:44] [INFO] local epoch 1, acc: 0.5207
[2024-02-21 22:53:45] [INFO] local epoch 2, acc: 0.5266
[2024-02-21 22:53:47] [INFO] local epoch 3, acc: 0.5280
[2024-02-21 22:53:48] [INFO] local epoch 4, acc: 0.5312
[2024-02-21 22:53:50] [INFO] local epoch 5, acc: 0.5353
[2024-02-21 22:53:51] [INFO] local epoch 6, acc: 0.5358
[2024-02-21 22:53:53] [INFO] local epoch 7, acc: 0.5415
[2024-02-21 22:53:55] [INFO] local epoch 8, acc: 0.5407
[2024-02-21 22:53:56] [INFO] local epoch 9, acc: 0.5491
[2024-02-21 22:53:58] [INFO] local epoch 10, acc: 0.5493
[2024-02-21 22:53:58] [INFO] [server epoch 2, client 8, local train]
[2024-02-21 22:53:59] [INFO] local epoch 1, acc: 0.5204
[2024-02-21 22:54:01] [INFO] local epoch 2, acc: 0.5296
[2024-02-21 22:54:02] [INFO] local epoch 3, acc: 0.5285
[2024-02-21 22:54:04] [INFO] local epoch 4, acc: 0.5328
[2024-02-21 22:54:05] [INFO] local epoch 5, acc: 0.5358
[2024-02-21 22:54:07] [INFO] local epoch 6, acc: 0.5372
[2024-02-21 22:54:08] [INFO] local epoch 7, acc: 0.5369
[2024-02-21 22:54:10] [INFO] local epoch 8, acc: 0.5383
[2024-02-21 22:54:12] [INFO] local epoch 9, acc: 0.5399
[2024-02-21 22:54:13] [INFO] local epoch 10, acc: 0.5483
[2024-02-21 22:54:13] [INFO] [server epoch 2, client 9, local train]
[2024-02-21 22:54:15] [INFO] local epoch 1, acc: 0.5109
[2024-02-21 22:54:16] [INFO] local epoch 2, acc: 0.5218
[2024-02-21 22:54:18] [INFO] local epoch 3, acc: 0.5228
[2024-02-21 22:54:19] [INFO] local epoch 4, acc: 0.5380
[2024-02-21 22:54:21] [INFO] local epoch 5, acc: 0.5310
[2024-02-21 22:54:22] [INFO] local epoch 6, acc: 0.5374
[2024-02-21 22:54:24] [INFO] local epoch 7, acc: 0.5323
[2024-02-21 22:54:25] [INFO] local epoch 8, acc: 0.5461
[2024-02-21 22:54:27] [INFO] local epoch 9, acc: 0.5342
[2024-02-21 22:54:28] [INFO] local epoch 10, acc: 0.5450
[2024-02-21 22:54:29] [INFO] server epoch 2, acc 0.6322
[2024-02-21 22:54:29] [INFO] server epoch 2, acc 0.6399
[2024-02-21 22:54:30] [INFO] server epoch 2, acc 0.5550
[2024-02-21 22:54:30] [INFO] [server epoch 3, client 1, local train]
[2024-02-21 22:54:31] [INFO] local epoch 1, acc: 0.6306
[2024-02-21 22:54:32] [INFO] local epoch 2, acc: 0.6335
[2024-02-21 22:54:34] [INFO] local epoch 3, acc: 0.6359
[2024-02-21 22:54:36] [INFO] local epoch 4, acc: 0.6379
[2024-02-21 22:54:37] [INFO] local epoch 5, acc: 0.6416
[2024-02-21 22:54:39] [INFO] local epoch 6, acc: 0.6407
[2024-02-21 22:54:40] [INFO] local epoch 7, acc: 0.6391
[2024-02-21 22:54:42] [INFO] local epoch 8, acc: 0.6488
[2024-02-21 22:54:43] [INFO] local epoch 9, acc: 0.6501
[2024-02-21 22:54:45] [INFO] local epoch 10, acc: 0.6387
[2024-02-21 22:54:45] [INFO] [server epoch 3, client 2, local train]
[2024-02-21 22:54:46] [INFO] local epoch 1, acc: 0.6367
[2024-02-21 22:54:48] [INFO] local epoch 2, acc: 0.6290
[2024-02-21 22:54:49] [INFO] local epoch 3, acc: 0.6286
[2024-02-21 22:54:50] [INFO] local epoch 4, acc: 0.6330
[2024-02-21 22:54:52] [INFO] local epoch 5, acc: 0.6424
[2024-02-21 22:54:53] [INFO] local epoch 6, acc: 0.6452
[2024-02-21 22:54:54] [INFO] local epoch 7, acc: 0.6464
[2024-02-21 22:54:56] [INFO] local epoch 8, acc: 0.6493
[2024-02-21 22:54:57] [INFO] local epoch 9, acc: 0.6464
[2024-02-21 22:54:59] [INFO] local epoch 10, acc: 0.6391
[2024-02-21 22:54:59] [INFO] [server epoch 3, client 3, local train]
[2024-02-21 22:55:00] [INFO] local epoch 1, acc: 0.6221
[2024-02-21 22:55:01] [INFO] local epoch 2, acc: 0.6343
[2024-02-21 22:55:02] [INFO] local epoch 3, acc: 0.6326
[2024-02-21 22:55:04] [INFO] local epoch 4, acc: 0.6403
[2024-02-21 22:55:05] [INFO] local epoch 5, acc: 0.6375
[2024-02-21 22:55:06] [INFO] local epoch 6, acc: 0.6464
[2024-02-21 22:55:07] [INFO] local epoch 7, acc: 0.6513
[2024-02-21 22:55:09] [INFO] local epoch 8, acc: 0.6480
[2024-02-21 22:55:10] [INFO] local epoch 9, acc: 0.6416
[2024-02-21 22:55:11] [INFO] local epoch 10, acc: 0.6440
[2024-02-21 22:55:11] [INFO] [server epoch 3, client 4, local train]
[2024-02-21 22:55:13] [INFO] local epoch 1, acc: 0.6357
[2024-02-21 22:55:14] [INFO] local epoch 2, acc: 0.6474
[2024-02-21 22:55:16] [INFO] local epoch 3, acc: 0.6519
[2024-02-21 22:55:17] [INFO] local epoch 4, acc: 0.6459
[2024-02-21 22:55:18] [INFO] local epoch 5, acc: 0.6467
[2024-02-21 22:55:20] [INFO] local epoch 6, acc: 0.6532
[2024-02-21 22:55:21] [INFO] local epoch 7, acc: 0.6584
[2024-02-21 22:55:23] [INFO] local epoch 8, acc: 0.6696
[2024-02-21 22:55:24] [INFO] local epoch 9, acc: 0.6503
[2024-02-21 22:55:26] [INFO] local epoch 10, acc: 0.6584
[2024-02-21 22:55:26] [INFO] [server epoch 3, client 5, local train]
[2024-02-21 22:55:27] [INFO] local epoch 1, acc: 0.6268
[2024-02-21 22:55:29] [INFO] local epoch 2, acc: 0.6373
[2024-02-21 22:55:30] [INFO] local epoch 3, acc: 0.6420
[2024-02-21 22:55:32] [INFO] local epoch 4, acc: 0.6487
[2024-02-21 22:55:33] [INFO] local epoch 5, acc: 0.6407
[2024-02-21 22:55:35] [INFO] local epoch 6, acc: 0.6490
[2024-02-21 22:55:36] [INFO] local epoch 7, acc: 0.6563
[2024-02-21 22:55:38] [INFO] local epoch 8, acc: 0.6482
[2024-02-21 22:55:39] [INFO] local epoch 9, acc: 0.6647
[2024-02-21 22:55:41] [INFO] local epoch 10, acc: 0.6555
[2024-02-21 22:55:41] [INFO] [server epoch 3, client 6, local train]
[2024-02-21 22:55:42] [INFO] local epoch 1, acc: 0.6354
[2024-02-21 22:55:44] [INFO] local epoch 2, acc: 0.6409
[2024-02-21 22:55:45] [INFO] local epoch 3, acc: 0.6386
[2024-02-21 22:55:47] [INFO] local epoch 4, acc: 0.6532
[2024-02-21 22:55:48] [INFO] local epoch 5, acc: 0.6407
[2024-02-21 22:55:49] [INFO] local epoch 6, acc: 0.6506
[2024-02-21 22:55:51] [INFO] local epoch 7, acc: 0.6495
[2024-02-21 22:55:52] [INFO] local epoch 8, acc: 0.6631
[2024-02-21 22:55:54] [INFO] local epoch 9, acc: 0.6568
[2024-02-21 22:55:55] [INFO] local epoch 10, acc: 0.6628
[2024-02-21 22:55:55] [INFO] [server epoch 3, client 7, local train]
[2024-02-21 22:55:57] [INFO] local epoch 1, acc: 0.5564
[2024-02-21 22:55:58] [INFO] local epoch 2, acc: 0.5550
[2024-02-21 22:56:00] [INFO] local epoch 3, acc: 0.5561
[2024-02-21 22:56:01] [INFO] local epoch 4, acc: 0.5650
[2024-02-21 22:56:03] [INFO] local epoch 5, acc: 0.5615
[2024-02-21 22:56:04] [INFO] local epoch 6, acc: 0.5634
[2024-02-21 22:56:05] [INFO] local epoch 7, acc: 0.5647
[2024-02-21 22:56:07] [INFO] local epoch 8, acc: 0.5634
[2024-02-21 22:56:08] [INFO] local epoch 9, acc: 0.5556
[2024-02-21 22:56:10] [INFO] local epoch 10, acc: 0.5680
[2024-02-21 22:56:10] [INFO] [server epoch 3, client 8, local train]
[2024-02-21 22:56:12] [INFO] local epoch 1, acc: 0.5396
[2024-02-21 22:56:13] [INFO] local epoch 2, acc: 0.5629
