[2024-02-21 22:44:41] [INFO] fed_avg1
        n_client     :   9   
          seed       : 10000 
      local_epochs   :   1   
       batch_size    :  160  
      server_epochs  :   2   
          alpha      :  1.0  
         dataset     :cifar10
     model_structure : cnn3  
[2024-02-21 22:45:04] [INFO] [server epoch 1, client 1, local train]
[2024-02-21 22:45:05] [INFO] local epoch 1, acc: 0.4091
[2024-02-21 22:45:05] [INFO] [server epoch 1, client 2, local train]
[2024-02-21 22:45:06] [INFO] local epoch 1, acc: 0.4034
[2024-02-21 22:45:06] [INFO] [server epoch 1, client 3, local train]
[2024-02-21 22:45:07] [INFO] local epoch 1, acc: 0.3775
[2024-02-21 22:45:07] [INFO] [server epoch 1, client 4, local train]
[2024-02-21 22:45:09] [INFO] local epoch 1, acc: 0.3771
[2024-02-21 22:45:09] [INFO] [server epoch 1, client 5, local train]
[2024-02-21 22:45:11] [INFO] local epoch 1, acc: 0.3606
[2024-02-21 22:45:11] [INFO] [server epoch 1, client 6, local train]
[2024-02-21 22:45:12] [INFO] local epoch 1, acc: 0.3392
[2024-02-21 22:45:12] [INFO] [server epoch 1, client 7, local train]
[2024-02-21 22:45:13] [INFO] local epoch 1, acc: 0.3858
[2024-02-21 22:45:13] [INFO] [server epoch 1, client 8, local train]
[2024-02-21 22:45:15] [INFO] local epoch 1, acc: 0.3706
[2024-02-21 22:45:15] [INFO] [server epoch 1, client 9, local train]
[2024-02-21 22:45:16] [INFO] local epoch 1, acc: 0.3698
[2024-02-21 22:45:17] [INFO] server epoch 1, acc 0.3989
[2024-02-21 22:45:17] [INFO] server epoch 1, acc 0.3596
[2024-02-21 22:45:18] [INFO] server epoch 1, acc 0.3744
[2024-02-21 22:45:18] [INFO] [server epoch 2, client 1, local train]
[2024-02-21 22:45:19] [INFO] local epoch 1, acc: 0.4552
[2024-02-21 22:45:19] [INFO] [server epoch 2, client 2, local train]
[2024-02-21 22:45:20] [INFO] local epoch 1, acc: 0.4569
[2024-02-21 22:45:20] [INFO] [server epoch 2, client 3, local train]
[2024-02-21 22:45:22] [INFO] local epoch 1, acc: 0.4532
[2024-02-21 22:45:22] [INFO] [server epoch 2, client 4, local train]
[2024-02-21 22:45:23] [INFO] local epoch 1, acc: 0.4478
[2024-02-21 22:45:23] [INFO] [server epoch 2, client 5, local train]
[2024-02-21 22:45:24] [INFO] local epoch 1, acc: 0.4295
[2024-02-21 22:45:24] [INFO] [server epoch 2, client 6, local train]
[2024-02-21 22:45:26] [INFO] local epoch 1, acc: 0.4468
[2024-02-21 22:45:26] [INFO] [server epoch 2, client 7, local train]
[2024-02-21 22:45:27] [INFO] local epoch 1, acc: 0.4063
[2024-02-21 22:45:27] [INFO] [server epoch 2, client 8, local train]
[2024-02-21 22:45:29] [INFO] local epoch 1, acc: 0.4177
[2024-02-21 22:45:29] [INFO] [server epoch 2, client 9, local train]
[2024-02-21 22:45:30] [INFO] local epoch 1, acc: 0.4017
[2024-02-21 22:45:31] [INFO] server epoch 2, acc 0.4544
[2024-02-21 22:45:31] [INFO] server epoch 2, acc 0.4455
[2024-02-21 22:45:32] [INFO] server epoch 2, acc 0.4166
[2024-02-21 22:45:32] [INFO] results saved in ./res/fedavg1_seed_10000_alpha_1.0_dataset_cifar10_model_structure_cnn3/local_epochs_1_server_epochs_2_batch_size_160.pt.
[2024-02-21 22:45:32] [INFO] time cost: 00:00:50
