[2024-01-31 16:55:52] [INFO] fed_avg
        n_client     :   9   
          seed       : 10000 
      local_epochs   :  10   
     distill_epochs  :  10   
       batch_size    :  160  
      server_epochs  :  20   
          alpha      :  1.0  
         dataset     :cifar10
     model_structure : cnn3  
[2024-01-31 16:56:01] [INFO] [server epoch 1, client 1, local train]
[2024-01-31 16:56:03] [INFO] local epoch 1, acc: 0.2060
[2024-01-31 16:56:04] [INFO] local epoch 2, acc: 0.2667
[2024-01-31 16:56:05] [INFO] local epoch 3, acc: 0.2885
[2024-01-31 16:56:06] [INFO] local epoch 4, acc: 0.2996
[2024-01-31 16:56:07] [INFO] local epoch 5, acc: 0.3352
[2024-01-31 16:56:08] [INFO] local epoch 6, acc: 0.3538
[2024-01-31 16:56:10] [INFO] local epoch 7, acc: 0.3383
[2024-01-31 16:56:11] [INFO] local epoch 8, acc: 0.3625
[2024-01-31 16:56:12] [INFO] local epoch 9, acc: 0.3895
[2024-01-31 16:56:13] [INFO] local epoch 10, acc: 0.3872
[2024-01-31 16:56:13] [INFO] [server epoch 1, client 2, local train]
[2024-01-31 16:56:14] [INFO] local epoch 1, acc: 0.1462
[2024-01-31 16:56:15] [INFO] local epoch 2, acc: 0.2304
[2024-01-31 16:56:16] [INFO] local epoch 3, acc: 0.2580
[2024-01-31 16:56:17] [INFO] local epoch 4, acc: 0.2940
[2024-01-31 16:56:18] [INFO] local epoch 5, acc: 0.3127
[2024-01-31 16:56:19] [INFO] local epoch 6, acc: 0.3238
[2024-01-31 16:56:20] [INFO] local epoch 7, acc: 0.3246
[2024-01-31 16:56:22] [INFO] local epoch 8, acc: 0.3531
[2024-01-31 16:56:23] [INFO] local epoch 9, acc: 0.3481
[2024-01-31 16:56:24] [INFO] local epoch 10, acc: 0.3704
[2024-01-31 16:56:24] [INFO] [server epoch 1, client 3, local train]
[2024-01-31 16:56:25] [INFO] local epoch 1, acc: 0.1968
[2024-01-31 16:56:26] [INFO] local epoch 2, acc: 0.2676
[2024-01-31 16:56:27] [INFO] local epoch 3, acc: 0.3183
[2024-01-31 16:56:28] [INFO] local epoch 4, acc: 0.3602
[2024-01-31 16:56:29] [INFO] local epoch 5, acc: 0.3615
[2024-01-31 16:56:30] [INFO] local epoch 6, acc: 0.3862
[2024-01-31 16:56:32] [INFO] local epoch 7, acc: 0.3872
[2024-01-31 16:56:33] [INFO] local epoch 8, acc: 0.4024
[2024-01-31 16:56:34] [INFO] local epoch 9, acc: 0.4049
[2024-01-31 16:56:35] [INFO] local epoch 10, acc: 0.4180
[2024-01-31 16:56:35] [INFO] [server epoch 1, client 4, local train]
[2024-01-31 16:56:36] [INFO] local epoch 1, acc: 0.1788
[2024-01-31 16:56:37] [INFO] local epoch 2, acc: 0.2208
[2024-01-31 16:56:38] [INFO] local epoch 3, acc: 0.2369
[2024-01-31 16:56:39] [INFO] local epoch 4, acc: 0.2602
[2024-01-31 16:56:40] [INFO] local epoch 5, acc: 0.2661
[2024-01-31 16:56:41] [INFO] local epoch 6, acc: 0.2854
[2024-01-31 16:56:43] [INFO] local epoch 7, acc: 0.3154
[2024-01-31 16:56:44] [INFO] local epoch 8, acc: 0.3442
[2024-01-31 16:56:45] [INFO] local epoch 9, acc: 0.3394
[2024-01-31 16:56:46] [INFO] local epoch 10, acc: 0.3596
[2024-01-31 16:56:46] [INFO] [server epoch 1, client 5, local train]
[2024-01-31 16:56:47] [INFO] local epoch 1, acc: 0.2659
[2024-01-31 16:56:48] [INFO] local epoch 2, acc: 0.3221
[2024-01-31 16:56:49] [INFO] local epoch 3, acc: 0.3593
[2024-01-31 16:56:50] [INFO] local epoch 4, acc: 0.3791
[2024-01-31 16:56:51] [INFO] local epoch 5, acc: 0.3967
[2024-01-31 16:56:52] [INFO] local epoch 6, acc: 0.4184
[2024-01-31 16:56:54] [INFO] local epoch 7, acc: 0.4098
[2024-01-31 16:56:55] [INFO] local epoch 8, acc: 0.4260
[2024-01-31 16:56:56] [INFO] local epoch 9, acc: 0.4296
[2024-01-31 16:56:57] [INFO] local epoch 10, acc: 0.4423
[2024-01-31 16:56:57] [INFO] [server epoch 1, client 6, local train]
[2024-01-31 16:56:58] [INFO] local epoch 1, acc: 0.1475
[2024-01-31 16:56:59] [INFO] local epoch 2, acc: 0.1796
[2024-01-31 16:57:00] [INFO] local epoch 3, acc: 0.1965
[2024-01-31 16:57:01] [INFO] local epoch 4, acc: 0.2252
[2024-01-31 16:57:02] [INFO] local epoch 5, acc: 0.2373
[2024-01-31 16:57:03] [INFO] local epoch 6, acc: 0.2433
[2024-01-31 16:57:04] [INFO] local epoch 7, acc: 0.2515
[2024-01-31 16:57:05] [INFO] local epoch 8, acc: 0.2807
[2024-01-31 16:57:06] [INFO] local epoch 9, acc: 0.2844
[2024-01-31 16:57:07] [INFO] local epoch 10, acc: 0.3167
[2024-01-31 16:57:07] [INFO] [server epoch 1, client 7, local train]
[2024-01-31 16:57:08] [INFO] local epoch 1, acc: 0.1964
[2024-01-31 16:57:09] [INFO] local epoch 2, acc: 0.2267
[2024-01-31 16:57:10] [INFO] local epoch 3, acc: 0.2688
[2024-01-31 16:57:12] [INFO] local epoch 4, acc: 0.2857
[2024-01-31 16:57:13] [INFO] local epoch 5, acc: 0.2932
[2024-01-31 16:57:14] [INFO] local epoch 6, acc: 0.3136
[2024-01-31 16:57:15] [INFO] local epoch 7, acc: 0.3135
[2024-01-31 16:57:16] [INFO] local epoch 8, acc: 0.3154
[2024-01-31 16:57:17] [INFO] local epoch 9, acc: 0.3239
[2024-01-31 16:57:18] [INFO] local epoch 10, acc: 0.3453
[2024-01-31 16:57:18] [INFO] [server epoch 1, client 8, local train]
[2024-01-31 16:57:19] [INFO] local epoch 1, acc: 0.1561
[2024-01-31 16:57:20] [INFO] local epoch 2, acc: 0.1992
