[2024-01-31 17:17:27] [INFO] fed_avg
        n_client     :   9   
          seed       : 10000 
      local_epochs   :   2   
     distill_epochs  :  10   
       batch_size    :  160  
      server_epochs  :   2   
          alpha      :  1.0  
         dataset     :cifar10
     model_structure : cnn3  
[2024-01-31 17:17:36] [INFO] [server epoch 1, client 1, local train]
[2024-01-31 17:17:37] [INFO] local epoch 1, acc: 0.2062
[2024-01-31 17:17:38] [INFO] local epoch 2, acc: 0.2663
[2024-01-31 17:17:38] [INFO] [server epoch 1, client 2, local train]
[2024-01-31 17:17:40] [INFO] local epoch 1, acc: 0.1644
[2024-01-31 17:17:41] [INFO] local epoch 2, acc: 0.2319
[2024-01-31 17:17:41] [INFO] [server epoch 1, client 3, local train]
[2024-01-31 17:17:42] [INFO] local epoch 1, acc: 0.1963
[2024-01-31 17:17:43] [INFO] local epoch 2, acc: 0.2681
[2024-01-31 17:17:43] [INFO] [server epoch 1, client 4, local train]
[2024-01-31 17:17:44] [INFO] local epoch 1, acc: 0.1912
[2024-01-31 17:17:45] [INFO] local epoch 2, acc: 0.2173
[2024-01-31 17:17:45] [INFO] [server epoch 1, client 5, local train]
[2024-01-31 17:17:46] [INFO] local epoch 1, acc: 0.2424
[2024-01-31 17:17:48] [INFO] local epoch 2, acc: 0.3137
[2024-01-31 17:17:48] [INFO] [server epoch 1, client 6, local train]
[2024-01-31 17:17:49] [INFO] local epoch 1, acc: 0.1319
[2024-01-31 17:17:50] [INFO] local epoch 2, acc: 0.1805
[2024-01-31 17:17:50] [INFO] [server epoch 1, client 7, local train]
[2024-01-31 17:17:51] [INFO] local epoch 1, acc: 0.1921
[2024-01-31 17:17:52] [INFO] local epoch 2, acc: 0.2163
[2024-01-31 17:17:52] [INFO] [server epoch 1, client 8, local train]
[2024-01-31 17:17:53] [INFO] local epoch 1, acc: 0.1633
[2024-01-31 17:17:54] [INFO] local epoch 2, acc: 0.1946
[2024-01-31 17:17:54] [INFO] [server epoch 1, client 9, local train]
[2024-01-31 17:17:55] [INFO] local epoch 1, acc: 0.1819
[2024-01-31 17:17:57] [INFO] local epoch 2, acc: 0.2292
[2024-01-31 17:17:57] [INFO] server epoch 1, acc 0.2402
[2024-01-31 17:17:58] [INFO] server epoch 1, acc 0.2318
[2024-01-31 17:17:59] [INFO] server epoch 1, acc 0.1915
[2024-01-31 17:17:59] [INFO] [server epoch 2, client 1, local train]
[2024-01-31 17:18:01] [INFO] local epoch 1, acc: 0.2615
[2024-01-31 17:18:02] [INFO] local epoch 2, acc: 0.2918
[2024-01-31 17:18:02] [INFO] [server epoch 2, client 2, local train]
[2024-01-31 17:18:03] [INFO] local epoch 1, acc: 0.2692
[2024-01-31 17:18:04] [INFO] local epoch 2, acc: 0.2609
[2024-01-31 17:18:04] [INFO] [server epoch 2, client 3, local train]
[2024-01-31 17:18:05] [INFO] local epoch 1, acc: 0.3221
[2024-01-31 17:18:06] [INFO] local epoch 2, acc: 0.3343
[2024-01-31 17:18:06] [INFO] [server epoch 2, client 4, local train]
[2024-01-31 17:18:08] [INFO] local epoch 1, acc: 0.2238
[2024-01-31 17:18:09] [INFO] local epoch 2, acc: 0.2720
[2024-01-31 17:18:09] [INFO] [server epoch 2, client 5, local train]
[2024-01-31 17:18:10] [INFO] local epoch 1, acc: 0.3204
[2024-01-31 17:18:11] [INFO] local epoch 2, acc: 0.3617
[2024-01-31 17:18:11] [INFO] [server epoch 2, client 6, local train]
[2024-01-31 17:18:12] [INFO] local epoch 1, acc: 0.1999
[2024-01-31 17:18:13] [INFO] local epoch 2, acc: 0.2171
[2024-01-31 17:18:13] [INFO] [server epoch 2, client 7, local train]
[2024-01-31 17:18:14] [INFO] local epoch 1, acc: 0.2383
[2024-01-31 17:18:15] [INFO] local epoch 2, acc: 0.2688
[2024-01-31 17:18:15] [INFO] [server epoch 2, client 8, local train]
[2024-01-31 17:18:17] [INFO] local epoch 1, acc: 0.1972
[2024-01-31 17:18:18] [INFO] local epoch 2, acc: 0.2136
[2024-01-31 17:18:18] [INFO] [server epoch 2, client 9, local train]
[2024-01-31 17:18:19] [INFO] local epoch 1, acc: 0.2256
[2024-01-31 17:18:20] [INFO] local epoch 2, acc: 0.2516
[2024-01-31 17:18:21] [INFO] server epoch 2, acc 0.3573
[2024-01-31 17:18:22] [INFO] server epoch 2, acc 0.3262
[2024-01-31 17:18:23] [INFO] server epoch 2, acc 0.2491
[2024-01-31 17:18:23] [INFO] results saved in ./res/fedavg_pub_seed_10000_alpha_1.0_dataset_cifar10_model_structure_cnn3/local_epochs_2_server_epochs_2_batch_size_160.pt.
[2024-01-31 17:18:23] [INFO] time cost: 55.29731106758118
