[2024-01-31 17:55:42] [INFO] fed_avg
        n_client     :   9   
          seed       : 10000 
      local_epochs   :   2   
     distill_epochs  :  10   
       batch_size    :  160  
      server_epochs  :   2   
          alpha      :  1.0  
         dataset     :cifar10
     model_structure : cnn3  
[2024-01-31 17:55:50] [INFO] [server epoch 1, client 1, local train]
[2024-01-31 17:55:51] [INFO] local epoch 1, acc: 0.2063
[2024-01-31 17:55:53] [INFO] local epoch 2, acc: 0.2662
[2024-01-31 17:55:53] [INFO] [server epoch 1, client 2, local train]
[2024-01-31 17:55:54] [INFO] local epoch 1, acc: 0.1646
[2024-01-31 17:55:55] [INFO] local epoch 2, acc: 0.2323
[2024-01-31 17:55:55] [INFO] [server epoch 1, client 3, local train]
[2024-01-31 17:55:56] [INFO] local epoch 1, acc: 0.1964
[2024-01-31 17:55:57] [INFO] local epoch 2, acc: 0.2680
[2024-01-31 17:55:57] [INFO] [server epoch 1, client 4, local train]
[2024-01-31 17:55:58] [INFO] local epoch 1, acc: 0.1910
[2024-01-31 17:55:59] [INFO] local epoch 2, acc: 0.2175
[2024-01-31 17:55:59] [INFO] [server epoch 1, client 5, local train]
[2024-01-31 17:56:00] [INFO] local epoch 1, acc: 0.2423
[2024-01-31 17:56:01] [INFO] local epoch 2, acc: 0.3132
[2024-01-31 17:56:01] [INFO] [server epoch 1, client 6, local train]
[2024-01-31 17:56:02] [INFO] local epoch 1, acc: 0.1319
[2024-01-31 17:56:03] [INFO] local epoch 2, acc: 0.1803
[2024-01-31 17:56:03] [INFO] [server epoch 1, client 7, local train]
[2024-01-31 17:56:04] [INFO] local epoch 1, acc: 0.1920
[2024-01-31 17:56:05] [INFO] local epoch 2, acc: 0.2163
[2024-01-31 17:56:05] [INFO] [server epoch 1, client 8, local train]
[2024-01-31 17:56:06] [INFO] local epoch 1, acc: 0.1632
[2024-01-31 17:56:07] [INFO] local epoch 2, acc: 0.1951
[2024-01-31 17:56:07] [INFO] [server epoch 1, client 9, local train]
[2024-01-31 17:56:08] [INFO] local epoch 1, acc: 0.1818
[2024-01-31 17:56:10] [INFO] local epoch 2, acc: 0.2294
[2024-01-31 17:56:10] [INFO] server epoch 1, acc 0.2404
[2024-01-31 17:56:11] [INFO] server epoch 1, acc 0.2332
[2024-01-31 17:56:12] [INFO] server epoch 1, acc 0.1913
[2024-01-31 17:56:12] [INFO] [server epoch 2, client 1, local train]
[2024-01-31 17:56:13] [INFO] local epoch 1, acc: 0.2612
[2024-01-31 17:56:14] [INFO] local epoch 2, acc: 0.2935
[2024-01-31 17:56:14] [INFO] [server epoch 2, client 2, local train]
[2024-01-31 17:56:15] [INFO] local epoch 1, acc: 0.2684
[2024-01-31 17:56:16] [INFO] local epoch 2, acc: 0.2608
[2024-01-31 17:56:16] [INFO] [server epoch 2, client 3, local train]
[2024-01-31 17:56:18] [INFO] local epoch 1, acc: 0.3218
[2024-01-31 17:56:19] [INFO] local epoch 2, acc: 0.3343
[2024-01-31 17:56:19] [INFO] [server epoch 2, client 4, local train]
[2024-01-31 17:56:20] [INFO] local epoch 1, acc: 0.2237
[2024-01-31 17:56:21] [INFO] local epoch 2, acc: 0.2725
[2024-01-31 17:56:21] [INFO] [server epoch 2, client 5, local train]
[2024-01-31 17:56:22] [INFO] local epoch 1, acc: 0.3200
[2024-01-31 17:56:23] [INFO] local epoch 2, acc: 0.3622
[2024-01-31 17:56:23] [INFO] [server epoch 2, client 6, local train]
[2024-01-31 17:56:24] [INFO] local epoch 1, acc: 0.1997
[2024-01-31 17:56:25] [INFO] local epoch 2, acc: 0.2174
[2024-01-31 17:56:25] [INFO] [server epoch 2, client 7, local train]
[2024-01-31 17:56:26] [INFO] local epoch 1, acc: 0.2381
[2024-01-31 17:56:27] [INFO] local epoch 2, acc: 0.2689
[2024-01-31 17:56:27] [INFO] [server epoch 2, client 8, local train]
[2024-01-31 17:56:28] [INFO] local epoch 1, acc: 0.1970
[2024-01-31 17:56:29] [INFO] local epoch 2, acc: 0.2144
[2024-01-31 17:56:29] [INFO] [server epoch 2, client 9, local train]
[2024-01-31 17:56:30] [INFO] local epoch 1, acc: 0.2257
[2024-01-31 17:56:31] [INFO] local epoch 2, acc: 0.2511
[2024-01-31 17:56:32] [INFO] server epoch 2, acc 0.3576
[2024-01-31 17:56:33] [INFO] server epoch 2, acc 0.3231
[2024-01-31 17:56:34] [INFO] server epoch 2, acc 0.2501
[2024-01-31 17:56:34] [INFO] results saved in ./res/fedavg_seed_10000_alpha_1.0_dataset_cifar10_model_structure_cnn3/local_epochs_2_server_epochs_2_batch_size_160.pt.
[2024-01-31 17:56:34] [INFO] time cost: 00:00:51
