[2024-01-31 17:57:20] [INFO] hyper_fed
      n_public_data  :  100  
          seed       : 10000 
      local_epochs   :  10   
     distill_epochs  :  10   
       batch_size    :  160  
      server_epochs  :  20   
          alpha      :  1.0  
         dataset     :cifar10
     model_structure : cnn3  
[2024-01-31 17:57:33] [INFO] [server epoch 1, client 1, local train]
[2024-01-31 17:57:33] [INFO] local epoch 1, acc: 0.4022
[2024-01-31 17:57:34] [INFO] local epoch 2, acc: 0.4492
[2024-01-31 17:57:34] [INFO] local epoch 3, acc: 0.4824
[2024-01-31 17:57:35] [INFO] local epoch 4, acc: 0.5217
[2024-01-31 17:57:35] [INFO] local epoch 5, acc: 0.5399
[2024-01-31 17:57:36] [INFO] local epoch 6, acc: 0.5529
[2024-01-31 17:57:37] [INFO] local epoch 7, acc: 0.5597
[2024-01-31 17:57:37] [INFO] local epoch 8, acc: 0.5755
[2024-01-31 17:57:38] [INFO] local epoch 9, acc: 0.5796
[2024-01-31 17:57:38] [INFO] local epoch 10, acc: 0.5897
[2024-01-31 17:57:38] [INFO] [server epoch 1, client 2, local train]
[2024-01-31 17:57:39] [INFO] local epoch 1, acc: 0.3994
[2024-01-31 17:57:39] [INFO] local epoch 2, acc: 0.4508
[2024-01-31 17:57:40] [INFO] local epoch 3, acc: 0.4990
[2024-01-31 17:57:40] [INFO] local epoch 4, acc: 0.5217
[2024-01-31 17:57:41] [INFO] local epoch 5, acc: 0.5419
[2024-01-31 17:57:41] [INFO] local epoch 6, acc: 0.5452
[2024-01-31 17:57:42] [INFO] local epoch 7, acc: 0.5601
[2024-01-31 17:57:42] [INFO] local epoch 8, acc: 0.5691
[2024-01-31 17:57:43] [INFO] local epoch 9, acc: 0.5828
[2024-01-31 17:57:43] [INFO] local epoch 10, acc: 0.5869
[2024-01-31 17:57:43] [INFO] [server epoch 1, client 3, local train]
[2024-01-31 17:57:44] [INFO] local epoch 1, acc: 0.4147
[2024-01-31 17:57:44] [INFO] local epoch 2, acc: 0.4407
[2024-01-31 17:57:45] [INFO] local epoch 3, acc: 0.4921
[2024-01-31 17:57:45] [INFO] local epoch 4, acc: 0.5160
[2024-01-31 17:57:46] [INFO] local epoch 5, acc: 0.5350
[2024-01-31 17:57:46] [INFO] local epoch 6, acc: 0.5565
[2024-01-31 17:57:47] [INFO] local epoch 7, acc: 0.5593
[2024-01-31 17:57:47] [INFO] local epoch 8, acc: 0.5768
[2024-01-31 17:57:48] [INFO] local epoch 9, acc: 0.5687
[2024-01-31 17:57:48] [INFO] local epoch 10, acc: 0.5784
[2024-01-31 17:57:48] [INFO] [server epoch 1, client 4, local train]
[2024-01-31 17:57:49] [INFO] local epoch 1, acc: 0.3609
[2024-01-31 17:57:50] [INFO] local epoch 2, acc: 0.4353
[2024-01-31 17:57:50] [INFO] local epoch 3, acc: 0.4763
[2024-01-31 17:57:51] [INFO] local epoch 4, acc: 0.5086
[2024-01-31 17:57:51] [INFO] local epoch 5, acc: 0.5217
[2024-01-31 17:57:52] [INFO] local epoch 6, acc: 0.5441
[2024-01-31 17:57:52] [INFO] local epoch 7, acc: 0.5611
[2024-01-31 17:57:53] [INFO] local epoch 8, acc: 0.5634
[2024-01-31 17:57:53] [INFO] local epoch 9, acc: 0.5765
[2024-01-31 17:57:54] [INFO] local epoch 10, acc: 0.5887
[2024-01-31 17:57:54] [INFO] [server epoch 1, client 5, local train]
[2024-01-31 17:57:55] [INFO] local epoch 1, acc: 0.3687
[2024-01-31 17:57:55] [INFO] local epoch 2, acc: 0.4455
[2024-01-31 17:57:56] [INFO] local epoch 3, acc: 0.4796
[2024-01-31 17:57:56] [INFO] local epoch 4, acc: 0.5018
[2024-01-31 17:57:57] [INFO] local epoch 5, acc: 0.5227
[2024-01-31 17:57:57] [INFO] local epoch 6, acc: 0.5339
[2024-01-31 17:57:58] [INFO] local epoch 7, acc: 0.5616
[2024-01-31 17:57:58] [INFO] local epoch 8, acc: 0.5652
[2024-01-31 17:57:59] [INFO] local epoch 9, acc: 0.5720
[2024-01-31 17:58:00] [INFO] local epoch 10, acc: 0.5812
[2024-01-31 17:58:00] [INFO] [server epoch 1, client 6, local train]
[2024-01-31 17:58:00] [INFO] local epoch 1, acc: 0.3599
[2024-01-31 17:58:01] [INFO] local epoch 2, acc: 0.4541
[2024-01-31 17:58:01] [INFO] local epoch 3, acc: 0.4841
[2024-01-31 17:58:02] [INFO] local epoch 4, acc: 0.5115
[2024-01-31 17:58:02] [INFO] local epoch 5, acc: 0.5248
[2024-01-31 17:58:03] [INFO] local epoch 6, acc: 0.5418
[2024-01-31 17:58:03] [INFO] local epoch 7, acc: 0.5470
[2024-01-31 17:58:04] [INFO] local epoch 8, acc: 0.5650
[2024-01-31 17:58:05] [INFO] local epoch 9, acc: 0.5806
[2024-01-31 17:58:05] [INFO] local epoch 10, acc: 0.5861
[2024-01-31 17:58:05] [INFO] [server epoch 1, client 7, local train]
[2024-01-31 17:58:06] [INFO] local epoch 1, acc: 0.3869
[2024-01-31 17:58:06] [INFO] local epoch 2, acc: 0.3990
[2024-01-31 17:58:07] [INFO] local epoch 3, acc: 0.4374
[2024-01-31 17:58:07] [INFO] local epoch 4, acc: 0.4739
[2024-01-31 17:58:08] [INFO] local epoch 5, acc: 0.4799
[2024-01-31 17:58:08] [INFO] local epoch 6, acc: 0.4907
[2024-01-31 17:58:09] [INFO] local epoch 7, acc: 0.4996
[2024-01-31 17:58:10] [INFO] local epoch 8, acc: 0.4993
[2024-01-31 17:58:10] [INFO] local epoch 9, acc: 0.5118
[2024-01-31 17:58:11] [INFO] local epoch 10, acc: 0.5126
[2024-01-31 17:58:11] [INFO] [server epoch 1, client 8, local train]
[2024-01-31 17:58:11] [INFO] local epoch 1, acc: 0.3809
[2024-01-31 17:58:12] [INFO] local epoch 2, acc: 0.4085
[2024-01-31 17:58:12] [INFO] local epoch 3, acc: 0.4239
[2024-01-31 17:58:13] [INFO] local epoch 4, acc: 0.4634
[2024-01-31 17:58:13] [INFO] local epoch 5, acc: 0.4801
[2024-01-31 17:58:14] [INFO] local epoch 6, acc: 0.4934
[2024-01-31 17:58:15] [INFO] local epoch 7, acc: 0.5036
[2024-01-31 17:58:15] [INFO] local epoch 8, acc: 0.5015
[2024-01-31 17:58:16] [INFO] local epoch 9, acc: 0.5120
[2024-01-31 17:58:16] [INFO] local epoch 10, acc: 0.5264
[2024-01-31 17:58:16] [INFO] [server epoch 1, client 9, local train]
[2024-01-31 17:58:17] [INFO] local epoch 1, acc: 0.3798
[2024-01-31 17:58:17] [INFO] local epoch 2, acc: 0.4155
[2024-01-31 17:58:18] [INFO] local epoch 3, acc: 0.4477
[2024-01-31 17:58:18] [INFO] local epoch 4, acc: 0.4574
[2024-01-31 17:58:19] [INFO] local epoch 5, acc: 0.4812
[2024-01-31 17:58:20] [INFO] local epoch 6, acc: 0.4888
[2024-01-31 17:58:20] [INFO] local epoch 7, acc: 0.4736
[2024-01-31 17:58:21] [INFO] local epoch 8, acc: 0.5080
[2024-01-31 17:58:21] [INFO] local epoch 9, acc: 0.5107
[2024-01-31 17:58:22] [INFO] local epoch 10, acc: 0.5145
[2024-01-31 17:58:22] [INFO] [server epoch 1, client 1, distill train]
[2024-01-31 17:58:22] [INFO] distill epoch 1, acc: 0.5784
[2024-01-31 17:58:23] [INFO] distill epoch 2, acc: 0.5784
[2024-01-31 17:58:23] [INFO] distill epoch 3, acc: 0.5784
[2024-01-31 17:58:24] [INFO] distill epoch 4, acc: 0.5784
[2024-01-31 17:58:24] [INFO] distill epoch 5, acc: 0.5784
[2024-01-31 17:58:25] [INFO] distill epoch 6, acc: 0.5784
[2024-01-31 17:58:25] [INFO] distill epoch 7, acc: 0.5784
[2024-01-31 17:58:26] [INFO] distill epoch 8, acc: 0.5784
[2024-01-31 17:58:26] [INFO] distill epoch 9, acc: 0.5784
[2024-01-31 17:58:26] [INFO] distill epoch 10, acc: 0.5784
[2024-01-31 17:58:26] [INFO] [server epoch 1, client 2, distill train]
[2024-01-31 17:58:27] [INFO] distill epoch 1, acc: 0.5784
[2024-01-31 17:58:27] [INFO] distill epoch 2, acc: 0.5784
[2024-01-31 17:58:28] [INFO] distill epoch 3, acc: 0.5784
[2024-01-31 17:58:28] [INFO] distill epoch 4, acc: 0.5784
[2024-01-31 17:58:29] [INFO] distill epoch 5, acc: 0.5784
[2024-01-31 17:58:29] [INFO] distill epoch 6, acc: 0.5784
[2024-01-31 17:58:30] [INFO] distill epoch 7, acc: 0.5784
[2024-01-31 17:58:30] [INFO] distill epoch 8, acc: 0.5784
[2024-01-31 17:58:31] [INFO] distill epoch 9, acc: 0.5784
[2024-01-31 17:58:31] [INFO] distill epoch 10, acc: 0.5784
[2024-01-31 17:58:31] [INFO] [server epoch 1, client 3, distill train]
[2024-01-31 17:58:32] [INFO] distill epoch 1, acc: 0.5930
[2024-01-31 17:58:32] [INFO] distill epoch 2, acc: 0.5768
[2024-01-31 17:58:32] [INFO] distill epoch 3, acc: 0.5342
[2024-01-31 17:58:33] [INFO] distill epoch 4, acc: 0.4723
[2024-01-31 17:58:33] [INFO] distill epoch 5, acc: 0.3913
[2024-01-31 17:58:34] [INFO] distill epoch 6, acc: 0.3224
[2024-01-31 17:58:34] [INFO] distill epoch 7, acc: 0.2685
[2024-01-31 17:58:35] [INFO] distill epoch 8, acc: 0.2301
[2024-01-31 17:58:35] [INFO] distill epoch 9, acc: 0.1993
[2024-01-31 17:58:36] [INFO] distill epoch 10, acc: 0.1875
[2024-01-31 17:58:36] [INFO] [server epoch 1, client 4, distill train]
[2024-01-31 17:58:36] [INFO] distill epoch 1, acc: 0.1875
[2024-01-31 17:58:37] [INFO] distill epoch 2, acc: 0.1875
[2024-01-31 17:58:37] [INFO] distill epoch 3, acc: 0.1875
[2024-01-31 17:58:38] [INFO] distill epoch 4, acc: 0.1875
[2024-01-31 17:58:38] [INFO] distill epoch 5, acc: 0.1875
[2024-01-31 17:58:39] [INFO] distill epoch 6, acc: 0.1875
[2024-01-31 17:58:39] [INFO] distill epoch 7, acc: 0.1875
[2024-01-31 17:58:39] [INFO] distill epoch 8, acc: 0.1875
[2024-01-31 17:58:40] [INFO] distill epoch 9, acc: 0.1875
[2024-01-31 17:58:40] [INFO] distill epoch 10, acc: 0.1875
[2024-01-31 17:58:40] [INFO] [server epoch 1, client 5, distill train]
[2024-01-31 17:58:41] [INFO] distill epoch 1, acc: 0.1875
[2024-01-31 17:58:41] [INFO] distill epoch 2, acc: 0.1875
[2024-01-31 17:58:42] [INFO] distill epoch 3, acc: 0.1875
[2024-01-31 17:58:42] [INFO] distill epoch 4, acc: 0.1875
[2024-01-31 17:58:43] [INFO] distill epoch 5, acc: 0.1875
[2024-01-31 17:58:43] [INFO] distill epoch 6, acc: 0.1875
[2024-01-31 17:58:44] [INFO] distill epoch 7, acc: 0.1875
[2024-01-31 17:58:44] [INFO] distill epoch 8, acc: 0.1875
[2024-01-31 17:58:45] [INFO] distill epoch 9, acc: 0.1875
[2024-01-31 17:58:45] [INFO] distill epoch 10, acc: 0.1875
[2024-01-31 17:58:45] [INFO] [server epoch 1, client 6, distill train]
[2024-01-31 17:58:46] [INFO] distill epoch 1, acc: 0.1875
[2024-01-31 17:58:46] [INFO] distill epoch 2, acc: 0.1875
[2024-01-31 17:58:47] [INFO] distill epoch 3, acc: 0.1875
[2024-01-31 17:58:47] [INFO] distill epoch 4, acc: 0.1875
[2024-01-31 17:58:47] [INFO] distill epoch 5, acc: 0.1875
[2024-01-31 17:58:48] [INFO] distill epoch 6, acc: 0.1875
[2024-01-31 17:58:48] [INFO] distill epoch 7, acc: 0.1875
[2024-01-31 17:58:49] [INFO] distill epoch 8, acc: 0.1875
[2024-01-31 17:58:49] [INFO] distill epoch 9, acc: 0.1875
[2024-01-31 17:58:50] [INFO] distill epoch 10, acc: 0.1875
[2024-01-31 17:58:50] [INFO] [server epoch 1, client 7, distill train]
[2024-01-31 17:58:50] [INFO] distill epoch 1, acc: 0.1875
[2024-01-31 17:58:51] [INFO] distill epoch 2, acc: 0.1875
[2024-01-31 17:58:51] [INFO] distill epoch 3, acc: 0.1875
[2024-01-31 17:58:52] [INFO] distill epoch 4, acc: 0.1875
[2024-01-31 17:58:52] [INFO] distill epoch 5, acc: 0.1875
[2024-01-31 17:58:53] [INFO] distill epoch 6, acc: 0.1875
[2024-01-31 17:58:53] [INFO] distill epoch 7, acc: 0.1875
[2024-01-31 17:58:54] [INFO] distill epoch 8, acc: 0.1875
[2024-01-31 17:58:54] [INFO] distill epoch 9, acc: 0.1875
[2024-01-31 17:58:55] [INFO] distill epoch 10, acc: 0.1875
[2024-01-31 17:58:55] [INFO] [server epoch 1, client 8, distill train]
[2024-01-31 17:58:55] [INFO] distill epoch 1, acc: 0.1875
[2024-01-31 17:58:55] [INFO] distill epoch 2, acc: 0.1875
[2024-01-31 17:58:56] [INFO] distill epoch 3, acc: 0.1875
[2024-01-31 17:58:56] [INFO] distill epoch 4, acc: 0.1875
[2024-01-31 17:58:57] [INFO] distill epoch 5, acc: 0.1875
[2024-01-31 17:58:57] [INFO] distill epoch 6, acc: 0.1875
[2024-01-31 17:58:58] [INFO] distill epoch 7, acc: 0.1875
[2024-01-31 17:58:58] [INFO] distill epoch 8, acc: 0.1875
[2024-01-31 17:58:59] [INFO] distill epoch 9, acc: 0.1875
[2024-01-31 17:58:59] [INFO] distill epoch 10, acc: 0.1875
[2024-01-31 17:58:59] [INFO] [server epoch 1, client 9, distill train]
[2024-01-31 17:59:00] [INFO] distill epoch 1, acc: 0.1875
[2024-01-31 17:59:00] [INFO] distill epoch 2, acc: 0.1875
[2024-01-31 17:59:01] [INFO] distill epoch 3, acc: 0.1875
[2024-01-31 17:59:01] [INFO] distill epoch 4, acc: 0.1875
[2024-01-31 17:59:02] [INFO] distill epoch 5, acc: 0.1875
[2024-01-31 17:59:02] [INFO] distill epoch 6, acc: 0.1875
[2024-01-31 17:59:03] [INFO] distill epoch 7, acc: 0.1875
[2024-01-31 17:59:03] [INFO] distill epoch 8, acc: 0.1875
[2024-01-31 17:59:04] [INFO] distill epoch 9, acc: 0.1875
[2024-01-31 17:59:04] [INFO] distill epoch 10, acc: 0.1875
[2024-01-31 17:59:04] [INFO] [server epoch 2, client 1, local train]
[2024-01-31 17:59:05] [INFO] local epoch 1, acc: 0.5938
[2024-01-31 17:59:05] [INFO] local epoch 2, acc: 0.5994
[2024-01-31 17:59:06] [INFO] local epoch 3, acc: 0.5986
[2024-01-31 17:59:06] [INFO] local epoch 4, acc: 0.6100
[2024-01-31 17:59:07] [INFO] local epoch 5, acc: 0.6019
[2024-01-31 17:59:07] [INFO] local epoch 6, acc: 0.6087
[2024-01-31 17:59:08] [INFO] local epoch 7, acc: 0.6148
[2024-01-31 17:59:08] [INFO] local epoch 8, acc: 0.6083
[2024-01-31 17:59:09] [INFO] local epoch 9, acc: 0.6241
[2024-01-31 17:59:09] [INFO] local epoch 10, acc: 0.6294
[2024-01-31 17:59:09] [INFO] [server epoch 2, client 2, local train]
[2024-01-31 17:59:10] [INFO] local epoch 1, acc: 0.5909
[2024-01-31 17:59:10] [INFO] local epoch 2, acc: 0.5950
[2024-01-31 17:59:11] [INFO] local epoch 3, acc: 0.6035
[2024-01-31 17:59:11] [INFO] local epoch 4, acc: 0.6047
[2024-01-31 17:59:12] [INFO] local epoch 5, acc: 0.6079
[2024-01-31 17:59:12] [INFO] local epoch 6, acc: 0.6128
[2024-01-31 17:59:13] [INFO] local epoch 7, acc: 0.5966
[2024-01-31 17:59:13] [INFO] local epoch 8, acc: 0.6132
[2024-01-31 17:59:14] [INFO] local epoch 9, acc: 0.6173
[2024-01-31 17:59:14] [INFO] local epoch 10, acc: 0.6274
[2024-01-31 17:59:14] [INFO] [server epoch 2, client 3, local train]
[2024-01-31 17:59:15] [INFO] local epoch 1, acc: 0.5869
[2024-01-31 17:59:15] [INFO] local epoch 2, acc: 0.5893
[2024-01-31 17:59:16] [INFO] local epoch 3, acc: 0.6051
[2024-01-31 17:59:16] [INFO] local epoch 4, acc: 0.6112
[2024-01-31 17:59:17] [INFO] local epoch 5, acc: 0.6067
[2024-01-31 17:59:17] [INFO] local epoch 6, acc: 0.6173
[2024-01-31 17:59:18] [INFO] local epoch 7, acc: 0.6225
[2024-01-31 17:59:18] [INFO] local epoch 8, acc: 0.6197
[2024-01-31 17:59:19] [INFO] local epoch 9, acc: 0.6286
[2024-01-31 17:59:19] [INFO] local epoch 10, acc: 0.6274
[2024-01-31 17:59:19] [INFO] [server epoch 2, client 4, local train]
[2024-01-31 17:59:20] [INFO] local epoch 1, acc: 0.5757
[2024-01-31 17:59:21] [INFO] local epoch 2, acc: 0.5973
[2024-01-31 17:59:21] [INFO] local epoch 3, acc: 0.5981
[2024-01-31 17:59:22] [INFO] local epoch 4, acc: 0.5976
[2024-01-31 17:59:22] [INFO] local epoch 5, acc: 0.6075
[2024-01-31 17:59:23] [INFO] local epoch 6, acc: 0.6106
[2024-01-31 17:59:23] [INFO] local epoch 7, acc: 0.6151
[2024-01-31 17:59:24] [INFO] local epoch 8, acc: 0.6237
[2024-01-31 17:59:24] [INFO] local epoch 9, acc: 0.6273
[2024-01-31 17:59:25] [INFO] local epoch 10, acc: 0.6349
[2024-01-31 17:59:25] [INFO] [server epoch 2, client 5, local train]
[2024-01-31 17:59:26] [INFO] local epoch 1, acc: 0.5775
[2024-01-31 17:59:26] [INFO] local epoch 2, acc: 0.5887
[2024-01-31 17:59:27] [INFO] local epoch 3, acc: 0.5945
[2024-01-31 17:59:27] [INFO] local epoch 4, acc: 0.5866
[2024-01-31 17:59:28] [INFO] local epoch 5, acc: 0.6122
[2024-01-31 17:59:28] [INFO] local epoch 6, acc: 0.6101
[2024-01-31 17:59:29] [INFO] local epoch 7, acc: 0.6198
[2024-01-31 17:59:30] [INFO] local epoch 8, acc: 0.6229
[2024-01-31 17:59:30] [INFO] local epoch 9, acc: 0.6224
[2024-01-31 17:59:31] [INFO] local epoch 10, acc: 0.6328
[2024-01-31 17:59:31] [INFO] [server epoch 2, client 6, local train]
[2024-01-31 17:59:31] [INFO] local epoch 1, acc: 0.5864
[2024-01-31 17:59:32] [INFO] local epoch 2, acc: 0.5926
[2024-01-31 17:59:32] [INFO] local epoch 3, acc: 0.6013
[2024-01-31 17:59:33] [INFO] local epoch 4, acc: 0.6046
[2024-01-31 17:59:33] [INFO] local epoch 5, acc: 0.6031
[2024-01-31 17:59:34] [INFO] local epoch 6, acc: 0.6138
[2024-01-31 17:59:35] [INFO] local epoch 7, acc: 0.6140
[2024-01-31 17:59:35] [INFO] local epoch 8, acc: 0.6130
[2024-01-31 17:59:36] [INFO] local epoch 9, acc: 0.6302
[2024-01-31 17:59:36] [INFO] local epoch 10, acc: 0.6404
[2024-01-31 17:59:36] [INFO] [server epoch 2, client 7, local train]
[2024-01-31 17:59:37] [INFO] local epoch 1, acc: 0.5177
[2024-01-31 17:59:37] [INFO] local epoch 2, acc: 0.5291
[2024-01-31 17:59:38] [INFO] local epoch 3, acc: 0.5285
[2024-01-31 17:59:38] [INFO] local epoch 4, acc: 0.5237
[2024-01-31 17:59:39] [INFO] local epoch 5, acc: 0.5391
[2024-01-31 17:59:40] [INFO] local epoch 6, acc: 0.5369
[2024-01-31 17:59:40] [INFO] local epoch 7, acc: 0.5434
[2024-01-31 17:59:41] [INFO] local epoch 8, acc: 0.5388
[2024-01-31 17:59:41] [INFO] local epoch 9, acc: 0.5512
[2024-01-31 17:59:42] [INFO] local epoch 10, acc: 0.5458
[2024-01-31 17:59:42] [INFO] [server epoch 2, client 8, local train]
[2024-01-31 17:59:42] [INFO] local epoch 1, acc: 0.5182
[2024-01-31 17:59:43] [INFO] local epoch 2, acc: 0.5101
[2024-01-31 17:59:43] [INFO] local epoch 3, acc: 0.5288
[2024-01-31 17:59:44] [INFO] local epoch 4, acc: 0.5350
[2024-01-31 17:59:45] [INFO] local epoch 5, acc: 0.5388
[2024-01-31 17:59:45] [INFO] local epoch 6, acc: 0.5293
[2024-01-31 17:59:46] [INFO] local epoch 7, acc: 0.5415
[2024-01-31 17:59:46] [INFO] local epoch 8, acc: 0.5434
[2024-01-31 17:59:47] [INFO] local epoch 9, acc: 0.5480
[2024-01-31 17:59:47] [INFO] local epoch 10, acc: 0.5558
[2024-01-31 17:59:47] [INFO] [server epoch 2, client 9, local train]
[2024-01-31 17:59:48] [INFO] local epoch 1, acc: 0.5128
[2024-01-31 17:59:48] [INFO] local epoch 2, acc: 0.5231
[2024-01-31 17:59:49] [INFO] local epoch 3, acc: 0.5218
[2024-01-31 17:59:50] [INFO] local epoch 4, acc: 0.5226
[2024-01-31 17:59:50] [INFO] local epoch 5, acc: 0.5345
[2024-01-31 17:59:51] [INFO] local epoch 6, acc: 0.5366
[2024-01-31 17:59:51] [INFO] local epoch 7, acc: 0.5353
[2024-01-31 17:59:52] [INFO] local epoch 8, acc: 0.5323
[2024-01-31 17:59:52] [INFO] local epoch 9, acc: 0.5393
[2024-01-31 17:59:53] [INFO] local epoch 10, acc: 0.5485
[2024-01-31 17:59:53] [INFO] [server epoch 2, client 1, distill train]
[2024-01-31 17:59:53] [INFO] distill epoch 1, acc: 0.6274
[2024-01-31 17:59:54] [INFO] distill epoch 2, acc: 0.6274
[2024-01-31 17:59:54] [INFO] distill epoch 3, acc: 0.6274
[2024-01-31 17:59:55] [INFO] distill epoch 4, acc: 0.6274
[2024-01-31 17:59:55] [INFO] distill epoch 5, acc: 0.6274
[2024-01-31 17:59:56] [INFO] distill epoch 6, acc: 0.6274
[2024-01-31 17:59:56] [INFO] distill epoch 7, acc: 0.6274
[2024-01-31 17:59:57] [INFO] distill epoch 8, acc: 0.6274
[2024-01-31 17:59:57] [INFO] distill epoch 9, acc: 0.6274
[2024-01-31 17:59:58] [INFO] distill epoch 10, acc: 0.6274
[2024-01-31 17:59:58] [INFO] [server epoch 2, client 2, distill train]
[2024-01-31 17:59:58] [INFO] distill epoch 1, acc: 0.6274
[2024-01-31 17:59:59] [INFO] distill epoch 2, acc: 0.6274
[2024-01-31 17:59:59] [INFO] distill epoch 3, acc: 0.6274
[2024-01-31 17:59:59] [INFO] distill epoch 4, acc: 0.6274
[2024-01-31 18:00:00] [INFO] distill epoch 5, acc: 0.6274
[2024-01-31 18:00:00] [INFO] distill epoch 6, acc: 0.6274
[2024-01-31 18:00:01] [INFO] distill epoch 7, acc: 0.6274
[2024-01-31 18:00:01] [INFO] distill epoch 8, acc: 0.6274
[2024-01-31 18:00:02] [INFO] distill epoch 9, acc: 0.6274
[2024-01-31 18:00:02] [INFO] distill epoch 10, acc: 0.6274
[2024-01-31 18:00:02] [INFO] [server epoch 2, client 3, distill train]
[2024-01-31 18:00:03] [INFO] distill epoch 1, acc: 0.6278
[2024-01-31 18:00:03] [INFO] distill epoch 2, acc: 0.6096
[2024-01-31 18:00:04] [INFO] distill epoch 3, acc: 0.5687
[2024-01-31 18:00:04] [INFO] distill epoch 4, acc: 0.5010
[2024-01-31 18:00:05] [INFO] distill epoch 5, acc: 0.4228
[2024-01-31 18:00:05] [INFO] distill epoch 6, acc: 0.3588
[2024-01-31 18:00:05] [INFO] distill epoch 7, acc: 0.3094
[2024-01-31 18:00:06] [INFO] distill epoch 8, acc: 0.2762
[2024-01-31 18:00:06] [INFO] distill epoch 9, acc: 0.2568
[2024-01-31 18:00:07] [INFO] distill epoch 10, acc: 0.2491
[2024-01-31 18:00:07] [INFO] [server epoch 2, client 4, distill train]
[2024-01-31 18:00:07] [INFO] distill epoch 1, acc: 0.2491
[2024-01-31 18:00:08] [INFO] distill epoch 2, acc: 0.2491
[2024-01-31 18:00:08] [INFO] distill epoch 3, acc: 0.2491
[2024-01-31 18:00:09] [INFO] distill epoch 4, acc: 0.2491
[2024-01-31 18:00:09] [INFO] distill epoch 5, acc: 0.2491
[2024-01-31 18:00:10] [INFO] distill epoch 6, acc: 0.2491
[2024-01-31 18:00:10] [INFO] distill epoch 7, acc: 0.2491
[2024-01-31 18:00:11] [INFO] distill epoch 8, acc: 0.2491
[2024-01-31 18:00:11] [INFO] distill epoch 9, acc: 0.2491
[2024-01-31 18:00:12] [INFO] distill epoch 10, acc: 0.2491
[2024-01-31 18:00:12] [INFO] [server epoch 2, client 5, distill train]
[2024-01-31 18:00:12] [INFO] distill epoch 1, acc: 0.2491
[2024-01-31 18:00:12] [INFO] distill epoch 2, acc: 0.2491
[2024-01-31 18:00:13] [INFO] distill epoch 3, acc: 0.2491
[2024-01-31 18:00:13] [INFO] distill epoch 4, acc: 0.2491
[2024-01-31 18:00:14] [INFO] distill epoch 5, acc: 0.2491
[2024-01-31 18:00:14] [INFO] distill epoch 6, acc: 0.2491
[2024-01-31 18:00:15] [INFO] distill epoch 7, acc: 0.2491
[2024-01-31 18:00:15] [INFO] distill epoch 8, acc: 0.2491
[2024-01-31 18:00:16] [INFO] distill epoch 9, acc: 0.2491
[2024-01-31 18:00:16] [INFO] distill epoch 10, acc: 0.2491
[2024-01-31 18:00:16] [INFO] [server epoch 2, client 6, distill train]
[2024-01-31 18:00:17] [INFO] distill epoch 1, acc: 0.2491
[2024-01-31 18:00:17] [INFO] distill epoch 2, acc: 0.2491
[2024-01-31 18:00:18] [INFO] distill epoch 3, acc: 0.2491
[2024-01-31 18:00:18] [INFO] distill epoch 4, acc: 0.2491
[2024-01-31 18:00:19] [INFO] distill epoch 5, acc: 0.2491
[2024-01-31 18:00:19] [INFO] distill epoch 6, acc: 0.2491
[2024-01-31 18:00:20] [INFO] distill epoch 7, acc: 0.2491
[2024-01-31 18:00:20] [INFO] distill epoch 8, acc: 0.2491
[2024-01-31 18:00:20] [INFO] distill epoch 9, acc: 0.2491
[2024-01-31 18:00:21] [INFO] distill epoch 10, acc: 0.2491
[2024-01-31 18:00:21] [INFO] [server epoch 2, client 7, distill train]
[2024-01-31 18:00:21] [INFO] distill epoch 1, acc: 0.2491
[2024-01-31 18:00:22] [INFO] distill epoch 2, acc: 0.2491
[2024-01-31 18:00:22] [INFO] distill epoch 3, acc: 0.2491
[2024-01-31 18:00:23] [INFO] distill epoch 4, acc: 0.2491
[2024-01-31 18:00:23] [INFO] distill epoch 5, acc: 0.2491
[2024-01-31 18:00:24] [INFO] distill epoch 6, acc: 0.2491
[2024-01-31 18:00:24] [INFO] distill epoch 7, acc: 0.2491
[2024-01-31 18:00:25] [INFO] distill epoch 8, acc: 0.2491
[2024-01-31 18:00:25] [INFO] distill epoch 9, acc: 0.2491
[2024-01-31 18:00:26] [INFO] distill epoch 10, acc: 0.2491
[2024-01-31 18:00:26] [INFO] [server epoch 2, client 8, distill train]
[2024-01-31 18:00:26] [INFO] distill epoch 1, acc: 0.2491
[2024-01-31 18:00:27] [INFO] distill epoch 2, acc: 0.2491
[2024-01-31 18:00:27] [INFO] distill epoch 3, acc: 0.2491
[2024-01-31 18:00:28] [INFO] distill epoch 4, acc: 0.2491
[2024-01-31 18:00:28] [INFO] distill epoch 5, acc: 0.2491
[2024-01-31 18:00:29] [INFO] distill epoch 6, acc: 0.2491
[2024-01-31 18:00:29] [INFO] distill epoch 7, acc: 0.2491
[2024-01-31 18:00:29] [INFO] distill epoch 8, acc: 0.2491
[2024-01-31 18:00:30] [INFO] distill epoch 9, acc: 0.2491
[2024-01-31 18:00:30] [INFO] distill epoch 10, acc: 0.2491
[2024-01-31 18:00:30] [INFO] [server epoch 2, client 9, distill train]
[2024-01-31 18:00:31] [INFO] distill epoch 1, acc: 0.2491
[2024-01-31 18:00:31] [INFO] distill epoch 2, acc: 0.2491
[2024-01-31 18:00:32] [INFO] distill epoch 3, acc: 0.2491
[2024-01-31 18:00:32] [INFO] distill epoch 4, acc: 0.2491
[2024-01-31 18:00:33] [INFO] distill epoch 5, acc: 0.2491
[2024-01-31 18:00:33] [INFO] distill epoch 6, acc: 0.2491
[2024-01-31 18:00:34] [INFO] distill epoch 7, acc: 0.2491
[2024-01-31 18:00:34] [INFO] distill epoch 8, acc: 0.2491
[2024-01-31 18:00:35] [INFO] distill epoch 9, acc: 0.2491
[2024-01-31 18:00:35] [INFO] distill epoch 10, acc: 0.2491
[2024-01-31 18:00:35] [INFO] [server epoch 3, client 1, local train]
[2024-01-31 18:00:36] [INFO] local epoch 1, acc: 0.6274
[2024-01-31 18:00:36] [INFO] local epoch 2, acc: 0.6379
[2024-01-31 18:00:37] [INFO] local epoch 3, acc: 0.6383
[2024-01-31 18:00:37] [INFO] local epoch 4, acc: 0.6363
[2024-01-31 18:00:38] [INFO] local epoch 5, acc: 0.6318
[2024-01-31 18:00:38] [INFO] local epoch 6, acc: 0.6460
[2024-01-31 18:00:39] [INFO] local epoch 7, acc: 0.6387
[2024-01-31 18:00:39] [INFO] local epoch 8, acc: 0.6472
[2024-01-31 18:00:40] [INFO] local epoch 9, acc: 0.6444
[2024-01-31 18:00:40] [INFO] local epoch 10, acc: 0.6412
[2024-01-31 18:00:40] [INFO] [server epoch 3, client 2, local train]
[2024-01-31 18:00:41] [INFO] local epoch 1, acc: 0.6306
[2024-01-31 18:00:41] [INFO] local epoch 2, acc: 0.6343
[2024-01-31 18:00:42] [INFO] local epoch 3, acc: 0.6371
[2024-01-31 18:00:42] [INFO] local epoch 4, acc: 0.6416
[2024-01-31 18:00:43] [INFO] local epoch 5, acc: 0.6424
[2024-01-31 18:00:43] [INFO] local epoch 6, acc: 0.6359
[2024-01-31 18:00:44] [INFO] local epoch 7, acc: 0.6420
[2024-01-31 18:00:44] [INFO] local epoch 8, acc: 0.6460
[2024-01-31 18:00:45] [INFO] local epoch 9, acc: 0.6565
[2024-01-31 18:00:46] [INFO] local epoch 10, acc: 0.6533
[2024-01-31 18:00:46] [INFO] [server epoch 3, client 3, local train]
[2024-01-31 18:00:46] [INFO] local epoch 1, acc: 0.6326
[2024-01-31 18:00:47] [INFO] local epoch 2, acc: 0.6347
[2024-01-31 18:00:47] [INFO] local epoch 3, acc: 0.6420
[2024-01-31 18:00:48] [INFO] local epoch 4, acc: 0.6468
[2024-01-31 18:00:48] [INFO] local epoch 5, acc: 0.6444
[2024-01-31 18:00:49] [INFO] local epoch 6, acc: 0.6480
[2024-01-31 18:00:49] [INFO] local epoch 7, acc: 0.6513
[2024-01-31 18:00:50] [INFO] local epoch 8, acc: 0.6574
[2024-01-31 18:00:50] [INFO] local epoch 9, acc: 0.6561
[2024-01-31 18:00:51] [INFO] local epoch 10, acc: 0.6537
[2024-01-31 18:00:51] [INFO] [server epoch 3, client 4, local train]
[2024-01-31 18:00:51] [INFO] local epoch 1, acc: 0.6326
[2024-01-31 18:00:52] [INFO] local epoch 2, acc: 0.6487
[2024-01-31 18:00:53] [INFO] local epoch 3, acc: 0.6511
[2024-01-31 18:00:53] [INFO] local epoch 4, acc: 0.6501
[2024-01-31 18:00:54] [INFO] local epoch 5, acc: 0.6498
[2024-01-31 18:00:54] [INFO] local epoch 6, acc: 0.6600
[2024-01-31 18:00:55] [INFO] local epoch 7, acc: 0.6487
[2024-01-31 18:00:55] [INFO] local epoch 8, acc: 0.6678
[2024-01-31 18:00:56] [INFO] local epoch 9, acc: 0.6691
[2024-01-31 18:00:57] [INFO] local epoch 10, acc: 0.6647
[2024-01-31 18:00:57] [INFO] [server epoch 3, client 5, local train]
[2024-01-31 18:00:57] [INFO] local epoch 1, acc: 0.6386
[2024-01-31 18:00:58] [INFO] local epoch 2, acc: 0.6417
[2024-01-31 18:00:58] [INFO] local epoch 3, acc: 0.6446
[2024-01-31 18:00:59] [INFO] local epoch 4, acc: 0.6347
[2024-01-31 18:00:59] [INFO] local epoch 5, acc: 0.6516
[2024-01-31 18:01:00] [INFO] local epoch 6, acc: 0.6592
[2024-01-31 18:01:00] [INFO] local epoch 7, acc: 0.6597
[2024-01-31 18:01:01] [INFO] local epoch 8, acc: 0.6503
[2024-01-31 18:01:02] [INFO] local epoch 9, acc: 0.6605
[2024-01-31 18:01:02] [INFO] local epoch 10, acc: 0.6675
[2024-01-31 18:01:02] [INFO] [server epoch 3, client 6, local train]
[2024-01-31 18:01:03] [INFO] local epoch 1, acc: 0.6284
[2024-01-31 18:01:03] [INFO] local epoch 2, acc: 0.6334
[2024-01-31 18:01:04] [INFO] local epoch 3, acc: 0.6412
[2024-01-31 18:01:04] [INFO] local epoch 4, acc: 0.6365
[2024-01-31 18:01:05] [INFO] local epoch 5, acc: 0.6579
[2024-01-31 18:01:06] [INFO] local epoch 6, acc: 0.6514
[2024-01-31 18:01:06] [INFO] local epoch 7, acc: 0.6534
[2024-01-31 18:01:07] [INFO] local epoch 8, acc: 0.6532
[2024-01-31 18:01:07] [INFO] local epoch 9, acc: 0.6555
[2024-01-31 18:01:08] [INFO] local epoch 10, acc: 0.6574
[2024-01-31 18:01:08] [INFO] [server epoch 3, client 7, local train]
[2024-01-31 18:01:08] [INFO] local epoch 1, acc: 0.5472
[2024-01-31 18:01:09] [INFO] local epoch 2, acc: 0.5539
[2024-01-31 18:01:09] [INFO] local epoch 3, acc: 0.5566
[2024-01-31 18:01:10] [INFO] local epoch 4, acc: 0.5585
[2024-01-31 18:01:11] [INFO] local epoch 5, acc: 0.5588
[2024-01-31 18:01:11] [INFO] local epoch 6, acc: 0.5634
[2024-01-31 18:01:12] [INFO] local epoch 7, acc: 0.5677
[2024-01-31 18:01:12] [INFO] local epoch 8, acc: 0.5672
[2024-01-31 18:01:13] [INFO] local epoch 9, acc: 0.5775
[2024-01-31 18:01:13] [INFO] local epoch 10, acc: 0.5596
[2024-01-31 18:01:13] [INFO] [server epoch 3, client 8, local train]
[2024-01-31 18:01:14] [INFO] local epoch 1, acc: 0.5564
[2024-01-31 18:01:14] [INFO] local epoch 2, acc: 0.5493
[2024-01-31 18:01:15] [INFO] local epoch 3, acc: 0.5583
[2024-01-31 18:01:16] [INFO] local epoch 4, acc: 0.5612
[2024-01-31 18:01:16] [INFO] local epoch 5, acc: 0.5620
[2024-01-31 18:01:17] [INFO] local epoch 6, acc: 0.5672
[2024-01-31 18:01:17] [INFO] local epoch 7, acc: 0.5647
[2024-01-31 18:01:18] [INFO] local epoch 8, acc: 0.5750
[2024-01-31 18:01:18] [INFO] local epoch 9, acc: 0.5734
[2024-01-31 18:01:19] [INFO] local epoch 10, acc: 0.5726
[2024-01-31 18:01:19] [INFO] [server epoch 3, client 9, local train]
[2024-01-31 18:01:19] [INFO] local epoch 1, acc: 0.5531
[2024-01-31 18:01:20] [INFO] local epoch 2, acc: 0.5588
[2024-01-31 18:01:21] [INFO] local epoch 3, acc: 0.5537
[2024-01-31 18:01:21] [INFO] local epoch 4, acc: 0.5591
[2024-01-31 18:01:22] [INFO] local epoch 5, acc: 0.5618
[2024-01-31 18:01:22] [INFO] local epoch 6, acc: 0.5637
[2024-01-31 18:01:23] [INFO] local epoch 7, acc: 0.5591
[2024-01-31 18:01:23] [INFO] local epoch 8, acc: 0.5685
[2024-01-31 18:01:24] [INFO] local epoch 9, acc: 0.5512
[2024-01-31 18:01:24] [INFO] local epoch 10, acc: 0.5726
[2024-01-31 18:01:25] [INFO] [server epoch 3, client 1, distill train]
[2024-01-31 18:01:25] [INFO] distill epoch 1, acc: 0.6537
[2024-01-31 18:01:25] [INFO] distill epoch 2, acc: 0.6537
[2024-01-31 18:01:26] [INFO] distill epoch 3, acc: 0.6537
[2024-01-31 18:01:26] [INFO] distill epoch 4, acc: 0.6537
[2024-01-31 18:01:27] [INFO] distill epoch 5, acc: 0.6537
[2024-01-31 18:01:27] [INFO] distill epoch 6, acc: 0.6537
[2024-01-31 18:01:28] [INFO] distill epoch 7, acc: 0.6537
[2024-01-31 18:01:28] [INFO] distill epoch 8, acc: 0.6537
[2024-01-31 18:01:29] [INFO] distill epoch 9, acc: 0.6537
[2024-01-31 18:01:29] [INFO] distill epoch 10, acc: 0.6537
[2024-01-31 18:01:29] [INFO] [server epoch 3, client 2, distill train]
[2024-01-31 18:01:30] [INFO] distill epoch 1, acc: 0.6537
[2024-01-31 18:01:30] [INFO] distill epoch 2, acc: 0.6537
[2024-01-31 18:01:31] [INFO] distill epoch 3, acc: 0.6537
[2024-01-31 18:01:31] [INFO] distill epoch 4, acc: 0.6537
[2024-01-31 18:01:31] [INFO] distill epoch 5, acc: 0.6537
[2024-01-31 18:01:32] [INFO] distill epoch 6, acc: 0.6537
[2024-01-31 18:01:32] [INFO] distill epoch 7, acc: 0.6537
[2024-01-31 18:01:33] [INFO] distill epoch 8, acc: 0.6537
[2024-01-31 18:01:33] [INFO] distill epoch 9, acc: 0.6537
[2024-01-31 18:01:34] [INFO] distill epoch 10, acc: 0.6537
[2024-01-31 18:01:34] [INFO] [server epoch 3, client 3, distill train]
[2024-01-31 18:01:34] [INFO] distill epoch 1, acc: 0.6505
[2024-01-31 18:01:35] [INFO] distill epoch 2, acc: 0.6343
[2024-01-31 18:01:35] [INFO] distill epoch 3, acc: 0.6015
[2024-01-31 18:01:36] [INFO] distill epoch 4, acc: 0.5346
[2024-01-31 18:01:36] [INFO] distill epoch 5, acc: 0.4654
[2024-01-31 18:01:37] [INFO] distill epoch 6, acc: 0.3965
[2024-01-31 18:01:37] [INFO] distill epoch 7, acc: 0.3536
[2024-01-31 18:01:37] [INFO] distill epoch 8, acc: 0.3248
[2024-01-31 18:01:38] [INFO] distill epoch 9, acc: 0.3078
[2024-01-31 18:01:38] [INFO] distill epoch 10, acc: 0.2969
[2024-01-31 18:01:38] [INFO] [server epoch 3, client 4, distill train]
[2024-01-31 18:01:39] [INFO] distill epoch 1, acc: 0.2969
[2024-01-31 18:01:39] [INFO] distill epoch 2, acc: 0.2969
[2024-01-31 18:01:40] [INFO] distill epoch 3, acc: 0.2969
[2024-01-31 18:01:40] [INFO] distill epoch 4, acc: 0.2969
[2024-01-31 18:01:41] [INFO] distill epoch 5, acc: 0.2969
[2024-01-31 18:01:41] [INFO] distill epoch 6, acc: 0.2969
[2024-01-31 18:01:42] [INFO] distill epoch 7, acc: 0.2969
[2024-01-31 18:01:42] [INFO] distill epoch 8, acc: 0.2969
[2024-01-31 18:01:43] [INFO] distill epoch 9, acc: 0.2969
[2024-01-31 18:01:43] [INFO] distill epoch 10, acc: 0.2969
[2024-01-31 18:01:43] [INFO] [server epoch 3, client 5, distill train]
[2024-01-31 18:01:44] [INFO] distill epoch 1, acc: 0.2969
[2024-01-31 18:01:44] [INFO] distill epoch 2, acc: 0.2969
[2024-01-31 18:01:45] [INFO] distill epoch 3, acc: 0.2969
[2024-01-31 18:01:45] [INFO] distill epoch 4, acc: 0.2969
[2024-01-31 18:01:45] [INFO] distill epoch 5, acc: 0.2969
[2024-01-31 18:01:46] [INFO] distill epoch 6, acc: 0.2969
[2024-01-31 18:01:46] [INFO] distill epoch 7, acc: 0.2969
[2024-01-31 18:01:47] [INFO] distill epoch 8, acc: 0.2969
[2024-01-31 18:01:47] [INFO] distill epoch 9, acc: 0.2969
[2024-01-31 18:01:48] [INFO] distill epoch 10, acc: 0.2969
[2024-01-31 18:01:48] [INFO] [server epoch 3, client 6, distill train]
[2024-01-31 18:01:48] [INFO] distill epoch 1, acc: 0.2969
[2024-01-31 18:01:49] [INFO] distill epoch 2, acc: 0.2969
[2024-01-31 18:01:49] [INFO] distill epoch 3, acc: 0.2969
[2024-01-31 18:01:50] [INFO] distill epoch 4, acc: 0.2969
[2024-01-31 18:01:50] [INFO] distill epoch 5, acc: 0.2969
[2024-01-31 18:01:51] [INFO] distill epoch 6, acc: 0.2969
[2024-01-31 18:01:51] [INFO] distill epoch 7, acc: 0.2969
[2024-01-31 18:01:52] [INFO] distill epoch 8, acc: 0.2969
[2024-01-31 18:01:52] [INFO] distill epoch 9, acc: 0.2969
[2024-01-31 18:01:53] [INFO] distill epoch 10, acc: 0.2969
[2024-01-31 18:01:53] [INFO] [server epoch 3, client 7, distill train]
[2024-01-31 18:01:53] [INFO] distill epoch 1, acc: 0.2969
[2024-01-31 18:01:54] [INFO] distill epoch 2, acc: 0.2969
[2024-01-31 18:01:54] [INFO] distill epoch 3, acc: 0.2969
[2024-01-31 18:01:54] [INFO] distill epoch 4, acc: 0.2969
[2024-01-31 18:01:55] [INFO] distill epoch 5, acc: 0.2969
[2024-01-31 18:01:55] [INFO] distill epoch 6, acc: 0.2969
[2024-01-31 18:01:56] [INFO] distill epoch 7, acc: 0.2969
[2024-01-31 18:01:56] [INFO] distill epoch 8, acc: 0.2969
[2024-01-31 18:01:57] [INFO] distill epoch 9, acc: 0.2969
[2024-01-31 18:01:57] [INFO] distill epoch 10, acc: 0.2969
[2024-01-31 18:01:57] [INFO] [server epoch 3, client 8, distill train]
[2024-01-31 18:01:58] [INFO] distill epoch 1, acc: 0.2969
[2024-01-31 18:01:58] [INFO] distill epoch 2, acc: 0.2969
[2024-01-31 18:01:59] [INFO] distill epoch 3, acc: 0.2969
[2024-01-31 18:01:59] [INFO] distill epoch 4, acc: 0.2969
[2024-01-31 18:02:00] [INFO] distill epoch 5, acc: 0.2969
[2024-01-31 18:02:00] [INFO] distill epoch 6, acc: 0.2969
[2024-01-31 18:02:01] [INFO] distill epoch 7, acc: 0.2969
[2024-01-31 18:02:01] [INFO] distill epoch 8, acc: 0.2969
[2024-01-31 18:02:02] [INFO] distill epoch 9, acc: 0.2969
[2024-01-31 18:02:02] [INFO] distill epoch 10, acc: 0.2969
[2024-01-31 18:02:02] [INFO] [server epoch 3, client 9, distill train]
[2024-01-31 18:02:03] [INFO] distill epoch 1, acc: 0.2969
[2024-01-31 18:02:03] [INFO] distill epoch 2, acc: 0.2969
[2024-01-31 18:02:04] [INFO] distill epoch 3, acc: 0.2969
[2024-01-31 18:02:04] [INFO] distill epoch 4, acc: 0.2969
[2024-01-31 18:02:04] [INFO] distill epoch 5, acc: 0.2969
[2024-01-31 18:02:05] [INFO] distill epoch 6, acc: 0.2969
[2024-01-31 18:02:05] [INFO] distill epoch 7, acc: 0.2969
[2024-01-31 18:02:06] [INFO] distill epoch 8, acc: 0.2969
[2024-01-31 18:02:06] [INFO] distill epoch 9, acc: 0.2969
[2024-01-31 18:02:07] [INFO] distill epoch 10, acc: 0.2969
[2024-01-31 18:02:07] [INFO] [server epoch 4, client 1, local train]
[2024-01-31 18:02:07] [INFO] local epoch 1, acc: 0.6529
[2024-01-31 18:02:08] [INFO] local epoch 2, acc: 0.6606
[2024-01-31 18:02:08] [INFO] local epoch 3, acc: 0.6675
[2024-01-31 18:02:09] [INFO] local epoch 4, acc: 0.6638
[2024-01-31 18:02:09] [INFO] local epoch 5, acc: 0.6626
[2024-01-31 18:02:10] [INFO] local epoch 6, acc: 0.6646
[2024-01-31 18:02:11] [INFO] local epoch 7, acc: 0.6659
[2024-01-31 18:02:11] [INFO] local epoch 8, acc: 0.6687
[2024-01-31 18:02:12] [INFO] local epoch 9, acc: 0.6736
[2024-01-31 18:02:12] [INFO] local epoch 10, acc: 0.6707
[2024-01-31 18:02:12] [INFO] [server epoch 4, client 2, local train]
[2024-01-31 18:02:13] [INFO] local epoch 1, acc: 0.6553
[2024-01-31 18:02:13] [INFO] local epoch 2, acc: 0.6622
[2024-01-31 18:02:14] [INFO] local epoch 3, acc: 0.6663
[2024-01-31 18:02:14] [INFO] local epoch 4, acc: 0.6650
[2024-01-31 18:02:15] [INFO] local epoch 5, acc: 0.6541
[2024-01-31 18:02:15] [INFO] local epoch 6, acc: 0.6614
[2024-01-31 18:02:16] [INFO] local epoch 7, acc: 0.6663
[2024-01-31 18:02:16] [INFO] local epoch 8, acc: 0.6646
[2024-01-31 18:02:17] [INFO] local epoch 9, acc: 0.6671
[2024-01-31 18:02:17] [INFO] local epoch 10, acc: 0.6638
[2024-01-31 18:02:17] [INFO] [server epoch 4, client 3, local train]
[2024-01-31 18:02:18] [INFO] local epoch 1, acc: 0.6565
[2024-01-31 18:02:18] [INFO] local epoch 2, acc: 0.6606
[2024-01-31 18:02:19] [INFO] local epoch 3, acc: 0.6638
[2024-01-31 18:02:19] [INFO] local epoch 4, acc: 0.6574
[2024-01-31 18:02:20] [INFO] local epoch 5, acc: 0.6655
[2024-01-31 18:02:20] [INFO] local epoch 6, acc: 0.6679
[2024-01-31 18:02:21] [INFO] local epoch 7, acc: 0.6618
[2024-01-31 18:02:21] [INFO] local epoch 8, acc: 0.6707
[2024-01-31 18:02:22] [INFO] local epoch 9, acc: 0.6683
[2024-01-31 18:02:22] [INFO] local epoch 10, acc: 0.6703
[2024-01-31 18:02:22] [INFO] [server epoch 4, client 4, local train]
[2024-01-31 18:02:23] [INFO] local epoch 1, acc: 0.6712
[2024-01-31 18:02:24] [INFO] local epoch 2, acc: 0.6735
[2024-01-31 18:02:24] [INFO] local epoch 3, acc: 0.6822
[2024-01-31 18:02:25] [INFO] local epoch 4, acc: 0.6788
[2024-01-31 18:02:25] [INFO] local epoch 5, acc: 0.6816
[2024-01-31 18:02:26] [INFO] local epoch 6, acc: 0.6694
[2024-01-31 18:02:26] [INFO] local epoch 7, acc: 0.6824
[2024-01-31 18:02:27] [INFO] local epoch 8, acc: 0.6905
[2024-01-31 18:02:27] [INFO] local epoch 9, acc: 0.6882
[2024-01-31 18:02:28] [INFO] local epoch 10, acc: 0.6905
[2024-01-31 18:02:28] [INFO] [server epoch 4, client 5, local train]
[2024-01-31 18:02:29] [INFO] local epoch 1, acc: 0.6639
[2024-01-31 18:02:29] [INFO] local epoch 2, acc: 0.6704
[2024-01-31 18:02:30] [INFO] local epoch 3, acc: 0.6725
[2024-01-31 18:02:30] [INFO] local epoch 4, acc: 0.6777
[2024-01-31 18:02:31] [INFO] local epoch 5, acc: 0.6793
[2024-01-31 18:02:31] [INFO] local epoch 6, acc: 0.6861
[2024-01-31 18:02:32] [INFO] local epoch 7, acc: 0.6793
[2024-01-31 18:02:33] [INFO] local epoch 8, acc: 0.6785
[2024-01-31 18:02:33] [INFO] local epoch 9, acc: 0.6819
[2024-01-31 18:02:34] [INFO] local epoch 10, acc: 0.6842
[2024-01-31 18:02:34] [INFO] [server epoch 4, client 6, local train]
[2024-01-31 18:02:34] [INFO] local epoch 1, acc: 0.6641
[2024-01-31 18:02:35] [INFO] local epoch 2, acc: 0.6751
[2024-01-31 18:02:35] [INFO] local epoch 3, acc: 0.6738
[2024-01-31 18:02:36] [INFO] local epoch 4, acc: 0.6730
[2024-01-31 18:02:36] [INFO] local epoch 5, acc: 0.6772
[2024-01-31 18:02:37] [INFO] local epoch 6, acc: 0.6709
[2024-01-31 18:02:38] [INFO] local epoch 7, acc: 0.6738
[2024-01-31 18:02:38] [INFO] local epoch 8, acc: 0.6741
[2024-01-31 18:02:39] [INFO] local epoch 9, acc: 0.6775
[2024-01-31 18:02:39] [INFO] local epoch 10, acc: 0.6798
[2024-01-31 18:02:39] [INFO] [server epoch 4, client 7, local train]
[2024-01-31 18:02:40] [INFO] local epoch 1, acc: 0.5791
[2024-01-31 18:02:40] [INFO] local epoch 2, acc: 0.5823
[2024-01-31 18:02:41] [INFO] local epoch 3, acc: 0.5850
[2024-01-31 18:02:41] [INFO] local epoch 4, acc: 0.5831
[2024-01-31 18:02:42] [INFO] local epoch 5, acc: 0.5910
[2024-01-31 18:02:43] [INFO] local epoch 6, acc: 0.5815
[2024-01-31 18:02:43] [INFO] local epoch 7, acc: 0.5823
[2024-01-31 18:02:44] [INFO] local epoch 8, acc: 0.5961
[2024-01-31 18:02:44] [INFO] local epoch 9, acc: 0.6004
[2024-01-31 18:02:45] [INFO] local epoch 10, acc: 0.6004
[2024-01-31 18:02:45] [INFO] [server epoch 4, client 8, local train]
[2024-01-31 18:02:45] [INFO] local epoch 1, acc: 0.5772
[2024-01-31 18:02:46] [INFO] local epoch 2, acc: 0.5875
[2024-01-31 18:02:46] [INFO] local epoch 3, acc: 0.5912
[2024-01-31 18:02:47] [INFO] local epoch 4, acc: 0.5831
[2024-01-31 18:02:48] [INFO] local epoch 5, acc: 0.5764
[2024-01-31 18:02:48] [INFO] local epoch 6, acc: 0.5831
[2024-01-31 18:02:49] [INFO] local epoch 7, acc: 0.5912
[2024-01-31 18:02:49] [INFO] local epoch 8, acc: 0.5975
[2024-01-31 18:02:50] [INFO] local epoch 9, acc: 0.5961
[2024-01-31 18:02:50] [INFO] local epoch 10, acc: 0.6029
[2024-01-31 18:02:50] [INFO] [server epoch 4, client 9, local train]
[2024-01-31 18:02:51] [INFO] local epoch 1, acc: 0.5807
[2024-01-31 18:02:52] [INFO] local epoch 2, acc: 0.5839
[2024-01-31 18:02:52] [INFO] local epoch 3, acc: 0.5839
[2024-01-31 18:02:53] [INFO] local epoch 4, acc: 0.5893
[2024-01-31 18:02:53] [INFO] local epoch 5, acc: 0.5802
[2024-01-31 18:02:54] [INFO] local epoch 6, acc: 0.5802
[2024-01-31 18:02:54] [INFO] local epoch 7, acc: 0.5858
[2024-01-31 18:02:55] [INFO] local epoch 8, acc: 0.5888
[2024-01-31 18:02:55] [INFO] local epoch 9, acc: 0.5883
[2024-01-31 18:02:56] [INFO] local epoch 10, acc: 0.5837
[2024-01-31 18:02:56] [INFO] [server epoch 4, client 1, distill train]
[2024-01-31 18:02:57] [INFO] distill epoch 1, acc: 0.6703
[2024-01-31 18:02:57] [INFO] distill epoch 2, acc: 0.6703
[2024-01-31 18:02:57] [INFO] distill epoch 3, acc: 0.6703
[2024-01-31 18:02:58] [INFO] distill epoch 4, acc: 0.6703
[2024-01-31 18:02:58] [INFO] distill epoch 5, acc: 0.6703
[2024-01-31 18:02:59] [INFO] distill epoch 6, acc: 0.6703
[2024-01-31 18:02:59] [INFO] distill epoch 7, acc: 0.6703
[2024-01-31 18:03:00] [INFO] distill epoch 8, acc: 0.6703
[2024-01-31 18:03:00] [INFO] distill epoch 9, acc: 0.6703
[2024-01-31 18:03:01] [INFO] distill epoch 10, acc: 0.6703
[2024-01-31 18:03:01] [INFO] [server epoch 4, client 2, distill train]
[2024-01-31 18:03:01] [INFO] distill epoch 1, acc: 0.6703
[2024-01-31 18:03:02] [INFO] distill epoch 2, acc: 0.6703
[2024-01-31 18:03:02] [INFO] distill epoch 3, acc: 0.6703
[2024-01-31 18:03:03] [INFO] distill epoch 4, acc: 0.6703
[2024-01-31 18:03:03] [INFO] distill epoch 5, acc: 0.6703
[2024-01-31 18:03:03] [INFO] distill epoch 6, acc: 0.6703
[2024-01-31 18:03:04] [INFO] distill epoch 7, acc: 0.6703
[2024-01-31 18:03:04] [INFO] distill epoch 8, acc: 0.6703
[2024-01-31 18:03:05] [INFO] distill epoch 9, acc: 0.6703
[2024-01-31 18:03:05] [INFO] distill epoch 10, acc: 0.6703
[2024-01-31 18:03:05] [INFO] [server epoch 4, client 3, distill train]
[2024-01-31 18:03:06] [INFO] distill epoch 1, acc: 0.6683
[2024-01-31 18:03:06] [INFO] distill epoch 2, acc: 0.6363
[2024-01-31 18:03:07] [INFO] distill epoch 3, acc: 0.5784
[2024-01-31 18:03:07] [INFO] distill epoch 4, acc: 0.5128
[2024-01-31 18:03:08] [INFO] distill epoch 5, acc: 0.4504
[2024-01-31 18:03:08] [INFO] distill epoch 6, acc: 0.4046
[2024-01-31 18:03:09] [INFO] distill epoch 7, acc: 0.3730
[2024-01-31 18:03:09] [INFO] distill epoch 8, acc: 0.3512
[2024-01-31 18:03:09] [INFO] distill epoch 9, acc: 0.3418
[2024-01-31 18:03:10] [INFO] distill epoch 10, acc: 0.3402
[2024-01-31 18:03:10] [INFO] [server epoch 4, client 4, distill train]
[2024-01-31 18:03:10] [INFO] distill epoch 1, acc: 0.3402
[2024-01-31 18:03:11] [INFO] distill epoch 2, acc: 0.3402
[2024-01-31 18:03:11] [INFO] distill epoch 3, acc: 0.3402
[2024-01-31 18:03:12] [INFO] distill epoch 4, acc: 0.3402
[2024-01-31 18:03:12] [INFO] distill epoch 5, acc: 0.3402
[2024-01-31 18:03:13] [INFO] distill epoch 6, acc: 0.3402
[2024-01-31 18:03:13] [INFO] distill epoch 7, acc: 0.3402
[2024-01-31 18:03:14] [INFO] distill epoch 8, acc: 0.3402
[2024-01-31 18:03:14] [INFO] distill epoch 9, acc: 0.3402
[2024-01-31 18:03:15] [INFO] distill epoch 10, acc: 0.3402
[2024-01-31 18:03:15] [INFO] [server epoch 4, client 5, distill train]
[2024-01-31 18:03:15] [INFO] distill epoch 1, acc: 0.3402
[2024-01-31 18:03:16] [INFO] distill epoch 2, acc: 0.3402
[2024-01-31 18:03:16] [INFO] distill epoch 3, acc: 0.3402
[2024-01-31 18:03:17] [INFO] distill epoch 4, acc: 0.3402
[2024-01-31 18:03:17] [INFO] distill epoch 5, acc: 0.3402
[2024-01-31 18:03:18] [INFO] distill epoch 6, acc: 0.3402
[2024-01-31 18:03:18] [INFO] distill epoch 7, acc: 0.3402
[2024-01-31 18:03:18] [INFO] distill epoch 8, acc: 0.3402
[2024-01-31 18:03:19] [INFO] distill epoch 9, acc: 0.3402
[2024-01-31 18:03:19] [INFO] distill epoch 10, acc: 0.3402
[2024-01-31 18:03:19] [INFO] [server epoch 4, client 6, distill train]
[2024-01-31 18:03:20] [INFO] distill epoch 1, acc: 0.3402
[2024-01-31 18:03:20] [INFO] distill epoch 2, acc: 0.3402
[2024-01-31 18:03:21] [INFO] distill epoch 3, acc: 0.3402
[2024-01-31 18:03:21] [INFO] distill epoch 4, acc: 0.3402
[2024-01-31 18:03:22] [INFO] distill epoch 5, acc: 0.3402
[2024-01-31 18:03:22] [INFO] distill epoch 6, acc: 0.3402
[2024-01-31 18:03:23] [INFO] distill epoch 7, acc: 0.3402
[2024-01-31 18:03:23] [INFO] distill epoch 8, acc: 0.3402
[2024-01-31 18:03:24] [INFO] distill epoch 9, acc: 0.3402
[2024-01-31 18:03:24] [INFO] distill epoch 10, acc: 0.3402
[2024-01-31 18:03:24] [INFO] [server epoch 4, client 7, distill train]
[2024-01-31 18:03:25] [INFO] distill epoch 1, acc: 0.3402
[2024-01-31 18:03:25] [INFO] distill epoch 2, acc: 0.3402
[2024-01-31 18:03:26] [INFO] distill epoch 3, acc: 0.3402
[2024-01-31 18:03:26] [INFO] distill epoch 4, acc: 0.3402
[2024-01-31 18:03:26] [INFO] distill epoch 5, acc: 0.3402
[2024-01-31 18:03:27] [INFO] distill epoch 6, acc: 0.3402
[2024-01-31 18:03:27] [INFO] distill epoch 7, acc: 0.3402
[2024-01-31 18:03:28] [INFO] distill epoch 8, acc: 0.3402
[2024-01-31 18:03:28] [INFO] distill epoch 9, acc: 0.3402
[2024-01-31 18:03:29] [INFO] distill epoch 10, acc: 0.3402
[2024-01-31 18:03:29] [INFO] [server epoch 4, client 8, distill train]
[2024-01-31 18:03:29] [INFO] distill epoch 1, acc: 0.3402
[2024-01-31 18:03:30] [INFO] distill epoch 2, acc: 0.3402
[2024-01-31 18:03:30] [INFO] distill epoch 3, acc: 0.3402
[2024-01-31 18:03:31] [INFO] distill epoch 4, acc: 0.3402
[2024-01-31 18:03:31] [INFO] distill epoch 5, acc: 0.3402
[2024-01-31 18:03:32] [INFO] distill epoch 6, acc: 0.3402
[2024-01-31 18:03:32] [INFO] distill epoch 7, acc: 0.3402
[2024-01-31 18:03:33] [INFO] distill epoch 8, acc: 0.3402
[2024-01-31 18:03:33] [INFO] distill epoch 9, acc: 0.3402
[2024-01-31 18:03:34] [INFO] distill epoch 10, acc: 0.3402
[2024-01-31 18:03:34] [INFO] [server epoch 4, client 9, distill train]
[2024-01-31 18:03:34] [INFO] distill epoch 1, acc: 0.3402
[2024-01-31 18:03:34] [INFO] distill epoch 2, acc: 0.3402
[2024-01-31 18:03:35] [INFO] distill epoch 3, acc: 0.3402
[2024-01-31 18:03:35] [INFO] distill epoch 4, acc: 0.3402
[2024-01-31 18:03:36] [INFO] distill epoch 5, acc: 0.3402
[2024-01-31 18:03:36] [INFO] distill epoch 6, acc: 0.3402
[2024-01-31 18:03:37] [INFO] distill epoch 7, acc: 0.3402
[2024-01-31 18:03:37] [INFO] distill epoch 8, acc: 0.3402
[2024-01-31 18:03:38] [INFO] distill epoch 9, acc: 0.3402
[2024-01-31 18:03:38] [INFO] distill epoch 10, acc: 0.3402
[2024-01-31 18:03:38] [INFO] [server epoch 5, client 1, local train]
[2024-01-31 18:03:39] [INFO] local epoch 1, acc: 0.6744
[2024-01-31 18:03:39] [INFO] local epoch 2, acc: 0.6817
[2024-01-31 18:03:40] [INFO] local epoch 3, acc: 0.6703
[2024-01-31 18:03:40] [INFO] local epoch 4, acc: 0.6711
[2024-01-31 18:03:41] [INFO] local epoch 5, acc: 0.6740
[2024-01-31 18:03:41] [INFO] local epoch 6, acc: 0.6804
[2024-01-31 18:03:42] [INFO] local epoch 7, acc: 0.6821
[2024-01-31 18:03:42] [INFO] local epoch 8, acc: 0.6764
[2024-01-31 18:03:43] [INFO] local epoch 9, acc: 0.6841
[2024-01-31 18:03:43] [INFO] local epoch 10, acc: 0.6817
[2024-01-31 18:03:43] [INFO] [server epoch 5, client 2, local train]
[2024-01-31 18:03:44] [INFO] local epoch 1, acc: 0.6748
[2024-01-31 18:03:44] [INFO] local epoch 2, acc: 0.6788
[2024-01-31 18:03:45] [INFO] local epoch 3, acc: 0.6776
[2024-01-31 18:03:45] [INFO] local epoch 4, acc: 0.6796
[2024-01-31 18:03:46] [INFO] local epoch 5, acc: 0.6792
[2024-01-31 18:03:46] [INFO] local epoch 6, acc: 0.6723
[2024-01-31 18:03:47] [INFO] local epoch 7, acc: 0.6748
[2024-01-31 18:03:48] [INFO] local epoch 8, acc: 0.6764
[2024-01-31 18:03:48] [INFO] local epoch 9, acc: 0.6715
[2024-01-31 18:03:49] [INFO] local epoch 10, acc: 0.6610
[2024-01-31 18:03:49] [INFO] [server epoch 5, client 3, local train]
[2024-01-31 18:03:49] [INFO] local epoch 1, acc: 0.6740
[2024-01-31 18:03:50] [INFO] local epoch 2, acc: 0.6650
[2024-01-31 18:03:50] [INFO] local epoch 3, acc: 0.6744
[2024-01-31 18:03:51] [INFO] local epoch 4, acc: 0.6748
[2024-01-31 18:03:51] [INFO] local epoch 5, acc: 0.6715
[2024-01-31 18:03:52] [INFO] local epoch 6, acc: 0.6691
[2024-01-31 18:03:52] [INFO] local epoch 7, acc: 0.6792
[2024-01-31 18:03:53] [INFO] local epoch 8, acc: 0.6817
[2024-01-31 18:03:53] [INFO] local epoch 9, acc: 0.6699
[2024-01-31 18:03:54] [INFO] local epoch 10, acc: 0.6723
[2024-01-31 18:03:54] [INFO] [server epoch 5, client 4, local train]
[2024-01-31 18:03:54] [INFO] local epoch 1, acc: 0.6866
[2024-01-31 18:03:55] [INFO] local epoch 2, acc: 0.7025
[2024-01-31 18:03:55] [INFO] local epoch 3, acc: 0.7004
[2024-01-31 18:03:56] [INFO] local epoch 4, acc: 0.7028
[2024-01-31 18:03:56] [INFO] local epoch 5, acc: 0.6989
[2024-01-31 18:03:57] [INFO] local epoch 6, acc: 0.7002
[2024-01-31 18:03:58] [INFO] local epoch 7, acc: 0.7035
[2024-01-31 18:03:58] [INFO] local epoch 8, acc: 0.7004
[2024-01-31 18:03:59] [INFO] local epoch 9, acc: 0.6989
[2024-01-31 18:03:59] [INFO] local epoch 10, acc: 0.7035
[2024-01-31 18:03:59] [INFO] [server epoch 5, client 5, local train]
[2024-01-31 18:04:00] [INFO] local epoch 1, acc: 0.6942
[2024-01-31 18:04:00] [INFO] local epoch 2, acc: 0.6913
[2024-01-31 18:04:01] [INFO] local epoch 3, acc: 0.6895
[2024-01-31 18:04:01] [INFO] local epoch 4, acc: 0.6918
[2024-01-31 18:04:02] [INFO] local epoch 5, acc: 0.6991
[2024-01-31 18:04:03] [INFO] local epoch 6, acc: 0.6973
[2024-01-31 18:04:03] [INFO] local epoch 7, acc: 0.6913
[2024-01-31 18:04:04] [INFO] local epoch 8, acc: 0.6868
[2024-01-31 18:04:04] [INFO] local epoch 9, acc: 0.6949
[2024-01-31 18:04:05] [INFO] local epoch 10, acc: 0.6957
[2024-01-31 18:04:05] [INFO] [server epoch 5, client 6, local train]
[2024-01-31 18:04:06] [INFO] local epoch 1, acc: 0.6816
[2024-01-31 18:04:06] [INFO] local epoch 2, acc: 0.6955
[2024-01-31 18:04:07] [INFO] local epoch 3, acc: 0.6978
[2024-01-31 18:04:07] [INFO] local epoch 4, acc: 0.6879
[2024-01-31 18:04:08] [INFO] local epoch 5, acc: 0.6910
[2024-01-31 18:04:08] [INFO] local epoch 6, acc: 0.6986
[2024-01-31 18:04:09] [INFO] local epoch 7, acc: 0.6931
[2024-01-31 18:04:09] [INFO] local epoch 8, acc: 0.6955
[2024-01-31 18:04:10] [INFO] local epoch 9, acc: 0.6955
[2024-01-31 18:04:11] [INFO] local epoch 10, acc: 0.6991
[2024-01-31 18:04:11] [INFO] [server epoch 5, client 7, local train]
[2024-01-31 18:04:11] [INFO] local epoch 1, acc: 0.6050
[2024-01-31 18:04:12] [INFO] local epoch 2, acc: 0.6018
[2024-01-31 18:04:12] [INFO] local epoch 3, acc: 0.6137
[2024-01-31 18:04:13] [INFO] local epoch 4, acc: 0.6067
[2024-01-31 18:04:13] [INFO] local epoch 5, acc: 0.5969
[2024-01-31 18:04:14] [INFO] local epoch 6, acc: 0.6161
[2024-01-31 18:04:15] [INFO] local epoch 7, acc: 0.6067
[2024-01-31 18:04:15] [INFO] local epoch 8, acc: 0.6121
[2024-01-31 18:04:16] [INFO] local epoch 9, acc: 0.6180
[2024-01-31 18:04:16] [INFO] local epoch 10, acc: 0.6129
[2024-01-31 18:04:16] [INFO] [server epoch 5, client 8, local train]
[2024-01-31 18:04:17] [INFO] local epoch 1, acc: 0.5988
[2024-01-31 18:04:17] [INFO] local epoch 2, acc: 0.6080
[2024-01-31 18:04:18] [INFO] local epoch 3, acc: 0.6056
[2024-01-31 18:04:18] [INFO] local epoch 4, acc: 0.6061
[2024-01-31 18:04:19] [INFO] local epoch 5, acc: 0.6075
[2024-01-31 18:04:20] [INFO] local epoch 6, acc: 0.6058
[2024-01-31 18:04:20] [INFO] local epoch 7, acc: 0.6110
[2024-01-31 18:04:21] [INFO] local epoch 8, acc: 0.6091
[2024-01-31 18:04:21] [INFO] local epoch 9, acc: 0.6156
[2024-01-31 18:04:22] [INFO] local epoch 10, acc: 0.6058
[2024-01-31 18:04:22] [INFO] [server epoch 5, client 9, local train]
[2024-01-31 18:04:22] [INFO] local epoch 1, acc: 0.6037
[2024-01-31 18:04:23] [INFO] local epoch 2, acc: 0.5912
[2024-01-31 18:04:23] [INFO] local epoch 3, acc: 0.6010
[2024-01-31 18:04:24] [INFO] local epoch 4, acc: 0.5945
[2024-01-31 18:04:25] [INFO] local epoch 5, acc: 0.5953
[2024-01-31 18:04:25] [INFO] local epoch 6, acc: 0.6002
[2024-01-31 18:04:26] [INFO] local epoch 7, acc: 0.6042
[2024-01-31 18:04:26] [INFO] local epoch 8, acc: 0.6026
[2024-01-31 18:04:27] [INFO] local epoch 9, acc: 0.6010
[2024-01-31 18:04:27] [INFO] local epoch 10, acc: 0.5937
[2024-01-31 18:04:27] [INFO] [server epoch 5, client 1, distill train]
[2024-01-31 18:04:28] [INFO] distill epoch 1, acc: 0.6723
[2024-01-31 18:04:28] [INFO] distill epoch 2, acc: 0.6723
[2024-01-31 18:04:29] [INFO] distill epoch 3, acc: 0.6723
[2024-01-31 18:04:29] [INFO] distill epoch 4, acc: 0.6723
[2024-01-31 18:04:30] [INFO] distill epoch 5, acc: 0.6723
[2024-01-31 18:04:30] [INFO] distill epoch 6, acc: 0.6723
[2024-01-31 18:04:31] [INFO] distill epoch 7, acc: 0.6723
[2024-01-31 18:04:31] [INFO] distill epoch 8, acc: 0.6723
[2024-01-31 18:04:32] [INFO] distill epoch 9, acc: 0.6723
[2024-01-31 18:04:32] [INFO] distill epoch 10, acc: 0.6723
[2024-01-31 18:04:32] [INFO] [server epoch 5, client 2, distill train]
[2024-01-31 18:04:33] [INFO] distill epoch 1, acc: 0.6723
[2024-01-31 18:04:33] [INFO] distill epoch 2, acc: 0.6723
[2024-01-31 18:04:33] [INFO] distill epoch 3, acc: 0.6723
[2024-01-31 18:04:34] [INFO] distill epoch 4, acc: 0.6723
[2024-01-31 18:04:34] [INFO] distill epoch 5, acc: 0.6723
[2024-01-31 18:04:35] [INFO] distill epoch 6, acc: 0.6723
[2024-01-31 18:04:35] [INFO] distill epoch 7, acc: 0.6723
[2024-01-31 18:04:36] [INFO] distill epoch 8, acc: 0.6723
[2024-01-31 18:04:36] [INFO] distill epoch 9, acc: 0.6723
[2024-01-31 18:04:37] [INFO] distill epoch 10, acc: 0.6723
[2024-01-31 18:04:37] [INFO] [server epoch 5, client 3, distill train]
[2024-01-31 18:04:37] [INFO] distill epoch 1, acc: 0.6756
[2024-01-31 18:04:38] [INFO] distill epoch 2, acc: 0.6460
[2024-01-31 18:04:38] [INFO] distill epoch 3, acc: 0.6031
[2024-01-31 18:04:39] [INFO] distill epoch 4, acc: 0.5411
[2024-01-31 18:04:39] [INFO] distill epoch 5, acc: 0.4864
[2024-01-31 18:04:39] [INFO] distill epoch 6, acc: 0.4366
[2024-01-31 18:04:40] [INFO] distill epoch 7, acc: 0.4058
[2024-01-31 18:04:40] [INFO] distill epoch 8, acc: 0.3880
[2024-01-31 18:04:41] [INFO] distill epoch 9, acc: 0.3751
[2024-01-31 18:04:41] [INFO] distill epoch 10, acc: 0.3726
[2024-01-31 18:04:41] [INFO] [server epoch 5, client 4, distill train]
[2024-01-31 18:04:42] [INFO] distill epoch 1, acc: 0.3726
[2024-01-31 18:04:42] [INFO] distill epoch 2, acc: 0.3726
[2024-01-31 18:04:43] [INFO] distill epoch 3, acc: 0.3726
[2024-01-31 18:04:43] [INFO] distill epoch 4, acc: 0.3726
[2024-01-31 18:04:44] [INFO] distill epoch 5, acc: 0.3726
[2024-01-31 18:04:44] [INFO] distill epoch 6, acc: 0.3726
[2024-01-31 18:04:45] [INFO] distill epoch 7, acc: 0.3726
[2024-01-31 18:04:45] [INFO] distill epoch 8, acc: 0.3726
[2024-01-31 18:04:46] [INFO] distill epoch 9, acc: 0.3726
[2024-01-31 18:04:46] [INFO] distill epoch 10, acc: 0.3726
[2024-01-31 18:04:46] [INFO] [server epoch 5, client 5, distill train]
[2024-01-31 18:04:47] [INFO] distill epoch 1, acc: 0.3726
[2024-01-31 18:04:47] [INFO] distill epoch 2, acc: 0.3726
[2024-01-31 18:04:48] [INFO] distill epoch 3, acc: 0.3726
[2024-01-31 18:04:48] [INFO] distill epoch 4, acc: 0.3726
[2024-01-31 18:04:48] [INFO] distill epoch 5, acc: 0.3726
[2024-01-31 18:04:49] [INFO] distill epoch 6, acc: 0.3726
[2024-01-31 18:04:49] [INFO] distill epoch 7, acc: 0.3726
[2024-01-31 18:04:50] [INFO] distill epoch 8, acc: 0.3726
[2024-01-31 18:04:50] [INFO] distill epoch 9, acc: 0.3726
[2024-01-31 18:04:51] [INFO] distill epoch 10, acc: 0.3726
[2024-01-31 18:04:51] [INFO] [server epoch 5, client 6, distill train]
[2024-01-31 18:04:51] [INFO] distill epoch 1, acc: 0.3726
[2024-01-31 18:04:52] [INFO] distill epoch 2, acc: 0.3726
[2024-01-31 18:04:52] [INFO] distill epoch 3, acc: 0.3726
[2024-01-31 18:04:53] [INFO] distill epoch 4, acc: 0.3726
[2024-01-31 18:04:53] [INFO] distill epoch 5, acc: 0.3726
[2024-01-31 18:04:54] [INFO] distill epoch 6, acc: 0.3726
[2024-01-31 18:04:54] [INFO] distill epoch 7, acc: 0.3726
[2024-01-31 18:04:55] [INFO] distill epoch 8, acc: 0.3726
[2024-01-31 18:04:55] [INFO] distill epoch 9, acc: 0.3726
[2024-01-31 18:04:56] [INFO] distill epoch 10, acc: 0.3726
[2024-01-31 18:04:56] [INFO] [server epoch 5, client 7, distill train]
[2024-01-31 18:04:56] [INFO] distill epoch 1, acc: 0.3726
[2024-01-31 18:04:57] [INFO] distill epoch 2, acc: 0.3726
[2024-01-31 18:04:57] [INFO] distill epoch 3, acc: 0.3726
[2024-01-31 18:04:57] [INFO] distill epoch 4, acc: 0.3726
[2024-01-31 18:04:58] [INFO] distill epoch 5, acc: 0.3726
[2024-01-31 18:04:58] [INFO] distill epoch 6, acc: 0.3726
[2024-01-31 18:04:59] [INFO] distill epoch 7, acc: 0.3726
[2024-01-31 18:04:59] [INFO] distill epoch 8, acc: 0.3726
[2024-01-31 18:05:00] [INFO] distill epoch 9, acc: 0.3726
[2024-01-31 18:05:00] [INFO] distill epoch 10, acc: 0.3726
[2024-01-31 18:05:00] [INFO] [server epoch 5, client 8, distill train]
[2024-01-31 18:05:01] [INFO] distill epoch 1, acc: 0.3726
[2024-01-31 18:05:01] [INFO] distill epoch 2, acc: 0.3726
[2024-01-31 18:05:02] [INFO] distill epoch 3, acc: 0.3726
[2024-01-31 18:05:02] [INFO] distill epoch 4, acc: 0.3726
[2024-01-31 18:05:03] [INFO] distill epoch 5, acc: 0.3726
[2024-01-31 18:05:03] [INFO] distill epoch 6, acc: 0.3726
[2024-01-31 18:05:04] [INFO] distill epoch 7, acc: 0.3726
[2024-01-31 18:05:04] [INFO] distill epoch 8, acc: 0.3726
[2024-01-31 18:05:05] [INFO] distill epoch 9, acc: 0.3726
[2024-01-31 18:05:05] [INFO] distill epoch 10, acc: 0.3726
[2024-01-31 18:05:05] [INFO] [server epoch 5, client 9, distill train]
[2024-01-31 18:05:06] [INFO] distill epoch 1, acc: 0.3726
[2024-01-31 18:05:06] [INFO] distill epoch 2, acc: 0.3726
[2024-01-31 18:05:06] [INFO] distill epoch 3, acc: 0.3726
[2024-01-31 18:05:07] [INFO] distill epoch 4, acc: 0.3726
[2024-01-31 18:05:07] [INFO] distill epoch 5, acc: 0.3726
[2024-01-31 18:05:08] [INFO] distill epoch 6, acc: 0.3726
[2024-01-31 18:05:08] [INFO] distill epoch 7, acc: 0.3726
[2024-01-31 18:05:09] [INFO] distill epoch 8, acc: 0.3726
[2024-01-31 18:05:09] [INFO] distill epoch 9, acc: 0.3726
[2024-01-31 18:05:10] [INFO] distill epoch 10, acc: 0.3726
[2024-01-31 18:05:10] [INFO] [server epoch 6, client 1, local train]
[2024-01-31 18:05:10] [INFO] local epoch 1, acc: 0.6918
[2024-01-31 18:05:11] [INFO] local epoch 2, acc: 0.6857
[2024-01-31 18:05:11] [INFO] local epoch 3, acc: 0.6910
[2024-01-31 18:05:12] [INFO] local epoch 4, acc: 0.6812
[2024-01-31 18:05:12] [INFO] local epoch 5, acc: 0.6881
[2024-01-31 18:05:13] [INFO] local epoch 6, acc: 0.6796
[2024-01-31 18:05:13] [INFO] local epoch 7, acc: 0.6841
[2024-01-31 18:05:14] [INFO] local epoch 8, acc: 0.6877
[2024-01-31 18:05:14] [INFO] local epoch 9, acc: 0.6837
[2024-01-31 18:05:15] [INFO] local epoch 10, acc: 0.6808
[2024-01-31 18:05:15] [INFO] [server epoch 6, client 2, local train]
[2024-01-31 18:05:15] [INFO] local epoch 1, acc: 0.6837
[2024-01-31 18:05:16] [INFO] local epoch 2, acc: 0.6877
[2024-01-31 18:05:16] [INFO] local epoch 3, acc: 0.6869
[2024-01-31 18:05:17] [INFO] local epoch 4, acc: 0.6812
[2024-01-31 18:05:18] [INFO] local epoch 5, acc: 0.6918
[2024-01-31 18:05:18] [INFO] local epoch 6, acc: 0.6825
[2024-01-31 18:05:19] [INFO] local epoch 7, acc: 0.6800
[2024-01-31 18:05:19] [INFO] local epoch 8, acc: 0.6808
[2024-01-31 18:05:20] [INFO] local epoch 9, acc: 0.6788
[2024-01-31 18:05:20] [INFO] local epoch 10, acc: 0.6833
[2024-01-31 18:05:20] [INFO] [server epoch 6, client 3, local train]
[2024-01-31 18:05:21] [INFO] local epoch 1, acc: 0.6841
[2024-01-31 18:05:21] [INFO] local epoch 2, acc: 0.6861
[2024-01-31 18:05:22] [INFO] local epoch 3, acc: 0.6772
[2024-01-31 18:05:22] [INFO] local epoch 4, acc: 0.6861
[2024-01-31 18:05:23] [INFO] local epoch 5, acc: 0.6772
[2024-01-31 18:05:23] [INFO] local epoch 6, acc: 0.6800
[2024-01-31 18:05:24] [INFO] local epoch 7, acc: 0.6800
[2024-01-31 18:05:24] [INFO] local epoch 8, acc: 0.6857
[2024-01-31 18:05:25] [INFO] local epoch 9, acc: 0.6772
[2024-01-31 18:05:25] [INFO] local epoch 10, acc: 0.6845
[2024-01-31 18:05:25] [INFO] [server epoch 6, client 4, local train]
[2024-01-31 18:05:26] [INFO] local epoch 1, acc: 0.7009
[2024-01-31 18:05:26] [INFO] local epoch 2, acc: 0.7020
[2024-01-31 18:05:27] [INFO] local epoch 3, acc: 0.7033
[2024-01-31 18:05:28] [INFO] local epoch 4, acc: 0.7124
[2024-01-31 18:05:28] [INFO] local epoch 5, acc: 0.7119
[2024-01-31 18:05:29] [INFO] local epoch 6, acc: 0.7153
[2024-01-31 18:05:29] [INFO] local epoch 7, acc: 0.6978
[2024-01-31 18:05:30] [INFO] local epoch 8, acc: 0.7056
[2024-01-31 18:05:30] [INFO] local epoch 9, acc: 0.7124
[2024-01-31 18:05:31] [INFO] local epoch 10, acc: 0.7075
[2024-01-31 18:05:31] [INFO] [server epoch 6, client 5, local train]
[2024-01-31 18:05:31] [INFO] local epoch 1, acc: 0.7030
[2024-01-31 18:05:32] [INFO] local epoch 2, acc: 0.6994
[2024-01-31 18:05:33] [INFO] local epoch 3, acc: 0.7067
[2024-01-31 18:05:33] [INFO] local epoch 4, acc: 0.7077
[2024-01-31 18:05:34] [INFO] local epoch 5, acc: 0.7020
[2024-01-31 18:05:34] [INFO] local epoch 6, acc: 0.7004
[2024-01-31 18:05:35] [INFO] local epoch 7, acc: 0.7012
[2024-01-31 18:05:35] [INFO] local epoch 8, acc: 0.7054
[2024-01-31 18:05:36] [INFO] local epoch 9, acc: 0.7082
[2024-01-31 18:05:37] [INFO] local epoch 10, acc: 0.7033
[2024-01-31 18:05:37] [INFO] [server epoch 6, client 6, local train]
[2024-01-31 18:05:37] [INFO] local epoch 1, acc: 0.7033
[2024-01-31 18:05:38] [INFO] local epoch 2, acc: 0.7062
[2024-01-31 18:05:38] [INFO] local epoch 3, acc: 0.7043
[2024-01-31 18:05:39] [INFO] local epoch 4, acc: 0.7051
