[2024-01-31 18:15:03] [INFO] hyper_fed
      n_public_data  :  100  
          seed       : 10000 
      local_epochs   :  10   
     distill_epochs  :  10   
       batch_size    :  160  
      server_epochs  :  20   
          alpha      :  1.0  
         dataset     :cifar10
     model_structure : cnn3  
[2024-01-31 18:15:16] [INFO] [server epoch 1, client 1, local train]
[2024-01-31 18:15:17] [INFO] local epoch 1, acc: 0.4026
[2024-01-31 18:15:17] [INFO] local epoch 2, acc: 0.4488
[2024-01-31 18:15:18] [INFO] local epoch 3, acc: 0.4816
[2024-01-31 18:15:19] [INFO] local epoch 4, acc: 0.5213
[2024-01-31 18:15:19] [INFO] local epoch 5, acc: 0.5383
[2024-01-31 18:15:20] [INFO] local epoch 6, acc: 0.5508
[2024-01-31 18:15:20] [INFO] local epoch 7, acc: 0.5597
[2024-01-31 18:15:21] [INFO] local epoch 8, acc: 0.5768
[2024-01-31 18:15:21] [INFO] local epoch 9, acc: 0.5800
[2024-01-31 18:15:22] [INFO] local epoch 10, acc: 0.5897
[2024-01-31 18:15:22] [INFO] [server epoch 1, client 2, local train]
[2024-01-31 18:15:22] [INFO] local epoch 1, acc: 0.3998
[2024-01-31 18:15:23] [INFO] local epoch 2, acc: 0.4508
[2024-01-31 18:15:23] [INFO] local epoch 3, acc: 0.5006
[2024-01-31 18:15:24] [INFO] local epoch 4, acc: 0.5221
[2024-01-31 18:15:24] [INFO] local epoch 5, acc: 0.5427
[2024-01-31 18:15:25] [INFO] local epoch 6, acc: 0.5456
[2024-01-31 18:15:25] [INFO] local epoch 7, acc: 0.5589
[2024-01-31 18:15:26] [INFO] local epoch 8, acc: 0.5695
[2024-01-31 18:15:26] [INFO] local epoch 9, acc: 0.5828
[2024-01-31 18:15:27] [INFO] local epoch 10, acc: 0.5873
[2024-01-31 18:15:27] [INFO] [server epoch 1, client 3, local train]
[2024-01-31 18:15:27] [INFO] local epoch 1, acc: 0.4151
[2024-01-31 18:15:28] [INFO] local epoch 2, acc: 0.4399
[2024-01-31 18:15:28] [INFO] local epoch 3, acc: 0.4921
[2024-01-31 18:15:29] [INFO] local epoch 4, acc: 0.5164
[2024-01-31 18:15:29] [INFO] local epoch 5, acc: 0.5358
[2024-01-31 18:15:30] [INFO] local epoch 6, acc: 0.5565
[2024-01-31 18:15:30] [INFO] local epoch 7, acc: 0.5585
[2024-01-31 18:15:31] [INFO] local epoch 8, acc: 0.5776
[2024-01-31 18:15:31] [INFO] local epoch 9, acc: 0.5691
[2024-01-31 18:15:32] [INFO] local epoch 10, acc: 0.5796
[2024-01-31 18:15:32] [INFO] [server epoch 1, client 4, local train]
[2024-01-31 18:15:32] [INFO] local epoch 1, acc: 0.3609
[2024-01-31 18:15:33] [INFO] local epoch 2, acc: 0.4366
[2024-01-31 18:15:34] [INFO] local epoch 3, acc: 0.4763
[2024-01-31 18:15:34] [INFO] local epoch 4, acc: 0.5089
[2024-01-31 18:15:35] [INFO] local epoch 5, acc: 0.5230
[2024-01-31 18:15:35] [INFO] local epoch 6, acc: 0.5444
[2024-01-31 18:15:36] [INFO] local epoch 7, acc: 0.5621
[2024-01-31 18:15:36] [INFO] local epoch 8, acc: 0.5645
[2024-01-31 18:15:37] [INFO] local epoch 9, acc: 0.5752
[2024-01-31 18:15:38] [INFO] local epoch 10, acc: 0.5869
[2024-01-31 18:15:38] [INFO] [server epoch 1, client 5, local train]
[2024-01-31 18:15:38] [INFO] local epoch 1, acc: 0.3677
[2024-01-31 18:15:39] [INFO] local epoch 2, acc: 0.4473
[2024-01-31 18:15:39] [INFO] local epoch 3, acc: 0.4789
[2024-01-31 18:15:40] [INFO] local epoch 4, acc: 0.5018
[2024-01-31 18:15:40] [INFO] local epoch 5, acc: 0.5237
[2024-01-31 18:15:41] [INFO] local epoch 6, acc: 0.5355
[2024-01-31 18:15:42] [INFO] local epoch 7, acc: 0.5603
[2024-01-31 18:15:42] [INFO] local epoch 8, acc: 0.5658
[2024-01-31 18:15:43] [INFO] local epoch 9, acc: 0.5741
[2024-01-31 18:15:43] [INFO] local epoch 10, acc: 0.5812
[2024-01-31 18:15:43] [INFO] [server epoch 1, client 6, local train]
[2024-01-31 18:15:44] [INFO] local epoch 1, acc: 0.3604
[2024-01-31 18:15:44] [INFO] local epoch 2, acc: 0.4543
[2024-01-31 18:15:45] [INFO] local epoch 3, acc: 0.4838
[2024-01-31 18:15:46] [INFO] local epoch 4, acc: 0.5099
[2024-01-31 18:15:46] [INFO] local epoch 5, acc: 0.5251
[2024-01-31 18:15:47] [INFO] local epoch 6, acc: 0.5410
[2024-01-31 18:15:47] [INFO] local epoch 7, acc: 0.5459
[2024-01-31 18:15:48] [INFO] local epoch 8, acc: 0.5642
[2024-01-31 18:15:48] [INFO] local epoch 9, acc: 0.5801
[2024-01-31 18:15:49] [INFO] local epoch 10, acc: 0.5869
[2024-01-31 18:15:49] [INFO] [server epoch 1, client 7, local train]
[2024-01-31 18:15:50] [INFO] local epoch 1, acc: 0.3869
[2024-01-31 18:15:50] [INFO] local epoch 2, acc: 0.3988
[2024-01-31 18:15:51] [INFO] local epoch 3, acc: 0.4380
[2024-01-31 18:15:51] [INFO] local epoch 4, acc: 0.4745
[2024-01-31 18:15:52] [INFO] local epoch 5, acc: 0.4807
[2024-01-31 18:15:52] [INFO] local epoch 6, acc: 0.4942
[2024-01-31 18:15:53] [INFO] local epoch 7, acc: 0.4988
[2024-01-31 18:15:54] [INFO] local epoch 8, acc: 0.4969
[2024-01-31 18:15:54] [INFO] local epoch 9, acc: 0.5118
[2024-01-31 18:15:55] [INFO] local epoch 10, acc: 0.5118
[2024-01-31 18:15:55] [INFO] [server epoch 1, client 8, local train]
[2024-01-31 18:15:55] [INFO] local epoch 1, acc: 0.3809
[2024-01-31 18:15:56] [INFO] local epoch 2, acc: 0.4074
[2024-01-31 18:15:56] [INFO] local epoch 3, acc: 0.4250
[2024-01-31 18:15:57] [INFO] local epoch 4, acc: 0.4655
[2024-01-31 18:15:58] [INFO] local epoch 5, acc: 0.4826
[2024-01-31 18:15:58] [INFO] local epoch 6, acc: 0.4923
[2024-01-31 18:15:59] [INFO] local epoch 7, acc: 0.5047
[2024-01-31 18:15:59] [INFO] local epoch 8, acc: 0.5004
[2024-01-31 18:16:00] [INFO] local epoch 9, acc: 0.5109
[2024-01-31 18:16:00] [INFO] local epoch 10, acc: 0.5269
[2024-01-31 18:16:00] [INFO] [server epoch 1, client 9, local train]
[2024-01-31 18:16:01] [INFO] local epoch 1, acc: 0.3793
[2024-01-31 18:16:01] [INFO] local epoch 2, acc: 0.4158
[2024-01-31 18:16:02] [INFO] local epoch 3, acc: 0.4474
[2024-01-31 18:16:03] [INFO] local epoch 4, acc: 0.4615
[2024-01-31 18:16:03] [INFO] local epoch 5, acc: 0.4809
[2024-01-31 18:16:04] [INFO] local epoch 6, acc: 0.4899
[2024-01-31 18:16:04] [INFO] local epoch 7, acc: 0.4728
[2024-01-31 18:16:05] [INFO] local epoch 8, acc: 0.5088
[2024-01-31 18:16:05] [INFO] local epoch 9, acc: 0.5085
[2024-01-31 18:16:06] [INFO] local epoch 10, acc: 0.5169
[2024-01-31 18:16:06] [INFO] [server epoch 1, client 1, distill train]
[2024-01-31 18:16:07] [INFO] distill epoch 1, acc: 0.5796
[2024-01-31 18:16:07] [INFO] distill epoch 2, acc: 0.5796
[2024-01-31 18:16:08] [INFO] distill epoch 3, acc: 0.5796
[2024-01-31 18:16:08] [INFO] distill epoch 4, acc: 0.5796
[2024-01-31 18:16:09] [INFO] distill epoch 5, acc: 0.5796
[2024-01-31 18:16:09] [INFO] distill epoch 6, acc: 0.5796
[2024-01-31 18:16:10] [INFO] distill epoch 7, acc: 0.5796
[2024-01-31 18:16:11] [INFO] distill epoch 8, acc: 0.5796
[2024-01-31 18:16:11] [INFO] distill epoch 9, acc: 0.5796
[2024-01-31 18:16:12] [INFO] distill epoch 10, acc: 0.5796
[2024-01-31 18:16:12] [INFO] [server epoch 1, client 2, distill train]
[2024-01-31 18:16:13] [INFO] distill epoch 1, acc: 0.5796
[2024-01-31 18:16:13] [INFO] distill epoch 2, acc: 0.5796
[2024-01-31 18:16:14] [INFO] distill epoch 3, acc: 0.5796
[2024-01-31 18:16:14] [INFO] distill epoch 4, acc: 0.5796
[2024-01-31 18:16:15] [INFO] distill epoch 5, acc: 0.5796
[2024-01-31 18:16:16] [INFO] distill epoch 6, acc: 0.5796
[2024-01-31 18:16:16] [INFO] distill epoch 7, acc: 0.5796
[2024-01-31 18:16:17] [INFO] distill epoch 8, acc: 0.5796
[2024-01-31 18:16:17] [INFO] distill epoch 9, acc: 0.5796
[2024-01-31 18:16:18] [INFO] distill epoch 10, acc: 0.5796
[2024-01-31 18:16:18] [INFO] [server epoch 1, client 3, distill train]
[2024-01-31 18:16:19] [INFO] distill epoch 1, acc: 0.5934
[2024-01-31 18:16:19] [INFO] distill epoch 2, acc: 0.5715
[2024-01-31 18:16:20] [INFO] distill epoch 3, acc: 0.5310
[2024-01-31 18:16:20] [INFO] distill epoch 4, acc: 0.4893
[2024-01-31 18:16:21] [INFO] distill epoch 5, acc: 0.4261
[2024-01-31 18:16:22] [INFO] distill epoch 6, acc: 0.3617
[2024-01-31 18:16:22] [INFO] distill epoch 7, acc: 0.3135
[2024-01-31 18:16:23] [INFO] distill epoch 8, acc: 0.2726
[2024-01-31 18:16:23] [INFO] distill epoch 9, acc: 0.2475
[2024-01-31 18:16:22] [INFO] distill epoch 10, acc: 0.2487
[2024-01-31 18:16:22] [INFO] [server epoch 1, client 4, distill train]
[2024-01-31 18:16:23] [INFO] distill epoch 1, acc: 0.2487
[2024-01-31 18:16:23] [INFO] distill epoch 2, acc: 0.2487
