[2024-01-30 15:05:12] [INFO] hyper_fed
        n_server     :   3   
        n_client     :   9   
      n_train_data   : 1000  
      n_public_data  :  50   
       n_test_data   :  200  
          seed       :   0   
      local_epochs   :  10   
     distill_epochs  :  10   
       batch_size    :  160  
      server_epochs  :  10   
          alpha      : 10.0  
         dataset     : mnist 
     model_structure :  mlp  
[2024-01-30 15:05:18] [INFO] [server epoch 1, client 1, local train]
[2024-01-30 15:05:18] [INFO] local epoch 1, acc: 0.6842
[2024-01-30 15:05:19] [INFO] local epoch 2, acc: 0.7546
[2024-01-30 15:05:19] [INFO] local epoch 3, acc: 0.8029
[2024-01-30 15:05:19] [INFO] local epoch 4, acc: 0.8387
[2024-01-30 15:05:19] [INFO] local epoch 5, acc: 0.8586
[2024-01-30 15:05:19] [INFO] local epoch 6, acc: 0.8710
[2024-01-30 15:05:20] [INFO] local epoch 7, acc: 0.8746
[2024-01-30 15:05:20] [INFO] local epoch 8, acc: 0.8813
[2024-01-30 15:05:20] [INFO] local epoch 9, acc: 0.8838
[2024-01-30 15:05:20] [INFO] local epoch 10, acc: 0.8845
[2024-01-30 15:05:20] [INFO] [server epoch 1, client 2, local train]
[2024-01-30 15:05:21] [INFO] local epoch 1, acc: 0.6730
[2024-01-30 15:05:21] [INFO] local epoch 2, acc: 0.7507
[2024-01-30 15:05:21] [INFO] local epoch 3, acc: 0.8131
[2024-01-30 15:05:21] [INFO] local epoch 4, acc: 0.8371
[2024-01-30 15:05:21] [INFO] local epoch 5, acc: 0.8576
[2024-01-30 15:05:22] [INFO] local epoch 6, acc: 0.8678
[2024-01-30 15:05:22] [INFO] local epoch 7, acc: 0.8746
[2024-01-30 15:05:22] [INFO] local epoch 8, acc: 0.8765
[2024-01-30 15:05:22] [INFO] local epoch 9, acc: 0.8813
[2024-01-30 15:05:23] [INFO] local epoch 10, acc: 0.8826
[2024-01-30 15:05:23] [INFO] [server epoch 1, client 3, local train]
[2024-01-30 15:05:23] [INFO] local epoch 1, acc: 0.6842
[2024-01-30 15:05:23] [INFO] local epoch 2, acc: 0.7578
[2024-01-30 15:05:23] [INFO] local epoch 3, acc: 0.8253
[2024-01-30 15:05:24] [INFO] local epoch 4, acc: 0.8438
[2024-01-30 15:05:24] [INFO] local epoch 5, acc: 0.8589
[2024-01-30 15:05:24] [INFO] local epoch 6, acc: 0.8672
[2024-01-30 15:05:24] [INFO] local epoch 7, acc: 0.8762
[2024-01-30 15:05:24] [INFO] local epoch 8, acc: 0.8778
[2024-01-30 15:05:25] [INFO] local epoch 9, acc: 0.8829
[2024-01-30 15:05:25] [INFO] local epoch 10, acc: 0.8893
[2024-01-30 15:05:25] [INFO] [server epoch 1, client 4, local train]
[2024-01-30 15:05:25] [INFO] local epoch 1, acc: 0.6702
[2024-01-30 15:05:25] [INFO] local epoch 2, acc: 0.8092
[2024-01-30 15:05:26] [INFO] local epoch 3, acc: 0.8565
[2024-01-30 15:05:26] [INFO] local epoch 4, acc: 0.8822
[2024-01-30 15:05:26] [INFO] local epoch 5, acc: 0.8918
[2024-01-30 15:05:26] [INFO] local epoch 6, acc: 0.8986
[2024-01-30 15:05:27] [INFO] local epoch 7, acc: 0.9003
[2024-01-30 15:05:27] [INFO] local epoch 8, acc: 0.9063
[2024-01-30 15:05:27] [INFO] local epoch 9, acc: 0.9080
[2024-01-30 15:05:27] [INFO] local epoch 10, acc: 0.9063
[2024-01-30 15:05:27] [INFO] [server epoch 1, client 5, local train]
[2024-01-30 15:05:28] [INFO] local epoch 1, acc: 0.7010
[2024-01-30 15:05:28] [INFO] local epoch 2, acc: 0.8035
[2024-01-30 15:05:28] [INFO] local epoch 3, acc: 0.8318
[2024-01-30 15:05:28] [INFO] local epoch 4, acc: 0.8766
[2024-01-30 15:05:28] [INFO] local epoch 5, acc: 0.8853
[2024-01-30 15:05:29] [INFO] local epoch 6, acc: 0.8947
[2024-01-30 15:05:29] [INFO] local epoch 7, acc: 0.8992
[2024-01-30 15:05:29] [INFO] local epoch 8, acc: 0.8986
[2024-01-30 15:05:29] [INFO] local epoch 9, acc: 0.9015
[2024-01-30 15:05:30] [INFO] local epoch 10, acc: 0.9018
[2024-01-30 15:05:30] [INFO] [server epoch 1, client 6, local train]
[2024-01-30 15:05:30] [INFO] local epoch 1, acc: 0.6758
[2024-01-30 15:05:30] [INFO] local epoch 2, acc: 0.8089
[2024-01-30 15:05:30] [INFO] local epoch 3, acc: 0.8584
[2024-01-30 15:05:31] [INFO] local epoch 4, acc: 0.8703
[2024-01-30 15:05:31] [INFO] local epoch 5, acc: 0.8819
[2024-01-30 15:05:31] [INFO] local epoch 6, acc: 0.8944
[2024-01-30 15:05:31] [INFO] local epoch 7, acc: 0.9006
[2024-01-30 15:05:32] [INFO] local epoch 8, acc: 0.9029
[2024-01-30 15:05:32] [INFO] local epoch 9, acc: 0.9074
[2024-01-30 15:05:32] [INFO] local epoch 10, acc: 0.9077
[2024-01-30 15:05:32] [INFO] [server epoch 1, client 7, local train]
[2024-01-30 15:05:32] [INFO] local epoch 1, acc: 0.6470
[2024-01-30 15:05:32] [INFO] local epoch 2, acc: 0.8241
[2024-01-30 15:05:33] [INFO] local epoch 3, acc: 0.8848
[2024-01-30 15:05:33] [INFO] local epoch 4, acc: 0.9130
[2024-01-30 15:05:33] [INFO] local epoch 5, acc: 0.9300
[2024-01-30 15:05:33] [INFO] local epoch 6, acc: 0.9309
[2024-01-30 15:05:34] [INFO] local epoch 7, acc: 0.9351
[2024-01-30 15:05:34] [INFO] local epoch 8, acc: 0.9372
[2024-01-30 15:05:34] [INFO] local epoch 9, acc: 0.9420
[2024-01-30 15:05:34] [INFO] local epoch 10, acc: 0.9399
[2024-01-30 15:05:34] [INFO] [server epoch 1, client 8, local train]
[2024-01-30 15:05:35] [INFO] local epoch 1, acc: 0.6626
[2024-01-30 15:05:35] [INFO] local epoch 2, acc: 0.8241
[2024-01-30 15:05:35] [INFO] local epoch 3, acc: 0.8860
[2024-01-30 15:05:35] [INFO] local epoch 4, acc: 0.9180
[2024-01-30 15:05:35] [INFO] local epoch 5, acc: 0.9261
[2024-01-30 15:05:36] [INFO] local epoch 6, acc: 0.9315
[2024-01-30 15:05:36] [INFO] local epoch 7, acc: 0.9333
[2024-01-30 15:05:36] [INFO] local epoch 8, acc: 0.9390
[2024-01-30 15:05:36] [INFO] local epoch 9, acc: 0.9414
[2024-01-30 15:05:37] [INFO] local epoch 10, acc: 0.9420
[2024-01-30 15:05:37] [INFO] [server epoch 1, client 9, local train]
[2024-01-30 15:05:37] [INFO] local epoch 1, acc: 0.6650
[2024-01-30 15:05:37] [INFO] local epoch 2, acc: 0.8453
[2024-01-30 15:05:37] [INFO] local epoch 3, acc: 0.8989
[2024-01-30 15:05:38] [INFO] local epoch 4, acc: 0.9189
[2024-01-30 15:05:38] [INFO] local epoch 5, acc: 0.9231
[2024-01-30 15:05:38] [INFO] local epoch 6, acc: 0.9324
[2024-01-30 15:05:38] [INFO] local epoch 7, acc: 0.9333
[2024-01-30 15:05:38] [INFO] local epoch 8, acc: 0.9333
[2024-01-30 15:05:39] [INFO] local epoch 9, acc: 0.9393
[2024-01-30 15:05:39] [INFO] local epoch 10, acc: 0.9372
[2024-01-30 15:05:39] [INFO] [server epoch 1, client 1, distill train]
[2024-01-30 15:05:39] [INFO] distill epoch 1, acc: 0.9390
[2024-01-30 15:05:40] [INFO] distill epoch 2, acc: 0.9417
[2024-01-30 15:05:40] [INFO] distill epoch 3, acc: 0.9393
[2024-01-30 15:05:40] [INFO] distill epoch 4, acc: 0.9372
[2024-01-30 15:05:40] [INFO] distill epoch 5, acc: 0.9348
[2024-01-30 15:05:40] [INFO] distill epoch 6, acc: 0.9342
[2024-01-30 15:05:40] [INFO] distill epoch 7, acc: 0.9345
[2024-01-30 15:05:41] [INFO] distill epoch 8, acc: 0.9345
[2024-01-30 15:05:41] [INFO] distill epoch 9, acc: 0.9369
[2024-01-30 15:05:41] [INFO] distill epoch 10, acc: 0.9393
[2024-01-30 15:05:41] [INFO] [server epoch 1, client 2, distill train]
[2024-01-30 15:05:41] [INFO] distill epoch 1, acc: 0.9390
[2024-01-30 15:05:41] [INFO] distill epoch 2, acc: 0.9417
[2024-01-30 15:05:42] [INFO] distill epoch 3, acc: 0.9393
[2024-01-30 15:05:42] [INFO] distill epoch 4, acc: 0.9372
[2024-01-30 15:05:42] [INFO] distill epoch 5, acc: 0.9348
[2024-01-30 15:05:42] [INFO] distill epoch 6, acc: 0.9342
[2024-01-30 15:05:42] [INFO] distill epoch 7, acc: 0.9345
[2024-01-30 15:05:42] [INFO] distill epoch 8, acc: 0.9345
[2024-01-30 15:05:43] [INFO] distill epoch 9, acc: 0.9369
[2024-01-30 15:05:43] [INFO] distill epoch 10, acc: 0.9393
[2024-01-30 15:05:43] [INFO] [server epoch 1, client 3, distill train]
[2024-01-30 15:05:43] [INFO] distill epoch 1, acc: 0.9390
[2024-01-30 15:05:43] [INFO] distill epoch 2, acc: 0.9417
[2024-01-30 15:05:43] [INFO] distill epoch 3, acc: 0.9393
[2024-01-30 15:05:43] [INFO] distill epoch 4, acc: 0.9372
[2024-01-30 15:05:44] [INFO] distill epoch 5, acc: 0.9348
[2024-01-30 15:05:44] [INFO] distill epoch 6, acc: 0.9342
[2024-01-30 15:05:44] [INFO] distill epoch 7, acc: 0.9345
[2024-01-30 15:05:44] [INFO] distill epoch 8, acc: 0.9345
[2024-01-30 15:05:44] [INFO] distill epoch 9, acc: 0.9369
[2024-01-30 15:05:45] [INFO] distill epoch 10, acc: 0.9393
[2024-01-30 15:05:45] [INFO] [server epoch 1, client 4, distill train]
[2024-01-30 15:05:45] [INFO] distill epoch 1, acc: 0.9444
[2024-01-30 15:05:45] [INFO] distill epoch 2, acc: 0.9447
[2024-01-30 15:05:45] [INFO] distill epoch 3, acc: 0.9438
[2024-01-30 15:05:45] [INFO] distill epoch 4, acc: 0.9414
[2024-01-30 15:05:45] [INFO] distill epoch 5, acc: 0.9393
[2024-01-30 15:05:46] [INFO] distill epoch 6, acc: 0.9402
[2024-01-30 15:05:46] [INFO] distill epoch 7, acc: 0.9399
[2024-01-30 15:05:46] [INFO] distill epoch 8, acc: 0.9402
[2024-01-30 15:05:46] [INFO] distill epoch 9, acc: 0.9396
[2024-01-30 15:05:46] [INFO] distill epoch 10, acc: 0.9393
[2024-01-30 15:05:46] [INFO] [server epoch 1, client 5, distill train]
[2024-01-30 15:05:47] [INFO] distill epoch 1, acc: 0.9444
[2024-01-30 15:05:47] [INFO] distill epoch 2, acc: 0.9447
[2024-01-30 15:05:47] [INFO] distill epoch 3, acc: 0.9438
[2024-01-30 15:05:47] [INFO] distill epoch 4, acc: 0.9414
[2024-01-30 15:05:47] [INFO] distill epoch 5, acc: 0.9393
[2024-01-30 15:05:47] [INFO] distill epoch 6, acc: 0.9402
[2024-01-30 15:05:48] [INFO] distill epoch 7, acc: 0.9399
[2024-01-30 15:05:48] [INFO] distill epoch 8, acc: 0.9402
[2024-01-30 15:05:48] [INFO] distill epoch 9, acc: 0.9396
[2024-01-30 15:05:48] [INFO] distill epoch 10, acc: 0.9393
[2024-01-30 15:05:48] [INFO] [server epoch 1, client 6, distill train]
[2024-01-30 15:05:48] [INFO] distill epoch 1, acc: 0.9444
[2024-01-30 15:05:48] [INFO] distill epoch 2, acc: 0.9447
[2024-01-30 15:05:49] [INFO] distill epoch 3, acc: 0.9438
[2024-01-30 15:05:49] [INFO] distill epoch 4, acc: 0.9414
[2024-01-30 15:05:49] [INFO] distill epoch 5, acc: 0.9393
[2024-01-30 15:05:49] [INFO] distill epoch 6, acc: 0.9402
[2024-01-30 15:05:49] [INFO] distill epoch 7, acc: 0.9399
[2024-01-30 15:05:50] [INFO] distill epoch 8, acc: 0.9402
[2024-01-30 15:05:50] [INFO] distill epoch 9, acc: 0.9396
[2024-01-30 15:05:50] [INFO] distill epoch 10, acc: 0.9393
[2024-01-30 15:05:50] [INFO] [server epoch 1, client 7, distill train]
[2024-01-30 15:05:50] [INFO] distill epoch 1, acc: 0.9447
[2024-01-30 15:05:50] [INFO] distill epoch 2, acc: 0.9450
[2024-01-30 15:05:50] [INFO] distill epoch 3, acc: 0.9435
[2024-01-30 15:05:51] [INFO] distill epoch 4, acc: 0.9411
[2024-01-30 15:05:51] [INFO] distill epoch 5, acc: 0.9396
[2024-01-30 15:05:51] [INFO] distill epoch 6, acc: 0.9393
[2024-01-30 15:05:51] [INFO] distill epoch 7, acc: 0.9405
[2024-01-30 15:05:51] [INFO] distill epoch 8, acc: 0.9429
[2024-01-30 15:05:52] [INFO] distill epoch 9, acc: 0.9423
[2024-01-30 15:05:52] [INFO] distill epoch 10, acc: 0.9432
[2024-01-30 15:05:52] [INFO] [server epoch 1, client 8, distill train]
[2024-01-30 15:05:52] [INFO] distill epoch 1, acc: 0.9447
[2024-01-30 15:05:52] [INFO] distill epoch 2, acc: 0.9450
[2024-01-30 15:05:52] [INFO] distill epoch 3, acc: 0.9435
[2024-01-30 15:05:52] [INFO] distill epoch 4, acc: 0.9411
[2024-01-30 15:05:53] [INFO] distill epoch 5, acc: 0.9396
[2024-01-30 15:05:53] [INFO] distill epoch 6, acc: 0.9393
[2024-01-30 15:05:53] [INFO] distill epoch 7, acc: 0.9405
[2024-01-30 15:05:53] [INFO] distill epoch 8, acc: 0.9429
[2024-01-30 15:05:53] [INFO] distill epoch 9, acc: 0.9423
[2024-01-30 15:05:53] [INFO] distill epoch 10, acc: 0.9432
[2024-01-30 15:05:53] [INFO] [server epoch 1, client 9, distill train]
[2024-01-30 15:05:54] [INFO] distill epoch 1, acc: 0.9447
[2024-01-30 15:05:54] [INFO] distill epoch 2, acc: 0.9450
[2024-01-30 15:05:54] [INFO] distill epoch 3, acc: 0.9435
[2024-01-30 15:05:54] [INFO] distill epoch 4, acc: 0.9411
[2024-01-30 15:05:54] [INFO] distill epoch 5, acc: 0.9396
[2024-01-30 15:05:55] [INFO] distill epoch 6, acc: 0.9393
[2024-01-30 15:05:55] [INFO] distill epoch 7, acc: 0.9405
[2024-01-30 15:05:55] [INFO] distill epoch 8, acc: 0.9429
[2024-01-30 15:05:55] [INFO] distill epoch 9, acc: 0.9423
[2024-01-30 15:05:55] [INFO] distill epoch 10, acc: 0.9432
