[2024-01-30 16:36:44] [INFO] fed_avg
        n_client     :   9   
      n_train_data   : 1000  
       n_test_data   :  200  
          seed       : 10000 
      local_epochs   :  10   
     distill_epochs  :  10   
       batch_size    :  10   
      server_epochs  :   2   
          alpha      :  1.0  
         dataset     :cifar10
     model_structure : cnn3  
[2024-01-30 16:36:54] [INFO] [server epoch 1, client 1, local train]
[2024-01-30 16:36:56] [INFO] local epoch 1, acc: 0.5331
[2024-01-30 16:36:57] [INFO] local epoch 2, acc: 0.5556
[2024-01-30 16:36:59] [INFO] local epoch 3, acc: 0.5795
[2024-01-30 16:37:01] [INFO] local epoch 4, acc: 0.5693
[2024-01-30 16:37:02] [INFO] local epoch 5, acc: 0.6150
[2024-01-30 16:37:04] [INFO] local epoch 6, acc: 0.6191
[2024-01-30 16:37:06] [INFO] local epoch 7, acc: 0.6355
[2024-01-30 16:37:08] [INFO] local epoch 8, acc: 0.6225
[2024-01-30 16:37:09] [INFO] local epoch 9, acc: 0.6403
[2024-01-30 16:37:11] [INFO] local epoch 10, acc: 0.6594
[2024-01-30 16:37:11] [INFO] [server epoch 1, client 2, local train]
[2024-01-30 16:37:13] [INFO] local epoch 1, acc: 0.5254
[2024-01-30 16:37:14] [INFO] local epoch 2, acc: 0.5676
[2024-01-30 16:37:16] [INFO] local epoch 3, acc: 0.5884
[2024-01-30 16:37:18] [INFO] local epoch 4, acc: 0.6198
[2024-01-30 16:37:19] [INFO] local epoch 5, acc: 0.6292
[2024-01-30 16:37:21] [INFO] local epoch 6, acc: 0.6265
[2024-01-30 16:37:23] [INFO] local epoch 7, acc: 0.6272
[2024-01-30 16:37:24] [INFO] local epoch 8, acc: 0.6406
[2024-01-30 16:37:26] [INFO] local epoch 9, acc: 0.6493
[2024-01-30 16:37:28] [INFO] local epoch 10, acc: 0.6606
[2024-01-30 16:37:28] [INFO] [server epoch 1, client 3, local train]
[2024-01-30 16:37:29] [INFO] local epoch 1, acc: 0.4732
[2024-01-30 16:37:31] [INFO] local epoch 2, acc: 0.5230
[2024-01-30 16:37:32] [INFO] local epoch 3, acc: 0.5743
[2024-01-30 16:37:34] [INFO] local epoch 4, acc: 0.6060
[2024-01-30 16:37:36] [INFO] local epoch 5, acc: 0.6098
[2024-01-30 16:37:37] [INFO] local epoch 6, acc: 0.6340
[2024-01-30 16:37:39] [INFO] local epoch 7, acc: 0.6332
[2024-01-30 16:37:40] [INFO] local epoch 8, acc: 0.6453
[2024-01-30 16:37:42] [INFO] local epoch 9, acc: 0.6151
[2024-01-30 16:37:43] [INFO] local epoch 10, acc: 0.6491
[2024-01-30 16:37:43] [INFO] [server epoch 1, client 4, local train]
[2024-01-30 16:37:44] [INFO] local epoch 1, acc: 0.5052
[2024-01-30 16:37:46] [INFO] local epoch 2, acc: 0.5351
[2024-01-30 16:37:47] [INFO] local epoch 3, acc: 0.5339
[2024-01-30 16:37:48] [INFO] local epoch 4, acc: 0.5627
[2024-01-30 16:37:49] [INFO] local epoch 5, acc: 0.5673
[2024-01-30 16:37:50] [INFO] local epoch 6, acc: 0.5754
[2024-01-30 16:37:51] [INFO] local epoch 7, acc: 0.5961
[2024-01-30 16:37:52] [INFO] local epoch 8, acc: 0.5800
[2024-01-30 16:37:53] [INFO] local epoch 9, acc: 0.6007
[2024-01-30 16:37:55] [INFO] local epoch 10, acc: 0.6007
[2024-01-30 16:37:55] [INFO] [server epoch 1, client 5, local train]
[2024-01-30 16:37:56] [INFO] local epoch 1, acc: 0.3857
[2024-01-30 16:37:57] [INFO] local epoch 2, acc: 0.4194
[2024-01-30 16:37:58] [INFO] local epoch 3, acc: 0.4602
[2024-01-30 16:37:59] [INFO] local epoch 4, acc: 0.4878
[2024-01-30 16:38:01] [INFO] local epoch 5, acc: 0.4980
[2024-01-30 16:38:02] [INFO] local epoch 6, acc: 0.5092
[2024-01-30 16:38:03] [INFO] local epoch 7, acc: 0.5306
[2024-01-30 16:38:04] [INFO] local epoch 8, acc: 0.5510
[2024-01-30 16:38:06] [INFO] local epoch 9, acc: 0.5500
[2024-01-30 16:38:07] [INFO] local epoch 10, acc: 0.5337
[2024-01-30 16:38:07] [INFO] [server epoch 1, client 6, local train]
[2024-01-30 16:38:08] [INFO] local epoch 1, acc: 0.5445
[2024-01-30 16:38:09] [INFO] local epoch 2, acc: 0.6031
[2024-01-30 16:38:11] [INFO] local epoch 3, acc: 0.6387
[2024-01-30 16:38:12] [INFO] local epoch 4, acc: 0.6450
[2024-01-30 16:38:13] [INFO] local epoch 5, acc: 0.6639
[2024-01-30 16:38:14] [INFO] local epoch 6, acc: 0.6618
[2024-01-30 16:38:15] [INFO] local epoch 7, acc: 0.6649
[2024-01-30 16:38:17] [INFO] local epoch 8, acc: 0.6817
[2024-01-30 16:38:18] [INFO] local epoch 9, acc: 0.6848
[2024-01-30 16:38:19] [INFO] local epoch 10, acc: 0.6723
[2024-01-30 16:38:19] [INFO] [server epoch 1, client 7, local train]
[2024-01-30 16:38:20] [INFO] local epoch 1, acc: 0.4186
[2024-01-30 16:38:21] [INFO] local epoch 2, acc: 0.4991
[2024-01-30 16:38:22] [INFO] local epoch 3, acc: 0.4741
[2024-01-30 16:38:22] [INFO] local epoch 4, acc: 0.5152
[2024-01-30 16:38:23] [INFO] local epoch 5, acc: 0.5456
[2024-01-30 16:38:24] [INFO] local epoch 6, acc: 0.5331
[2024-01-30 16:38:25] [INFO] local epoch 7, acc: 0.5456
[2024-01-30 16:38:26] [INFO] local epoch 8, acc: 0.5581
[2024-01-30 16:38:26] [INFO] local epoch 9, acc: 0.5653
[2024-01-30 16:38:27] [INFO] local epoch 10, acc: 0.5635
[2024-01-30 16:38:27] [INFO] [server epoch 1, client 8, local train]
[2024-01-30 16:38:29] [INFO] local epoch 1, acc: 0.5168
[2024-01-30 16:38:30] [INFO] local epoch 2, acc: 0.5524
[2024-01-30 16:38:31] [INFO] local epoch 3, acc: 0.5623
[2024-01-30 16:38:32] [INFO] local epoch 4, acc: 0.5879
[2024-01-30 16:38:34] [INFO] local epoch 5, acc: 0.5929
[2024-01-30 16:38:35] [INFO] local epoch 6, acc: 0.6146
[2024-01-30 16:38:36] [INFO] local epoch 7, acc: 0.6215
[2024-01-30 16:38:38] [INFO] local epoch 8, acc: 0.6285
[2024-01-30 16:38:39] [INFO] local epoch 9, acc: 0.6176
[2024-01-30 16:38:40] [INFO] local epoch 10, acc: 0.6344
[2024-01-30 16:38:40] [INFO] [server epoch 1, client 9, local train]
[2024-01-30 16:38:42] [INFO] local epoch 1, acc: 0.5966
[2024-01-30 16:38:43] [INFO] local epoch 2, acc: 0.6361
[2024-01-30 16:38:45] [INFO] local epoch 3, acc: 0.6749
[2024-01-30 16:38:46] [INFO] local epoch 4, acc: 0.6711
[2024-01-30 16:38:48] [INFO] local epoch 5, acc: 0.6972
[2024-01-30 16:38:50] [INFO] local epoch 6, acc: 0.7271
[2024-01-30 16:38:51] [INFO] local epoch 7, acc: 0.7278
[2024-01-30 16:38:53] [INFO] local epoch 8, acc: 0.7241
[2024-01-30 16:38:54] [INFO] local epoch 9, acc: 0.7301
[2024-01-30 16:38:56] [INFO] local epoch 10, acc: 0.7405
[2024-01-30 16:38:56] [INFO] server epoch 1, acc 0.5133
[2024-01-30 16:38:56] [INFO] server epoch 1, acc 0.4833
[2024-01-30 16:38:57] [INFO] server epoch 1, acc 0.5547
[2024-01-30 16:38:57] [INFO] server epoch 1, acc 0.5190
[2024-01-30 16:38:57] [INFO] server epoch 1, acc 0.5153
[2024-01-30 16:38:57] [INFO] server epoch 1, acc 0.5309
[2024-01-30 16:38:57] [INFO] server epoch 1, acc 0.5420
[2024-01-30 16:38:58] [INFO] server epoch 1, acc 0.5138
[2024-01-30 16:38:58] [INFO] server epoch 1, acc 0.5675
[2024-01-30 16:38:58] [INFO] [server epoch 2, client 1, local train]
[2024-01-30 16:39:00] [INFO] local epoch 1, acc: 0.6328
[2024-01-30 16:39:01] [INFO] local epoch 2, acc: 0.6280
[2024-01-30 16:39:03] [INFO] local epoch 3, acc: 0.6355
[2024-01-30 16:39:05] [INFO] local epoch 4, acc: 0.6567
[2024-01-30 16:39:06] [INFO] local epoch 5, acc: 0.6655
[2024-01-30 16:39:08] [INFO] local epoch 6, acc: 0.6648
[2024-01-30 16:39:10] [INFO] local epoch 7, acc: 0.6539
[2024-01-30 16:39:11] [INFO] local epoch 8, acc: 0.6628
[2024-01-30 16:39:13] [INFO] local epoch 9, acc: 0.6669
[2024-01-30 16:39:15] [INFO] local epoch 10, acc: 0.6662
[2024-01-30 16:39:15] [INFO] [server epoch 2, client 2, local train]
[2024-01-30 16:39:16] [INFO] local epoch 1, acc: 0.5924
[2024-01-30 16:39:18] [INFO] local epoch 2, acc: 0.6459
[2024-01-30 16:39:20] [INFO] local epoch 3, acc: 0.6526
[2024-01-30 16:39:21] [INFO] local epoch 4, acc: 0.6486
[2024-01-30 16:39:23] [INFO] local epoch 5, acc: 0.6566
[2024-01-30 16:39:25] [INFO] local epoch 6, acc: 0.6620
[2024-01-30 16:39:27] [INFO] local epoch 7, acc: 0.6526
[2024-01-30 16:39:28] [INFO] local epoch 8, acc: 0.6660
[2024-01-30 16:39:30] [INFO] local epoch 9, acc: 0.6693
[2024-01-30 16:39:32] [INFO] local epoch 10, acc: 0.6586
[2024-01-30 16:39:32] [INFO] [server epoch 2, client 3, local train]
[2024-01-30 16:39:33] [INFO] local epoch 1, acc: 0.6249
[2024-01-30 16:39:35] [INFO] local epoch 2, acc: 0.6196
[2024-01-30 16:39:36] [INFO] local epoch 3, acc: 0.6430
[2024-01-30 16:39:38] [INFO] local epoch 4, acc: 0.6574
[2024-01-30 16:39:40] [INFO] local epoch 5, acc: 0.6558
[2024-01-30 16:39:41] [INFO] local epoch 6, acc: 0.6619
[2024-01-30 16:39:43] [INFO] local epoch 7, acc: 0.6626
[2024-01-30 16:39:44] [INFO] local epoch 8, acc: 0.6543
[2024-01-30 16:39:46] [INFO] local epoch 9, acc: 0.6717
[2024-01-30 16:39:47] [INFO] local epoch 10, acc: 0.6875
[2024-01-30 16:39:47] [INFO] [server epoch 2, client 4, local train]
[2024-01-30 16:39:48] [INFO] local epoch 1, acc: 0.5869
[2024-01-30 16:39:49] [INFO] local epoch 2, acc: 0.6030
[2024-01-30 16:39:51] [INFO] local epoch 3, acc: 0.5949
[2024-01-30 16:39:52] [INFO] local epoch 4, acc: 0.6122
[2024-01-30 16:39:53] [INFO] local epoch 5, acc: 0.6145
[2024-01-30 16:39:54] [INFO] local epoch 6, acc: 0.6352
[2024-01-30 16:39:55] [INFO] local epoch 7, acc: 0.6030
[2024-01-30 16:39:56] [INFO] local epoch 8, acc: 0.6260
[2024-01-30 16:39:57] [INFO] local epoch 9, acc: 0.6249
[2024-01-30 16:39:58] [INFO] local epoch 10, acc: 0.6157
[2024-01-30 16:39:58] [INFO] [server epoch 2, client 5, local train]
[2024-01-30 16:40:00] [INFO] local epoch 1, acc: 0.5449
[2024-01-30 16:40:01] [INFO] local epoch 2, acc: 0.5531
[2024-01-30 16:40:02] [INFO] local epoch 3, acc: 0.5571
[2024-01-30 16:40:03] [INFO] local epoch 4, acc: 0.5745
[2024-01-30 16:40:05] [INFO] local epoch 5, acc: 0.5878
[2024-01-30 16:40:06] [INFO] local epoch 6, acc: 0.5704
[2024-01-30 16:40:07] [INFO] local epoch 7, acc: 0.5806
[2024-01-30 16:40:08] [INFO] local epoch 8, acc: 0.5796
[2024-01-30 16:40:10] [INFO] local epoch 9, acc: 0.5888
[2024-01-30 16:40:11] [INFO] local epoch 10, acc: 0.5827
[2024-01-30 16:40:11] [INFO] [server epoch 2, client 6, local train]
[2024-01-30 16:40:12] [INFO] local epoch 1, acc: 0.6848
[2024-01-30 16:40:13] [INFO] local epoch 2, acc: 0.6838
[2024-01-30 16:40:14] [INFO] local epoch 3, acc: 0.6911
[2024-01-30 16:40:16] [INFO] local epoch 4, acc: 0.6932
[2024-01-30 16:40:17] [INFO] local epoch 5, acc: 0.6838
[2024-01-30 16:40:18] [INFO] local epoch 6, acc: 0.6901
[2024-01-30 16:40:19] [INFO] local epoch 7, acc: 0.6911
[2024-01-30 16:40:20] [INFO] local epoch 8, acc: 0.6974
[2024-01-30 16:40:22] [INFO] local epoch 9, acc: 0.7047
[2024-01-30 16:40:23] [INFO] local epoch 10, acc: 0.7005
[2024-01-30 16:40:23] [INFO] [server epoch 2, client 7, local train]
[2024-01-30 16:40:24] [INFO] local epoch 1, acc: 0.5850
[2024-01-30 16:40:24] [INFO] local epoch 2, acc: 0.5832
[2024-01-30 16:40:25] [INFO] local epoch 3, acc: 0.5796
[2024-01-30 16:40:26] [INFO] local epoch 4, acc: 0.5814
[2024-01-30 16:40:27] [INFO] local epoch 5, acc: 0.6047
[2024-01-30 16:40:28] [INFO] local epoch 6, acc: 0.6100
[2024-01-30 16:40:29] [INFO] local epoch 7, acc: 0.5939
[2024-01-30 16:40:29] [INFO] local epoch 8, acc: 0.5689
[2024-01-30 16:40:30] [INFO] local epoch 9, acc: 0.5975
[2024-01-30 16:40:31] [INFO] local epoch 10, acc: 0.5993
[2024-01-30 16:40:31] [INFO] [server epoch 2, client 8, local train]
[2024-01-30 16:40:32] [INFO] local epoch 1, acc: 0.6126
[2024-01-30 16:40:34] [INFO] local epoch 2, acc: 0.6522
[2024-01-30 16:40:35] [INFO] local epoch 3, acc: 0.6403
[2024-01-30 16:40:36] [INFO] local epoch 4, acc: 0.6522
[2024-01-30 16:40:37] [INFO] local epoch 5, acc: 0.6532
[2024-01-30 16:40:39] [INFO] local epoch 6, acc: 0.6472
[2024-01-30 16:40:40] [INFO] local epoch 7, acc: 0.6532
[2024-01-30 16:40:41] [INFO] local epoch 8, acc: 0.6522
[2024-01-30 16:40:42] [INFO] local epoch 9, acc: 0.6285
[2024-01-30 16:40:44] [INFO] local epoch 10, acc: 0.6611
[2024-01-30 16:40:44] [INFO] [server epoch 2, client 9, local train]
[2024-01-30 16:40:45] [INFO] local epoch 1, acc: 0.7122
[2024-01-30 16:40:47] [INFO] local epoch 2, acc: 0.7114
[2024-01-30 16:40:48] [INFO] local epoch 3, acc: 0.7330
[2024-01-30 16:40:50] [INFO] local epoch 4, acc: 0.7487
[2024-01-30 16:40:51] [INFO] local epoch 5, acc: 0.7502
[2024-01-30 16:40:53] [INFO] local epoch 6, acc: 0.7435
[2024-01-30 16:40:55] [INFO] local epoch 7, acc: 0.7517
[2024-01-30 16:40:56] [INFO] local epoch 8, acc: 0.7330
[2024-01-30 16:40:58] [INFO] local epoch 9, acc: 0.7189
[2024-01-30 16:40:59] [INFO] local epoch 10, acc: 0.7457
[2024-01-30 16:40:59] [INFO] server epoch 2, acc 0.6068
[2024-01-30 16:41:00] [INFO] server epoch 2, acc 0.6158
[2024-01-30 16:41:00] [INFO] server epoch 2, acc 0.6611
[2024-01-30 16:41:00] [INFO] server epoch 2, acc 0.5938
[2024-01-30 16:41:00] [INFO] server epoch 2, acc 0.6265
[2024-01-30 16:41:01] [INFO] server epoch 2, acc 0.6429
[2024-01-30 16:41:01] [INFO] server epoch 2, acc 0.6190
[2024-01-30 16:41:01] [INFO] server epoch 2, acc 0.5731
[2024-01-30 16:41:01] [INFO] server epoch 2, acc 0.6510
[2024-01-30 16:41:01] [INFO] results saved in ./res/fedavg_seed_10000_alpha_1.0_dataset_cifar10_model_structure_cnn3/n_client_9_n_train_data_1000_n_test_data_200_local_epochs_10_server_epochs_2_batch_size_10.pt.
