[2024-01-30 17:29:46] [INFO] fed_avg
        n_client     :   9   
          seed       : 10000 
      local_epochs   :  10   
     distill_epochs  :  10   
       batch_size    :  160  
      server_epochs  :  10   
          alpha      :  1.0  
         dataset     :cifar10
     model_structure : cnn3  
[2024-01-30 17:30:00] [INFO] [server epoch 1, client 1, local train]
[2024-01-30 17:30:01] [INFO] local epoch 1, acc: 0.2089
[2024-01-30 17:30:02] [INFO] local epoch 2, acc: 0.2536
[2024-01-30 17:30:03] [INFO] local epoch 3, acc: 0.2755
[2024-01-30 17:30:04] [INFO] local epoch 4, acc: 0.2962
[2024-01-30 17:30:05] [INFO] local epoch 5, acc: 0.3278
[2024-01-30 17:30:06] [INFO] local epoch 6, acc: 0.3343
[2024-01-30 17:30:07] [INFO] local epoch 7, acc: 0.3447
[2024-01-30 17:30:08] [INFO] local epoch 8, acc: 0.3559
[2024-01-30 17:30:09] [INFO] local epoch 9, acc: 0.3842
[2024-01-30 17:30:10] [INFO] local epoch 10, acc: 0.3840
[2024-01-30 17:30:10] [INFO] [server epoch 1, client 2, local train]
[2024-01-30 17:30:11] [INFO] local epoch 1, acc: 0.1517
[2024-01-30 17:30:12] [INFO] local epoch 2, acc: 0.2231
[2024-01-30 17:30:13] [INFO] local epoch 3, acc: 0.2580
[2024-01-30 17:30:14] [INFO] local epoch 4, acc: 0.2927
[2024-01-30 17:30:15] [INFO] local epoch 5, acc: 0.2908
[2024-01-30 17:30:16] [INFO] local epoch 6, acc: 0.3284
[2024-01-30 17:30:17] [INFO] local epoch 7, acc: 0.3288
[2024-01-30 17:30:18] [INFO] local epoch 8, acc: 0.3274
[2024-01-30 17:30:19] [INFO] local epoch 9, acc: 0.3575
[2024-01-30 17:30:20] [INFO] local epoch 10, acc: 0.3778
[2024-01-30 17:30:20] [INFO] [server epoch 1, client 3, local train]
[2024-01-30 17:30:21] [INFO] local epoch 1, acc: 0.1901
[2024-01-30 17:30:22] [INFO] local epoch 2, acc: 0.2523
[2024-01-30 17:30:23] [INFO] local epoch 3, acc: 0.2848
[2024-01-30 17:30:24] [INFO] local epoch 4, acc: 0.3262
[2024-01-30 17:30:25] [INFO] local epoch 5, acc: 0.3487
[2024-01-30 17:30:26] [INFO] local epoch 6, acc: 0.3774
[2024-01-30 17:30:28] [INFO] local epoch 7, acc: 0.4040
[2024-01-30 17:30:29] [INFO] local epoch 8, acc: 0.3929
[2024-01-30 17:30:30] [INFO] local epoch 9, acc: 0.4114
[2024-01-30 17:30:31] [INFO] local epoch 10, acc: 0.4161
[2024-01-30 17:30:31] [INFO] [server epoch 1, client 4, local train]
[2024-01-30 17:30:32] [INFO] local epoch 1, acc: 0.1734
[2024-01-30 17:30:33] [INFO] local epoch 2, acc: 0.2235
[2024-01-30 17:30:34] [INFO] local epoch 3, acc: 0.2139
[2024-01-30 17:30:35] [INFO] local epoch 4, acc: 0.2744
[2024-01-30 17:30:35] [INFO] local epoch 5, acc: 0.2637
[2024-01-30 17:30:36] [INFO] local epoch 6, acc: 0.3130
[2024-01-30 17:30:37] [INFO] local epoch 7, acc: 0.3373
[2024-01-30 17:30:38] [INFO] local epoch 8, acc: 0.3145
[2024-01-30 17:30:39] [INFO] local epoch 9, acc: 0.3077
[2024-01-30 17:30:40] [INFO] local epoch 10, acc: 0.3667
[2024-01-30 17:30:40] [INFO] [server epoch 1, client 5, local train]
[2024-01-30 17:30:41] [INFO] local epoch 1, acc: 0.2186
[2024-01-30 17:30:42] [INFO] local epoch 2, acc: 0.3288
[2024-01-30 17:30:43] [INFO] local epoch 3, acc: 0.3690
[2024-01-30 17:30:44] [INFO] local epoch 4, acc: 0.3669
[2024-01-30 17:30:45] [INFO] local epoch 5, acc: 0.3931
[2024-01-30 17:30:46] [INFO] local epoch 6, acc: 0.4118
[2024-01-30 17:30:47] [INFO] local epoch 7, acc: 0.4077
[2024-01-30 17:30:48] [INFO] local epoch 8, acc: 0.4200
[2024-01-30 17:30:49] [INFO] local epoch 9, acc: 0.4321
[2024-01-30 17:30:50] [INFO] local epoch 10, acc: 0.4464
[2024-01-30 17:30:50] [INFO] [server epoch 1, client 6, local train]
[2024-01-30 17:30:51] [INFO] local epoch 1, acc: 0.1382
[2024-01-30 17:30:52] [INFO] local epoch 2, acc: 0.1711
[2024-01-30 17:30:53] [INFO] local epoch 3, acc: 0.2129
[2024-01-30 17:30:54] [INFO] local epoch 4, acc: 0.2187
[2024-01-30 17:30:55] [INFO] local epoch 5, acc: 0.2374
[2024-01-30 17:30:56] [INFO] local epoch 6, acc: 0.2555
[2024-01-30 17:30:57] [INFO] local epoch 7, acc: 0.2587
[2024-01-30 17:30:58] [INFO] local epoch 8, acc: 0.2698
[2024-01-30 17:30:59] [INFO] local epoch 9, acc: 0.2843
[2024-01-30 17:31:00] [INFO] local epoch 10, acc: 0.2718
[2024-01-30 17:31:00] [INFO] [server epoch 1, client 7, local train]
[2024-01-30 17:31:01] [INFO] local epoch 1, acc: 0.1992
[2024-01-30 17:31:02] [INFO] local epoch 2, acc: 0.2277
[2024-01-30 17:31:03] [INFO] local epoch 3, acc: 0.2614
[2024-01-30 17:31:04] [INFO] local epoch 4, acc: 0.2860
[2024-01-30 17:31:05] [INFO] local epoch 5, acc: 0.2985
[2024-01-30 17:31:06] [INFO] local epoch 6, acc: 0.3043
[2024-01-30 17:31:07] [INFO] local epoch 7, acc: 0.3217
[2024-01-30 17:31:08] [INFO] local epoch 8, acc: 0.3117
[2024-01-30 17:31:09] [INFO] local epoch 9, acc: 0.3350
[2024-01-30 17:31:10] [INFO] local epoch 10, acc: 0.3257
[2024-01-30 17:31:10] [INFO] [server epoch 1, client 8, local train]
[2024-01-30 17:31:11] [INFO] local epoch 1, acc: 0.1580
[2024-01-30 17:31:12] [INFO] local epoch 2, acc: 0.2023
[2024-01-30 17:31:12] [INFO] local epoch 3, acc: 0.2320
[2024-01-30 17:31:13] [INFO] local epoch 4, acc: 0.2518
[2024-01-30 17:31:14] [INFO] local epoch 5, acc: 0.2699
[2024-01-30 17:31:15] [INFO] local epoch 6, acc: 0.2775
[2024-01-30 17:31:16] [INFO] local epoch 7, acc: 0.2835
[2024-01-30 17:31:17] [INFO] local epoch 8, acc: 0.2912
[2024-01-30 17:31:18] [INFO] local epoch 9, acc: 0.3043
[2024-01-30 17:31:19] [INFO] local epoch 10, acc: 0.2974
[2024-01-30 17:31:19] [INFO] [server epoch 1, client 9, local train]
[2024-01-30 17:31:20] [INFO] local epoch 1, acc: 0.1986
[2024-01-30 17:31:21] [INFO] local epoch 2, acc: 0.2329
[2024-01-30 17:31:22] [INFO] local epoch 3, acc: 0.2351
[2024-01-30 17:31:23] [INFO] local epoch 4, acc: 0.2600
[2024-01-30 17:31:24] [INFO] local epoch 5, acc: 0.2724
[2024-01-30 17:31:25] [INFO] local epoch 6, acc: 0.2827
[2024-01-30 17:31:26] [INFO] local epoch 7, acc: 0.2956
[2024-01-30 17:31:27] [INFO] local epoch 8, acc: 0.2995
[2024-01-30 17:31:28] [INFO] local epoch 9, acc: 0.2879
[2024-01-30 17:31:29] [INFO] local epoch 10, acc: 0.2969
[2024-01-30 17:31:30] [INFO] server epoch 1, acc 0.4360
[2024-01-30 17:31:31] [INFO] server epoch 1, acc 0.4360
[2024-01-30 17:31:32] [INFO] server epoch 1, acc 0.4360
[2024-01-30 17:31:32] [INFO] server epoch 1, acc 0.4360
[2024-01-30 17:31:33] [INFO] server epoch 1, acc 0.4360
[2024-01-30 17:31:34] [INFO] server epoch 1, acc 0.4360
[2024-01-30 17:31:35] [INFO] server epoch 1, acc 0.4360
[2024-01-30 17:31:36] [INFO] server epoch 1, acc 0.4360
[2024-01-30 17:31:36] [INFO] server epoch 1, acc 0.4360
[2024-01-30 17:31:36] [INFO] [server epoch 2, client 1, local train]
[2024-01-30 17:31:37] [INFO] local epoch 1, acc: 0.3600
[2024-01-30 17:31:38] [INFO] local epoch 2, acc: 0.3948
[2024-01-30 17:31:39] [INFO] local epoch 3, acc: 0.3863
[2024-01-30 17:31:40] [INFO] local epoch 4, acc: 0.3700
[2024-01-30 17:31:41] [INFO] local epoch 5, acc: 0.4271
[2024-01-30 17:31:42] [INFO] local epoch 6, acc: 0.4072
[2024-01-30 17:31:43] [INFO] local epoch 7, acc: 0.4303
[2024-01-30 17:31:44] [INFO] local epoch 8, acc: 0.4117
[2024-01-30 17:31:45] [INFO] local epoch 9, acc: 0.4302
[2024-01-30 17:31:46] [INFO] local epoch 10, acc: 0.4262
[2024-01-30 17:31:46] [INFO] [server epoch 2, client 2, local train]
[2024-01-30 17:31:47] [INFO] local epoch 1, acc: 0.3305
[2024-01-30 17:31:48] [INFO] local epoch 2, acc: 0.3642
[2024-01-30 17:31:49] [INFO] local epoch 3, acc: 0.3667
[2024-01-30 17:31:51] [INFO] local epoch 4, acc: 0.3866
[2024-01-30 17:31:52] [INFO] local epoch 5, acc: 0.4031
[2024-01-30 17:31:53] [INFO] local epoch 6, acc: 0.4224
[2024-01-30 17:31:54] [INFO] local epoch 7, acc: 0.3921
[2024-01-30 17:31:55] [INFO] local epoch 8, acc: 0.3922
[2024-01-30 17:31:56] [INFO] local epoch 9, acc: 0.4248
[2024-01-30 17:31:57] [INFO] local epoch 10, acc: 0.4163
[2024-01-30 17:31:57] [INFO] [server epoch 2, client 3, local train]
[2024-01-30 17:31:58] [INFO] local epoch 1, acc: 0.3738
[2024-01-30 17:31:59] [INFO] local epoch 2, acc: 0.4000
[2024-01-30 17:32:00] [INFO] local epoch 3, acc: 0.4066
[2024-01-30 17:32:01] [INFO] local epoch 4, acc: 0.4238
[2024-01-30 17:32:02] [INFO] local epoch 5, acc: 0.4353
[2024-01-30 17:32:03] [INFO] local epoch 6, acc: 0.4317
[2024-01-30 17:32:04] [INFO] local epoch 7, acc: 0.4410
[2024-01-30 17:32:05] [INFO] local epoch 8, acc: 0.4431
[2024-01-30 17:32:06] [INFO] local epoch 9, acc: 0.4467
[2024-01-30 17:32:07] [INFO] local epoch 10, acc: 0.4519
[2024-01-30 17:32:07] [INFO] [server epoch 2, client 4, local train]
[2024-01-30 17:32:08] [INFO] local epoch 1, acc: 0.3479
[2024-01-30 17:32:09] [INFO] local epoch 2, acc: 0.3512
[2024-01-30 17:32:10] [INFO] local epoch 3, acc: 0.3612
[2024-01-30 17:32:11] [INFO] local epoch 4, acc: 0.3755
[2024-01-30 17:32:12] [INFO] local epoch 5, acc: 0.3798
[2024-01-30 17:32:13] [INFO] local epoch 6, acc: 0.4029
[2024-01-30 17:32:14] [INFO] local epoch 7, acc: 0.3997
[2024-01-30 17:32:15] [INFO] local epoch 8, acc: 0.3907
[2024-01-30 17:32:16] [INFO] local epoch 9, acc: 0.3852
[2024-01-30 17:32:17] [INFO] local epoch 10, acc: 0.3969
[2024-01-30 17:32:17] [INFO] [server epoch 2, client 5, local train]
[2024-01-30 17:32:18] [INFO] local epoch 1, acc: 0.4197
[2024-01-30 17:32:19] [INFO] local epoch 2, acc: 0.4362
[2024-01-30 17:32:20] [INFO] local epoch 3, acc: 0.4524
[2024-01-30 17:32:21] [INFO] local epoch 4, acc: 0.4578
[2024-01-30 17:32:22] [INFO] local epoch 5, acc: 0.4644
[2024-01-30 17:32:23] [INFO] local epoch 6, acc: 0.4791
[2024-01-30 17:32:24] [INFO] local epoch 7, acc: 0.4801
[2024-01-30 17:32:25] [INFO] local epoch 8, acc: 0.4857
[2024-01-30 17:32:26] [INFO] local epoch 9, acc: 0.4813
[2024-01-30 17:32:27] [INFO] local epoch 10, acc: 0.4930
[2024-01-30 17:32:27] [INFO] [server epoch 2, client 6, local train]
[2024-01-30 17:32:28] [INFO] local epoch 1, acc: 0.3115
[2024-01-30 17:32:29] [INFO] local epoch 2, acc: 0.3164
[2024-01-30 17:32:30] [INFO] local epoch 3, acc: 0.3161
[2024-01-30 17:32:31] [INFO] local epoch 4, acc: 0.2913
[2024-01-30 17:32:32] [INFO] local epoch 5, acc: 0.3335
[2024-01-30 17:32:33] [INFO] local epoch 6, acc: 0.3307
[2024-01-30 17:32:34] [INFO] local epoch 7, acc: 0.3469
[2024-01-30 17:32:35] [INFO] local epoch 8, acc: 0.3368
[2024-01-30 17:32:36] [INFO] local epoch 9, acc: 0.3645
[2024-01-30 17:32:37] [INFO] local epoch 10, acc: 0.3593
[2024-01-30 17:32:37] [INFO] [server epoch 2, client 7, local train]
[2024-01-30 17:32:38] [INFO] local epoch 1, acc: 0.3674
[2024-01-30 17:32:39] [INFO] local epoch 2, acc: 0.3764
[2024-01-30 17:32:40] [INFO] local epoch 3, acc: 0.3764
[2024-01-30 17:32:41] [INFO] local epoch 4, acc: 0.3871
[2024-01-30 17:32:42] [INFO] local epoch 5, acc: 0.3839
[2024-01-30 17:32:43] [INFO] local epoch 6, acc: 0.3822
[2024-01-30 17:32:44] [INFO] local epoch 7, acc: 0.3684
[2024-01-30 17:32:45] [INFO] local epoch 8, acc: 0.3871
[2024-01-30 17:32:46] [INFO] local epoch 9, acc: 0.4024
[2024-01-30 17:32:47] [INFO] local epoch 10, acc: 0.4008
[2024-01-30 17:32:47] [INFO] [server epoch 2, client 8, local train]
[2024-01-30 17:32:48] [INFO] local epoch 1, acc: 0.3116
[2024-01-30 17:32:50] [INFO] local epoch 2, acc: 0.3026
[2024-01-30 17:32:51] [INFO] local epoch 3, acc: 0.3033
[2024-01-30 17:32:52] [INFO] local epoch 4, acc: 0.3119
[2024-01-30 17:32:53] [INFO] local epoch 5, acc: 0.3511
[2024-01-30 17:32:54] [INFO] local epoch 6, acc: 0.3533
[2024-01-30 17:32:55] [INFO] local epoch 7, acc: 0.3469
[2024-01-30 17:32:56] [INFO] local epoch 8, acc: 0.3509
[2024-01-30 17:32:57] [INFO] local epoch 9, acc: 0.3487
[2024-01-30 17:32:58] [INFO] local epoch 10, acc: 0.3616
[2024-01-30 17:32:58] [INFO] [server epoch 2, client 9, local train]
[2024-01-30 17:32:59] [INFO] local epoch 1, acc: 0.2777
[2024-01-30 17:33:00] [INFO] local epoch 2, acc: 0.3023
[2024-01-30 17:33:01] [INFO] local epoch 3, acc: 0.3361
[2024-01-30 17:33:02] [INFO] local epoch 4, acc: 0.3320
[2024-01-30 17:33:03] [INFO] local epoch 5, acc: 0.3500
[2024-01-30 17:33:04] [INFO] local epoch 6, acc: 0.3283
[2024-01-30 17:33:05] [INFO] local epoch 7, acc: 0.3615
[2024-01-30 17:33:06] [INFO] local epoch 8, acc: 0.3396
[2024-01-30 17:33:07] [INFO] local epoch 9, acc: 0.3396
[2024-01-30 17:33:08] [INFO] local epoch 10, acc: 0.3747
[2024-01-30 17:33:09] [INFO] server epoch 2, acc 0.5066
[2024-01-30 17:33:10] [INFO] server epoch 2, acc 0.5066
[2024-01-30 17:33:11] [INFO] server epoch 2, acc 0.5066
[2024-01-30 17:33:12] [INFO] server epoch 2, acc 0.5066
[2024-01-30 17:33:12] [INFO] server epoch 2, acc 0.5066
[2024-01-30 17:33:13] [INFO] server epoch 2, acc 0.5066
[2024-01-30 17:33:14] [INFO] server epoch 2, acc 0.5066
[2024-01-30 17:33:15] [INFO] server epoch 2, acc 0.5066
[2024-01-30 17:33:16] [INFO] server epoch 2, acc 0.5066
[2024-01-30 17:33:16] [INFO] [server epoch 3, client 1, local train]
[2024-01-30 17:33:17] [INFO] local epoch 1, acc: 0.4218
[2024-01-30 17:33:18] [INFO] local epoch 2, acc: 0.4489
[2024-01-30 17:33:19] [INFO] local epoch 3, acc: 0.4554
[2024-01-30 17:33:20] [INFO] local epoch 4, acc: 0.4490
[2024-01-30 17:33:21] [INFO] local epoch 5, acc: 0.4397
[2024-01-30 17:33:22] [INFO] local epoch 6, acc: 0.4419
[2024-01-30 17:33:23] [INFO] local epoch 7, acc: 0.4656
[2024-01-30 17:33:24] [INFO] local epoch 8, acc: 0.4821
[2024-01-30 17:33:25] [INFO] local epoch 9, acc: 0.4897
[2024-01-30 17:33:26] [INFO] local epoch 10, acc: 0.4634
[2024-01-30 17:33:26] [INFO] [server epoch 3, client 2, local train]
[2024-01-30 17:33:27] [INFO] local epoch 1, acc: 0.4206
[2024-01-30 17:33:28] [INFO] local epoch 2, acc: 0.4191
[2024-01-30 17:33:30] [INFO] local epoch 3, acc: 0.4213
[2024-01-30 17:33:31] [INFO] local epoch 4, acc: 0.4388
[2024-01-30 17:33:32] [INFO] local epoch 5, acc: 0.3809
[2024-01-30 17:33:33] [INFO] local epoch 6, acc: 0.4421
[2024-01-30 17:33:34] [INFO] local epoch 7, acc: 0.4372
[2024-01-30 17:33:35] [INFO] local epoch 8, acc: 0.4187
[2024-01-30 17:33:36] [INFO] local epoch 9, acc: 0.4487
[2024-01-30 17:33:37] [INFO] local epoch 10, acc: 0.4714
[2024-01-30 17:33:37] [INFO] [server epoch 3, client 3, local train]
[2024-01-30 17:33:38] [INFO] local epoch 1, acc: 0.4508
[2024-01-30 17:33:39] [INFO] local epoch 2, acc: 0.4463
[2024-01-30 17:33:40] [INFO] local epoch 3, acc: 0.4680
[2024-01-30 17:33:41] [INFO] local epoch 4, acc: 0.4522
[2024-01-30 17:33:42] [INFO] local epoch 5, acc: 0.4769
[2024-01-30 17:33:43] [INFO] local epoch 6, acc: 0.4520
[2024-01-30 17:33:44] [INFO] local epoch 7, acc: 0.4601
[2024-01-30 17:33:46] [INFO] local epoch 8, acc: 0.4790
[2024-01-30 17:33:47] [INFO] local epoch 9, acc: 0.4825
[2024-01-30 17:33:48] [INFO] local epoch 10, acc: 0.4794
[2024-01-30 17:33:48] [INFO] [server epoch 3, client 4, local train]
[2024-01-30 17:33:49] [INFO] local epoch 1, acc: 0.4074
[2024-01-30 17:33:50] [INFO] local epoch 2, acc: 0.4187
[2024-01-30 17:33:51] [INFO] local epoch 3, acc: 0.4315
[2024-01-30 17:33:52] [INFO] local epoch 4, acc: 0.4236
[2024-01-30 17:33:53] [INFO] local epoch 5, acc: 0.4260
[2024-01-30 17:33:54] [INFO] local epoch 6, acc: 0.4255
[2024-01-30 17:33:55] [INFO] local epoch 7, acc: 0.4391
[2024-01-30 17:33:56] [INFO] local epoch 8, acc: 0.4009
[2024-01-30 17:33:57] [INFO] local epoch 9, acc: 0.4438
[2024-01-30 17:33:58] [INFO] local epoch 10, acc: 0.4623
[2024-01-30 17:33:58] [INFO] [server epoch 3, client 5, local train]
[2024-01-30 17:33:59] [INFO] local epoch 1, acc: 0.4989
[2024-01-30 17:34:00] [INFO] local epoch 2, acc: 0.5098
[2024-01-30 17:34:01] [INFO] local epoch 3, acc: 0.5056
[2024-01-30 17:34:02] [INFO] local epoch 4, acc: 0.5074
[2024-01-30 17:34:03] [INFO] local epoch 5, acc: 0.5098
[2024-01-30 17:34:04] [INFO] local epoch 6, acc: 0.5069
[2024-01-30 17:34:05] [INFO] local epoch 7, acc: 0.5104
[2024-01-30 17:34:06] [INFO] local epoch 8, acc: 0.5171
[2024-01-30 17:34:07] [INFO] local epoch 9, acc: 0.5219
[2024-01-30 17:34:08] [INFO] local epoch 10, acc: 0.5083
[2024-01-30 17:34:08] [INFO] [server epoch 3, client 6, local train]
[2024-01-30 17:34:09] [INFO] local epoch 1, acc: 0.3717
[2024-01-30 17:34:10] [INFO] local epoch 2, acc: 0.3531
[2024-01-30 17:34:11] [INFO] local epoch 3, acc: 0.3656
[2024-01-30 17:34:12] [INFO] local epoch 4, acc: 0.3839
[2024-01-30 17:34:13] [INFO] local epoch 5, acc: 0.3694
[2024-01-30 17:34:14] [INFO] local epoch 6, acc: 0.3944
[2024-01-30 17:34:15] [INFO] local epoch 7, acc: 0.3956
[2024-01-30 17:34:17] [INFO] local epoch 8, acc: 0.3971
[2024-01-30 17:34:18] [INFO] local epoch 9, acc: 0.3873
[2024-01-30 17:34:19] [INFO] local epoch 10, acc: 0.4313
[2024-01-30 17:34:19] [INFO] [server epoch 3, client 7, local train]
[2024-01-30 17:34:20] [INFO] local epoch 1, acc: 0.3982
[2024-01-30 17:34:21] [INFO] local epoch 2, acc: 0.4363
[2024-01-30 17:34:22] [INFO] local epoch 3, acc: 0.4221
[2024-01-30 17:34:23] [INFO] local epoch 4, acc: 0.4250
[2024-01-30 17:34:24] [INFO] local epoch 5, acc: 0.4432
[2024-01-30 17:34:25] [INFO] local epoch 6, acc: 0.4531
[2024-01-30 17:34:26] [INFO] local epoch 7, acc: 0.4487
[2024-01-30 17:34:27] [INFO] local epoch 8, acc: 0.4364
[2024-01-30 17:34:28] [INFO] local epoch 9, acc: 0.4285
[2024-01-30 17:34:29] [INFO] local epoch 10, acc: 0.4400
[2024-01-30 17:34:29] [INFO] [server epoch 3, client 8, local train]
[2024-01-30 17:34:30] [INFO] local epoch 1, acc: 0.3683
[2024-01-30 17:34:31] [INFO] local epoch 2, acc: 0.3814
[2024-01-30 17:34:32] [INFO] local epoch 3, acc: 0.3785
[2024-01-30 17:34:33] [INFO] local epoch 4, acc: 0.3592
[2024-01-30 17:34:34] [INFO] local epoch 5, acc: 0.3860
[2024-01-30 17:34:35] [INFO] local epoch 6, acc: 0.3868
[2024-01-30 17:34:36] [INFO] local epoch 7, acc: 0.3959
[2024-01-30 17:34:37] [INFO] local epoch 8, acc: 0.4197
[2024-01-30 17:34:38] [INFO] local epoch 9, acc: 0.3990
[2024-01-30 17:34:39] [INFO] local epoch 10, acc: 0.3956
[2024-01-30 17:34:39] [INFO] [server epoch 3, client 9, local train]
[2024-01-30 17:34:40] [INFO] local epoch 1, acc: 0.3406
[2024-01-30 17:34:41] [INFO] local epoch 2, acc: 0.3704
[2024-01-30 17:34:42] [INFO] local epoch 3, acc: 0.3796
[2024-01-30 17:34:43] [INFO] local epoch 4, acc: 0.3875
[2024-01-30 17:34:44] [INFO] local epoch 5, acc: 0.3865
[2024-01-30 17:34:45] [INFO] local epoch 6, acc: 0.3919
[2024-01-30 17:34:46] [INFO] local epoch 7, acc: 0.3821
[2024-01-30 17:34:47] [INFO] local epoch 8, acc: 0.3798
[2024-01-30 17:34:48] [INFO] local epoch 9, acc: 0.3948
[2024-01-30 17:34:50] [INFO] local epoch 10, acc: 0.3694
[2024-01-30 17:34:50] [INFO] server epoch 3, acc 0.5403
[2024-01-30 17:34:51] [INFO] server epoch 3, acc 0.5403
[2024-01-30 17:34:52] [INFO] server epoch 3, acc 0.5403
[2024-01-30 17:34:53] [INFO] server epoch 3, acc 0.5403
[2024-01-30 17:34:54] [INFO] server epoch 3, acc 0.5403
[2024-01-30 17:34:54] [INFO] server epoch 3, acc 0.5403
[2024-01-30 17:34:55] [INFO] server epoch 3, acc 0.5403
[2024-01-30 17:34:56] [INFO] server epoch 3, acc 0.5403
[2024-01-30 17:34:57] [INFO] server epoch 3, acc 0.5403
[2024-01-30 17:34:57] [INFO] [server epoch 4, client 1, local train]
[2024-01-30 17:34:58] [INFO] local epoch 1, acc: 0.4808
[2024-01-30 17:34:59] [INFO] local epoch 2, acc: 0.4844
[2024-01-30 17:35:00] [INFO] local epoch 3, acc: 0.4709
[2024-01-30 17:35:01] [INFO] local epoch 4, acc: 0.4909
[2024-01-30 17:35:02] [INFO] local epoch 5, acc: 0.5033
[2024-01-30 17:35:03] [INFO] local epoch 6, acc: 0.4894
[2024-01-30 17:35:04] [INFO] local epoch 7, acc: 0.4754
[2024-01-30 17:35:05] [INFO] local epoch 8, acc: 0.5095
[2024-01-30 17:35:06] [INFO] local epoch 9, acc: 0.4997
[2024-01-30 17:35:08] [INFO] local epoch 10, acc: 0.4996
[2024-01-30 17:35:08] [INFO] [server epoch 4, client 2, local train]
[2024-01-30 17:35:09] [INFO] local epoch 1, acc: 0.4362
[2024-01-30 17:35:10] [INFO] local epoch 2, acc: 0.4427
[2024-01-30 17:35:11] [INFO] local epoch 3, acc: 0.4324
[2024-01-30 17:35:12] [INFO] local epoch 4, acc: 0.4486
[2024-01-30 17:35:13] [INFO] local epoch 5, acc: 0.4420
[2024-01-30 17:35:14] [INFO] local epoch 6, acc: 0.4758
[2024-01-30 17:35:15] [INFO] local epoch 7, acc: 0.4582
[2024-01-30 17:35:16] [INFO] local epoch 8, acc: 0.4754
[2024-01-30 17:35:17] [INFO] local epoch 9, acc: 0.4698
[2024-01-30 17:35:18] [INFO] local epoch 10, acc: 0.4582
[2024-01-30 17:35:18] [INFO] [server epoch 4, client 3, local train]
[2024-01-30 17:35:19] [INFO] local epoch 1, acc: 0.4815
[2024-01-30 17:35:20] [INFO] local epoch 2, acc: 0.4939
[2024-01-30 17:35:21] [INFO] local epoch 3, acc: 0.4972
[2024-01-30 17:35:22] [INFO] local epoch 4, acc: 0.5068
[2024-01-30 17:35:24] [INFO] local epoch 5, acc: 0.4970
[2024-01-30 17:35:25] [INFO] local epoch 6, acc: 0.5033
[2024-01-30 17:35:26] [INFO] local epoch 7, acc: 0.4936
[2024-01-30 17:35:27] [INFO] local epoch 8, acc: 0.5093
[2024-01-30 17:35:28] [INFO] local epoch 9, acc: 0.5007
[2024-01-30 17:35:29] [INFO] local epoch 10, acc: 0.5164
[2024-01-30 17:35:29] [INFO] [server epoch 4, client 4, local train]
[2024-01-30 17:35:30] [INFO] local epoch 1, acc: 0.4469
[2024-01-30 17:35:31] [INFO] local epoch 2, acc: 0.4477
[2024-01-30 17:35:32] [INFO] local epoch 3, acc: 0.4762
[2024-01-30 17:35:33] [INFO] local epoch 4, acc: 0.4512
[2024-01-30 17:35:34] [INFO] local epoch 5, acc: 0.4513
[2024-01-30 17:35:35] [INFO] local epoch 6, acc: 0.4639
[2024-01-30 17:35:36] [INFO] local epoch 7, acc: 0.4503
[2024-01-30 17:35:37] [INFO] local epoch 8, acc: 0.4723
[2024-01-30 17:35:38] [INFO] local epoch 9, acc: 0.4751
[2024-01-30 17:35:39] [INFO] local epoch 10, acc: 0.4875
[2024-01-30 17:35:39] [INFO] [server epoch 4, client 5, local train]
[2024-01-30 17:35:40] [INFO] local epoch 1, acc: 0.5335
[2024-01-30 17:35:41] [INFO] local epoch 2, acc: 0.5400
[2024-01-30 17:35:42] [INFO] local epoch 3, acc: 0.5406
[2024-01-30 17:35:43] [INFO] local epoch 4, acc: 0.5356
[2024-01-30 17:35:44] [INFO] local epoch 5, acc: 0.5348
[2024-01-30 17:35:45] [INFO] local epoch 6, acc: 0.5467
[2024-01-30 17:35:46] [INFO] local epoch 7, acc: 0.5286
[2024-01-30 17:35:47] [INFO] local epoch 8, acc: 0.5522
[2024-01-30 17:35:48] [INFO] local epoch 9, acc: 0.5503
[2024-01-30 17:35:49] [INFO] local epoch 10, acc: 0.5511
[2024-01-30 17:35:49] [INFO] [server epoch 4, client 6, local train]
[2024-01-30 17:35:50] [INFO] local epoch 1, acc: 0.4142
[2024-01-30 17:35:51] [INFO] local epoch 2, acc: 0.4145
[2024-01-30 17:35:52] [INFO] local epoch 3, acc: 0.4152
[2024-01-30 17:35:53] [INFO] local epoch 4, acc: 0.4036
[2024-01-30 17:35:55] [INFO] local epoch 5, acc: 0.4422
[2024-01-30 17:35:56] [INFO] local epoch 6, acc: 0.4222
[2024-01-30 17:35:57] [INFO] local epoch 7, acc: 0.4094
[2024-01-30 17:35:58] [INFO] local epoch 8, acc: 0.4420
[2024-01-30 17:35:59] [INFO] local epoch 9, acc: 0.4453
[2024-01-30 17:36:00] [INFO] local epoch 10, acc: 0.4096
[2024-01-30 17:36:00] [INFO] [server epoch 4, client 7, local train]
[2024-01-30 17:36:01] [INFO] local epoch 1, acc: 0.4890
[2024-01-30 17:36:02] [INFO] local epoch 2, acc: 0.4842
[2024-01-30 17:36:03] [INFO] local epoch 3, acc: 0.4681
[2024-01-30 17:36:04] [INFO] local epoch 4, acc: 0.4617
[2024-01-30 17:36:05] [INFO] local epoch 5, acc: 0.4702
[2024-01-30 17:36:06] [INFO] local epoch 6, acc: 0.4817
[2024-01-30 17:36:07] [INFO] local epoch 7, acc: 0.4673
[2024-01-30 17:36:08] [INFO] local epoch 8, acc: 0.4694
[2024-01-30 17:36:09] [INFO] local epoch 9, acc: 0.4850
[2024-01-30 17:36:10] [INFO] local epoch 10, acc: 0.4744
[2024-01-30 17:36:10] [INFO] [server epoch 4, client 8, local train]
[2024-01-30 17:36:11] [INFO] local epoch 1, acc: 0.3837
[2024-01-30 17:36:12] [INFO] local epoch 2, acc: 0.4190
[2024-01-30 17:36:13] [INFO] local epoch 3, acc: 0.4046
[2024-01-30 17:36:14] [INFO] local epoch 4, acc: 0.4169
[2024-01-30 17:36:15] [INFO] local epoch 5, acc: 0.4269
[2024-01-30 17:36:16] [INFO] local epoch 6, acc: 0.4068
[2024-01-30 17:36:17] [INFO] local epoch 7, acc: 0.4185
[2024-01-30 17:36:18] [INFO] local epoch 8, acc: 0.4205
[2024-01-30 17:36:19] [INFO] local epoch 9, acc: 0.4356
[2024-01-30 17:36:20] [INFO] local epoch 10, acc: 0.4283
[2024-01-30 17:36:20] [INFO] [server epoch 4, client 9, local train]
[2024-01-30 17:36:21] [INFO] local epoch 1, acc: 0.4050
[2024-01-30 17:36:22] [INFO] local epoch 2, acc: 0.4085
[2024-01-30 17:36:23] [INFO] local epoch 3, acc: 0.4059
[2024-01-30 17:36:24] [INFO] local epoch 4, acc: 0.4050
[2024-01-30 17:36:25] [INFO] local epoch 5, acc: 0.4154
[2024-01-30 17:36:26] [INFO] local epoch 6, acc: 0.4120
[2024-01-30 17:36:27] [INFO] local epoch 7, acc: 0.4017
[2024-01-30 17:36:28] [INFO] local epoch 8, acc: 0.4259
[2024-01-30 17:36:29] [INFO] local epoch 9, acc: 0.4510
[2024-01-30 17:36:30] [INFO] local epoch 10, acc: 0.4240
[2024-01-30 17:36:31] [INFO] server epoch 4, acc 0.5709
[2024-01-30 17:36:32] [INFO] server epoch 4, acc 0.5709
[2024-01-30 17:36:33] [INFO] server epoch 4, acc 0.5709
[2024-01-30 17:36:34] [INFO] server epoch 4, acc 0.5709
[2024-01-30 17:36:35] [INFO] server epoch 4, acc 0.5709
[2024-01-30 17:36:35] [INFO] server epoch 4, acc 0.5709
[2024-01-30 17:36:36] [INFO] server epoch 4, acc 0.5709
[2024-01-30 17:36:37] [INFO] server epoch 4, acc 0.5709
[2024-01-30 17:36:38] [INFO] server epoch 4, acc 0.5709
[2024-01-30 17:36:38] [INFO] [server epoch 5, client 1, local train]
[2024-01-30 17:36:39] [INFO] local epoch 1, acc: 0.4705
[2024-01-30 17:36:40] [INFO] local epoch 2, acc: 0.5155
[2024-01-30 17:36:41] [INFO] local epoch 3, acc: 0.5234
[2024-01-30 17:36:42] [INFO] local epoch 4, acc: 0.5139
[2024-01-30 17:36:43] [INFO] local epoch 5, acc: 0.5159
[2024-01-30 17:36:44] [INFO] local epoch 6, acc: 0.5040
[2024-01-30 17:36:45] [INFO] local epoch 7, acc: 0.5139
[2024-01-30 17:36:46] [INFO] local epoch 8, acc: 0.5104
[2024-01-30 17:36:47] [INFO] local epoch 9, acc: 0.5182
[2024-01-30 17:36:49] [INFO] local epoch 10, acc: 0.5253
[2024-01-30 17:36:49] [INFO] [server epoch 5, client 2, local train]
[2024-01-30 17:36:50] [INFO] local epoch 1, acc: 0.4710
[2024-01-30 17:36:51] [INFO] local epoch 2, acc: 0.4662
[2024-01-30 17:36:52] [INFO] local epoch 3, acc: 0.4794
[2024-01-30 17:36:53] [INFO] local epoch 4, acc: 0.4968
[2024-01-30 17:36:54] [INFO] local epoch 5, acc: 0.4793
[2024-01-30 17:36:55] [INFO] local epoch 6, acc: 0.4873
[2024-01-30 17:36:56] [INFO] local epoch 7, acc: 0.4813
[2024-01-30 17:36:57] [INFO] local epoch 8, acc: 0.4787
[2024-01-30 17:36:58] [INFO] local epoch 9, acc: 0.4995
[2024-01-30 17:36:59] [INFO] local epoch 10, acc: 0.4913
[2024-01-30 17:36:59] [INFO] [server epoch 5, client 3, local train]
[2024-01-30 17:37:00] [INFO] local epoch 1, acc: 0.5092
[2024-01-30 17:37:01] [INFO] local epoch 2, acc: 0.5185
[2024-01-30 17:37:02] [INFO] local epoch 3, acc: 0.5178
[2024-01-30 17:37:04] [INFO] local epoch 4, acc: 0.5076
[2024-01-30 17:37:05] [INFO] local epoch 5, acc: 0.5099
[2024-01-30 17:37:06] [INFO] local epoch 6, acc: 0.4963
[2024-01-30 17:37:07] [INFO] local epoch 7, acc: 0.5331
[2024-01-30 17:37:08] [INFO] local epoch 8, acc: 0.5360
[2024-01-30 17:37:09] [INFO] local epoch 9, acc: 0.5276
[2024-01-30 17:37:10] [INFO] local epoch 10, acc: 0.5134
[2024-01-30 17:37:10] [INFO] [server epoch 5, client 4, local train]
[2024-01-30 17:37:11] [INFO] local epoch 1, acc: 0.5063
[2024-01-30 17:37:12] [INFO] local epoch 2, acc: 0.4913
[2024-01-30 17:37:13] [INFO] local epoch 3, acc: 0.5018
[2024-01-30 17:37:14] [INFO] local epoch 4, acc: 0.4757
[2024-01-30 17:37:15] [INFO] local epoch 5, acc: 0.5051
[2024-01-30 17:37:16] [INFO] local epoch 6, acc: 0.4764
[2024-01-30 17:37:17] [INFO] local epoch 7, acc: 0.4872
[2024-01-30 17:37:18] [INFO] local epoch 8, acc: 0.5148
[2024-01-30 17:37:19] [INFO] local epoch 9, acc: 0.4913
[2024-01-30 17:37:20] [INFO] local epoch 10, acc: 0.4972
[2024-01-30 17:37:20] [INFO] [server epoch 5, client 5, local train]
[2024-01-30 17:37:21] [INFO] local epoch 1, acc: 0.5498
[2024-01-30 17:37:22] [INFO] local epoch 2, acc: 0.5529
[2024-01-30 17:37:23] [INFO] local epoch 3, acc: 0.5604
[2024-01-30 17:37:24] [INFO] local epoch 4, acc: 0.5652
[2024-01-30 17:37:25] [INFO] local epoch 5, acc: 0.5692
[2024-01-30 17:37:27] [INFO] local epoch 6, acc: 0.5698
[2024-01-30 17:37:28] [INFO] local epoch 7, acc: 0.5616
[2024-01-30 17:37:29] [INFO] local epoch 8, acc: 0.5725
[2024-01-30 17:37:30] [INFO] local epoch 9, acc: 0.5726
[2024-01-30 17:37:31] [INFO] local epoch 10, acc: 0.5677
[2024-01-30 17:37:31] [INFO] [server epoch 5, client 6, local train]
[2024-01-30 17:37:32] [INFO] local epoch 1, acc: 0.4629
[2024-01-30 17:37:33] [INFO] local epoch 2, acc: 0.4453
[2024-01-30 17:37:34] [INFO] local epoch 3, acc: 0.4429
[2024-01-30 17:37:35] [INFO] local epoch 4, acc: 0.4666
[2024-01-30 17:37:36] [INFO] local epoch 5, acc: 0.4427
[2024-01-30 17:37:37] [INFO] local epoch 6, acc: 0.4298
[2024-01-30 17:37:38] [INFO] local epoch 7, acc: 0.4508
[2024-01-30 17:37:39] [INFO] local epoch 8, acc: 0.4622
[2024-01-30 17:37:40] [INFO] local epoch 9, acc: 0.4398
[2024-01-30 17:37:41] [INFO] local epoch 10, acc: 0.4679
[2024-01-30 17:37:41] [INFO] [server epoch 5, client 7, local train]
[2024-01-30 17:37:42] [INFO] local epoch 1, acc: 0.4796
[2024-01-30 17:37:43] [INFO] local epoch 2, acc: 0.4950
[2024-01-30 17:37:44] [INFO] local epoch 3, acc: 0.5025
[2024-01-30 17:37:45] [INFO] local epoch 4, acc: 0.5026
[2024-01-30 17:37:46] [INFO] local epoch 5, acc: 0.4923
[2024-01-30 17:37:47] [INFO] local epoch 6, acc: 0.5173
[2024-01-30 17:37:48] [INFO] local epoch 7, acc: 0.5009
[2024-01-30 17:37:49] [INFO] local epoch 8, acc: 0.4905
[2024-01-30 17:37:50] [INFO] local epoch 9, acc: 0.4909
[2024-01-30 17:37:51] [INFO] local epoch 10, acc: 0.5088
[2024-01-30 17:37:51] [INFO] [server epoch 5, client 8, local train]
[2024-01-30 17:37:53] [INFO] local epoch 1, acc: 0.4156
[2024-01-30 17:37:54] [INFO] local epoch 2, acc: 0.4309
[2024-01-30 17:37:55] [INFO] local epoch 3, acc: 0.4466
[2024-01-30 17:37:56] [INFO] local epoch 4, acc: 0.4181
[2024-01-30 17:37:57] [INFO] local epoch 5, acc: 0.4248
[2024-01-30 17:37:58] [INFO] local epoch 6, acc: 0.4132
[2024-01-30 17:37:59] [INFO] local epoch 7, acc: 0.4450
[2024-01-30 17:38:00] [INFO] local epoch 8, acc: 0.4471
[2024-01-30 17:38:01] [INFO] local epoch 9, acc: 0.4596
[2024-01-30 17:38:02] [INFO] local epoch 10, acc: 0.4541
[2024-01-30 17:38:02] [INFO] [server epoch 5, client 9, local train]
[2024-01-30 17:38:03] [INFO] local epoch 1, acc: 0.4319
[2024-01-30 17:38:04] [INFO] local epoch 2, acc: 0.4036
[2024-01-30 17:38:06] [INFO] local epoch 3, acc: 0.4313
[2024-01-30 17:38:07] [INFO] local epoch 4, acc: 0.4070
[2024-01-30 17:38:08] [INFO] local epoch 5, acc: 0.4458
[2024-01-30 17:38:09] [INFO] local epoch 6, acc: 0.4182
[2024-01-30 17:38:10] [INFO] local epoch 7, acc: 0.4116
[2024-01-30 17:38:11] [INFO] local epoch 8, acc: 0.4485
[2024-01-30 17:38:12] [INFO] local epoch 9, acc: 0.4360
[2024-01-30 17:38:13] [INFO] local epoch 10, acc: 0.4274
[2024-01-30 17:38:14] [INFO] server epoch 5, acc 0.5871
[2024-01-30 17:38:15] [INFO] server epoch 5, acc 0.5871
[2024-01-30 17:38:16] [INFO] server epoch 5, acc 0.5871
[2024-01-30 17:38:17] [INFO] server epoch 5, acc 0.5871
[2024-01-30 17:38:18] [INFO] server epoch 5, acc 0.5871
[2024-01-30 17:38:18] [INFO] server epoch 5, acc 0.5871
[2024-01-30 17:38:19] [INFO] server epoch 5, acc 0.5871
[2024-01-30 17:38:20] [INFO] server epoch 5, acc 0.5871
[2024-01-30 17:38:21] [INFO] server epoch 5, acc 0.5871
[2024-01-30 17:38:21] [INFO] [server epoch 6, client 1, local train]
[2024-01-30 17:38:22] [INFO] local epoch 1, acc: 0.5194
[2024-01-30 17:38:23] [INFO] local epoch 2, acc: 0.5240
[2024-01-30 17:38:24] [INFO] local epoch 3, acc: 0.5266
[2024-01-30 17:38:25] [INFO] local epoch 4, acc: 0.5205
[2024-01-30 17:38:26] [INFO] local epoch 5, acc: 0.5152
[2024-01-30 17:38:28] [INFO] local epoch 6, acc: 0.5237
[2024-01-30 17:38:29] [INFO] local epoch 7, acc: 0.5364
[2024-01-30 17:38:30] [INFO] local epoch 8, acc: 0.5468
[2024-01-30 17:38:31] [INFO] local epoch 9, acc: 0.5328
[2024-01-30 17:38:32] [INFO] local epoch 10, acc: 0.5230
[2024-01-30 17:38:32] [INFO] [server epoch 6, client 2, local train]
[2024-01-30 17:38:33] [INFO] local epoch 1, acc: 0.4940
[2024-01-30 17:38:34] [INFO] local epoch 2, acc: 0.5006
[2024-01-30 17:38:35] [INFO] local epoch 3, acc: 0.4853
[2024-01-30 17:38:37] [INFO] local epoch 4, acc: 0.4725
[2024-01-30 17:38:38] [INFO] local epoch 5, acc: 0.4963
[2024-01-30 17:38:39] [INFO] local epoch 6, acc: 0.5018
[2024-01-30 17:38:40] [INFO] local epoch 7, acc: 0.5039
[2024-01-30 17:38:41] [INFO] local epoch 8, acc: 0.4916
[2024-01-30 17:38:42] [INFO] local epoch 9, acc: 0.5243
[2024-01-30 17:38:43] [INFO] local epoch 10, acc: 0.5072
[2024-01-30 17:38:43] [INFO] [server epoch 6, client 3, local train]
[2024-01-30 17:38:44] [INFO] local epoch 1, acc: 0.5499
[2024-01-30 17:38:46] [INFO] local epoch 2, acc: 0.5268
[2024-01-30 17:38:47] [INFO] local epoch 3, acc: 0.5323
[2024-01-30 17:38:48] [INFO] local epoch 4, acc: 0.5298
[2024-01-30 17:38:49] [INFO] local epoch 5, acc: 0.5204
[2024-01-30 17:38:50] [INFO] local epoch 6, acc: 0.5428
[2024-01-30 17:38:51] [INFO] local epoch 7, acc: 0.5478
[2024-01-30 17:38:52] [INFO] local epoch 8, acc: 0.5376
[2024-01-30 17:38:53] [INFO] local epoch 9, acc: 0.5490
[2024-01-30 17:38:54] [INFO] local epoch 10, acc: 0.5163
[2024-01-30 17:38:54] [INFO] [server epoch 6, client 4, local train]
[2024-01-30 17:38:55] [INFO] local epoch 1, acc: 0.5141
[2024-01-30 17:38:56] [INFO] local epoch 2, acc: 0.5035
[2024-01-30 17:38:57] [INFO] local epoch 3, acc: 0.4797
[2024-01-30 17:38:58] [INFO] local epoch 4, acc: 0.4907
[2024-01-30 17:38:59] [INFO] local epoch 5, acc: 0.5131
[2024-01-30 17:39:00] [INFO] local epoch 6, acc: 0.5287
[2024-01-30 17:39:01] [INFO] local epoch 7, acc: 0.5024
[2024-01-30 17:39:02] [INFO] local epoch 8, acc: 0.5119
[2024-01-30 17:39:04] [INFO] local epoch 9, acc: 0.5138
[2024-01-30 17:39:05] [INFO] local epoch 10, acc: 0.5242
[2024-01-30 17:39:05] [INFO] [server epoch 6, client 5, local train]
[2024-01-30 17:39:06] [INFO] local epoch 1, acc: 0.5648
[2024-01-30 17:39:07] [INFO] local epoch 2, acc: 0.5788
[2024-01-30 17:39:08] [INFO] local epoch 3, acc: 0.5743
[2024-01-30 17:39:09] [INFO] local epoch 4, acc: 0.5853
[2024-01-30 17:39:10] [INFO] local epoch 5, acc: 0.5821
[2024-01-30 17:39:11] [INFO] local epoch 6, acc: 0.5820
[2024-01-30 17:39:12] [INFO] local epoch 7, acc: 0.5878
[2024-01-30 17:39:13] [INFO] local epoch 8, acc: 0.5652
[2024-01-30 17:39:14] [INFO] local epoch 9, acc: 0.5849
[2024-01-30 17:39:15] [INFO] local epoch 10, acc: 0.5838
[2024-01-30 17:39:15] [INFO] [server epoch 6, client 6, local train]
[2024-01-30 17:39:16] [INFO] local epoch 1, acc: 0.4755
[2024-01-30 17:39:17] [INFO] local epoch 2, acc: 0.4785
[2024-01-30 17:39:18] [INFO] local epoch 3, acc: 0.4568
[2024-01-30 17:39:19] [INFO] local epoch 4, acc: 0.4802
[2024-01-30 17:39:20] [INFO] local epoch 5, acc: 0.4919
[2024-01-30 17:39:21] [INFO] local epoch 6, acc: 0.4711
[2024-01-30 17:39:22] [INFO] local epoch 7, acc: 0.4871
[2024-01-30 17:39:23] [INFO] local epoch 8, acc: 0.5049
[2024-01-30 17:39:24] [INFO] local epoch 9, acc: 0.4742
[2024-01-30 17:39:25] [INFO] local epoch 10, acc: 0.4573
[2024-01-30 17:39:25] [INFO] [server epoch 6, client 7, local train]
[2024-01-30 17:39:26] [INFO] local epoch 1, acc: 0.5176
[2024-01-30 17:39:27] [INFO] local epoch 2, acc: 0.5100
[2024-01-30 17:39:28] [INFO] local epoch 3, acc: 0.5087
[2024-01-30 17:39:29] [INFO] local epoch 4, acc: 0.5295
[2024-01-30 17:39:30] [INFO] local epoch 5, acc: 0.5057
[2024-01-30 17:39:31] [INFO] local epoch 6, acc: 0.5176
[2024-01-30 17:39:32] [INFO] local epoch 7, acc: 0.5115
[2024-01-30 17:39:33] [INFO] local epoch 8, acc: 0.5355
[2024-01-30 17:39:34] [INFO] local epoch 9, acc: 0.5341
[2024-01-30 17:39:35] [INFO] local epoch 10, acc: 0.5181
[2024-01-30 17:39:35] [INFO] [server epoch 6, client 8, local train]
[2024-01-30 17:39:36] [INFO] local epoch 1, acc: 0.4617
[2024-01-30 17:39:37] [INFO] local epoch 2, acc: 0.4514
[2024-01-30 17:39:38] [INFO] local epoch 3, acc: 0.4537
[2024-01-30 17:39:40] [INFO] local epoch 4, acc: 0.4686
[2024-01-30 17:39:41] [INFO] local epoch 5, acc: 0.4508
[2024-01-30 17:39:42] [INFO] local epoch 6, acc: 0.4372
[2024-01-30 17:39:43] [INFO] local epoch 7, acc: 0.4782
[2024-01-30 17:39:44] [INFO] local epoch 8, acc: 0.4792
[2024-01-30 17:39:45] [INFO] local epoch 9, acc: 0.4747
[2024-01-30 17:39:46] [INFO] local epoch 10, acc: 0.4439
[2024-01-30 17:39:46] [INFO] [server epoch 6, client 9, local train]
[2024-01-30 17:39:47] [INFO] local epoch 1, acc: 0.4460
[2024-01-30 17:39:48] [INFO] local epoch 2, acc: 0.4496
[2024-01-30 17:39:49] [INFO] local epoch 3, acc: 0.4548
[2024-01-30 17:39:50] [INFO] local epoch 4, acc: 0.4508
[2024-01-30 17:39:51] [INFO] local epoch 5, acc: 0.4645
[2024-01-30 17:39:53] [INFO] local epoch 6, acc: 0.4563
[2024-01-30 17:39:54] [INFO] local epoch 7, acc: 0.4176
[2024-01-30 17:39:55] [INFO] local epoch 8, acc: 0.4577
[2024-01-30 17:39:56] [INFO] local epoch 9, acc: 0.4357
[2024-01-30 17:39:57] [INFO] local epoch 10, acc: 0.4622
[2024-01-30 17:39:58] [INFO] server epoch 6, acc 0.6028
[2024-01-30 17:39:59] [INFO] server epoch 6, acc 0.6028
[2024-01-30 17:40:00] [INFO] server epoch 6, acc 0.6028
[2024-01-30 17:40:00] [INFO] server epoch 6, acc 0.6028
[2024-01-30 17:40:01] [INFO] server epoch 6, acc 0.6028
[2024-01-30 17:40:02] [INFO] server epoch 6, acc 0.6028
[2024-01-30 17:40:03] [INFO] server epoch 6, acc 0.6028
[2024-01-30 17:40:04] [INFO] server epoch 6, acc 0.6028
[2024-01-30 17:40:05] [INFO] server epoch 6, acc 0.6028
[2024-01-30 17:40:05] [INFO] [server epoch 7, client 1, local train]
[2024-01-30 17:40:06] [INFO] local epoch 1, acc: 0.5392
[2024-01-30 17:40:07] [INFO] local epoch 2, acc: 0.5389
[2024-01-30 17:40:08] [INFO] local epoch 3, acc: 0.5356
[2024-01-30 17:40:09] [INFO] local epoch 4, acc: 0.5367
[2024-01-30 17:40:10] [INFO] local epoch 5, acc: 0.5331
[2024-01-30 17:40:11] [INFO] local epoch 6, acc: 0.5262
[2024-01-30 17:40:12] [INFO] local epoch 7, acc: 0.5494
[2024-01-30 17:40:14] [INFO] local epoch 8, acc: 0.5362
[2024-01-30 17:40:15] [INFO] local epoch 9, acc: 0.5471
[2024-01-30 17:40:16] [INFO] local epoch 10, acc: 0.5516
[2024-01-30 17:40:16] [INFO] [server epoch 7, client 2, local train]
[2024-01-30 17:40:17] [INFO] local epoch 1, acc: 0.5025
[2024-01-30 17:40:18] [INFO] local epoch 2, acc: 0.5219
[2024-01-30 17:40:19] [INFO] local epoch 3, acc: 0.4954
[2024-01-30 17:40:20] [INFO] local epoch 4, acc: 0.5061
[2024-01-30 17:40:21] [INFO] local epoch 5, acc: 0.4881
[2024-01-30 17:40:23] [INFO] local epoch 6, acc: 0.5273
[2024-01-30 17:40:24] [INFO] local epoch 7, acc: 0.5274
[2024-01-30 17:40:25] [INFO] local epoch 8, acc: 0.5112
[2024-01-30 17:40:26] [INFO] local epoch 9, acc: 0.5142
[2024-01-30 17:40:27] [INFO] local epoch 10, acc: 0.5028
[2024-01-30 17:40:27] [INFO] [server epoch 7, client 3, local train]
[2024-01-30 17:40:28] [INFO] local epoch 1, acc: 0.5506
[2024-01-30 17:40:29] [INFO] local epoch 2, acc: 0.5297
[2024-01-30 17:40:30] [INFO] local epoch 3, acc: 0.5486
[2024-01-30 17:40:32] [INFO] local epoch 4, acc: 0.5527
[2024-01-30 17:40:33] [INFO] local epoch 5, acc: 0.5526
[2024-01-30 17:40:34] [INFO] local epoch 6, acc: 0.5570
[2024-01-30 17:40:35] [INFO] local epoch 7, acc: 0.5573
[2024-01-30 17:40:36] [INFO] local epoch 8, acc: 0.5492
[2024-01-30 17:40:37] [INFO] local epoch 9, acc: 0.5459
[2024-01-30 17:40:38] [INFO] local epoch 10, acc: 0.5441
[2024-01-30 17:40:38] [INFO] [server epoch 7, client 4, local train]
[2024-01-30 17:40:39] [INFO] local epoch 1, acc: 0.5354
[2024-01-30 17:40:40] [INFO] local epoch 2, acc: 0.5319
[2024-01-30 17:40:41] [INFO] local epoch 3, acc: 0.5042
[2024-01-30 17:40:43] [INFO] local epoch 4, acc: 0.4872
[2024-01-30 17:40:44] [INFO] local epoch 5, acc: 0.5128
[2024-01-30 17:40:45] [INFO] local epoch 6, acc: 0.5203
[2024-01-30 17:40:46] [INFO] local epoch 7, acc: 0.5286
[2024-01-30 17:40:47] [INFO] local epoch 8, acc: 0.5360
[2024-01-30 17:40:48] [INFO] local epoch 9, acc: 0.5279
[2024-01-30 17:40:49] [INFO] local epoch 10, acc: 0.5048
[2024-01-30 17:40:49] [INFO] [server epoch 7, client 5, local train]
[2024-01-30 17:40:50] [INFO] local epoch 1, acc: 0.5954
[2024-01-30 17:40:51] [INFO] local epoch 2, acc: 0.5904
[2024-01-30 17:40:52] [INFO] local epoch 3, acc: 0.5945
[2024-01-30 17:40:53] [INFO] local epoch 4, acc: 0.5976
[2024-01-30 17:40:55] [INFO] local epoch 5, acc: 0.5956
[2024-01-30 17:40:56] [INFO] local epoch 6, acc: 0.5932
[2024-01-30 17:40:57] [INFO] local epoch 7, acc: 0.5991
[2024-01-30 17:40:58] [INFO] local epoch 8, acc: 0.5874
[2024-01-30 17:40:59] [INFO] local epoch 9, acc: 0.5937
[2024-01-30 17:41:00] [INFO] local epoch 10, acc: 0.5903
[2024-01-30 17:41:00] [INFO] [server epoch 7, client 6, local train]
[2024-01-30 17:41:01] [INFO] local epoch 1, acc: 0.5079
[2024-01-30 17:41:02] [INFO] local epoch 2, acc: 0.4820
[2024-01-30 17:41:03] [INFO] local epoch 3, acc: 0.4699
[2024-01-30 17:41:04] [INFO] local epoch 4, acc: 0.4871
[2024-01-30 17:41:05] [INFO] local epoch 5, acc: 0.4760
[2024-01-30 17:41:06] [INFO] local epoch 6, acc: 0.4965
[2024-01-30 17:41:07] [INFO] local epoch 7, acc: 0.4934
[2024-01-30 17:41:08] [INFO] local epoch 8, acc: 0.5021
[2024-01-30 17:41:10] [INFO] local epoch 9, acc: 0.4609
[2024-01-30 17:41:11] [INFO] local epoch 10, acc: 0.5030
[2024-01-30 17:41:11] [INFO] [server epoch 7, client 7, local train]
[2024-01-30 17:41:12] [INFO] local epoch 1, acc: 0.5541
[2024-01-30 17:41:13] [INFO] local epoch 2, acc: 0.5315
[2024-01-30 17:41:14] [INFO] local epoch 3, acc: 0.5348
[2024-01-30 17:41:15] [INFO] local epoch 4, acc: 0.5315
[2024-01-30 17:41:16] [INFO] local epoch 5, acc: 0.5228
[2024-01-30 17:41:17] [INFO] local epoch 6, acc: 0.5199
[2024-01-30 17:41:18] [INFO] local epoch 7, acc: 0.5413
[2024-01-30 17:41:19] [INFO] local epoch 8, acc: 0.5371
[2024-01-30 17:41:20] [INFO] local epoch 9, acc: 0.5353
[2024-01-30 17:41:21] [INFO] local epoch 10, acc: 0.5129
[2024-01-30 17:41:21] [INFO] [server epoch 7, client 8, local train]
[2024-01-30 17:41:22] [INFO] local epoch 1, acc: 0.4668
[2024-01-30 17:41:23] [INFO] local epoch 2, acc: 0.4552
[2024-01-30 17:41:24] [INFO] local epoch 3, acc: 0.4717
[2024-01-30 17:41:25] [INFO] local epoch 4, acc: 0.4781
[2024-01-30 17:41:27] [INFO] local epoch 5, acc: 0.4844
[2024-01-30 17:41:28] [INFO] local epoch 6, acc: 0.4726
[2024-01-30 17:41:29] [INFO] local epoch 7, acc: 0.4787
[2024-01-30 17:41:30] [INFO] local epoch 8, acc: 0.4895
[2024-01-30 17:41:31] [INFO] local epoch 9, acc: 0.4795
[2024-01-30 17:41:32] [INFO] local epoch 10, acc: 0.4768
[2024-01-30 17:41:32] [INFO] [server epoch 7, client 9, local train]
[2024-01-30 17:41:33] [INFO] local epoch 1, acc: 0.4709
[2024-01-30 17:41:34] [INFO] local epoch 2, acc: 0.4747
[2024-01-30 17:41:35] [INFO] local epoch 3, acc: 0.4515
[2024-01-30 17:41:36] [INFO] local epoch 4, acc: 0.4713
[2024-01-30 17:41:38] [INFO] local epoch 5, acc: 0.4641
[2024-01-30 17:41:39] [INFO] local epoch 6, acc: 0.4608
[2024-01-30 17:41:40] [INFO] local epoch 7, acc: 0.4551
[2024-01-30 17:41:41] [INFO] local epoch 8, acc: 0.4653
[2024-01-30 17:41:42] [INFO] local epoch 9, acc: 0.4614
[2024-01-30 17:41:43] [INFO] local epoch 10, acc: 0.4693
[2024-01-30 17:41:44] [INFO] server epoch 7, acc 0.6138
[2024-01-30 17:41:45] [INFO] server epoch 7, acc 0.6138
[2024-01-30 17:41:46] [INFO] server epoch 7, acc 0.6138
[2024-01-30 17:41:47] [INFO] server epoch 7, acc 0.6138
[2024-01-30 17:41:47] [INFO] server epoch 7, acc 0.6138
[2024-01-30 17:41:48] [INFO] server epoch 7, acc 0.6138
[2024-01-30 17:41:49] [INFO] server epoch 7, acc 0.6138
[2024-01-30 17:41:50] [INFO] server epoch 7, acc 0.6138
[2024-01-30 17:41:51] [INFO] server epoch 7, acc 0.6138
[2024-01-30 17:41:51] [INFO] [server epoch 8, client 1, local train]
[2024-01-30 17:41:52] [INFO] local epoch 1, acc: 0.5376
[2024-01-30 17:41:53] [INFO] local epoch 2, acc: 0.5467
[2024-01-30 17:41:54] [INFO] local epoch 3, acc: 0.5357
[2024-01-30 17:41:55] [INFO] local epoch 4, acc: 0.5636
[2024-01-30 17:41:56] [INFO] local epoch 5, acc: 0.5531
[2024-01-30 17:41:57] [INFO] local epoch 6, acc: 0.5463
[2024-01-30 17:41:59] [INFO] local epoch 7, acc: 0.5508
[2024-01-30 17:42:00] [INFO] local epoch 8, acc: 0.5401
[2024-01-30 17:42:01] [INFO] local epoch 9, acc: 0.5335
[2024-01-30 17:42:02] [INFO] local epoch 10, acc: 0.5558
[2024-01-30 17:42:02] [INFO] [server epoch 8, client 2, local train]
[2024-01-30 17:42:03] [INFO] local epoch 1, acc: 0.5304
[2024-01-30 17:42:04] [INFO] local epoch 2, acc: 0.5359
[2024-01-30 17:42:05] [INFO] local epoch 3, acc: 0.5085
[2024-01-30 17:42:06] [INFO] local epoch 4, acc: 0.5036
[2024-01-30 17:42:08] [INFO] local epoch 5, acc: 0.5225
[2024-01-30 17:42:09] [INFO] local epoch 6, acc: 0.5281
[2024-01-30 17:42:10] [INFO] local epoch 7, acc: 0.5225
[2024-01-30 17:42:11] [INFO] local epoch 8, acc: 0.5144
[2024-01-30 17:42:12] [INFO] local epoch 9, acc: 0.5164
[2024-01-30 17:42:13] [INFO] local epoch 10, acc: 0.5179
[2024-01-30 17:42:13] [INFO] [server epoch 8, client 3, local train]
[2024-01-30 17:42:14] [INFO] local epoch 1, acc: 0.5693
[2024-01-30 17:42:16] [INFO] local epoch 2, acc: 0.5695
[2024-01-30 17:42:17] [INFO] local epoch 3, acc: 0.5446
[2024-01-30 17:42:18] [INFO] local epoch 4, acc: 0.5755
[2024-01-30 17:42:19] [INFO] local epoch 5, acc: 0.5527
[2024-01-30 17:42:20] [INFO] local epoch 6, acc: 0.5731
[2024-01-30 17:42:21] [INFO] local epoch 7, acc: 0.5603
[2024-01-30 17:42:22] [INFO] local epoch 8, acc: 0.5569
[2024-01-30 17:42:23] [INFO] local epoch 9, acc: 0.5630
[2024-01-30 17:42:24] [INFO] local epoch 10, acc: 0.5672
[2024-01-30 17:42:24] [INFO] [server epoch 8, client 4, local train]
[2024-01-30 17:42:26] [INFO] local epoch 1, acc: 0.5354
[2024-01-30 17:42:27] [INFO] local epoch 2, acc: 0.5297
[2024-01-30 17:42:28] [INFO] local epoch 3, acc: 0.5502
[2024-01-30 17:42:29] [INFO] local epoch 4, acc: 0.5387
[2024-01-30 17:42:30] [INFO] local epoch 5, acc: 0.5254
[2024-01-30 17:42:31] [INFO] local epoch 6, acc: 0.5235
[2024-01-30 17:42:32] [INFO] local epoch 7, acc: 0.5431
[2024-01-30 17:42:33] [INFO] local epoch 8, acc: 0.5147
[2024-01-30 17:42:34] [INFO] local epoch 9, acc: 0.5443
[2024-01-30 17:42:35] [INFO] local epoch 10, acc: 0.5300
[2024-01-30 17:42:35] [INFO] [server epoch 8, client 5, local train]
[2024-01-30 17:42:36] [INFO] local epoch 1, acc: 0.6042
[2024-01-30 17:42:37] [INFO] local epoch 2, acc: 0.6084
[2024-01-30 17:42:39] [INFO] local epoch 3, acc: 0.6047
[2024-01-30 17:42:40] [INFO] local epoch 4, acc: 0.6112
[2024-01-30 17:42:41] [INFO] local epoch 5, acc: 0.6064
[2024-01-30 17:42:42] [INFO] local epoch 6, acc: 0.5862
[2024-01-30 17:42:43] [INFO] local epoch 7, acc: 0.5971
[2024-01-30 17:42:44] [INFO] local epoch 8, acc: 0.5971
[2024-01-30 17:42:45] [INFO] local epoch 9, acc: 0.6004
[2024-01-30 17:42:46] [INFO] local epoch 10, acc: 0.5990
[2024-01-30 17:42:46] [INFO] [server epoch 8, client 6, local train]
[2024-01-30 17:42:47] [INFO] local epoch 1, acc: 0.5469
[2024-01-30 17:42:48] [INFO] local epoch 2, acc: 0.4906
[2024-01-30 17:42:49] [INFO] local epoch 3, acc: 0.5209
[2024-01-30 17:42:51] [INFO] local epoch 4, acc: 0.4815
[2024-01-30 17:42:52] [INFO] local epoch 5, acc: 0.5163
[2024-01-30 17:42:53] [INFO] local epoch 6, acc: 0.5198
[2024-01-30 17:42:54] [INFO] local epoch 7, acc: 0.4968
[2024-01-30 17:42:55] [INFO] local epoch 8, acc: 0.5137
[2024-01-30 17:42:56] [INFO] local epoch 9, acc: 0.5152
[2024-01-30 17:42:57] [INFO] local epoch 10, acc: 0.4984
[2024-01-30 17:42:57] [INFO] [server epoch 8, client 7, local train]
[2024-01-30 17:42:58] [INFO] local epoch 1, acc: 0.5630
[2024-01-30 17:42:59] [INFO] local epoch 2, acc: 0.5506
[2024-01-30 17:43:00] [INFO] local epoch 3, acc: 0.5541
[2024-01-30 17:43:01] [INFO] local epoch 4, acc: 0.5343
[2024-01-30 17:43:02] [INFO] local epoch 5, acc: 0.5620
[2024-01-30 17:43:03] [INFO] local epoch 6, acc: 0.5523
[2024-01-30 17:43:04] [INFO] local epoch 7, acc: 0.5208
[2024-01-30 17:43:06] [INFO] local epoch 8, acc: 0.5510
[2024-01-30 17:43:07] [INFO] local epoch 9, acc: 0.5453
[2024-01-30 17:43:08] [INFO] local epoch 10, acc: 0.5563
[2024-01-30 17:43:08] [INFO] [server epoch 8, client 8, local train]
[2024-01-30 17:43:09] [INFO] local epoch 1, acc: 0.4783
[2024-01-30 17:43:10] [INFO] local epoch 2, acc: 0.4991
[2024-01-30 17:43:11] [INFO] local epoch 3, acc: 0.4966
[2024-01-30 17:43:12] [INFO] local epoch 4, acc: 0.5210
[2024-01-30 17:43:13] [INFO] local epoch 5, acc: 0.4878
[2024-01-30 17:43:14] [INFO] local epoch 6, acc: 0.5002
[2024-01-30 17:43:15] [INFO] local epoch 7, acc: 0.4823
[2024-01-30 17:43:16] [INFO] local epoch 8, acc: 0.4647
[2024-01-30 17:43:17] [INFO] local epoch 9, acc: 0.4785
[2024-01-30 17:43:19] [INFO] local epoch 10, acc: 0.4996
[2024-01-30 17:43:19] [INFO] [server epoch 8, client 9, local train]
[2024-01-30 17:43:20] [INFO] local epoch 1, acc: 0.4946
[2024-01-30 17:43:21] [INFO] local epoch 2, acc: 0.4751
[2024-01-30 17:43:22] [INFO] local epoch 3, acc: 0.4860
[2024-01-30 17:43:23] [INFO] local epoch 4, acc: 0.4700
[2024-01-30 17:43:24] [INFO] local epoch 5, acc: 0.4718
[2024-01-30 17:43:25] [INFO] local epoch 6, acc: 0.4623
[2024-01-30 17:43:26] [INFO] local epoch 7, acc: 0.4617
[2024-01-30 17:43:27] [INFO] local epoch 8, acc: 0.4946
[2024-01-30 17:43:29] [INFO] local epoch 9, acc: 0.4916
[2024-01-30 17:43:30] [INFO] local epoch 10, acc: 0.4564
[2024-01-30 17:43:31] [INFO] server epoch 8, acc 0.6239
[2024-01-30 17:43:31] [INFO] server epoch 8, acc 0.6239
[2024-01-30 17:43:32] [INFO] server epoch 8, acc 0.6239
[2024-01-30 17:43:33] [INFO] server epoch 8, acc 0.6239
[2024-01-30 17:43:34] [INFO] server epoch 8, acc 0.6239
[2024-01-30 17:43:35] [INFO] server epoch 8, acc 0.6239
[2024-01-30 17:43:36] [INFO] server epoch 8, acc 0.6239
[2024-01-30 17:43:36] [INFO] server epoch 8, acc 0.6239
[2024-01-30 17:43:37] [INFO] server epoch 8, acc 0.6239
[2024-01-30 17:43:37] [INFO] [server epoch 9, client 1, local train]
[2024-01-30 17:43:38] [INFO] local epoch 1, acc: 0.5698
[2024-01-30 17:43:40] [INFO] local epoch 2, acc: 0.5442
[2024-01-30 17:43:41] [INFO] local epoch 3, acc: 0.5668
[2024-01-30 17:43:42] [INFO] local epoch 4, acc: 0.5580
[2024-01-30 17:43:43] [INFO] local epoch 5, acc: 0.5765
[2024-01-30 17:43:44] [INFO] local epoch 6, acc: 0.5582
[2024-01-30 17:43:45] [INFO] local epoch 7, acc: 0.5548
[2024-01-30 17:43:46] [INFO] local epoch 8, acc: 0.5462
[2024-01-30 17:43:47] [INFO] local epoch 9, acc: 0.5569
[2024-01-30 17:43:49] [INFO] local epoch 10, acc: 0.5372
[2024-01-30 17:43:49] [INFO] [server epoch 9, client 2, local train]
[2024-01-30 17:43:50] [INFO] local epoch 1, acc: 0.5396
[2024-01-30 17:43:51] [INFO] local epoch 2, acc: 0.5254
[2024-01-30 17:43:52] [INFO] local epoch 3, acc: 0.5409
[2024-01-30 17:43:53] [INFO] local epoch 4, acc: 0.5198
[2024-01-30 17:43:54] [INFO] local epoch 5, acc: 0.5344
[2024-01-30 17:43:55] [INFO] local epoch 6, acc: 0.5153
[2024-01-30 17:43:56] [INFO] local epoch 7, acc: 0.5429
[2024-01-30 17:43:58] [INFO] local epoch 8, acc: 0.5261
[2024-01-30 17:43:59] [INFO] local epoch 9, acc: 0.5067
[2024-01-30 17:44:00] [INFO] local epoch 10, acc: 0.5189
[2024-01-30 17:44:00] [INFO] [server epoch 9, client 3, local train]
[2024-01-30 17:44:01] [INFO] local epoch 1, acc: 0.5894
[2024-01-30 17:44:02] [INFO] local epoch 2, acc: 0.5743
[2024-01-30 17:44:03] [INFO] local epoch 3, acc: 0.5729
[2024-01-30 17:44:04] [INFO] local epoch 4, acc: 0.5747
[2024-01-30 17:44:05] [INFO] local epoch 5, acc: 0.5747
[2024-01-30 17:44:07] [INFO] local epoch 6, acc: 0.5805
[2024-01-30 17:44:08] [INFO] local epoch 7, acc: 0.5693
[2024-01-30 17:44:09] [INFO] local epoch 8, acc: 0.5765
[2024-01-30 17:44:10] [INFO] local epoch 9, acc: 0.5753
[2024-01-30 17:44:11] [INFO] local epoch 10, acc: 0.5699
[2024-01-30 17:44:11] [INFO] [server epoch 9, client 4, local train]
[2024-01-30 17:44:12] [INFO] local epoch 1, acc: 0.5527
[2024-01-30 17:44:13] [INFO] local epoch 2, acc: 0.5310
[2024-01-30 17:44:14] [INFO] local epoch 3, acc: 0.5280
[2024-01-30 17:44:15] [INFO] local epoch 4, acc: 0.5564
[2024-01-30 17:44:16] [INFO] local epoch 5, acc: 0.5500
[2024-01-30 17:44:18] [INFO] local epoch 6, acc: 0.5541
[2024-01-30 17:44:19] [INFO] local epoch 7, acc: 0.5617
[2024-01-30 17:44:20] [INFO] local epoch 8, acc: 0.5460
[2024-01-30 17:44:21] [INFO] local epoch 9, acc: 0.5205
[2024-01-30 17:44:22] [INFO] local epoch 10, acc: 0.5699
[2024-01-30 17:44:22] [INFO] [server epoch 9, client 5, local train]
[2024-01-30 17:44:23] [INFO] local epoch 1, acc: 0.6165
[2024-01-30 17:44:24] [INFO] local epoch 2, acc: 0.6058
[2024-01-30 17:44:25] [INFO] local epoch 3, acc: 0.6122
[2024-01-30 17:44:26] [INFO] local epoch 4, acc: 0.6144
[2024-01-30 17:44:27] [INFO] local epoch 5, acc: 0.6155
[2024-01-30 17:44:28] [INFO] local epoch 6, acc: 0.6179
[2024-01-30 17:44:30] [INFO] local epoch 7, acc: 0.6179
[2024-01-30 17:44:31] [INFO] local epoch 8, acc: 0.6128
[2024-01-30 17:44:32] [INFO] local epoch 9, acc: 0.6053
[2024-01-30 17:44:33] [INFO] local epoch 10, acc: 0.6158
[2024-01-30 17:44:33] [INFO] [server epoch 9, client 6, local train]
[2024-01-30 17:44:34] [INFO] local epoch 1, acc: 0.5255
[2024-01-30 17:44:35] [INFO] local epoch 2, acc: 0.5520
[2024-01-30 17:44:36] [INFO] local epoch 3, acc: 0.5052
[2024-01-30 17:44:37] [INFO] local epoch 4, acc: 0.5323
[2024-01-30 17:44:38] [INFO] local epoch 5, acc: 0.5063
[2024-01-30 17:44:39] [INFO] local epoch 6, acc: 0.5160
[2024-01-30 17:44:40] [INFO] local epoch 7, acc: 0.5247
[2024-01-30 17:44:41] [INFO] local epoch 8, acc: 0.5212
[2024-01-30 17:44:42] [INFO] local epoch 9, acc: 0.5299
[2024-01-30 17:44:44] [INFO] local epoch 10, acc: 0.5311
[2024-01-30 17:44:44] [INFO] [server epoch 9, client 7, local train]
[2024-01-30 17:44:45] [INFO] local epoch 1, acc: 0.5846
[2024-01-30 17:44:46] [INFO] local epoch 2, acc: 0.5538
[2024-01-30 17:44:47] [INFO] local epoch 3, acc: 0.5595
[2024-01-30 17:44:48] [INFO] local epoch 4, acc: 0.5659
[2024-01-30 17:44:49] [INFO] local epoch 5, acc: 0.5601
[2024-01-30 17:44:50] [INFO] local epoch 6, acc: 0.5505
[2024-01-30 17:44:51] [INFO] local epoch 7, acc: 0.5645
[2024-01-30 17:44:52] [INFO] local epoch 8, acc: 0.5346
[2024-01-30 17:44:53] [INFO] local epoch 9, acc: 0.5510
[2024-01-30 17:44:54] [INFO] local epoch 10, acc: 0.5598
[2024-01-30 17:44:54] [INFO] [server epoch 9, client 8, local train]
[2024-01-30 17:44:55] [INFO] local epoch 1, acc: 0.5227
[2024-01-30 17:44:56] [INFO] local epoch 2, acc: 0.4992
[2024-01-30 17:44:57] [INFO] local epoch 3, acc: 0.4984
[2024-01-30 17:44:58] [INFO] local epoch 4, acc: 0.5012
[2024-01-30 17:45:00] [INFO] local epoch 5, acc: 0.5061
[2024-01-30 17:45:01] [INFO] local epoch 6, acc: 0.5109
[2024-01-30 17:45:02] [INFO] local epoch 7, acc: 0.4989
[2024-01-30 17:45:03] [INFO] local epoch 8, acc: 0.5221
[2024-01-30 17:45:04] [INFO] local epoch 9, acc: 0.5181
[2024-01-30 17:45:05] [INFO] local epoch 10, acc: 0.4841
[2024-01-30 17:45:05] [INFO] [server epoch 9, client 9, local train]
[2024-01-30 17:45:06] [INFO] local epoch 1, acc: 0.4930
[2024-01-30 17:45:07] [INFO] local epoch 2, acc: 0.4688
[2024-01-30 17:45:08] [INFO] local epoch 3, acc: 0.4685
[2024-01-30 17:45:09] [INFO] local epoch 4, acc: 0.4822
[2024-01-30 17:45:11] [INFO] local epoch 5, acc: 0.4715
[2024-01-30 17:45:12] [INFO] local epoch 6, acc: 0.4606
[2024-01-30 17:45:13] [INFO] local epoch 7, acc: 0.4758
[2024-01-30 17:45:14] [INFO] local epoch 8, acc: 0.4786
[2024-01-30 17:45:15] [INFO] local epoch 9, acc: 0.4861
[2024-01-30 17:45:16] [INFO] local epoch 10, acc: 0.5015
[2024-01-30 17:45:17] [INFO] server epoch 9, acc 0.6353
[2024-01-30 17:45:18] [INFO] server epoch 9, acc 0.6353
[2024-01-30 17:45:19] [INFO] server epoch 9, acc 0.6353
[2024-01-30 17:45:20] [INFO] server epoch 9, acc 0.6353
[2024-01-30 17:45:21] [INFO] server epoch 9, acc 0.6353
[2024-01-30 17:45:22] [INFO] server epoch 9, acc 0.6353
[2024-01-30 17:45:23] [INFO] server epoch 9, acc 0.6353
[2024-01-30 17:45:24] [INFO] server epoch 9, acc 0.6353
[2024-01-30 17:45:25] [INFO] server epoch 9, acc 0.6353
[2024-01-30 17:45:25] [INFO] [server epoch 10, client 1, local train]
[2024-01-30 17:45:26] [INFO] local epoch 1, acc: 0.5611
[2024-01-30 17:45:27] [INFO] local epoch 2, acc: 0.5715
[2024-01-30 17:45:28] [INFO] local epoch 3, acc: 0.5744
[2024-01-30 17:45:29] [INFO] local epoch 4, acc: 0.5638
[2024-01-30 17:45:30] [INFO] local epoch 5, acc: 0.5576
[2024-01-30 17:45:31] [INFO] local epoch 6, acc: 0.5763
[2024-01-30 17:45:32] [INFO] local epoch 7, acc: 0.5590
[2024-01-30 17:45:34] [INFO] local epoch 8, acc: 0.5716
[2024-01-30 17:45:35] [INFO] local epoch 9, acc: 0.5675
[2024-01-30 17:45:36] [INFO] local epoch 10, acc: 0.5638
[2024-01-30 17:45:36] [INFO] [server epoch 10, client 2, local train]
[2024-01-30 17:45:37] [INFO] local epoch 1, acc: 0.5342
[2024-01-30 17:45:38] [INFO] local epoch 2, acc: 0.5321
[2024-01-30 17:45:39] [INFO] local epoch 3, acc: 0.5343
[2024-01-30 17:45:40] [INFO] local epoch 4, acc: 0.5425
[2024-01-30 17:45:42] [INFO] local epoch 5, acc: 0.5364
[2024-01-30 17:45:43] [INFO] local epoch 6, acc: 0.5452
[2024-01-30 17:45:44] [INFO] local epoch 7, acc: 0.5311
[2024-01-30 17:45:45] [INFO] local epoch 8, acc: 0.5475
[2024-01-30 17:45:46] [INFO] local epoch 9, acc: 0.5287
[2024-01-30 17:45:47] [INFO] local epoch 10, acc: 0.5103
[2024-01-30 17:45:47] [INFO] [server epoch 10, client 3, local train]
[2024-01-30 17:45:48] [INFO] local epoch 1, acc: 0.5727
[2024-01-30 17:45:49] [INFO] local epoch 2, acc: 0.5862
[2024-01-30 17:45:51] [INFO] local epoch 3, acc: 0.5915
[2024-01-30 17:45:52] [INFO] local epoch 4, acc: 0.5619
[2024-01-30 17:45:53] [INFO] local epoch 5, acc: 0.5918
[2024-01-30 17:45:54] [INFO] local epoch 6, acc: 0.5819
[2024-01-30 17:45:55] [INFO] local epoch 7, acc: 0.5870
[2024-01-30 17:45:56] [INFO] local epoch 8, acc: 0.5915
[2024-01-30 17:45:57] [INFO] local epoch 9, acc: 0.5789
[2024-01-30 17:45:58] [INFO] local epoch 10, acc: 0.5753
[2024-01-30 17:45:58] [INFO] [server epoch 10, client 4, local train]
[2024-01-30 17:46:00] [INFO] local epoch 1, acc: 0.5099
[2024-01-30 17:46:01] [INFO] local epoch 2, acc: 0.5459
[2024-01-30 17:46:02] [INFO] local epoch 3, acc: 0.5510
[2024-01-30 17:46:03] [INFO] local epoch 4, acc: 0.5702
[2024-01-30 17:46:04] [INFO] local epoch 5, acc: 0.5718
[2024-01-30 17:46:05] [INFO] local epoch 6, acc: 0.5532
[2024-01-30 17:46:06] [INFO] local epoch 7, acc: 0.5474
[2024-01-30 17:46:07] [INFO] local epoch 8, acc: 0.5726
[2024-01-30 17:46:08] [INFO] local epoch 9, acc: 0.5617
[2024-01-30 17:46:09] [INFO] local epoch 10, acc: 0.5666
[2024-01-30 17:46:09] [INFO] [server epoch 10, client 5, local train]
[2024-01-30 17:46:10] [INFO] local epoch 1, acc: 0.6232
[2024-01-30 17:46:11] [INFO] local epoch 2, acc: 0.6236
[2024-01-30 17:46:12] [INFO] local epoch 3, acc: 0.6328
[2024-01-30 17:46:14] [INFO] local epoch 4, acc: 0.6233
[2024-01-30 17:46:15] [INFO] local epoch 5, acc: 0.6237
[2024-01-30 17:46:16] [INFO] local epoch 6, acc: 0.6192
[2024-01-30 17:46:17] [INFO] local epoch 7, acc: 0.6173
[2024-01-30 17:46:18] [INFO] local epoch 8, acc: 0.6187
[2024-01-30 17:46:19] [INFO] local epoch 9, acc: 0.6178
[2024-01-30 17:46:20] [INFO] local epoch 10, acc: 0.6188
[2024-01-30 17:46:20] [INFO] [server epoch 10, client 6, local train]
[2024-01-30 17:46:21] [INFO] local epoch 1, acc: 0.5384
[2024-01-30 17:46:22] [INFO] local epoch 2, acc: 0.5310
[2024-01-30 17:46:23] [INFO] local epoch 3, acc: 0.5293
[2024-01-30 17:46:25] [INFO] local epoch 4, acc: 0.4878
[2024-01-30 17:46:26] [INFO] local epoch 5, acc: 0.5143
[2024-01-30 17:46:27] [INFO] local epoch 6, acc: 0.5376
[2024-01-30 17:46:28] [INFO] local epoch 7, acc: 0.5324
[2024-01-30 17:46:29] [INFO] local epoch 8, acc: 0.5481
[2024-01-30 17:46:30] [INFO] local epoch 9, acc: 0.5320
[2024-01-30 17:46:31] [INFO] local epoch 10, acc: 0.5405
[2024-01-30 17:46:31] [INFO] [server epoch 10, client 7, local train]
[2024-01-30 17:46:32] [INFO] local epoch 1, acc: 0.5910
[2024-01-30 17:46:33] [INFO] local epoch 2, acc: 0.5650
[2024-01-30 17:46:34] [INFO] local epoch 3, acc: 0.5670
[2024-01-30 17:46:35] [INFO] local epoch 4, acc: 0.5541
[2024-01-30 17:46:36] [INFO] local epoch 5, acc: 0.5655
[2024-01-30 17:46:37] [INFO] local epoch 6, acc: 0.5704
[2024-01-30 17:46:38] [INFO] local epoch 7, acc: 0.5605
[2024-01-30 17:46:39] [INFO] local epoch 8, acc: 0.5678
[2024-01-30 17:46:40] [INFO] local epoch 9, acc: 0.5632
[2024-01-30 17:46:41] [INFO] local epoch 10, acc: 0.5513
[2024-01-30 17:46:41] [INFO] [server epoch 10, client 8, local train]
[2024-01-30 17:46:43] [INFO] local epoch 1, acc: 0.4918
[2024-01-30 17:46:44] [INFO] local epoch 2, acc: 0.4963
[2024-01-30 17:46:45] [INFO] local epoch 3, acc: 0.5179
[2024-01-30 17:46:46] [INFO] local epoch 4, acc: 0.5215
[2024-01-30 17:46:47] [INFO] local epoch 5, acc: 0.5031
[2024-01-30 17:46:48] [INFO] local epoch 6, acc: 0.5335
[2024-01-30 17:46:49] [INFO] local epoch 7, acc: 0.5047
[2024-01-30 17:46:50] [INFO] local epoch 8, acc: 0.5179
[2024-01-30 17:46:51] [INFO] local epoch 9, acc: 0.5049
[2024-01-30 17:46:52] [INFO] local epoch 10, acc: 0.5187
[2024-01-30 17:46:52] [INFO] [server epoch 10, client 9, local train]
[2024-01-30 17:46:54] [INFO] local epoch 1, acc: 0.4704
[2024-01-30 17:46:55] [INFO] local epoch 2, acc: 0.4948
[2024-01-30 17:46:56] [INFO] local epoch 3, acc: 0.4685
[2024-01-30 17:46:57] [INFO] local epoch 4, acc: 0.4829
[2024-01-30 17:46:58] [INFO] local epoch 5, acc: 0.5082
[2024-01-30 17:46:59] [INFO] local epoch 6, acc: 0.4655
[2024-01-30 17:47:00] [INFO] local epoch 7, acc: 0.4822
[2024-01-30 17:47:01] [INFO] local epoch 8, acc: 0.4908
[2024-01-30 17:47:02] [INFO] local epoch 9, acc: 0.4959
[2024-01-30 17:47:03] [INFO] local epoch 10, acc: 0.4912
[2024-01-30 17:47:04] [INFO] server epoch 10, acc 0.6409
[2024-01-30 17:47:05] [INFO] server epoch 10, acc 0.6409
[2024-01-30 17:47:06] [INFO] server epoch 10, acc 0.6409
[2024-01-30 17:47:07] [INFO] server epoch 10, acc 0.6409
[2024-01-30 17:47:08] [INFO] server epoch 10, acc 0.6409
[2024-01-30 17:47:08] [INFO] server epoch 10, acc 0.6409
[2024-01-30 17:47:09] [INFO] server epoch 10, acc 0.6409
[2024-01-30 17:47:10] [INFO] server epoch 10, acc 0.6409
[2024-01-30 17:47:11] [INFO] server epoch 10, acc 0.6409
[2024-01-30 17:47:11] [INFO] results saved in ./res/fedavg_seed_10000_alpha_1.0_dataset_cifar10_model_structure_cnn3/n_client_9_local_epochs_10_server_epochs_10_batch_size_160.pt.
