[2024-01-30 17:39:39] [INFO] hyper_fed
      n_public_data  :  50   
          seed       : 10000 
      local_epochs   :   5   
     distill_epochs  :   5   
       batch_size    :  160  
      server_epochs  :  10   
          alpha      :  1.0  
         dataset     :cifar10
     model_structure : cnn3  
[2024-01-30 17:39:49] [INFO] [server epoch 1, client 1, local train]
[2024-01-30 17:39:50] [INFO] local epoch 1, acc: 0.3957
[2024-01-30 17:39:50] [INFO] local epoch 2, acc: 0.4435
[2024-01-30 17:39:51] [INFO] local epoch 3, acc: 0.4994
[2024-01-30 17:39:51] [INFO] local epoch 4, acc: 0.5128
[2024-01-30 17:39:52] [INFO] local epoch 5, acc: 0.5375
[2024-01-30 17:39:52] [INFO] [server epoch 1, client 2, local train]
[2024-01-30 17:39:52] [INFO] local epoch 1, acc: 0.3949
[2024-01-30 17:39:53] [INFO] local epoch 2, acc: 0.4362
[2024-01-30 17:39:53] [INFO] local epoch 3, acc: 0.4885
[2024-01-30 17:39:54] [INFO] local epoch 4, acc: 0.5164
[2024-01-30 17:39:54] [INFO] local epoch 5, acc: 0.5354
[2024-01-30 17:39:54] [INFO] [server epoch 1, client 3, local train]
[2024-01-30 17:39:55] [INFO] local epoch 1, acc: 0.3876
[2024-01-30 17:39:55] [INFO] local epoch 2, acc: 0.4192
[2024-01-30 17:39:56] [INFO] local epoch 3, acc: 0.4864
[2024-01-30 17:39:56] [INFO] local epoch 4, acc: 0.5168
[2024-01-30 17:39:57] [INFO] local epoch 5, acc: 0.5338
[2024-01-30 17:39:57] [INFO] [server epoch 1, client 4, local train]
[2024-01-30 17:39:57] [INFO] local epoch 1, acc: 0.3536
[2024-01-30 17:39:58] [INFO] local epoch 2, acc: 0.4496
[2024-01-30 17:39:58] [INFO] local epoch 3, acc: 0.4799
[2024-01-30 17:39:59] [INFO] local epoch 4, acc: 0.4995
[2024-01-30 17:39:59] [INFO] local epoch 5, acc: 0.5266
[2024-01-30 17:39:59] [INFO] [server epoch 1, client 5, local train]
[2024-01-30 17:40:00] [INFO] local epoch 1, acc: 0.3729
[2024-01-30 17:40:00] [INFO] local epoch 2, acc: 0.4494
[2024-01-30 17:40:01] [INFO] local epoch 3, acc: 0.4776
[2024-01-30 17:40:01] [INFO] local epoch 4, acc: 0.5000
[2024-01-30 17:40:02] [INFO] local epoch 5, acc: 0.5271
[2024-01-30 17:40:02] [INFO] [server epoch 1, client 6, local train]
[2024-01-30 17:40:02] [INFO] local epoch 1, acc: 0.3588
[2024-01-30 17:40:03] [INFO] local epoch 2, acc: 0.4460
[2024-01-30 17:40:03] [INFO] local epoch 3, acc: 0.4757
[2024-01-30 17:40:04] [INFO] local epoch 4, acc: 0.5016
[2024-01-30 17:40:04] [INFO] local epoch 5, acc: 0.5245
[2024-01-30 17:40:04] [INFO] [server epoch 1, client 7, local train]
[2024-01-30 17:40:05] [INFO] local epoch 1, acc: 0.3909
[2024-01-30 17:40:06] [INFO] local epoch 2, acc: 0.4155
[2024-01-30 17:40:06] [INFO] local epoch 3, acc: 0.4369
[2024-01-30 17:40:07] [INFO] local epoch 4, acc: 0.4682
[2024-01-30 17:40:07] [INFO] local epoch 5, acc: 0.4869
[2024-01-30 17:40:07] [INFO] [server epoch 1, client 8, local train]
[2024-01-30 17:40:08] [INFO] local epoch 1, acc: 0.3547
[2024-01-30 17:40:08] [INFO] local epoch 2, acc: 0.3877
[2024-01-30 17:40:09] [INFO] local epoch 3, acc: 0.4423
[2024-01-30 17:40:09] [INFO] local epoch 4, acc: 0.4709
[2024-01-30 17:40:10] [INFO] local epoch 5, acc: 0.4761
[2024-01-30 17:40:10] [INFO] [server epoch 1, client 9, local train]
[2024-01-30 17:40:10] [INFO] local epoch 1, acc: 0.3763
[2024-01-30 17:40:11] [INFO] local epoch 2, acc: 0.4161
[2024-01-30 17:40:11] [INFO] local epoch 3, acc: 0.4469
[2024-01-30 17:40:12] [INFO] local epoch 4, acc: 0.4488
[2024-01-30 17:40:12] [INFO] local epoch 5, acc: 0.4885
[2024-01-30 17:40:13] [INFO] [server epoch 1, client 1, distill train]
[2024-01-30 17:40:13] [INFO] distill epoch 1, acc: 0.2128
[2024-01-30 17:40:14] [INFO] distill epoch 2, acc: 0.2195
[2024-01-30 17:40:14] [INFO] distill epoch 3, acc: 0.2257
[2024-01-30 17:40:15] [INFO] distill epoch 4, acc: 0.2360
[2024-01-30 17:40:15] [INFO] distill epoch 5, acc: 0.2571
[2024-01-30 17:40:15] [INFO] [server epoch 1, client 2, distill train]
[2024-01-30 17:40:16] [INFO] distill epoch 1, acc: 0.2128
[2024-01-30 17:40:16] [INFO] distill epoch 2, acc: 0.2195
[2024-01-30 17:40:16] [INFO] distill epoch 3, acc: 0.2257
[2024-01-30 17:40:17] [INFO] distill epoch 4, acc: 0.2360
[2024-01-30 17:40:17] [INFO] distill epoch 5, acc: 0.2571
[2024-01-30 17:40:17] [INFO] [server epoch 1, client 3, distill train]
[2024-01-30 17:40:18] [INFO] distill epoch 1, acc: 0.2128
[2024-01-30 17:40:18] [INFO] distill epoch 2, acc: 0.2195
[2024-01-30 17:40:19] [INFO] distill epoch 3, acc: 0.2257
[2024-01-30 17:40:19] [INFO] distill epoch 4, acc: 0.2360
[2024-01-30 17:40:19] [INFO] distill epoch 5, acc: 0.2571
[2024-01-30 17:40:19] [INFO] [server epoch 1, client 4, distill train]
[2024-01-30 17:40:20] [INFO] distill epoch 1, acc: 0.1349
[2024-01-30 17:40:20] [INFO] distill epoch 2, acc: 0.1427
[2024-01-30 17:40:21] [INFO] distill epoch 3, acc: 0.1633
[2024-01-30 17:40:21] [INFO] distill epoch 4, acc: 0.1963
[2024-01-30 17:40:22] [INFO] distill epoch 5, acc: 0.2260
[2024-01-30 17:40:22] [INFO] [server epoch 1, client 5, distill train]
[2024-01-30 17:40:22] [INFO] distill epoch 1, acc: 0.1349
[2024-01-30 17:40:22] [INFO] distill epoch 2, acc: 0.1427
[2024-01-30 17:40:23] [INFO] distill epoch 3, acc: 0.1633
[2024-01-30 17:40:23] [INFO] distill epoch 4, acc: 0.1963
[2024-01-30 17:40:24] [INFO] distill epoch 5, acc: 0.2260
[2024-01-30 17:40:24] [INFO] [server epoch 1, client 6, distill train]
[2024-01-30 17:40:24] [INFO] distill epoch 1, acc: 0.1349
[2024-01-30 17:40:25] [INFO] distill epoch 2, acc: 0.1427
[2024-01-30 17:40:25] [INFO] distill epoch 3, acc: 0.1633
[2024-01-30 17:40:25] [INFO] distill epoch 4, acc: 0.1963
[2024-01-30 17:40:26] [INFO] distill epoch 5, acc: 0.2260
[2024-01-30 17:40:26] [INFO] [server epoch 1, client 7, distill train]
[2024-01-30 17:40:26] [INFO] distill epoch 1, acc: 0.4901
[2024-01-30 17:40:27] [INFO] distill epoch 2, acc: 0.4720
[2024-01-30 17:40:27] [INFO] distill epoch 3, acc: 0.4461
[2024-01-30 17:40:28] [INFO] distill epoch 4, acc: 0.4309
[2024-01-30 17:40:28] [INFO] distill epoch 5, acc: 0.4152
[2024-01-30 17:40:28] [INFO] [server epoch 1, client 8, distill train]
[2024-01-30 17:40:28] [INFO] distill epoch 1, acc: 0.4901
[2024-01-30 17:40:29] [INFO] distill epoch 2, acc: 0.4720
[2024-01-30 17:40:29] [INFO] distill epoch 3, acc: 0.4461
[2024-01-30 17:40:30] [INFO] distill epoch 4, acc: 0.4309
[2024-01-30 17:40:30] [INFO] distill epoch 5, acc: 0.4152
[2024-01-30 17:40:30] [INFO] [server epoch 1, client 9, distill train]
[2024-01-30 17:40:31] [INFO] distill epoch 1, acc: 0.4901
[2024-01-30 17:40:31] [INFO] distill epoch 2, acc: 0.4720
[2024-01-30 17:40:31] [INFO] distill epoch 3, acc: 0.4461
[2024-01-30 17:40:32] [INFO] distill epoch 4, acc: 0.4309
[2024-01-30 17:40:32] [INFO] distill epoch 5, acc: 0.4152
[2024-01-30 17:40:33] [INFO] [server epoch 2, client 1, local train]
[2024-01-30 17:40:33] [INFO] local epoch 1, acc: 0.5597
[2024-01-30 17:40:34] [INFO] local epoch 2, acc: 0.5553
[2024-01-30 17:40:34] [INFO] local epoch 3, acc: 0.5755
[2024-01-30 17:40:35] [INFO] local epoch 4, acc: 0.5751
[2024-01-30 17:40:35] [INFO] local epoch 5, acc: 0.5921
[2024-01-30 17:40:35] [INFO] [server epoch 2, client 2, local train]
[2024-01-30 17:40:36] [INFO] local epoch 1, acc: 0.5484
[2024-01-30 17:40:36] [INFO] local epoch 2, acc: 0.5630
[2024-01-30 17:40:37] [INFO] local epoch 3, acc: 0.5695
[2024-01-30 17:40:37] [INFO] local epoch 4, acc: 0.5763
[2024-01-30 17:40:38] [INFO] local epoch 5, acc: 0.5763
[2024-01-30 17:40:38] [INFO] [server epoch 2, client 3, local train]
[2024-01-30 17:40:38] [INFO] local epoch 1, acc: 0.5472
[2024-01-30 17:40:39] [INFO] local epoch 2, acc: 0.5630
[2024-01-30 17:40:39] [INFO] local epoch 3, acc: 0.5674
[2024-01-30 17:40:40] [INFO] local epoch 4, acc: 0.5735
[2024-01-30 17:40:40] [INFO] local epoch 5, acc: 0.5828
[2024-01-30 17:40:40] [INFO] [server epoch 2, client 4, local train]
[2024-01-30 17:40:41] [INFO] local epoch 1, acc: 0.5300
[2024-01-30 17:40:41] [INFO] local epoch 2, acc: 0.5493
[2024-01-30 17:40:42] [INFO] local epoch 3, acc: 0.5470
[2024-01-30 17:40:42] [INFO] local epoch 4, acc: 0.5725
[2024-01-30 17:40:43] [INFO] local epoch 5, acc: 0.5728
[2024-01-30 17:40:43] [INFO] [server epoch 2, client 5, local train]
[2024-01-30 17:40:43] [INFO] local epoch 1, acc: 0.5292
[2024-01-30 17:40:44] [INFO] local epoch 2, acc: 0.5457
[2024-01-30 17:40:44] [INFO] local epoch 3, acc: 0.5645
[2024-01-30 17:40:45] [INFO] local epoch 4, acc: 0.5678
[2024-01-30 17:40:45] [INFO] local epoch 5, acc: 0.5754
[2024-01-30 17:40:45] [INFO] [server epoch 2, client 6, local train]
[2024-01-30 17:40:46] [INFO] local epoch 1, acc: 0.5347
[2024-01-30 17:40:46] [INFO] local epoch 2, acc: 0.5470
[2024-01-30 17:40:47] [INFO] local epoch 3, acc: 0.5624
[2024-01-30 17:40:48] [INFO] local epoch 4, acc: 0.5765
[2024-01-30 17:40:48] [INFO] local epoch 5, acc: 0.5812
[2024-01-30 17:40:48] [INFO] [server epoch 2, client 7, local train]
[2024-01-30 17:40:49] [INFO] local epoch 1, acc: 0.4853
[2024-01-30 17:40:49] [INFO] local epoch 2, acc: 0.4999
[2024-01-30 17:40:50] [INFO] local epoch 3, acc: 0.5050
[2024-01-30 17:40:50] [INFO] local epoch 4, acc: 0.5096
[2024-01-30 17:40:51] [INFO] local epoch 5, acc: 0.5166
[2024-01-30 17:40:51] [INFO] [server epoch 2, client 8, local train]
[2024-01-30 17:40:51] [INFO] local epoch 1, acc: 0.4861
[2024-01-30 17:40:52] [INFO] local epoch 2, acc: 0.4909
[2024-01-30 17:40:52] [INFO] local epoch 3, acc: 0.5036
[2024-01-30 17:40:53] [INFO] local epoch 4, acc: 0.5107
[2024-01-30 17:40:53] [INFO] local epoch 5, acc: 0.5128
[2024-01-30 17:40:53] [INFO] [server epoch 2, client 9, local train]
[2024-01-30 17:40:54] [INFO] local epoch 1, acc: 0.4918
[2024-01-30 17:40:54] [INFO] local epoch 2, acc: 0.4880
[2024-01-30 17:40:55] [INFO] local epoch 3, acc: 0.5050
[2024-01-30 17:40:55] [INFO] local epoch 4, acc: 0.5120
[2024-01-30 17:40:56] [INFO] local epoch 5, acc: 0.5199
[2024-01-30 17:40:56] [INFO] [server epoch 2, client 1, distill train]
[2024-01-30 17:40:57] [INFO] distill epoch 1, acc: 0.2463
[2024-01-30 17:40:57] [INFO] distill epoch 2, acc: 0.2636
[2024-01-30 17:40:58] [INFO] distill epoch 3, acc: 0.2836
[2024-01-30 17:40:58] [INFO] distill epoch 4, acc: 0.3044
[2024-01-30 17:40:59] [INFO] distill epoch 5, acc: 0.3233
[2024-01-30 17:40:59] [INFO] [server epoch 2, client 2, distill train]
[2024-01-30 17:40:59] [INFO] distill epoch 1, acc: 0.2463
[2024-01-30 17:41:00] [INFO] distill epoch 2, acc: 0.2636
[2024-01-30 17:41:00] [INFO] distill epoch 3, acc: 0.2836
[2024-01-30 17:41:00] [INFO] distill epoch 4, acc: 0.3044
[2024-01-30 17:41:01] [INFO] distill epoch 5, acc: 0.3233
[2024-01-30 17:41:01] [INFO] [server epoch 2, client 3, distill train]
[2024-01-30 17:41:01] [INFO] distill epoch 1, acc: 0.2463
[2024-01-30 17:41:02] [INFO] distill epoch 2, acc: 0.2636
[2024-01-30 17:41:02] [INFO] distill epoch 3, acc: 0.2836
[2024-01-30 17:41:03] [INFO] distill epoch 4, acc: 0.3044
[2024-01-30 17:41:03] [INFO] distill epoch 5, acc: 0.3233
[2024-01-30 17:41:03] [INFO] [server epoch 2, client 4, distill train]
[2024-01-30 17:41:03] [INFO] distill epoch 1, acc: 0.1903
[2024-01-30 17:41:04] [INFO] distill epoch 2, acc: 0.2182
[2024-01-30 17:41:04] [INFO] distill epoch 3, acc: 0.2603
[2024-01-30 17:41:05] [INFO] distill epoch 4, acc: 0.2914
[2024-01-30 17:41:05] [INFO] distill epoch 5, acc: 0.3095
[2024-01-30 17:41:05] [INFO] [server epoch 2, client 5, distill train]
[2024-01-30 17:41:06] [INFO] distill epoch 1, acc: 0.1903
[2024-01-30 17:41:06] [INFO] distill epoch 2, acc: 0.2182
[2024-01-30 17:41:06] [INFO] distill epoch 3, acc: 0.2603
[2024-01-30 17:41:07] [INFO] distill epoch 4, acc: 0.2914
[2024-01-30 17:41:07] [INFO] distill epoch 5, acc: 0.3095
[2024-01-30 17:41:07] [INFO] [server epoch 2, client 6, distill train]
[2024-01-30 17:41:08] [INFO] distill epoch 1, acc: 0.1903
[2024-01-30 17:41:08] [INFO] distill epoch 2, acc: 0.2182
[2024-01-30 17:41:09] [INFO] distill epoch 3, acc: 0.2603
[2024-01-30 17:41:09] [INFO] distill epoch 4, acc: 0.2914
[2024-01-30 17:41:09] [INFO] distill epoch 5, acc: 0.3095
[2024-01-30 17:41:09] [INFO] [server epoch 2, client 7, distill train]
[2024-01-30 17:41:10] [INFO] distill epoch 1, acc: 0.5112
[2024-01-30 17:41:10] [INFO] distill epoch 2, acc: 0.4861
[2024-01-30 17:41:11] [INFO] distill epoch 3, acc: 0.4642
[2024-01-30 17:41:11] [INFO] distill epoch 4, acc: 0.4477
[2024-01-30 17:41:12] [INFO] distill epoch 5, acc: 0.4304
[2024-01-30 17:41:12] [INFO] [server epoch 2, client 8, distill train]
[2024-01-30 17:41:12] [INFO] distill epoch 1, acc: 0.5112
[2024-01-30 17:41:12] [INFO] distill epoch 2, acc: 0.4861
[2024-01-30 17:41:13] [INFO] distill epoch 3, acc: 0.4642
[2024-01-30 17:41:13] [INFO] distill epoch 4, acc: 0.4477
[2024-01-30 17:41:14] [INFO] distill epoch 5, acc: 0.4304
[2024-01-30 17:41:14] [INFO] [server epoch 2, client 9, distill train]
[2024-01-30 17:41:14] [INFO] distill epoch 1, acc: 0.5112
[2024-01-30 17:41:15] [INFO] distill epoch 2, acc: 0.4861
[2024-01-30 17:41:15] [INFO] distill epoch 3, acc: 0.4642
[2024-01-30 17:41:15] [INFO] distill epoch 4, acc: 0.4477
[2024-01-30 17:41:16] [INFO] distill epoch 5, acc: 0.4304
[2024-01-30 17:41:17] [INFO] [server epoch 3, client 1, local train]
[2024-01-30 17:41:17] [INFO] local epoch 1, acc: 0.5881
[2024-01-30 17:41:17] [INFO] local epoch 2, acc: 0.5950
[2024-01-30 17:41:18] [INFO] local epoch 3, acc: 0.5986
[2024-01-30 17:41:18] [INFO] local epoch 4, acc: 0.6023
[2024-01-30 17:41:19] [INFO] local epoch 5, acc: 0.6059
[2024-01-30 17:41:19] [INFO] [server epoch 3, client 2, local train]
[2024-01-30 17:41:19] [INFO] local epoch 1, acc: 0.5844
[2024-01-30 17:41:20] [INFO] local epoch 2, acc: 0.5897
[2024-01-30 17:41:20] [INFO] local epoch 3, acc: 0.6019
[2024-01-30 17:41:21] [INFO] local epoch 4, acc: 0.6071
[2024-01-30 17:41:21] [INFO] local epoch 5, acc: 0.6043
[2024-01-30 17:41:21] [INFO] [server epoch 3, client 3, local train]
[2024-01-30 17:41:22] [INFO] local epoch 1, acc: 0.5881
[2024-01-30 17:41:22] [INFO] local epoch 2, acc: 0.6015
[2024-01-30 17:41:23] [INFO] local epoch 3, acc: 0.6015
[2024-01-30 17:41:23] [INFO] local epoch 4, acc: 0.6011
[2024-01-30 17:41:24] [INFO] local epoch 5, acc: 0.6092
[2024-01-30 17:41:24] [INFO] [server epoch 3, client 4, local train]
[2024-01-30 17:41:24] [INFO] local epoch 1, acc: 0.5848
[2024-01-30 17:41:25] [INFO] local epoch 2, acc: 0.5958
[2024-01-30 17:41:25] [INFO] local epoch 3, acc: 0.5981
[2024-01-30 17:41:26] [INFO] local epoch 4, acc: 0.5947
[2024-01-30 17:41:26] [INFO] local epoch 5, acc: 0.6146
[2024-01-30 17:41:26] [INFO] [server epoch 3, client 5, local train]
[2024-01-30 17:41:27] [INFO] local epoch 1, acc: 0.5869
[2024-01-30 17:41:27] [INFO] local epoch 2, acc: 0.5906
[2024-01-30 17:41:28] [INFO] local epoch 3, acc: 0.5963
[2024-01-30 17:41:28] [INFO] local epoch 4, acc: 0.6057
[2024-01-30 17:41:29] [INFO] local epoch 5, acc: 0.6075
[2024-01-30 17:41:29] [INFO] [server epoch 3, client 6, local train]
[2024-01-30 17:41:29] [INFO] local epoch 1, acc: 0.5900
[2024-01-30 17:41:30] [INFO] local epoch 2, acc: 0.5929
[2024-01-30 17:41:31] [INFO] local epoch 3, acc: 0.6015
[2024-01-30 17:41:31] [INFO] local epoch 4, acc: 0.6086
[2024-01-30 17:41:32] [INFO] local epoch 5, acc: 0.6086
[2024-01-30 17:41:32] [INFO] [server epoch 3, client 7, local train]
[2024-01-30 17:41:32] [INFO] local epoch 1, acc: 0.5258
[2024-01-30 17:41:33] [INFO] local epoch 2, acc: 0.5164
[2024-01-30 17:41:33] [INFO] local epoch 3, acc: 0.5272
[2024-01-30 17:41:34] [INFO] local epoch 4, acc: 0.5358
[2024-01-30 17:41:34] [INFO] local epoch 5, acc: 0.5307
[2024-01-30 17:41:34] [INFO] [server epoch 3, client 8, local train]
[2024-01-30 17:41:35] [INFO] local epoch 1, acc: 0.5231
[2024-01-30 17:41:35] [INFO] local epoch 2, acc: 0.5185
[2024-01-30 17:41:36] [INFO] local epoch 3, acc: 0.5210
[2024-01-30 17:41:36] [INFO] local epoch 4, acc: 0.5253
[2024-01-30 17:41:37] [INFO] local epoch 5, acc: 0.5304
[2024-01-30 17:41:37] [INFO] [server epoch 3, client 9, local train]
[2024-01-30 17:41:37] [INFO] local epoch 1, acc: 0.5155
[2024-01-30 17:41:38] [INFO] local epoch 2, acc: 0.5101
[2024-01-30 17:41:38] [INFO] local epoch 3, acc: 0.5185
[2024-01-30 17:41:39] [INFO] local epoch 4, acc: 0.5288
[2024-01-30 17:41:39] [INFO] local epoch 5, acc: 0.5307
[2024-01-30 17:41:40] [INFO] [server epoch 3, client 1, distill train]
[2024-01-30 17:41:40] [INFO] distill epoch 1, acc: 0.2636
[2024-01-30 17:41:41] [INFO] distill epoch 2, acc: 0.2855
[2024-01-30 17:41:41] [INFO] distill epoch 3, acc: 0.3117
[2024-01-30 17:41:42] [INFO] distill epoch 4, acc: 0.3344
[2024-01-30 17:41:42] [INFO] distill epoch 5, acc: 0.3474
[2024-01-30 17:41:42] [INFO] [server epoch 3, client 2, distill train]
[2024-01-30 17:41:43] [INFO] distill epoch 1, acc: 0.2636
[2024-01-30 17:41:43] [INFO] distill epoch 2, acc: 0.2855
[2024-01-30 17:41:43] [INFO] distill epoch 3, acc: 0.3117
[2024-01-30 17:41:44] [INFO] distill epoch 4, acc: 0.3341
[2024-01-30 17:41:44] [INFO] distill epoch 5, acc: 0.3474
[2024-01-30 17:41:44] [INFO] [server epoch 3, client 3, distill train]
[2024-01-30 17:41:45] [INFO] distill epoch 1, acc: 0.2636
[2024-01-30 17:41:45] [INFO] distill epoch 2, acc: 0.2855
[2024-01-30 17:41:46] [INFO] distill epoch 3, acc: 0.3117
[2024-01-30 17:41:46] [INFO] distill epoch 4, acc: 0.3344
[2024-01-30 17:41:46] [INFO] distill epoch 5, acc: 0.3474
[2024-01-30 17:41:47] [INFO] [server epoch 3, client 4, distill train]
[2024-01-30 17:41:47] [INFO] distill epoch 1, acc: 0.2417
[2024-01-30 17:41:47] [INFO] distill epoch 2, acc: 0.2747
[2024-01-30 17:41:48] [INFO] distill epoch 3, acc: 0.3079
[2024-01-30 17:41:48] [INFO] distill epoch 4, acc: 0.3333
[2024-01-30 17:41:49] [INFO] distill epoch 5, acc: 0.3525
[2024-01-30 17:41:49] [INFO] [server epoch 3, client 5, distill train]
[2024-01-30 17:41:49] [INFO] distill epoch 1, acc: 0.2417
[2024-01-30 17:41:50] [INFO] distill epoch 2, acc: 0.2747
[2024-01-30 17:41:50] [INFO] distill epoch 3, acc: 0.3079
[2024-01-30 17:41:50] [INFO] distill epoch 4, acc: 0.3333
[2024-01-30 17:41:51] [INFO] distill epoch 5, acc: 0.3525
[2024-01-30 17:41:51] [INFO] [server epoch 3, client 6, distill train]
[2024-01-30 17:41:51] [INFO] distill epoch 1, acc: 0.2417
[2024-01-30 17:41:52] [INFO] distill epoch 2, acc: 0.2747
[2024-01-30 17:41:52] [INFO] distill epoch 3, acc: 0.3079
[2024-01-30 17:41:53] [INFO] distill epoch 4, acc: 0.3333
[2024-01-30 17:41:53] [INFO] distill epoch 5, acc: 0.3525
[2024-01-30 17:41:53] [INFO] [server epoch 3, client 7, distill train]
[2024-01-30 17:41:53] [INFO] distill epoch 1, acc: 0.5299
[2024-01-30 17:41:54] [INFO] distill epoch 2, acc: 0.5112
[2024-01-30 17:41:54] [INFO] distill epoch 3, acc: 0.4853
[2024-01-30 17:41:55] [INFO] distill epoch 4, acc: 0.4653
[2024-01-30 17:41:55] [INFO] distill epoch 5, acc: 0.4444
[2024-01-30 17:41:55] [INFO] [server epoch 3, client 8, distill train]
[2024-01-30 17:41:56] [INFO] distill epoch 1, acc: 0.5299
[2024-01-30 17:41:56] [INFO] distill epoch 2, acc: 0.5112
[2024-01-30 17:41:56] [INFO] distill epoch 3, acc: 0.4853
[2024-01-30 17:41:57] [INFO] distill epoch 4, acc: 0.4653
[2024-01-30 17:41:57] [INFO] distill epoch 5, acc: 0.4444
[2024-01-30 17:41:57] [INFO] [server epoch 3, client 9, distill train]
[2024-01-30 17:41:58] [INFO] distill epoch 1, acc: 0.5299
[2024-01-30 17:41:58] [INFO] distill epoch 2, acc: 0.5112
[2024-01-30 17:41:59] [INFO] distill epoch 3, acc: 0.4853
[2024-01-30 17:41:59] [INFO] distill epoch 4, acc: 0.4653
[2024-01-30 17:41:59] [INFO] distill epoch 5, acc: 0.4444
[2024-01-30 17:42:00] [INFO] [server epoch 4, client 1, local train]
[2024-01-30 17:42:01] [INFO] local epoch 1, acc: 0.6112
[2024-01-30 17:42:01] [INFO] local epoch 2, acc: 0.6144
[2024-01-30 17:42:02] [INFO] local epoch 3, acc: 0.6213
[2024-01-30 17:42:02] [INFO] local epoch 4, acc: 0.6079
[2024-01-30 17:42:03] [INFO] local epoch 5, acc: 0.6201
[2024-01-30 17:42:03] [INFO] [server epoch 4, client 2, local train]
[2024-01-30 17:42:03] [INFO] local epoch 1, acc: 0.6104
[2024-01-30 17:42:04] [INFO] local epoch 2, acc: 0.6063
[2024-01-30 17:42:04] [INFO] local epoch 3, acc: 0.6140
[2024-01-30 17:42:04] [INFO] local epoch 4, acc: 0.6164
[2024-01-30 17:42:05] [INFO] local epoch 5, acc: 0.6201
[2024-01-30 17:42:05] [INFO] [server epoch 4, client 3, local train]
[2024-01-30 17:42:05] [INFO] local epoch 1, acc: 0.6124
[2024-01-30 17:42:06] [INFO] local epoch 2, acc: 0.6132
[2024-01-30 17:42:06] [INFO] local epoch 3, acc: 0.6197
[2024-01-30 17:42:07] [INFO] local epoch 4, acc: 0.6108
[2024-01-30 17:42:07] [INFO] local epoch 5, acc: 0.6189
[2024-01-30 17:42:07] [INFO] [server epoch 4, client 4, local train]
[2024-01-30 17:42:08] [INFO] local epoch 1, acc: 0.6138
[2024-01-30 17:42:08] [INFO] local epoch 2, acc: 0.6268
[2024-01-30 17:42:09] [INFO] local epoch 3, acc: 0.6305
[2024-01-30 17:42:09] [INFO] local epoch 4, acc: 0.6318
[2024-01-30 17:42:10] [INFO] local epoch 5, acc: 0.6300
[2024-01-30 17:42:10] [INFO] [server epoch 4, client 5, local train]
[2024-01-30 17:42:10] [INFO] local epoch 1, acc: 0.6174
[2024-01-30 17:42:11] [INFO] local epoch 2, acc: 0.6146
[2024-01-30 17:42:12] [INFO] local epoch 3, acc: 0.6193
[2024-01-30 17:42:12] [INFO] local epoch 4, acc: 0.6318
[2024-01-30 17:42:13] [INFO] local epoch 5, acc: 0.6315
[2024-01-30 17:42:13] [INFO] [server epoch 4, client 6, local train]
[2024-01-30 17:42:13] [INFO] local epoch 1, acc: 0.6122
[2024-01-30 17:42:14] [INFO] local epoch 2, acc: 0.6166
[2024-01-30 17:42:14] [INFO] local epoch 3, acc: 0.6159
[2024-01-30 17:42:15] [INFO] local epoch 4, acc: 0.6258
[2024-01-30 17:42:15] [INFO] local epoch 5, acc: 0.6208
[2024-01-30 17:42:15] [INFO] [server epoch 4, client 7, local train]
[2024-01-30 17:42:16] [INFO] local epoch 1, acc: 0.5347
[2024-01-30 17:42:16] [INFO] local epoch 2, acc: 0.5374
[2024-01-30 17:42:17] [INFO] local epoch 3, acc: 0.5445
[2024-01-30 17:42:17] [INFO] local epoch 4, acc: 0.5423
[2024-01-30 17:42:18] [INFO] local epoch 5, acc: 0.5504
[2024-01-30 17:42:18] [INFO] [server epoch 4, client 8, local train]
[2024-01-30 17:42:18] [INFO] local epoch 1, acc: 0.5356
[2024-01-30 17:42:19] [INFO] local epoch 2, acc: 0.5285
[2024-01-30 17:42:19] [INFO] local epoch 3, acc: 0.5415
[2024-01-30 17:42:20] [INFO] local epoch 4, acc: 0.5364
[2024-01-30 17:42:20] [INFO] local epoch 5, acc: 0.5518
[2024-01-30 17:42:20] [INFO] [server epoch 4, client 9, local train]
[2024-01-30 17:42:21] [INFO] local epoch 1, acc: 0.5185
[2024-01-30 17:42:21] [INFO] local epoch 2, acc: 0.5353
[2024-01-30 17:42:22] [INFO] local epoch 3, acc: 0.5391
[2024-01-30 17:42:22] [INFO] local epoch 4, acc: 0.5415
[2024-01-30 17:42:23] [INFO] local epoch 5, acc: 0.5272
[2024-01-30 17:42:24] [INFO] [server epoch 4, client 1, distill train]
[2024-01-30 17:42:24] [INFO] distill epoch 1, acc: 0.2763
[2024-01-30 17:42:25] [INFO] distill epoch 2, acc: 0.3020
[2024-01-30 17:42:25] [INFO] distill epoch 3, acc: 0.3290
[2024-01-30 17:42:25] [INFO] distill epoch 4, acc: 0.3555
[2024-01-30 17:42:26] [INFO] distill epoch 5, acc: 0.3647
[2024-01-30 17:42:26] [INFO] [server epoch 4, client 2, distill train]
[2024-01-30 17:42:26] [INFO] distill epoch 1, acc: 0.2763
[2024-01-30 17:42:27] [INFO] distill epoch 2, acc: 0.3020
[2024-01-30 17:42:27] [INFO] distill epoch 3, acc: 0.3290
[2024-01-30 17:42:28] [INFO] distill epoch 4, acc: 0.3555
[2024-01-30 17:42:28] [INFO] distill epoch 5, acc: 0.3647
[2024-01-30 17:42:28] [INFO] [server epoch 4, client 3, distill train]
[2024-01-30 17:42:28] [INFO] distill epoch 1, acc: 0.2763
[2024-01-30 17:42:29] [INFO] distill epoch 2, acc: 0.3020
[2024-01-30 17:42:29] [INFO] distill epoch 3, acc: 0.3290
[2024-01-30 17:42:30] [INFO] distill epoch 4, acc: 0.3555
[2024-01-30 17:42:30] [INFO] distill epoch 5, acc: 0.3647
[2024-01-30 17:42:30] [INFO] [server epoch 4, client 4, distill train]
[2024-01-30 17:42:31] [INFO] distill epoch 1, acc: 0.2612
[2024-01-30 17:42:31] [INFO] distill epoch 2, acc: 0.2898
[2024-01-30 17:42:31] [INFO] distill epoch 3, acc: 0.3244
[2024-01-30 17:42:32] [INFO] distill epoch 4, acc: 0.3496
[2024-01-30 17:42:32] [INFO] distill epoch 5, acc: 0.3750
[2024-01-30 17:42:32] [INFO] [server epoch 4, client 5, distill train]
[2024-01-30 17:42:33] [INFO] distill epoch 1, acc: 0.2612
[2024-01-30 17:42:33] [INFO] distill epoch 2, acc: 0.2898
[2024-01-30 17:42:34] [INFO] distill epoch 3, acc: 0.3244
[2024-01-30 17:42:34] [INFO] distill epoch 4, acc: 0.3496
[2024-01-30 17:42:34] [INFO] distill epoch 5, acc: 0.3750
[2024-01-30 17:42:34] [INFO] [server epoch 4, client 6, distill train]
[2024-01-30 17:42:35] [INFO] distill epoch 1, acc: 0.2612
[2024-01-30 17:42:35] [INFO] distill epoch 2, acc: 0.2898
[2024-01-30 17:42:36] [INFO] distill epoch 3, acc: 0.3244
[2024-01-30 17:42:36] [INFO] distill epoch 4, acc: 0.3496
[2024-01-30 17:42:37] [INFO] distill epoch 5, acc: 0.3750
[2024-01-30 17:42:37] [INFO] [server epoch 4, client 7, distill train]
[2024-01-30 17:42:37] [INFO] distill epoch 1, acc: 0.5415
[2024-01-30 17:42:37] [INFO] distill epoch 2, acc: 0.5166
[2024-01-30 17:42:38] [INFO] distill epoch 3, acc: 0.4904
[2024-01-30 17:42:38] [INFO] distill epoch 4, acc: 0.4617
[2024-01-30 17:42:39] [INFO] distill epoch 5, acc: 0.4307
[2024-01-30 17:42:39] [INFO] [server epoch 4, client 8, distill train]
[2024-01-30 17:42:39] [INFO] distill epoch 1, acc: 0.5415
[2024-01-30 17:42:40] [INFO] distill epoch 2, acc: 0.5166
[2024-01-30 17:42:40] [INFO] distill epoch 3, acc: 0.4904
[2024-01-30 17:42:40] [INFO] distill epoch 4, acc: 0.4617
[2024-01-30 17:42:41] [INFO] distill epoch 5, acc: 0.4307
[2024-01-30 17:42:41] [INFO] [server epoch 4, client 9, distill train]
[2024-01-30 17:42:41] [INFO] distill epoch 1, acc: 0.5415
[2024-01-30 17:42:42] [INFO] distill epoch 2, acc: 0.5166
[2024-01-30 17:42:42] [INFO] distill epoch 3, acc: 0.4904
[2024-01-30 17:42:43] [INFO] distill epoch 4, acc: 0.4617
[2024-01-30 17:42:43] [INFO] distill epoch 5, acc: 0.4307
[2024-01-30 17:42:44] [INFO] [server epoch 5, client 1, local train]
[2024-01-30 17:42:44] [INFO] local epoch 1, acc: 0.6225
[2024-01-30 17:42:45] [INFO] local epoch 2, acc: 0.6322
[2024-01-30 17:42:45] [INFO] local epoch 3, acc: 0.6322
[2024-01-30 17:42:46] [INFO] local epoch 4, acc: 0.6286
[2024-01-30 17:42:46] [INFO] local epoch 5, acc: 0.6379
[2024-01-30 17:42:46] [INFO] [server epoch 5, client 2, local train]
[2024-01-30 17:42:47] [INFO] local epoch 1, acc: 0.6245
[2024-01-30 17:42:47] [INFO] local epoch 2, acc: 0.6335
[2024-01-30 17:42:48] [INFO] local epoch 3, acc: 0.6351
[2024-01-30 17:42:48] [INFO] local epoch 4, acc: 0.6339
[2024-01-30 17:42:48] [INFO] local epoch 5, acc: 0.6383
[2024-01-30 17:42:48] [INFO] [server epoch 5, client 3, local train]
[2024-01-30 17:42:49] [INFO] local epoch 1, acc: 0.6217
[2024-01-30 17:42:49] [INFO] local epoch 2, acc: 0.6221
[2024-01-30 17:42:50] [INFO] local epoch 3, acc: 0.6330
[2024-01-30 17:42:50] [INFO] local epoch 4, acc: 0.6314
[2024-01-30 17:42:51] [INFO] local epoch 5, acc: 0.6282
[2024-01-30 17:42:51] [INFO] [server epoch 5, client 4, local train]
[2024-01-30 17:42:51] [INFO] local epoch 1, acc: 0.6388
[2024-01-30 17:42:52] [INFO] local epoch 2, acc: 0.6480
[2024-01-30 17:42:52] [INFO] local epoch 3, acc: 0.6407
[2024-01-30 17:42:53] [INFO] local epoch 4, acc: 0.6503
[2024-01-30 17:42:54] [INFO] local epoch 5, acc: 0.6490
[2024-01-30 17:42:54] [INFO] [server epoch 5, client 5, local train]
[2024-01-30 17:42:54] [INFO] local epoch 1, acc: 0.6326
[2024-01-30 17:42:55] [INFO] local epoch 2, acc: 0.6441
[2024-01-30 17:42:55] [INFO] local epoch 3, acc: 0.6433
[2024-01-30 17:42:56] [INFO] local epoch 4, acc: 0.6454
[2024-01-30 17:42:56] [INFO] local epoch 5, acc: 0.6503
[2024-01-30 17:42:56] [INFO] [server epoch 5, client 6, local train]
[2024-01-30 17:42:57] [INFO] local epoch 1, acc: 0.6375
[2024-01-30 17:42:57] [INFO] local epoch 2, acc: 0.6388
[2024-01-30 17:42:58] [INFO] local epoch 3, acc: 0.6529
[2024-01-30 17:42:58] [INFO] local epoch 4, acc: 0.6422
[2024-01-30 17:42:59] [INFO] local epoch 5, acc: 0.6568
[2024-01-30 17:42:59] [INFO] [server epoch 5, client 7, local train]
[2024-01-30 17:42:59] [INFO] local epoch 1, acc: 0.5550
[2024-01-30 17:43:00] [INFO] local epoch 2, acc: 0.5529
[2024-01-30 17:43:00] [INFO] local epoch 3, acc: 0.5496
[2024-01-30 17:43:01] [INFO] local epoch 4, acc: 0.5526
[2024-01-30 17:43:01] [INFO] local epoch 5, acc: 0.5553
[2024-01-30 17:43:01] [INFO] [server epoch 5, client 8, local train]
[2024-01-30 17:43:02] [INFO] local epoch 1, acc: 0.5474
[2024-01-30 17:43:02] [INFO] local epoch 2, acc: 0.5591
[2024-01-30 17:43:03] [INFO] local epoch 3, acc: 0.5504
[2024-01-30 17:43:03] [INFO] local epoch 4, acc: 0.5518
[2024-01-30 17:43:04] [INFO] local epoch 5, acc: 0.5593
[2024-01-30 17:43:04] [INFO] [server epoch 5, client 9, local train]
[2024-01-30 17:43:04] [INFO] local epoch 1, acc: 0.5483
[2024-01-30 17:43:05] [INFO] local epoch 2, acc: 0.5453
[2024-01-30 17:43:06] [INFO] local epoch 3, acc: 0.5550
[2024-01-30 17:43:06] [INFO] local epoch 4, acc: 0.5556
[2024-01-30 17:43:07] [INFO] local epoch 5, acc: 0.5556
[2024-01-30 17:43:07] [INFO] [server epoch 5, client 1, distill train]
[2024-01-30 17:43:08] [INFO] distill epoch 1, acc: 0.2920
[2024-01-30 17:43:08] [INFO] distill epoch 2, acc: 0.3166
[2024-01-30 17:43:09] [INFO] distill epoch 3, acc: 0.3401
[2024-01-30 17:43:09] [INFO] distill epoch 4, acc: 0.3590
[2024-01-30 17:43:09] [INFO] distill epoch 5, acc: 0.3769
[2024-01-30 17:43:09] [INFO] [server epoch 5, client 2, distill train]
[2024-01-30 17:43:10] [INFO] distill epoch 1, acc: 0.2920
[2024-01-30 17:43:10] [INFO] distill epoch 2, acc: 0.3166
[2024-01-30 17:43:11] [INFO] distill epoch 3, acc: 0.3401
[2024-01-30 17:43:11] [INFO] distill epoch 4, acc: 0.3590
[2024-01-30 17:43:12] [INFO] distill epoch 5, acc: 0.3769
[2024-01-30 17:43:12] [INFO] [server epoch 5, client 3, distill train]
[2024-01-30 17:43:12] [INFO] distill epoch 1, acc: 0.2920
[2024-01-30 17:43:12] [INFO] distill epoch 2, acc: 0.3166
[2024-01-30 17:43:13] [INFO] distill epoch 3, acc: 0.3401
[2024-01-30 17:43:13] [INFO] distill epoch 4, acc: 0.3590
[2024-01-30 17:43:14] [INFO] distill epoch 5, acc: 0.3769
[2024-01-30 17:43:14] [INFO] [server epoch 5, client 4, distill train]
[2024-01-30 17:43:14] [INFO] distill epoch 1, acc: 0.2803
[2024-01-30 17:43:15] [INFO] distill epoch 2, acc: 0.3168
[2024-01-30 17:43:15] [INFO] distill epoch 3, acc: 0.3520
[2024-01-30 17:43:15] [INFO] distill epoch 4, acc: 0.3755
[2024-01-30 17:43:16] [INFO] distill epoch 5, acc: 0.3947
[2024-01-30 17:43:16] [INFO] [server epoch 5, client 5, distill train]
[2024-01-30 17:43:16] [INFO] distill epoch 1, acc: 0.2803
[2024-01-30 17:43:17] [INFO] distill epoch 2, acc: 0.3168
[2024-01-30 17:43:17] [INFO] distill epoch 3, acc: 0.3520
[2024-01-30 17:43:18] [INFO] distill epoch 4, acc: 0.3755
[2024-01-30 17:43:18] [INFO] distill epoch 5, acc: 0.3947
[2024-01-30 17:43:18] [INFO] [server epoch 5, client 6, distill train]
[2024-01-30 17:43:18] [INFO] distill epoch 1, acc: 0.2803
[2024-01-30 17:43:19] [INFO] distill epoch 2, acc: 0.3168
[2024-01-30 17:43:19] [INFO] distill epoch 3, acc: 0.3520
[2024-01-30 17:43:20] [INFO] distill epoch 4, acc: 0.3755
[2024-01-30 17:43:20] [INFO] distill epoch 5, acc: 0.3947
[2024-01-30 17:43:20] [INFO] [server epoch 5, client 7, distill train]
[2024-01-30 17:43:21] [INFO] distill epoch 1, acc: 0.5534
[2024-01-30 17:43:21] [INFO] distill epoch 2, acc: 0.5258
[2024-01-30 17:43:21] [INFO] distill epoch 3, acc: 0.4866
[2024-01-30 17:43:22] [INFO] distill epoch 4, acc: 0.4555
[2024-01-30 17:43:22] [INFO] distill epoch 5, acc: 0.4334
[2024-01-30 17:43:22] [INFO] [server epoch 5, client 8, distill train]
[2024-01-30 17:43:23] [INFO] distill epoch 1, acc: 0.5534
[2024-01-30 17:43:23] [INFO] distill epoch 2, acc: 0.5258
[2024-01-30 17:43:24] [INFO] distill epoch 3, acc: 0.4866
[2024-01-30 17:43:24] [INFO] distill epoch 4, acc: 0.4555
[2024-01-30 17:43:24] [INFO] distill epoch 5, acc: 0.4334
[2024-01-30 17:43:24] [INFO] [server epoch 5, client 9, distill train]
[2024-01-30 17:43:25] [INFO] distill epoch 1, acc: 0.5534
[2024-01-30 17:43:25] [INFO] distill epoch 2, acc: 0.5258
[2024-01-30 17:43:26] [INFO] distill epoch 3, acc: 0.4866
[2024-01-30 17:43:26] [INFO] distill epoch 4, acc: 0.4555
[2024-01-30 17:43:27] [INFO] distill epoch 5, acc: 0.4334
[2024-01-30 17:43:27] [INFO] [server epoch 6, client 1, local train]
[2024-01-30 17:43:28] [INFO] local epoch 1, acc: 0.6420
[2024-01-30 17:43:28] [INFO] local epoch 2, acc: 0.6464
[2024-01-30 17:43:29] [INFO] local epoch 3, acc: 0.6456
[2024-01-30 17:43:29] [INFO] local epoch 4, acc: 0.6476
[2024-01-30 17:43:30] [INFO] local epoch 5, acc: 0.6452
[2024-01-30 17:43:30] [INFO] [server epoch 6, client 2, local train]
[2024-01-30 17:43:30] [INFO] local epoch 1, acc: 0.6339
[2024-01-30 17:43:31] [INFO] local epoch 2, acc: 0.6416
[2024-01-30 17:43:31] [INFO] local epoch 3, acc: 0.6412
[2024-01-30 17:43:32] [INFO] local epoch 4, acc: 0.6444
[2024-01-30 17:43:32] [INFO] local epoch 5, acc: 0.6513
[2024-01-30 17:43:32] [INFO] [server epoch 6, client 3, local train]
[2024-01-30 17:43:33] [INFO] local epoch 1, acc: 0.6395
[2024-01-30 17:43:33] [INFO] local epoch 2, acc: 0.6428
[2024-01-30 17:43:33] [INFO] local epoch 3, acc: 0.6484
[2024-01-30 17:43:34] [INFO] local epoch 4, acc: 0.6432
[2024-01-30 17:43:34] [INFO] local epoch 5, acc: 0.6497
[2024-01-30 17:43:34] [INFO] [server epoch 6, client 4, local train]
[2024-01-30 17:43:35] [INFO] local epoch 1, acc: 0.6542
[2024-01-30 17:43:35] [INFO] local epoch 2, acc: 0.6508
[2024-01-30 17:43:36] [INFO] local epoch 3, acc: 0.6571
[2024-01-30 17:43:37] [INFO] local epoch 4, acc: 0.6550
[2024-01-30 17:43:37] [INFO] local epoch 5, acc: 0.6715
[2024-01-30 17:43:37] [INFO] [server epoch 6, client 5, local train]
[2024-01-30 17:43:38] [INFO] local epoch 1, acc: 0.6576
[2024-01-30 17:43:38] [INFO] local epoch 2, acc: 0.6623
[2024-01-30 17:43:39] [INFO] local epoch 3, acc: 0.6584
[2024-01-30 17:43:39] [INFO] local epoch 4, acc: 0.6589
[2024-01-30 17:43:40] [INFO] local epoch 5, acc: 0.6701
[2024-01-30 17:43:40] [INFO] [server epoch 6, client 6, local train]
[2024-01-30 17:43:40] [INFO] local epoch 1, acc: 0.6568
[2024-01-30 17:43:41] [INFO] local epoch 2, acc: 0.6487
[2024-01-30 17:43:41] [INFO] local epoch 3, acc: 0.6592
[2024-01-30 17:43:42] [INFO] local epoch 4, acc: 0.6600
[2024-01-30 17:43:42] [INFO] local epoch 5, acc: 0.6649
[2024-01-30 17:43:42] [INFO] [server epoch 6, client 7, local train]
[2024-01-30 17:43:43] [INFO] local epoch 1, acc: 0.5656
[2024-01-30 17:43:43] [INFO] local epoch 2, acc: 0.5685
[2024-01-30 17:43:44] [INFO] local epoch 3, acc: 0.5661
[2024-01-30 17:43:44] [INFO] local epoch 4, acc: 0.5756
[2024-01-30 17:43:45] [INFO] local epoch 5, acc: 0.5712
[2024-01-30 17:43:45] [INFO] [server epoch 6, client 8, local train]
[2024-01-30 17:43:45] [INFO] local epoch 1, acc: 0.5656
[2024-01-30 17:43:46] [INFO] local epoch 2, acc: 0.5650
[2024-01-30 17:43:46] [INFO] local epoch 3, acc: 0.5645
[2024-01-30 17:43:47] [INFO] local epoch 4, acc: 0.5702
[2024-01-30 17:43:47] [INFO] local epoch 5, acc: 0.5664
[2024-01-30 17:43:47] [INFO] [server epoch 6, client 9, local train]
[2024-01-30 17:43:48] [INFO] local epoch 1, acc: 0.5653
[2024-01-30 17:43:48] [INFO] local epoch 2, acc: 0.5547
[2024-01-30 17:43:49] [INFO] local epoch 3, acc: 0.5639
[2024-01-30 17:43:49] [INFO] local epoch 4, acc: 0.5596
[2024-01-30 17:43:50] [INFO] local epoch 5, acc: 0.5775
[2024-01-30 17:43:51] [INFO] [server epoch 6, client 1, distill train]
[2024-01-30 17:43:51] [INFO] distill epoch 1, acc: 0.3109
[2024-01-30 17:43:52] [INFO] distill epoch 2, acc: 0.3382
[2024-01-30 17:43:52] [INFO] distill epoch 3, acc: 0.3628
[2024-01-30 17:43:52] [INFO] distill epoch 4, acc: 0.3831
[2024-01-30 17:43:53] [INFO] distill epoch 5, acc: 0.3896
[2024-01-30 17:43:53] [INFO] [server epoch 6, client 2, distill train]
[2024-01-30 17:43:53] [INFO] distill epoch 1, acc: 0.3109
[2024-01-30 17:43:54] [INFO] distill epoch 2, acc: 0.3382
[2024-01-30 17:43:54] [INFO] distill epoch 3, acc: 0.3628
[2024-01-30 17:43:55] [INFO] distill epoch 4, acc: 0.3831
[2024-01-30 17:43:55] [INFO] distill epoch 5, acc: 0.3896
[2024-01-30 17:43:55] [INFO] [server epoch 6, client 3, distill train]
[2024-01-30 17:43:55] [INFO] distill epoch 1, acc: 0.3109
[2024-01-30 17:43:56] [INFO] distill epoch 2, acc: 0.3382
[2024-01-30 17:43:56] [INFO] distill epoch 3, acc: 0.3628
[2024-01-30 17:43:57] [INFO] distill epoch 4, acc: 0.3831
[2024-01-30 17:43:57] [INFO] distill epoch 5, acc: 0.3896
[2024-01-30 17:43:57] [INFO] [server epoch 6, client 4, distill train]
[2024-01-30 17:43:58] [INFO] distill epoch 1, acc: 0.2995
[2024-01-30 17:43:58] [INFO] distill epoch 2, acc: 0.3298
[2024-01-30 17:43:59] [INFO] distill epoch 3, acc: 0.3612
[2024-01-30 17:43:59] [INFO] distill epoch 4, acc: 0.3912
[2024-01-30 17:44:00] [INFO] distill epoch 5, acc: 0.4096
[2024-01-30 17:44:00] [INFO] [server epoch 6, client 5, distill train]
[2024-01-30 17:44:00] [INFO] distill epoch 1, acc: 0.2995
[2024-01-30 17:44:00] [INFO] distill epoch 2, acc: 0.3298
[2024-01-30 17:44:01] [INFO] distill epoch 3, acc: 0.3612
[2024-01-30 17:44:01] [INFO] distill epoch 4, acc: 0.3912
[2024-01-30 17:44:02] [INFO] distill epoch 5, acc: 0.4096
[2024-01-30 17:44:02] [INFO] [server epoch 6, client 6, distill train]
[2024-01-30 17:44:02] [INFO] distill epoch 1, acc: 0.2995
[2024-01-30 17:44:03] [INFO] distill epoch 2, acc: 0.3298
[2024-01-30 17:44:03] [INFO] distill epoch 3, acc: 0.3612
[2024-01-30 17:44:03] [INFO] distill epoch 4, acc: 0.3912
[2024-01-30 17:44:04] [INFO] distill epoch 5, acc: 0.4096
[2024-01-30 17:44:04] [INFO] [server epoch 6, client 7, distill train]
[2024-01-30 17:44:04] [INFO] distill epoch 1, acc: 0.5629
[2024-01-30 17:44:05] [INFO] distill epoch 2, acc: 0.5215
[2024-01-30 17:44:05] [INFO] distill epoch 3, acc: 0.4826
[2024-01-30 17:44:06] [INFO] distill epoch 4, acc: 0.4550
[2024-01-30 17:44:06] [INFO] distill epoch 5, acc: 0.4334
[2024-01-30 17:44:06] [INFO] [server epoch 6, client 8, distill train]
[2024-01-30 17:44:07] [INFO] distill epoch 1, acc: 0.5629
[2024-01-30 17:44:07] [INFO] distill epoch 2, acc: 0.5215
[2024-01-30 17:44:07] [INFO] distill epoch 3, acc: 0.4826
[2024-01-30 17:44:08] [INFO] distill epoch 4, acc: 0.4550
[2024-01-30 17:44:08] [INFO] distill epoch 5, acc: 0.4334
[2024-01-30 17:44:08] [INFO] [server epoch 6, client 9, distill train]
[2024-01-30 17:44:09] [INFO] distill epoch 1, acc: 0.5629
[2024-01-30 17:44:09] [INFO] distill epoch 2, acc: 0.5215
[2024-01-30 17:44:10] [INFO] distill epoch 3, acc: 0.4826
[2024-01-30 17:44:10] [INFO] distill epoch 4, acc: 0.4550
[2024-01-30 17:44:10] [INFO] distill epoch 5, acc: 0.4334
[2024-01-30 17:44:11] [INFO] [server epoch 7, client 1, local train]
[2024-01-30 17:44:12] [INFO] local epoch 1, acc: 0.6529
[2024-01-30 17:44:12] [INFO] local epoch 2, acc: 0.6537
[2024-01-30 17:44:13] [INFO] local epoch 3, acc: 0.6569
[2024-01-30 17:44:13] [INFO] local epoch 4, acc: 0.6553
[2024-01-30 17:44:13] [INFO] local epoch 5, acc: 0.6655
[2024-01-30 17:44:13] [INFO] [server epoch 7, client 2, local train]
[2024-01-30 17:44:14] [INFO] local epoch 1, acc: 0.6509
[2024-01-30 17:44:14] [INFO] local epoch 2, acc: 0.6505
[2024-01-30 17:44:15] [INFO] local epoch 3, acc: 0.6582
[2024-01-30 17:44:15] [INFO] local epoch 4, acc: 0.6590
[2024-01-30 17:44:16] [INFO] local epoch 5, acc: 0.6590
[2024-01-30 17:44:16] [INFO] [server epoch 7, client 3, local train]
[2024-01-30 17:44:16] [INFO] local epoch 1, acc: 0.6529
[2024-01-30 17:44:17] [INFO] local epoch 2, acc: 0.6517
[2024-01-30 17:44:17] [INFO] local epoch 3, acc: 0.6501
[2024-01-30 17:44:18] [INFO] local epoch 4, acc: 0.6569
[2024-01-30 17:44:18] [INFO] local epoch 5, acc: 0.6565
[2024-01-30 17:44:18] [INFO] [server epoch 7, client 4, local train]
[2024-01-30 17:44:19] [INFO] local epoch 1, acc: 0.6730
[2024-01-30 17:44:19] [INFO] local epoch 2, acc: 0.6660
[2024-01-30 17:44:20] [INFO] local epoch 3, acc: 0.6819
[2024-01-30 17:44:20] [INFO] local epoch 4, acc: 0.6748
[2024-01-30 17:44:21] [INFO] local epoch 5, acc: 0.6767
[2024-01-30 17:44:21] [INFO] [server epoch 7, client 5, local train]
[2024-01-30 17:44:21] [INFO] local epoch 1, acc: 0.6634
[2024-01-30 17:44:22] [INFO] local epoch 2, acc: 0.6741
[2024-01-30 17:44:22] [INFO] local epoch 3, acc: 0.6717
[2024-01-30 17:44:23] [INFO] local epoch 4, acc: 0.6748
[2024-01-30 17:44:23] [INFO] local epoch 5, acc: 0.6665
[2024-01-30 17:44:23] [INFO] [server epoch 7, client 6, local train]
[2024-01-30 17:44:24] [INFO] local epoch 1, acc: 0.6681
[2024-01-30 17:44:24] [INFO] local epoch 2, acc: 0.6720
[2024-01-30 17:44:25] [INFO] local epoch 3, acc: 0.6678
[2024-01-30 17:44:26] [INFO] local epoch 4, acc: 0.6761
[2024-01-30 17:44:26] [INFO] local epoch 5, acc: 0.6790
[2024-01-30 17:44:26] [INFO] [server epoch 7, client 7, local train]
[2024-01-30 17:44:27] [INFO] local epoch 1, acc: 0.5734
[2024-01-30 17:44:27] [INFO] local epoch 2, acc: 0.5769
[2024-01-30 17:44:28] [INFO] local epoch 3, acc: 0.5842
[2024-01-30 17:44:28] [INFO] local epoch 4, acc: 0.5910
[2024-01-30 17:44:29] [INFO] local epoch 5, acc: 0.5869
[2024-01-30 17:44:29] [INFO] [server epoch 7, client 8, local train]
[2024-01-30 17:44:29] [INFO] local epoch 1, acc: 0.5802
[2024-01-30 17:44:30] [INFO] local epoch 2, acc: 0.5788
[2024-01-30 17:44:30] [INFO] local epoch 3, acc: 0.5742
[2024-01-30 17:44:31] [INFO] local epoch 4, acc: 0.5810
[2024-01-30 17:44:31] [INFO] local epoch 5, acc: 0.5834
[2024-01-30 17:44:31] [INFO] [server epoch 7, client 9, local train]
[2024-01-30 17:44:32] [INFO] local epoch 1, acc: 0.5742
[2024-01-30 17:44:32] [INFO] local epoch 2, acc: 0.5685
[2024-01-30 17:44:33] [INFO] local epoch 3, acc: 0.5707
[2024-01-30 17:44:33] [INFO] local epoch 4, acc: 0.5729
[2024-01-30 17:44:34] [INFO] local epoch 5, acc: 0.5753
[2024-01-30 17:44:35] [INFO] [server epoch 7, client 1, distill train]
[2024-01-30 17:44:35] [INFO] distill epoch 1, acc: 0.3120
[2024-01-30 17:44:35] [INFO] distill epoch 2, acc: 0.3431
[2024-01-30 17:44:36] [INFO] distill epoch 3, acc: 0.3685
[2024-01-30 17:44:36] [INFO] distill epoch 4, acc: 0.3950
[2024-01-30 17:44:37] [INFO] distill epoch 5, acc: 0.4042
[2024-01-30 17:44:37] [INFO] [server epoch 7, client 2, distill train]
[2024-01-30 17:44:37] [INFO] distill epoch 1, acc: 0.3120
[2024-01-30 17:44:38] [INFO] distill epoch 2, acc: 0.3431
[2024-01-30 17:44:38] [INFO] distill epoch 3, acc: 0.3685
[2024-01-30 17:44:38] [INFO] distill epoch 4, acc: 0.3950
[2024-01-30 17:44:39] [INFO] distill epoch 5, acc: 0.4042
[2024-01-30 17:44:39] [INFO] [server epoch 7, client 3, distill train]
[2024-01-30 17:44:39] [INFO] distill epoch 1, acc: 0.3120
[2024-01-30 17:44:40] [INFO] distill epoch 2, acc: 0.3431
[2024-01-30 17:44:40] [INFO] distill epoch 3, acc: 0.3685
[2024-01-30 17:44:41] [INFO] distill epoch 4, acc: 0.3950
[2024-01-30 17:44:41] [INFO] distill epoch 5, acc: 0.4042
[2024-01-30 17:44:41] [INFO] [server epoch 7, client 4, distill train]
[2024-01-30 17:44:41] [INFO] distill epoch 1, acc: 0.3206
[2024-01-30 17:44:42] [INFO] distill epoch 2, acc: 0.3463
[2024-01-30 17:44:42] [INFO] distill epoch 3, acc: 0.3733
[2024-01-30 17:44:43] [INFO] distill epoch 4, acc: 0.4004
[2024-01-30 17:44:43] [INFO] distill epoch 5, acc: 0.4215
[2024-01-30 17:44:43] [INFO] [server epoch 7, client 5, distill train]
[2024-01-30 17:44:44] [INFO] distill epoch 1, acc: 0.3206
[2024-01-30 17:44:44] [INFO] distill epoch 2, acc: 0.3463
[2024-01-30 17:44:45] [INFO] distill epoch 3, acc: 0.3733
[2024-01-30 17:44:45] [INFO] distill epoch 4, acc: 0.4004
[2024-01-30 17:44:45] [INFO] distill epoch 5, acc: 0.4215
[2024-01-30 17:44:45] [INFO] [server epoch 7, client 6, distill train]
[2024-01-30 17:44:46] [INFO] distill epoch 1, acc: 0.3206
[2024-01-30 17:44:46] [INFO] distill epoch 2, acc: 0.3463
[2024-01-30 17:44:47] [INFO] distill epoch 3, acc: 0.3733
[2024-01-30 17:44:47] [INFO] distill epoch 4, acc: 0.4004
[2024-01-30 17:44:48] [INFO] distill epoch 5, acc: 0.4215
[2024-01-30 17:44:48] [INFO] [server epoch 7, client 7, distill train]
[2024-01-30 17:44:48] [INFO] distill epoch 1, acc: 0.5791
[2024-01-30 17:44:48] [INFO] distill epoch 2, acc: 0.5350
[2024-01-30 17:44:49] [INFO] distill epoch 3, acc: 0.4847
[2024-01-30 17:44:49] [INFO] distill epoch 4, acc: 0.4542
[2024-01-30 17:44:50] [INFO] distill epoch 5, acc: 0.4388
[2024-01-30 17:44:50] [INFO] [server epoch 7, client 8, distill train]
[2024-01-30 17:44:50] [INFO] distill epoch 1, acc: 0.5791
[2024-01-30 17:44:51] [INFO] distill epoch 2, acc: 0.5350
[2024-01-30 17:44:51] [INFO] distill epoch 3, acc: 0.4847
[2024-01-30 17:44:51] [INFO] distill epoch 4, acc: 0.4542
[2024-01-30 17:44:52] [INFO] distill epoch 5, acc: 0.4388
[2024-01-30 17:44:52] [INFO] [server epoch 7, client 9, distill train]
[2024-01-30 17:44:52] [INFO] distill epoch 1, acc: 0.5791
[2024-01-30 17:44:53] [INFO] distill epoch 2, acc: 0.5350
[2024-01-30 17:44:53] [INFO] distill epoch 3, acc: 0.4847
[2024-01-30 17:44:54] [INFO] distill epoch 4, acc: 0.4542
[2024-01-30 17:44:54] [INFO] distill epoch 5, acc: 0.4388
[2024-01-30 17:44:55] [INFO] [server epoch 8, client 1, local train]
[2024-01-30 17:44:55] [INFO] local epoch 1, acc: 0.6650
[2024-01-30 17:44:56] [INFO] local epoch 2, acc: 0.6642
[2024-01-30 17:44:56] [INFO] local epoch 3, acc: 0.6594
[2024-01-30 17:44:57] [INFO] local epoch 4, acc: 0.6561
[2024-01-30 17:44:57] [INFO] local epoch 5, acc: 0.6727
[2024-01-30 17:44:57] [INFO] [server epoch 8, client 2, local train]
[2024-01-30 17:44:58] [INFO] local epoch 1, acc: 0.6634
[2024-01-30 17:44:58] [INFO] local epoch 2, acc: 0.6618
[2024-01-30 17:44:59] [INFO] local epoch 3, acc: 0.6578
[2024-01-30 17:44:59] [INFO] local epoch 4, acc: 0.6598
[2024-01-30 17:44:59] [INFO] local epoch 5, acc: 0.6549
[2024-01-30 17:44:59] [INFO] [server epoch 8, client 3, local train]
[2024-01-30 17:45:00] [INFO] local epoch 1, acc: 0.6598
[2024-01-30 17:45:00] [INFO] local epoch 2, acc: 0.6655
[2024-01-30 17:45:01] [INFO] local epoch 3, acc: 0.6590
[2024-01-30 17:45:01] [INFO] local epoch 4, acc: 0.6707
[2024-01-30 17:45:02] [INFO] local epoch 5, acc: 0.6614
[2024-01-30 17:45:02] [INFO] [server epoch 8, client 4, local train]
[2024-01-30 17:45:02] [INFO] local epoch 1, acc: 0.6910
[2024-01-30 17:45:03] [INFO] local epoch 2, acc: 0.6900
[2024-01-30 17:45:03] [INFO] local epoch 3, acc: 0.6902
[2024-01-30 17:45:04] [INFO] local epoch 4, acc: 0.6720
[2024-01-30 17:45:04] [INFO] local epoch 5, acc: 0.6868
[2024-01-30 17:45:04] [INFO] [server epoch 8, client 5, local train]
[2024-01-30 17:45:05] [INFO] local epoch 1, acc: 0.6777
[2024-01-30 17:45:06] [INFO] local epoch 2, acc: 0.6835
[2024-01-30 17:45:06] [INFO] local epoch 3, acc: 0.6866
[2024-01-30 17:45:07] [INFO] local epoch 4, acc: 0.6829
[2024-01-30 17:45:07] [INFO] local epoch 5, acc: 0.6777
[2024-01-30 17:45:07] [INFO] [server epoch 8, client 6, local train]
[2024-01-30 17:45:08] [INFO] local epoch 1, acc: 0.6824
[2024-01-30 17:45:08] [INFO] local epoch 2, acc: 0.6785
[2024-01-30 17:45:09] [INFO] local epoch 3, acc: 0.6715
[2024-01-30 17:45:09] [INFO] local epoch 4, acc: 0.6790
[2024-01-30 17:45:10] [INFO] local epoch 5, acc: 0.6892
[2024-01-30 17:45:10] [INFO] [server epoch 8, client 7, local train]
[2024-01-30 17:45:10] [INFO] local epoch 1, acc: 0.5937
[2024-01-30 17:45:11] [INFO] local epoch 2, acc: 0.5926
[2024-01-30 17:45:11] [INFO] local epoch 3, acc: 0.5975
[2024-01-30 17:45:12] [INFO] local epoch 4, acc: 0.6004
[2024-01-30 17:45:12] [INFO] local epoch 5, acc: 0.5988
[2024-01-30 17:45:12] [INFO] [server epoch 8, client 8, local train]
[2024-01-30 17:45:13] [INFO] local epoch 1, acc: 0.5950
[2024-01-30 17:45:13] [INFO] local epoch 2, acc: 0.5826
[2024-01-30 17:45:14] [INFO] local epoch 3, acc: 0.5961
[2024-01-30 17:45:14] [INFO] local epoch 4, acc: 0.5931
[2024-01-30 17:45:15] [INFO] local epoch 5, acc: 0.5910
[2024-01-30 17:45:15] [INFO] [server epoch 8, client 9, local train]
[2024-01-30 17:45:15] [INFO] local epoch 1, acc: 0.5877
[2024-01-30 17:45:16] [INFO] local epoch 2, acc: 0.5937
[2024-01-30 17:45:17] [INFO] local epoch 3, acc: 0.5829
[2024-01-30 17:45:17] [INFO] local epoch 4, acc: 0.5891
[2024-01-30 17:45:18] [INFO] local epoch 5, acc: 0.5907
[2024-01-30 17:45:18] [INFO] [server epoch 8, client 1, distill train]
[2024-01-30 17:45:19] [INFO] distill epoch 1, acc: 0.3231
[2024-01-30 17:45:19] [INFO] distill epoch 2, acc: 0.3485
[2024-01-30 17:45:19] [INFO] distill epoch 3, acc: 0.3755
[2024-01-30 17:45:20] [INFO] distill epoch 4, acc: 0.3971
[2024-01-30 17:45:20] [INFO] distill epoch 5, acc: 0.4082
[2024-01-30 17:45:20] [INFO] [server epoch 8, client 2, distill train]
[2024-01-30 17:45:21] [INFO] distill epoch 1, acc: 0.3231
[2024-01-30 17:45:21] [INFO] distill epoch 2, acc: 0.3485
[2024-01-30 17:45:22] [INFO] distill epoch 3, acc: 0.3755
[2024-01-30 17:45:22] [INFO] distill epoch 4, acc: 0.3971
[2024-01-30 17:45:23] [INFO] distill epoch 5, acc: 0.4082
[2024-01-30 17:45:23] [INFO] [server epoch 8, client 3, distill train]
[2024-01-30 17:45:23] [INFO] distill epoch 1, acc: 0.3231
[2024-01-30 17:45:23] [INFO] distill epoch 2, acc: 0.3485
[2024-01-30 17:45:24] [INFO] distill epoch 3, acc: 0.3755
[2024-01-30 17:45:24] [INFO] distill epoch 4, acc: 0.3971
[2024-01-30 17:45:25] [INFO] distill epoch 5, acc: 0.4082
[2024-01-30 17:45:25] [INFO] [server epoch 8, client 4, distill train]
[2024-01-30 17:45:25] [INFO] distill epoch 1, acc: 0.3222
[2024-01-30 17:45:25] [INFO] distill epoch 2, acc: 0.3582
[2024-01-30 17:45:26] [INFO] distill epoch 3, acc: 0.3888
[2024-01-30 17:45:26] [INFO] distill epoch 4, acc: 0.4155
[2024-01-30 17:45:27] [INFO] distill epoch 5, acc: 0.4301
[2024-01-30 17:45:27] [INFO] [server epoch 8, client 5, distill train]
[2024-01-30 17:45:27] [INFO] distill epoch 1, acc: 0.3222
[2024-01-30 17:45:28] [INFO] distill epoch 2, acc: 0.3582
[2024-01-30 17:45:28] [INFO] distill epoch 3, acc: 0.3888
[2024-01-30 17:45:29] [INFO] distill epoch 4, acc: 0.4155
[2024-01-30 17:45:29] [INFO] distill epoch 5, acc: 0.4301
[2024-01-30 17:45:29] [INFO] [server epoch 8, client 6, distill train]
[2024-01-30 17:45:29] [INFO] distill epoch 1, acc: 0.3222
[2024-01-30 17:45:30] [INFO] distill epoch 2, acc: 0.3582
[2024-01-30 17:45:30] [INFO] distill epoch 3, acc: 0.3888
[2024-01-30 17:45:31] [INFO] distill epoch 4, acc: 0.4155
[2024-01-30 17:45:31] [INFO] distill epoch 5, acc: 0.4301
[2024-01-30 17:45:31] [INFO] [server epoch 8, client 7, distill train]
[2024-01-30 17:45:32] [INFO] distill epoch 1, acc: 0.5848
[2024-01-30 17:45:32] [INFO] distill epoch 2, acc: 0.5339
[2024-01-30 17:45:32] [INFO] distill epoch 3, acc: 0.4934
[2024-01-30 17:45:33] [INFO] distill epoch 4, acc: 0.4569
[2024-01-30 17:45:33] [INFO] distill epoch 5, acc: 0.4442
[2024-01-30 17:45:33] [INFO] [server epoch 8, client 8, distill train]
[2024-01-30 17:45:34] [INFO] distill epoch 1, acc: 0.5848
[2024-01-30 17:45:34] [INFO] distill epoch 2, acc: 0.5339
[2024-01-30 17:45:35] [INFO] distill epoch 3, acc: 0.4934
[2024-01-30 17:45:35] [INFO] distill epoch 4, acc: 0.4569
[2024-01-30 17:45:35] [INFO] distill epoch 5, acc: 0.4442
[2024-01-30 17:45:35] [INFO] [server epoch 8, client 9, distill train]
[2024-01-30 17:45:36] [INFO] distill epoch 1, acc: 0.5848
[2024-01-30 17:45:36] [INFO] distill epoch 2, acc: 0.5339
[2024-01-30 17:45:37] [INFO] distill epoch 3, acc: 0.4934
[2024-01-30 17:45:37] [INFO] distill epoch 4, acc: 0.4569
[2024-01-30 17:45:38] [INFO] distill epoch 5, acc: 0.4442
[2024-01-30 17:45:38] [INFO] [server epoch 9, client 1, local train]
[2024-01-30 17:45:39] [INFO] local epoch 1, acc: 0.6675
[2024-01-30 17:45:39] [INFO] local epoch 2, acc: 0.6675
[2024-01-30 17:45:40] [INFO] local epoch 3, acc: 0.6723
[2024-01-30 17:45:40] [INFO] local epoch 4, acc: 0.6707
[2024-01-30 17:45:41] [INFO] local epoch 5, acc: 0.6796
[2024-01-30 17:45:41] [INFO] [server epoch 9, client 2, local train]
[2024-01-30 17:45:41] [INFO] local epoch 1, acc: 0.6699
[2024-01-30 17:45:42] [INFO] local epoch 2, acc: 0.6699
[2024-01-30 17:45:42] [INFO] local epoch 3, acc: 0.6695
[2024-01-30 17:45:42] [INFO] local epoch 4, acc: 0.6776
[2024-01-30 17:45:43] [INFO] local epoch 5, acc: 0.6731
[2024-01-30 17:45:43] [INFO] [server epoch 9, client 3, local train]
[2024-01-30 17:45:43] [INFO] local epoch 1, acc: 0.6622
[2024-01-30 17:45:44] [INFO] local epoch 2, acc: 0.6675
[2024-01-30 17:45:44] [INFO] local epoch 3, acc: 0.6646
[2024-01-30 17:45:45] [INFO] local epoch 4, acc: 0.6606
[2024-01-30 17:45:45] [INFO] local epoch 5, acc: 0.6671
[2024-01-30 17:45:45] [INFO] [server epoch 9, client 4, local train]
[2024-01-30 17:45:46] [INFO] local epoch 1, acc: 0.6908
[2024-01-30 17:45:46] [INFO] local epoch 2, acc: 0.6866
[2024-01-30 17:45:47] [INFO] local epoch 3, acc: 0.6910
[2024-01-30 17:45:47] [INFO] local epoch 4, acc: 0.6892
[2024-01-30 17:45:48] [INFO] local epoch 5, acc: 0.6939
[2024-01-30 17:45:48] [INFO] [server epoch 9, client 5, local train]
[2024-01-30 17:45:48] [INFO] local epoch 1, acc: 0.6848
[2024-01-30 17:45:49] [INFO] local epoch 2, acc: 0.6926
[2024-01-30 17:45:50] [INFO] local epoch 3, acc: 0.6824
[2024-01-30 17:45:50] [INFO] local epoch 4, acc: 0.6855
[2024-01-30 17:45:51] [INFO] local epoch 5, acc: 0.6923
[2024-01-30 17:45:51] [INFO] [server epoch 9, client 6, local train]
[2024-01-30 17:45:51] [INFO] local epoch 1, acc: 0.6853
[2024-01-30 17:45:52] [INFO] local epoch 2, acc: 0.6790
[2024-01-30 17:45:52] [INFO] local epoch 3, acc: 0.6840
[2024-01-30 17:45:53] [INFO] local epoch 4, acc: 0.6915
[2024-01-30 17:45:53] [INFO] local epoch 5, acc: 0.6866
[2024-01-30 17:45:53] [INFO] [server epoch 9, client 7, local train]
[2024-01-30 17:45:54] [INFO] local epoch 1, acc: 0.6023
[2024-01-30 17:45:54] [INFO] local epoch 2, acc: 0.6039
[2024-01-30 17:45:55] [INFO] local epoch 3, acc: 0.5931
[2024-01-30 17:45:55] [INFO] local epoch 4, acc: 0.5893
[2024-01-30 17:45:56] [INFO] local epoch 5, acc: 0.5988
[2024-01-30 17:45:56] [INFO] [server epoch 9, client 8, local train]
[2024-01-30 17:45:56] [INFO] local epoch 1, acc: 0.6039
[2024-01-30 17:45:57] [INFO] local epoch 2, acc: 0.5996
[2024-01-30 17:45:57] [INFO] local epoch 3, acc: 0.6021
[2024-01-30 17:45:58] [INFO] local epoch 4, acc: 0.5931
[2024-01-30 17:45:58] [INFO] local epoch 5, acc: 0.6045
[2024-01-30 17:45:58] [INFO] [server epoch 9, client 9, local train]
[2024-01-30 17:45:59] [INFO] local epoch 1, acc: 0.6018
[2024-01-30 17:45:59] [INFO] local epoch 2, acc: 0.5904
[2024-01-30 17:46:00] [INFO] local epoch 3, acc: 0.5980
[2024-01-30 17:46:00] [INFO] local epoch 4, acc: 0.5975
[2024-01-30 17:46:01] [INFO] local epoch 5, acc: 0.5975
[2024-01-30 17:46:02] [INFO] [server epoch 9, client 1, distill train]
[2024-01-30 17:46:02] [INFO] distill epoch 1, acc: 0.3293
[2024-01-30 17:46:03] [INFO] distill epoch 2, acc: 0.3528
[2024-01-30 17:46:03] [INFO] distill epoch 3, acc: 0.3817
[2024-01-30 17:46:04] [INFO] distill epoch 4, acc: 0.4044
[2024-01-30 17:46:04] [INFO] distill epoch 5, acc: 0.4169
[2024-01-30 17:46:04] [INFO] [server epoch 9, client 2, distill train]
[2024-01-30 17:46:04] [INFO] distill epoch 1, acc: 0.3293
[2024-01-30 17:46:05] [INFO] distill epoch 2, acc: 0.3528
[2024-01-30 17:46:05] [INFO] distill epoch 3, acc: 0.3817
[2024-01-30 17:46:06] [INFO] distill epoch 4, acc: 0.4044
[2024-01-30 17:46:06] [INFO] distill epoch 5, acc: 0.4169
[2024-01-30 17:46:06] [INFO] [server epoch 9, client 3, distill train]
[2024-01-30 17:46:07] [INFO] distill epoch 1, acc: 0.3293
[2024-01-30 17:46:07] [INFO] distill epoch 2, acc: 0.3528
[2024-01-30 17:46:07] [INFO] distill epoch 3, acc: 0.3817
[2024-01-30 17:46:08] [INFO] distill epoch 4, acc: 0.4044
[2024-01-30 17:46:08] [INFO] distill epoch 5, acc: 0.4169
[2024-01-30 17:46:08] [INFO] [server epoch 9, client 4, distill train]
[2024-01-30 17:46:09] [INFO] distill epoch 1, acc: 0.3295
[2024-01-30 17:46:09] [INFO] distill epoch 2, acc: 0.3669
[2024-01-30 17:46:10] [INFO] distill epoch 3, acc: 0.3977
[2024-01-30 17:46:10] [INFO] distill epoch 4, acc: 0.4207
[2024-01-30 17:46:10] [INFO] distill epoch 5, acc: 0.4355
[2024-01-30 17:46:10] [INFO] [server epoch 9, client 5, distill train]
[2024-01-30 17:46:11] [INFO] distill epoch 1, acc: 0.3295
[2024-01-30 17:46:11] [INFO] distill epoch 2, acc: 0.3669
[2024-01-30 17:46:12] [INFO] distill epoch 3, acc: 0.3977
[2024-01-30 17:46:12] [INFO] distill epoch 4, acc: 0.4207
[2024-01-30 17:46:13] [INFO] distill epoch 5, acc: 0.4355
[2024-01-30 17:46:13] [INFO] [server epoch 9, client 6, distill train]
[2024-01-30 17:46:13] [INFO] distill epoch 1, acc: 0.3295
[2024-01-30 17:46:13] [INFO] distill epoch 2, acc: 0.3669
[2024-01-30 17:46:14] [INFO] distill epoch 3, acc: 0.3977
[2024-01-30 17:46:14] [INFO] distill epoch 4, acc: 0.4207
[2024-01-30 17:46:15] [INFO] distill epoch 5, acc: 0.4355
[2024-01-30 17:46:15] [INFO] [server epoch 9, client 7, distill train]
[2024-01-30 17:46:15] [INFO] distill epoch 1, acc: 0.5921
[2024-01-30 17:46:16] [INFO] distill epoch 2, acc: 0.5358
[2024-01-30 17:46:16] [INFO] distill epoch 3, acc: 0.4918
[2024-01-30 17:46:16] [INFO] distill epoch 4, acc: 0.4609
[2024-01-30 17:46:17] [INFO] distill epoch 5, acc: 0.4509
[2024-01-30 17:46:17] [INFO] [server epoch 9, client 8, distill train]
[2024-01-30 17:46:17] [INFO] distill epoch 1, acc: 0.5921
[2024-01-30 17:46:18] [INFO] distill epoch 2, acc: 0.5358
[2024-01-30 17:46:18] [INFO] distill epoch 3, acc: 0.4918
[2024-01-30 17:46:19] [INFO] distill epoch 4, acc: 0.4609
[2024-01-30 17:46:19] [INFO] distill epoch 5, acc: 0.4509
[2024-01-30 17:46:19] [INFO] [server epoch 9, client 9, distill train]
[2024-01-30 17:46:19] [INFO] distill epoch 1, acc: 0.5921
[2024-01-30 17:46:20] [INFO] distill epoch 2, acc: 0.5358
[2024-01-30 17:46:20] [INFO] distill epoch 3, acc: 0.4918
[2024-01-30 17:46:21] [INFO] distill epoch 4, acc: 0.4609
[2024-01-30 17:46:21] [INFO] distill epoch 5, acc: 0.4509
[2024-01-30 17:46:22] [INFO] [server epoch 10, client 1, local train]
[2024-01-30 17:46:22] [INFO] local epoch 1, acc: 0.6663
[2024-01-30 17:46:23] [INFO] local epoch 2, acc: 0.6792
[2024-01-30 17:46:23] [INFO] local epoch 3, acc: 0.6719
[2024-01-30 17:46:24] [INFO] local epoch 4, acc: 0.6740
[2024-01-30 17:46:24] [INFO] local epoch 5, acc: 0.6667
[2024-01-30 17:46:24] [INFO] [server epoch 10, client 2, local train]
[2024-01-30 17:46:25] [INFO] local epoch 1, acc: 0.6715
[2024-01-30 17:46:25] [INFO] local epoch 2, acc: 0.6756
[2024-01-30 17:46:26] [INFO] local epoch 3, acc: 0.6748
[2024-01-30 17:46:26] [INFO] local epoch 4, acc: 0.6695
[2024-01-30 17:46:27] [INFO] local epoch 5, acc: 0.6756
[2024-01-30 17:46:27] [INFO] [server epoch 10, client 3, local train]
[2024-01-30 17:46:27] [INFO] local epoch 1, acc: 0.6736
[2024-01-30 17:46:28] [INFO] local epoch 2, acc: 0.6744
[2024-01-30 17:46:28] [INFO] local epoch 3, acc: 0.6715
[2024-01-30 17:46:28] [INFO] local epoch 4, acc: 0.6659
[2024-01-30 17:46:29] [INFO] local epoch 5, acc: 0.6748
[2024-01-30 17:46:29] [INFO] [server epoch 10, client 4, local train]
[2024-01-30 17:46:29] [INFO] local epoch 1, acc: 0.6915
[2024-01-30 17:46:30] [INFO] local epoch 2, acc: 0.6996
[2024-01-30 17:46:31] [INFO] local epoch 3, acc: 0.6983
[2024-01-30 17:46:31] [INFO] local epoch 4, acc: 0.6879
[2024-01-30 17:46:32] [INFO] local epoch 5, acc: 0.7007
[2024-01-30 17:46:32] [INFO] [server epoch 10, client 5, local train]
[2024-01-30 17:46:32] [INFO] local epoch 1, acc: 0.6962
[2024-01-30 17:46:33] [INFO] local epoch 2, acc: 0.6936
[2024-01-30 17:46:33] [INFO] local epoch 3, acc: 0.6874
[2024-01-30 17:46:34] [INFO] local epoch 4, acc: 0.6965
[2024-01-30 17:46:34] [INFO] local epoch 5, acc: 0.6968
[2024-01-30 17:46:34] [INFO] [server epoch 10, client 6, local train]
[2024-01-30 17:46:35] [INFO] local epoch 1, acc: 0.6973
[2024-01-30 17:46:35] [INFO] local epoch 2, acc: 0.6900
[2024-01-30 17:46:36] [INFO] local epoch 3, acc: 0.7030
[2024-01-30 17:46:36] [INFO] local epoch 4, acc: 0.6962
[2024-01-30 17:46:37] [INFO] local epoch 5, acc: 0.6991
[2024-01-30 17:46:37] [INFO] [server epoch 10, client 7, local train]
[2024-01-30 17:46:37] [INFO] local epoch 1, acc: 0.6104
[2024-01-30 17:46:38] [INFO] local epoch 2, acc: 0.6107
[2024-01-30 17:46:38] [INFO] local epoch 3, acc: 0.6080
[2024-01-30 17:46:39] [INFO] local epoch 4, acc: 0.6134
[2024-01-30 17:46:39] [INFO] local epoch 5, acc: 0.6158
[2024-01-30 17:46:39] [INFO] [server epoch 10, client 8, local train]
[2024-01-30 17:46:40] [INFO] local epoch 1, acc: 0.6126
[2024-01-30 17:46:40] [INFO] local epoch 2, acc: 0.6112
[2024-01-30 17:46:41] [INFO] local epoch 3, acc: 0.6104
[2024-01-30 17:46:41] [INFO] local epoch 4, acc: 0.6107
[2024-01-30 17:46:42] [INFO] local epoch 5, acc: 0.6164
[2024-01-30 17:46:42] [INFO] [server epoch 10, client 9, local train]
[2024-01-30 17:46:42] [INFO] local epoch 1, acc: 0.6094
[2024-01-30 17:46:43] [INFO] local epoch 2, acc: 0.6037
[2024-01-30 17:46:43] [INFO] local epoch 3, acc: 0.6031
[2024-01-30 17:46:44] [INFO] local epoch 4, acc: 0.6104
[2024-01-30 17:46:44] [INFO] local epoch 5, acc: 0.6058
[2024-01-30 17:46:45] [INFO] [server epoch 10, client 1, distill train]
[2024-01-30 17:46:46] [INFO] distill epoch 1, acc: 0.3368
[2024-01-30 17:46:46] [INFO] distill epoch 2, acc: 0.3628
[2024-01-30 17:46:46] [INFO] distill epoch 3, acc: 0.3893
[2024-01-30 17:46:47] [INFO] distill epoch 4, acc: 0.4161
[2024-01-30 17:46:47] [INFO] distill epoch 5, acc: 0.4234
[2024-01-30 17:46:47] [INFO] [server epoch 10, client 2, distill train]
[2024-01-30 17:46:48] [INFO] distill epoch 1, acc: 0.3368
[2024-01-30 17:46:48] [INFO] distill epoch 2, acc: 0.3628
[2024-01-30 17:46:49] [INFO] distill epoch 3, acc: 0.3893
[2024-01-30 17:46:49] [INFO] distill epoch 4, acc: 0.4161
[2024-01-30 17:46:49] [INFO] distill epoch 5, acc: 0.4234
[2024-01-30 17:46:49] [INFO] [server epoch 10, client 3, distill train]
[2024-01-30 17:46:50] [INFO] distill epoch 1, acc: 0.3368
[2024-01-30 17:46:50] [INFO] distill epoch 2, acc: 0.3628
[2024-01-30 17:46:51] [INFO] distill epoch 3, acc: 0.3893
[2024-01-30 17:46:51] [INFO] distill epoch 4, acc: 0.4161
[2024-01-30 17:46:52] [INFO] distill epoch 5, acc: 0.4234
[2024-01-30 17:46:52] [INFO] [server epoch 10, client 4, distill train]
[2024-01-30 17:46:52] [INFO] distill epoch 1, acc: 0.3409
[2024-01-30 17:46:52] [INFO] distill epoch 2, acc: 0.3782
[2024-01-30 17:46:53] [INFO] distill epoch 3, acc: 0.4079
[2024-01-30 17:46:53] [INFO] distill epoch 4, acc: 0.4280
[2024-01-30 17:46:54] [INFO] distill epoch 5, acc: 0.4393
[2024-01-30 17:46:54] [INFO] [server epoch 10, client 5, distill train]
[2024-01-30 17:46:54] [INFO] distill epoch 1, acc: 0.3409
[2024-01-30 17:46:55] [INFO] distill epoch 2, acc: 0.3782
[2024-01-30 17:46:55] [INFO] distill epoch 3, acc: 0.4079
[2024-01-30 17:46:55] [INFO] distill epoch 4, acc: 0.4280
[2024-01-30 17:46:56] [INFO] distill epoch 5, acc: 0.4393
[2024-01-30 17:46:56] [INFO] [server epoch 10, client 6, distill train]
[2024-01-30 17:46:56] [INFO] distill epoch 1, acc: 0.3409
[2024-01-30 17:46:57] [INFO] distill epoch 2, acc: 0.3782
[2024-01-30 17:46:57] [INFO] distill epoch 3, acc: 0.4079
[2024-01-30 17:46:58] [INFO] distill epoch 4, acc: 0.4280
[2024-01-30 17:46:58] [INFO] distill epoch 5, acc: 0.4393
[2024-01-30 17:46:58] [INFO] [server epoch 10, client 7, distill train]
[2024-01-30 17:46:59] [INFO] distill epoch 1, acc: 0.5899
[2024-01-30 17:46:59] [INFO] distill epoch 2, acc: 0.5328
[2024-01-30 17:46:59] [INFO] distill epoch 3, acc: 0.4899
[2024-01-30 17:47:00] [INFO] distill epoch 4, acc: 0.4690
[2024-01-30 17:47:00] [INFO] distill epoch 5, acc: 0.4626
[2024-01-30 17:47:00] [INFO] [server epoch 10, client 8, distill train]
[2024-01-30 17:47:01] [INFO] distill epoch 1, acc: 0.5899
[2024-01-30 17:47:01] [INFO] distill epoch 2, acc: 0.5328
[2024-01-30 17:47:02] [INFO] distill epoch 3, acc: 0.4899
[2024-01-30 17:47:02] [INFO] distill epoch 4, acc: 0.4690
[2024-01-30 17:47:02] [INFO] distill epoch 5, acc: 0.4626
[2024-01-30 17:47:02] [INFO] [server epoch 10, client 9, distill train]
[2024-01-30 17:47:03] [INFO] distill epoch 1, acc: 0.5899
[2024-01-30 17:47:03] [INFO] distill epoch 2, acc: 0.5328
[2024-01-30 17:47:04] [INFO] distill epoch 3, acc: 0.4899
[2024-01-30 17:47:04] [INFO] distill epoch 4, acc: 0.4690
[2024-01-30 17:47:05] [INFO] distill epoch 5, acc: 0.4626
[2024-01-30 17:47:05] [INFO] results saved in ./res/hyper_fed_seed_10000_alpha_1.0_dataset_cifar10_model_structure_cnn3/local_epochs_5_server_epochs_10_distill_epochs_5_batch_size_160.pt.
[2024-01-30 17:47:05] [INFO] time cost: 445.94973850250244
