[2024-01-30 17:32:03] [INFO] fed_avg
        n_client     :   9   
          seed       : 10000 
      local_epochs   :  10   
     distill_epochs  :  10   
       batch_size    :  160  
      server_epochs  :  10   
          alpha      :  1.0  
         dataset     :cifar10
     model_structure : cnn3  
[2024-01-30 17:32:18] [INFO] [server epoch 1, client 1, local train]
[2024-01-30 17:32:19] [INFO] local epoch 1, acc: 0.2088
[2024-01-30 17:32:21] [INFO] local epoch 2, acc: 0.2539
[2024-01-30 17:32:22] [INFO] local epoch 3, acc: 0.2759
[2024-01-30 17:32:23] [INFO] local epoch 4, acc: 0.2969
[2024-01-30 17:32:24] [INFO] local epoch 5, acc: 0.3290
[2024-01-30 17:32:25] [INFO] local epoch 6, acc: 0.3357
[2024-01-30 17:32:26] [INFO] local epoch 7, acc: 0.3440
[2024-01-30 17:32:27] [INFO] local epoch 8, acc: 0.3556
[2024-01-30 17:32:28] [INFO] local epoch 9, acc: 0.3801
[2024-01-30 17:32:29] [INFO] local epoch 10, acc: 0.3827
[2024-01-30 17:32:29] [INFO] [server epoch 1, client 2, local train]
[2024-01-30 17:32:30] [INFO] local epoch 1, acc: 0.1518
[2024-01-30 17:32:31] [INFO] local epoch 2, acc: 0.2240
[2024-01-30 17:32:32] [INFO] local epoch 3, acc: 0.2596
[2024-01-30 17:32:33] [INFO] local epoch 4, acc: 0.2927
[2024-01-30 17:32:34] [INFO] local epoch 5, acc: 0.2917
[2024-01-30 17:32:35] [INFO] local epoch 6, acc: 0.3288
[2024-01-30 17:32:36] [INFO] local epoch 7, acc: 0.3284
[2024-01-30 17:32:37] [INFO] local epoch 8, acc: 0.3265
[2024-01-30 17:32:38] [INFO] local epoch 9, acc: 0.3552
[2024-01-30 17:32:39] [INFO] local epoch 10, acc: 0.3761
[2024-01-30 17:32:39] [INFO] [server epoch 1, client 3, local train]
[2024-01-30 17:32:40] [INFO] local epoch 1, acc: 0.1902
[2024-01-30 17:32:41] [INFO] local epoch 2, acc: 0.2535
[2024-01-30 17:32:43] [INFO] local epoch 3, acc: 0.2851
[2024-01-30 17:32:44] [INFO] local epoch 4, acc: 0.3257
[2024-01-30 17:32:45] [INFO] local epoch 5, acc: 0.3482
[2024-01-30 17:32:46] [INFO] local epoch 6, acc: 0.3763
[2024-01-30 17:32:47] [INFO] local epoch 7, acc: 0.4039
[2024-01-30 17:32:48] [INFO] local epoch 8, acc: 0.3921
[2024-01-30 17:32:49] [INFO] local epoch 9, acc: 0.4118
[2024-01-30 17:32:50] [INFO] local epoch 10, acc: 0.4179
[2024-01-30 17:32:50] [INFO] [server epoch 1, client 4, local train]
[2024-01-30 17:32:51] [INFO] local epoch 1, acc: 0.1735
[2024-01-30 17:32:52] [INFO] local epoch 2, acc: 0.2234
[2024-01-30 17:32:53] [INFO] local epoch 3, acc: 0.2150
[2024-01-30 17:32:54] [INFO] local epoch 4, acc: 0.2762
[2024-01-30 17:32:55] [INFO] local epoch 5, acc: 0.2647
[2024-01-30 17:32:56] [INFO] local epoch 6, acc: 0.3143
[2024-01-30 17:32:57] [INFO] local epoch 7, acc: 0.3368
[2024-01-30 17:32:58] [INFO] local epoch 8, acc: 0.3163
[2024-01-30 17:32:59] [INFO] local epoch 9, acc: 0.3081
[2024-01-30 17:33:00] [INFO] local epoch 10, acc: 0.3668
[2024-01-30 17:33:00] [INFO] [server epoch 1, client 5, local train]
[2024-01-30 17:33:01] [INFO] local epoch 1, acc: 0.2185
[2024-01-30 17:33:02] [INFO] local epoch 2, acc: 0.3275
[2024-01-30 17:33:03] [INFO] local epoch 3, acc: 0.3683
[2024-01-30 17:33:04] [INFO] local epoch 4, acc: 0.3661
[2024-01-30 17:33:05] [INFO] local epoch 5, acc: 0.3924
[2024-01-30 17:33:06] [INFO] local epoch 6, acc: 0.4115
[2024-01-30 17:33:07] [INFO] local epoch 7, acc: 0.4072
[2024-01-30 17:33:08] [INFO] local epoch 8, acc: 0.4187
[2024-01-30 17:33:09] [INFO] local epoch 9, acc: 0.4324
[2024-01-30 17:33:10] [INFO] local epoch 10, acc: 0.4454
[2024-01-30 17:33:10] [INFO] [server epoch 1, client 6, local train]
[2024-01-30 17:33:11] [INFO] local epoch 1, acc: 0.1381
[2024-01-30 17:33:12] [INFO] local epoch 2, acc: 0.1713
[2024-01-30 17:33:13] [INFO] local epoch 3, acc: 0.2129
[2024-01-30 17:33:14] [INFO] local epoch 4, acc: 0.2191
[2024-01-30 17:33:15] [INFO] local epoch 5, acc: 0.2375
[2024-01-30 17:33:16] [INFO] local epoch 6, acc: 0.2557
[2024-01-30 17:33:17] [INFO] local epoch 7, acc: 0.2581
[2024-01-30 17:33:18] [INFO] local epoch 8, acc: 0.2694
[2024-01-30 17:33:19] [INFO] local epoch 9, acc: 0.2840
[2024-01-30 17:33:20] [INFO] local epoch 10, acc: 0.2710
[2024-01-30 17:33:20] [INFO] [server epoch 1, client 7, local train]
[2024-01-30 17:33:21] [INFO] local epoch 1, acc: 0.1992
[2024-01-30 17:33:22] [INFO] local epoch 2, acc: 0.2276
[2024-01-30 17:33:23] [INFO] local epoch 3, acc: 0.2611
[2024-01-30 17:33:24] [INFO] local epoch 4, acc: 0.2866
[2024-01-30 17:33:25] [INFO] local epoch 5, acc: 0.2970
[2024-01-30 17:33:26] [INFO] local epoch 6, acc: 0.3046
[2024-01-30 17:33:27] [INFO] local epoch 7, acc: 0.3215
[2024-01-30 17:33:28] [INFO] local epoch 8, acc: 0.3110
[2024-01-30 17:33:29] [INFO] local epoch 9, acc: 0.3335
[2024-01-30 17:33:30] [INFO] local epoch 10, acc: 0.3250
[2024-01-30 17:33:30] [INFO] [server epoch 1, client 8, local train]
[2024-01-30 17:33:31] [INFO] local epoch 1, acc: 0.1580
[2024-01-30 17:33:32] [INFO] local epoch 2, acc: 0.2027
[2024-01-30 17:33:33] [INFO] local epoch 3, acc: 0.2315
[2024-01-30 17:33:34] [INFO] local epoch 4, acc: 0.2522
[2024-01-30 17:33:35] [INFO] local epoch 5, acc: 0.2706
[2024-01-30 17:33:36] [INFO] local epoch 6, acc: 0.2777
[2024-01-30 17:33:38] [INFO] local epoch 7, acc: 0.2829
[2024-01-30 17:33:38] [INFO] local epoch 8, acc: 0.2910
[2024-01-30 17:33:40] [INFO] local epoch 9, acc: 0.3045
[2024-01-30 17:33:41] [INFO] local epoch 10, acc: 0.2972
[2024-01-30 17:33:41] [INFO] [server epoch 1, client 9, local train]
[2024-01-30 17:33:42] [INFO] local epoch 1, acc: 0.1984
[2024-01-30 17:33:43] [INFO] local epoch 2, acc: 0.2327
[2024-01-30 17:33:44] [INFO] local epoch 3, acc: 0.2357
[2024-01-30 17:33:45] [INFO] local epoch 4, acc: 0.2599
[2024-01-30 17:33:46] [INFO] local epoch 5, acc: 0.2734
[2024-01-30 17:33:47] [INFO] local epoch 6, acc: 0.2836
[2024-01-30 17:33:48] [INFO] local epoch 7, acc: 0.2970
[2024-01-30 17:33:49] [INFO] local epoch 8, acc: 0.2992
[2024-01-30 17:33:50] [INFO] local epoch 9, acc: 0.2900
[2024-01-30 17:33:51] [INFO] local epoch 10, acc: 0.2979
[2024-01-30 17:33:52] [INFO] server epoch 1, acc 0.4369
[2024-01-30 17:33:53] [INFO] server epoch 1, acc 0.4369
[2024-01-30 17:33:53] [INFO] server epoch 1, acc 0.4369
[2024-01-30 17:33:54] [INFO] server epoch 1, acc 0.4369
[2024-01-30 17:33:55] [INFO] server epoch 1, acc 0.4369
[2024-01-30 17:33:56] [INFO] server epoch 1, acc 0.4369
[2024-01-30 17:33:57] [INFO] server epoch 1, acc 0.4369
[2024-01-30 17:33:57] [INFO] server epoch 1, acc 0.4369
[2024-01-30 17:33:58] [INFO] server epoch 1, acc 0.4369
[2024-01-30 17:33:58] [INFO] [server epoch 2, client 1, local train]
[2024-01-30 17:33:59] [INFO] local epoch 1, acc: 0.3604
[2024-01-30 17:34:00] [INFO] local epoch 2, acc: 0.3943
[2024-01-30 17:34:01] [INFO] local epoch 3, acc: 0.3864
[2024-01-30 17:34:03] [INFO] local epoch 4, acc: 0.3728
[2024-01-30 17:34:04] [INFO] local epoch 5, acc: 0.4284
[2024-01-30 17:34:05] [INFO] local epoch 6, acc: 0.4088
[2024-01-30 17:34:06] [INFO] local epoch 7, acc: 0.4306
[2024-01-30 17:34:07] [INFO] local epoch 8, acc: 0.4114
[2024-01-30 17:34:08] [INFO] local epoch 9, acc: 0.4313
[2024-01-30 17:34:09] [INFO] local epoch 10, acc: 0.4268
[2024-01-30 17:34:09] [INFO] [server epoch 2, client 2, local train]
[2024-01-30 17:34:10] [INFO] local epoch 1, acc: 0.3299
[2024-01-30 17:34:11] [INFO] local epoch 2, acc: 0.3625
[2024-01-30 17:34:12] [INFO] local epoch 3, acc: 0.3663
[2024-01-30 17:34:13] [INFO] local epoch 4, acc: 0.3851
[2024-01-30 17:34:14] [INFO] local epoch 5, acc: 0.4027
[2024-01-30 17:34:15] [INFO] local epoch 6, acc: 0.4231
[2024-01-30 17:34:16] [INFO] local epoch 7, acc: 0.3913
[2024-01-30 17:34:17] [INFO] local epoch 8, acc: 0.3921
[2024-01-30 17:34:18] [INFO] local epoch 9, acc: 0.4251
[2024-01-30 17:34:19] [INFO] local epoch 10, acc: 0.4170
[2024-01-30 17:34:19] [INFO] [server epoch 2, client 3, local train]
[2024-01-30 17:34:21] [INFO] local epoch 1, acc: 0.3735
[2024-01-30 17:34:22] [INFO] local epoch 2, acc: 0.4010
[2024-01-30 17:34:23] [INFO] local epoch 3, acc: 0.4072
[2024-01-30 17:34:24] [INFO] local epoch 4, acc: 0.4241
[2024-01-30 17:34:25] [INFO] local epoch 5, acc: 0.4353
[2024-01-30 17:34:26] [INFO] local epoch 6, acc: 0.4293
[2024-01-30 17:34:27] [INFO] local epoch 7, acc: 0.4406
[2024-01-30 17:34:28] [INFO] local epoch 8, acc: 0.4425
[2024-01-30 17:34:29] [INFO] local epoch 9, acc: 0.4479
[2024-01-30 17:34:30] [INFO] local epoch 10, acc: 0.4526
[2024-01-30 17:34:30] [INFO] [server epoch 2, client 4, local train]
[2024-01-30 17:34:31] [INFO] local epoch 1, acc: 0.3490
[2024-01-30 17:34:32] [INFO] local epoch 2, acc: 0.3509
[2024-01-30 17:34:33] [INFO] local epoch 3, acc: 0.3621
[2024-01-30 17:34:34] [INFO] local epoch 4, acc: 0.3769
[2024-01-30 17:34:35] [INFO] local epoch 5, acc: 0.3799
[2024-01-30 17:34:36] [INFO] local epoch 6, acc: 0.4030
[2024-01-30 17:34:37] [INFO] local epoch 7, acc: 0.3994
[2024-01-30 17:34:38] [INFO] local epoch 8, acc: 0.3894
[2024-01-30 17:34:39] [INFO] local epoch 9, acc: 0.3858
[2024-01-30 17:34:40] [INFO] local epoch 10, acc: 0.3978
[2024-01-30 17:34:40] [INFO] [server epoch 2, client 5, local train]
[2024-01-30 17:34:41] [INFO] local epoch 1, acc: 0.4202
[2024-01-30 17:34:42] [INFO] local epoch 2, acc: 0.4359
[2024-01-30 17:34:43] [INFO] local epoch 3, acc: 0.4532
[2024-01-30 17:34:44] [INFO] local epoch 4, acc: 0.4579
[2024-01-30 17:34:45] [INFO] local epoch 5, acc: 0.4628
[2024-01-30 17:34:46] [INFO] local epoch 6, acc: 0.4795
[2024-01-30 17:34:47] [INFO] local epoch 7, acc: 0.4802
[2024-01-30 17:34:49] [INFO] local epoch 8, acc: 0.4863
[2024-01-30 17:34:50] [INFO] local epoch 9, acc: 0.4811
[2024-01-30 17:34:51] [INFO] local epoch 10, acc: 0.4917
[2024-01-30 17:34:51] [INFO] [server epoch 2, client 6, local train]
[2024-01-30 17:34:52] [INFO] local epoch 1, acc: 0.3101
[2024-01-30 17:34:53] [INFO] local epoch 2, acc: 0.3170
[2024-01-30 17:34:54] [INFO] local epoch 3, acc: 0.3149
[2024-01-30 17:34:55] [INFO] local epoch 4, acc: 0.2902
[2024-01-30 17:34:56] [INFO] local epoch 5, acc: 0.3313
[2024-01-30 17:34:57] [INFO] local epoch 6, acc: 0.3310
[2024-01-30 17:34:58] [INFO] local epoch 7, acc: 0.3454
[2024-01-30 17:34:59] [INFO] local epoch 8, acc: 0.3367
[2024-01-30 17:35:00] [INFO] local epoch 9, acc: 0.3656
[2024-01-30 17:35:01] [INFO] local epoch 10, acc: 0.3604
[2024-01-30 17:35:01] [INFO] [server epoch 2, client 7, local train]
[2024-01-30 17:35:02] [INFO] local epoch 1, acc: 0.3675
[2024-01-30 17:35:03] [INFO] local epoch 2, acc: 0.3777
[2024-01-30 17:35:04] [INFO] local epoch 3, acc: 0.3762
[2024-01-30 17:35:05] [INFO] local epoch 4, acc: 0.3864
[2024-01-30 17:35:06] [INFO] local epoch 5, acc: 0.3838
[2024-01-30 17:35:07] [INFO] local epoch 6, acc: 0.3813
[2024-01-30 17:35:08] [INFO] local epoch 7, acc: 0.3677
[2024-01-30 17:35:09] [INFO] local epoch 8, acc: 0.3868
[2024-01-30 17:35:10] [INFO] local epoch 9, acc: 0.4035
[2024-01-30 17:35:11] [INFO] local epoch 10, acc: 0.4003
[2024-01-30 17:35:11] [INFO] [server epoch 2, client 8, local train]
[2024-01-30 17:35:12] [INFO] local epoch 1, acc: 0.3114
[2024-01-30 17:35:13] [INFO] local epoch 2, acc: 0.3035
[2024-01-30 17:35:14] [INFO] local epoch 3, acc: 0.3031
[2024-01-30 17:35:15] [INFO] local epoch 4, acc: 0.3125
[2024-01-30 17:35:16] [INFO] local epoch 5, acc: 0.3511
[2024-01-30 17:35:17] [INFO] local epoch 6, acc: 0.3540
[2024-01-30 17:35:18] [INFO] local epoch 7, acc: 0.3461
[2024-01-30 17:35:19] [INFO] local epoch 8, acc: 0.3517
[2024-01-30 17:35:20] [INFO] local epoch 9, acc: 0.3486
[2024-01-30 17:35:21] [INFO] local epoch 10, acc: 0.3618
[2024-01-30 17:35:21] [INFO] [server epoch 2, client 9, local train]
[2024-01-30 17:35:22] [INFO] local epoch 1, acc: 0.2773
[2024-01-30 17:35:23] [INFO] local epoch 2, acc: 0.3031
[2024-01-30 17:35:24] [INFO] local epoch 3, acc: 0.3354
[2024-01-30 17:35:25] [INFO] local epoch 4, acc: 0.3314
[2024-01-30 17:35:26] [INFO] local epoch 5, acc: 0.3487
[2024-01-30 17:35:27] [INFO] local epoch 6, acc: 0.3281
[2024-01-30 17:35:28] [INFO] local epoch 7, acc: 0.3606
[2024-01-30 17:35:29] [INFO] local epoch 8, acc: 0.3395
[2024-01-30 17:35:30] [INFO] local epoch 9, acc: 0.3410
[2024-01-30 17:35:31] [INFO] local epoch 10, acc: 0.3748
[2024-01-30 17:35:32] [INFO] server epoch 2, acc 0.5070
[2024-01-30 17:35:33] [INFO] server epoch 2, acc 0.5070
[2024-01-30 17:35:34] [INFO] server epoch 2, acc 0.5070
[2024-01-30 17:35:35] [INFO] server epoch 2, acc 0.5070
[2024-01-30 17:35:35] [INFO] server epoch 2, acc 0.5070
[2024-01-30 17:35:36] [INFO] server epoch 2, acc 0.5070
[2024-01-30 17:35:37] [INFO] server epoch 2, acc 0.5070
[2024-01-30 17:35:38] [INFO] server epoch 2, acc 0.5070
[2024-01-30 17:35:38] [INFO] server epoch 2, acc 0.5070
[2024-01-30 17:35:38] [INFO] [server epoch 3, client 1, local train]
[2024-01-30 17:35:40] [INFO] local epoch 1, acc: 0.4243
[2024-01-30 17:35:41] [INFO] local epoch 2, acc: 0.4494
[2024-01-30 17:35:42] [INFO] local epoch 3, acc: 0.4562
[2024-01-30 17:35:43] [INFO] local epoch 4, acc: 0.4471
[2024-01-30 17:35:44] [INFO] local epoch 5, acc: 0.4382
[2024-01-30 17:35:45] [INFO] local epoch 6, acc: 0.4435
[2024-01-30 17:35:46] [INFO] local epoch 7, acc: 0.4638
[2024-01-30 17:35:47] [INFO] local epoch 8, acc: 0.4816
[2024-01-30 17:35:48] [INFO] local epoch 9, acc: 0.4888
[2024-01-30 17:35:49] [INFO] local epoch 10, acc: 0.4639
[2024-01-30 17:35:49] [INFO] [server epoch 3, client 2, local train]
[2024-01-30 17:35:50] [INFO] local epoch 1, acc: 0.4210
[2024-01-30 17:35:51] [INFO] local epoch 2, acc: 0.4214
[2024-01-30 17:35:52] [INFO] local epoch 3, acc: 0.4209
[2024-01-30 17:35:53] [INFO] local epoch 4, acc: 0.4406
[2024-01-30 17:35:54] [INFO] local epoch 5, acc: 0.3814
[2024-01-30 17:35:55] [INFO] local epoch 6, acc: 0.4413
[2024-01-30 17:35:56] [INFO] local epoch 7, acc: 0.4380
[2024-01-30 17:35:58] [INFO] local epoch 8, acc: 0.4191
[2024-01-30 17:35:59] [INFO] local epoch 9, acc: 0.4497
[2024-01-30 17:36:00] [INFO] local epoch 10, acc: 0.4729
[2024-01-30 17:36:00] [INFO] [server epoch 3, client 3, local train]
[2024-01-30 17:36:01] [INFO] local epoch 1, acc: 0.4508
[2024-01-30 17:36:02] [INFO] local epoch 2, acc: 0.4476
[2024-01-30 17:36:03] [INFO] local epoch 3, acc: 0.4676
[2024-01-30 17:36:04] [INFO] local epoch 4, acc: 0.4516
[2024-01-30 17:36:05] [INFO] local epoch 5, acc: 0.4782
[2024-01-30 17:36:06] [INFO] local epoch 6, acc: 0.4502
[2024-01-30 17:36:07] [INFO] local epoch 7, acc: 0.4597
[2024-01-30 17:36:08] [INFO] local epoch 8, acc: 0.4798
[2024-01-30 17:36:09] [INFO] local epoch 9, acc: 0.4834
[2024-01-30 17:36:10] [INFO] local epoch 10, acc: 0.4793
[2024-01-30 17:36:10] [INFO] [server epoch 3, client 4, local train]
[2024-01-30 17:36:11] [INFO] local epoch 1, acc: 0.4074
[2024-01-30 17:36:12] [INFO] local epoch 2, acc: 0.4228
[2024-01-30 17:36:13] [INFO] local epoch 3, acc: 0.4338
[2024-01-30 17:36:14] [INFO] local epoch 4, acc: 0.4214
[2024-01-30 17:36:15] [INFO] local epoch 5, acc: 0.4268
[2024-01-30 17:36:16] [INFO] local epoch 6, acc: 0.4254
[2024-01-30 17:36:17] [INFO] local epoch 7, acc: 0.4367
[2024-01-30 17:36:18] [INFO] local epoch 8, acc: 0.4006
[2024-01-30 17:36:19] [INFO] local epoch 9, acc: 0.4460
[2024-01-30 17:36:20] [INFO] local epoch 10, acc: 0.4624
[2024-01-30 17:36:20] [INFO] [server epoch 3, client 5, local train]
[2024-01-30 17:36:21] [INFO] local epoch 1, acc: 0.4992
[2024-01-30 17:36:22] [INFO] local epoch 2, acc: 0.5116
[2024-01-30 17:36:23] [INFO] local epoch 3, acc: 0.5062
[2024-01-30 17:36:24] [INFO] local epoch 4, acc: 0.5091
[2024-01-30 17:36:25] [INFO] local epoch 5, acc: 0.5109
[2024-01-30 17:36:26] [INFO] local epoch 6, acc: 0.5080
[2024-01-30 17:36:27] [INFO] local epoch 7, acc: 0.5117
[2024-01-30 17:36:28] [INFO] local epoch 8, acc: 0.5173
[2024-01-30 17:36:30] [INFO] local epoch 9, acc: 0.5224
[2024-01-30 17:36:31] [INFO] local epoch 10, acc: 0.5096
[2024-01-30 17:36:31] [INFO] [server epoch 3, client 6, local train]
[2024-01-30 17:36:32] [INFO] local epoch 1, acc: 0.3722
[2024-01-30 17:36:33] [INFO] local epoch 2, acc: 0.3532
[2024-01-30 17:36:34] [INFO] local epoch 3, acc: 0.3654
[2024-01-30 17:36:35] [INFO] local epoch 4, acc: 0.3834
[2024-01-30 17:36:36] [INFO] local epoch 5, acc: 0.3694
[2024-01-30 17:36:37] [INFO] local epoch 6, acc: 0.3947
[2024-01-30 17:36:38] [INFO] local epoch 7, acc: 0.3964
[2024-01-30 17:36:39] [INFO] local epoch 8, acc: 0.3981
[2024-01-30 17:36:40] [INFO] local epoch 9, acc: 0.3863
[2024-01-30 17:36:41] [INFO] local epoch 10, acc: 0.4301
[2024-01-30 17:36:41] [INFO] [server epoch 3, client 7, local train]
[2024-01-30 17:36:42] [INFO] local epoch 1, acc: 0.3975
[2024-01-30 17:36:43] [INFO] local epoch 2, acc: 0.4365
[2024-01-30 17:36:44] [INFO] local epoch 3, acc: 0.4209
[2024-01-30 17:36:45] [INFO] local epoch 4, acc: 0.4250
[2024-01-30 17:36:46] [INFO] local epoch 5, acc: 0.4455
[2024-01-30 17:36:47] [INFO] local epoch 6, acc: 0.4522
[2024-01-30 17:36:48] [INFO] local epoch 7, acc: 0.4479
[2024-01-30 17:36:49] [INFO] local epoch 8, acc: 0.4360
[2024-01-30 17:36:50] [INFO] local epoch 9, acc: 0.4280
[2024-01-30 17:36:51] [INFO] local epoch 10, acc: 0.4397
[2024-01-30 17:36:51] [INFO] [server epoch 3, client 8, local train]
[2024-01-30 17:36:52] [INFO] local epoch 1, acc: 0.3679
[2024-01-30 17:36:53] [INFO] local epoch 2, acc: 0.3811
[2024-01-30 17:36:54] [INFO] local epoch 3, acc: 0.3780
[2024-01-30 17:36:55] [INFO] local epoch 4, acc: 0.3594
[2024-01-30 17:36:56] [INFO] local epoch 5, acc: 0.3840
[2024-01-30 17:36:57] [INFO] local epoch 6, acc: 0.3867
[2024-01-30 17:36:58] [INFO] local epoch 7, acc: 0.3953
[2024-01-30 17:36:59] [INFO] local epoch 8, acc: 0.4177
[2024-01-30 17:37:00] [INFO] local epoch 9, acc: 0.3981
[2024-01-30 17:37:01] [INFO] local epoch 10, acc: 0.3957
[2024-01-30 17:37:01] [INFO] [server epoch 3, client 9, local train]
[2024-01-30 17:37:02] [INFO] local epoch 1, acc: 0.3406
[2024-01-30 17:37:03] [INFO] local epoch 2, acc: 0.3690
[2024-01-30 17:37:04] [INFO] local epoch 3, acc: 0.3798
[2024-01-30 17:37:06] [INFO] local epoch 4, acc: 0.3863
[2024-01-30 17:37:07] [INFO] local epoch 5, acc: 0.3866
[2024-01-30 17:37:08] [INFO] local epoch 6, acc: 0.3922
[2024-01-30 17:37:09] [INFO] local epoch 7, acc: 0.3806
[2024-01-30 17:37:10] [INFO] local epoch 8, acc: 0.3775
[2024-01-30 17:37:11] [INFO] local epoch 9, acc: 0.3932
[2024-01-30 17:37:12] [INFO] local epoch 10, acc: 0.3693
[2024-01-30 17:37:13] [INFO] server epoch 3, acc 0.5417
[2024-01-30 17:37:14] [INFO] server epoch 3, acc 0.5417
[2024-01-30 17:37:14] [INFO] server epoch 3, acc 0.5417
[2024-01-30 17:37:15] [INFO] server epoch 3, acc 0.5417
[2024-01-30 17:37:16] [INFO] server epoch 3, acc 0.5417
[2024-01-30 17:37:17] [INFO] server epoch 3, acc 0.5417
[2024-01-30 17:37:17] [INFO] server epoch 3, acc 0.5417
[2024-01-30 17:37:18] [INFO] server epoch 3, acc 0.5417
[2024-01-30 17:37:19] [INFO] server epoch 3, acc 0.5417
[2024-01-30 17:37:19] [INFO] [server epoch 4, client 1, local train]
[2024-01-30 17:37:20] [INFO] local epoch 1, acc: 0.4820
[2024-01-30 17:37:21] [INFO] local epoch 2, acc: 0.4844
[2024-01-30 17:37:22] [INFO] local epoch 3, acc: 0.4707
[2024-01-30 17:37:23] [INFO] local epoch 4, acc: 0.4920
[2024-01-30 17:37:24] [INFO] local epoch 5, acc: 0.5032
[2024-01-30 17:37:26] [INFO] local epoch 6, acc: 0.4913
[2024-01-30 17:37:27] [INFO] local epoch 7, acc: 0.4756
[2024-01-30 17:37:28] [INFO] local epoch 8, acc: 0.5097
[2024-01-30 17:37:29] [INFO] local epoch 9, acc: 0.4993
[2024-01-30 17:37:30] [INFO] local epoch 10, acc: 0.4996
[2024-01-30 17:37:30] [INFO] [server epoch 4, client 2, local train]
[2024-01-30 17:37:31] [INFO] local epoch 1, acc: 0.4375
[2024-01-30 17:37:32] [INFO] local epoch 2, acc: 0.4428
[2024-01-30 17:37:33] [INFO] local epoch 3, acc: 0.4321
[2024-01-30 17:37:34] [INFO] local epoch 4, acc: 0.4490
[2024-01-30 17:37:35] [INFO] local epoch 5, acc: 0.4419
[2024-01-30 17:37:36] [INFO] local epoch 6, acc: 0.4760
[2024-01-30 17:37:37] [INFO] local epoch 7, acc: 0.4581
[2024-01-30 17:37:38] [INFO] local epoch 8, acc: 0.4757
[2024-01-30 17:37:39] [INFO] local epoch 9, acc: 0.4703
[2024-01-30 17:37:40] [INFO] local epoch 10, acc: 0.4591
[2024-01-30 17:37:40] [INFO] [server epoch 4, client 3, local train]
[2024-01-30 17:37:41] [INFO] local epoch 1, acc: 0.4795
[2024-01-30 17:37:42] [INFO] local epoch 2, acc: 0.4930
[2024-01-30 17:37:43] [INFO] local epoch 3, acc: 0.4969
[2024-01-30 17:37:45] [INFO] local epoch 4, acc: 0.5054
[2024-01-30 17:37:46] [INFO] local epoch 5, acc: 0.4982
[2024-01-30 17:37:47] [INFO] local epoch 6, acc: 0.5021
[2024-01-30 17:37:48] [INFO] local epoch 7, acc: 0.4952
[2024-01-30 17:37:49] [INFO] local epoch 8, acc: 0.5102
[2024-01-30 17:37:50] [INFO] local epoch 9, acc: 0.5015
[2024-01-30 17:37:51] [INFO] local epoch 10, acc: 0.5168
[2024-01-30 17:37:51] [INFO] [server epoch 4, client 4, local train]
[2024-01-30 17:37:52] [INFO] local epoch 1, acc: 0.4479
[2024-01-30 17:37:53] [INFO] local epoch 2, acc: 0.4486
[2024-01-30 17:37:54] [INFO] local epoch 3, acc: 0.4756
[2024-01-30 17:37:55] [INFO] local epoch 4, acc: 0.4509
[2024-01-30 17:37:56] [INFO] local epoch 5, acc: 0.4524
[2024-01-30 17:37:57] [INFO] local epoch 6, acc: 0.4634
[2024-01-30 17:37:58] [INFO] local epoch 7, acc: 0.4503
[2024-01-30 17:37:59] [INFO] local epoch 8, acc: 0.4722
[2024-01-30 17:38:00] [INFO] local epoch 9, acc: 0.4760
[2024-01-30 17:38:01] [INFO] local epoch 10, acc: 0.4878
[2024-01-30 17:38:01] [INFO] [server epoch 4, client 5, local train]
[2024-01-30 17:38:02] [INFO] local epoch 1, acc: 0.5346
[2024-01-30 17:38:03] [INFO] local epoch 2, acc: 0.5415
[2024-01-30 17:38:04] [INFO] local epoch 3, acc: 0.5414
[2024-01-30 17:38:06] [INFO] local epoch 4, acc: 0.5360
[2024-01-30 17:38:07] [INFO] local epoch 5, acc: 0.5340
[2024-01-30 17:38:08] [INFO] local epoch 6, acc: 0.5485
[2024-01-30 17:38:09] [INFO] local epoch 7, acc: 0.5277
[2024-01-30 17:38:10] [INFO] local epoch 8, acc: 0.5520
[2024-01-30 17:38:11] [INFO] local epoch 9, acc: 0.5500
[2024-01-30 17:38:12] [INFO] local epoch 10, acc: 0.5510
[2024-01-30 17:38:12] [INFO] [server epoch 4, client 6, local train]
[2024-01-30 17:38:13] [INFO] local epoch 1, acc: 0.4152
[2024-01-30 17:38:14] [INFO] local epoch 2, acc: 0.4133
[2024-01-30 17:38:15] [INFO] local epoch 3, acc: 0.4152
[2024-01-30 17:38:17] [INFO] local epoch 4, acc: 0.4041
[2024-01-30 17:38:18] [INFO] local epoch 5, acc: 0.4413
[2024-01-30 17:38:19] [INFO] local epoch 6, acc: 0.4219
[2024-01-30 17:38:20] [INFO] local epoch 7, acc: 0.4101
[2024-01-30 17:38:21] [INFO] local epoch 8, acc: 0.4426
[2024-01-30 17:38:22] [INFO] local epoch 9, acc: 0.4445
[2024-01-30 17:38:23] [INFO] local epoch 10, acc: 0.4094
[2024-01-30 17:38:23] [INFO] [server epoch 4, client 7, local train]
[2024-01-30 17:38:24] [INFO] local epoch 1, acc: 0.4885
[2024-01-30 17:38:25] [INFO] local epoch 2, acc: 0.4847
[2024-01-30 17:38:26] [INFO] local epoch 3, acc: 0.4682
[2024-01-30 17:38:27] [INFO] local epoch 4, acc: 0.4605
[2024-01-30 17:38:28] [INFO] local epoch 5, acc: 0.4711
[2024-01-30 17:38:29] [INFO] local epoch 6, acc: 0.4831
[2024-01-30 17:38:30] [INFO] local epoch 7, acc: 0.4653
[2024-01-30 17:38:31] [INFO] local epoch 8, acc: 0.4697
[2024-01-30 17:38:32] [INFO] local epoch 9, acc: 0.4862
[2024-01-30 17:38:33] [INFO] local epoch 10, acc: 0.4743
[2024-01-30 17:38:33] [INFO] [server epoch 4, client 8, local train]
[2024-01-30 17:38:35] [INFO] local epoch 1, acc: 0.3831
[2024-01-30 17:38:36] [INFO] local epoch 2, acc: 0.4171
[2024-01-30 17:38:37] [INFO] local epoch 3, acc: 0.4050
[2024-01-30 17:38:38] [INFO] local epoch 4, acc: 0.4161
[2024-01-30 17:38:39] [INFO] local epoch 5, acc: 0.4275
[2024-01-30 17:38:40] [INFO] local epoch 6, acc: 0.4067
[2024-01-30 17:38:41] [INFO] local epoch 7, acc: 0.4172
[2024-01-30 17:38:42] [INFO] local epoch 8, acc: 0.4216
[2024-01-30 17:38:43] [INFO] local epoch 9, acc: 0.4352
[2024-01-30 17:38:44] [INFO] local epoch 10, acc: 0.4290
[2024-01-30 17:38:44] [INFO] [server epoch 4, client 9, local train]
[2024-01-30 17:38:45] [INFO] local epoch 1, acc: 0.4062
[2024-01-30 17:38:47] [INFO] local epoch 2, acc: 0.4072
[2024-01-30 17:38:48] [INFO] local epoch 3, acc: 0.4079
[2024-01-30 17:38:49] [INFO] local epoch 4, acc: 0.4053
[2024-01-30 17:38:50] [INFO] local epoch 5, acc: 0.4162
[2024-01-30 17:38:51] [INFO] local epoch 6, acc: 0.4128
[2024-01-30 17:38:52] [INFO] local epoch 7, acc: 0.4021
[2024-01-30 17:38:53] [INFO] local epoch 8, acc: 0.4270
[2024-01-30 17:38:54] [INFO] local epoch 9, acc: 0.4513
[2024-01-30 17:38:55] [INFO] local epoch 10, acc: 0.4242
[2024-01-30 17:38:56] [INFO] server epoch 4, acc 0.5713
[2024-01-30 17:38:57] [INFO] server epoch 4, acc 0.5713
[2024-01-30 17:38:58] [INFO] server epoch 4, acc 0.5713
[2024-01-30 17:38:59] [INFO] server epoch 4, acc 0.5713
[2024-01-30 17:38:59] [INFO] server epoch 4, acc 0.5713
[2024-01-30 17:39:00] [INFO] server epoch 4, acc 0.5713
[2024-01-30 17:39:01] [INFO] server epoch 4, acc 0.5713
[2024-01-30 17:39:02] [INFO] server epoch 4, acc 0.5713
[2024-01-30 17:39:03] [INFO] server epoch 4, acc 0.5713
[2024-01-30 17:39:03] [INFO] [server epoch 5, client 1, local train]
[2024-01-30 17:39:04] [INFO] local epoch 1, acc: 0.4687
[2024-01-30 17:39:05] [INFO] local epoch 2, acc: 0.5147
[2024-01-30 17:39:06] [INFO] local epoch 3, acc: 0.5223
[2024-01-30 17:39:07] [INFO] local epoch 4, acc: 0.5129
[2024-01-30 17:39:08] [INFO] local epoch 5, acc: 0.5149
[2024-01-30 17:39:09] [INFO] local epoch 6, acc: 0.5045
[2024-01-30 17:39:10] [INFO] local epoch 7, acc: 0.5120
[2024-01-30 17:39:11] [INFO] local epoch 8, acc: 0.5074
[2024-01-30 17:39:12] [INFO] local epoch 9, acc: 0.5192
[2024-01-30 17:39:13] [INFO] local epoch 10, acc: 0.5245
[2024-01-30 17:39:13] [INFO] [server epoch 5, client 2, local train]
[2024-01-30 17:39:14] [INFO] local epoch 1, acc: 0.4705
[2024-01-30 17:39:15] [INFO] local epoch 2, acc: 0.4671
[2024-01-30 17:39:16] [INFO] local epoch 3, acc: 0.4792
[2024-01-30 17:39:18] [INFO] local epoch 4, acc: 0.4968
[2024-01-30 17:39:19] [INFO] local epoch 5, acc: 0.4791
[2024-01-30 17:39:20] [INFO] local epoch 6, acc: 0.4873
[2024-01-30 17:39:21] [INFO] local epoch 7, acc: 0.4817
[2024-01-30 17:39:22] [INFO] local epoch 8, acc: 0.4792
[2024-01-30 17:39:23] [INFO] local epoch 9, acc: 0.5002
[2024-01-30 17:39:24] [INFO] local epoch 10, acc: 0.4917
[2024-01-30 17:39:24] [INFO] [server epoch 5, client 3, local train]
[2024-01-30 17:39:25] [INFO] local epoch 1, acc: 0.5088
[2024-01-30 17:39:26] [INFO] local epoch 2, acc: 0.5186
[2024-01-30 17:39:27] [INFO] local epoch 3, acc: 0.5182
[2024-01-30 17:39:28] [INFO] local epoch 4, acc: 0.5080
[2024-01-30 17:39:29] [INFO] local epoch 5, acc: 0.5111
[2024-01-30 17:39:30] [INFO] local epoch 6, acc: 0.4979
[2024-01-30 17:39:31] [INFO] local epoch 7, acc: 0.5330
[2024-01-30 17:39:32] [INFO] local epoch 8, acc: 0.5364
[2024-01-30 17:39:33] [INFO] local epoch 9, acc: 0.5276
[2024-01-30 17:39:35] [INFO] local epoch 10, acc: 0.5141
[2024-01-30 17:39:35] [INFO] [server epoch 5, client 4, local train]
[2024-01-30 17:39:36] [INFO] local epoch 1, acc: 0.5069
[2024-01-30 17:39:37] [INFO] local epoch 2, acc: 0.4903
[2024-01-30 17:39:38] [INFO] local epoch 3, acc: 0.5037
[2024-01-30 17:39:39] [INFO] local epoch 4, acc: 0.4757
[2024-01-30 17:39:40] [INFO] local epoch 5, acc: 0.5043
[2024-01-30 17:39:41] [INFO] local epoch 6, acc: 0.4764
[2024-01-30 17:39:42] [INFO] local epoch 7, acc: 0.4879
[2024-01-30 17:39:43] [INFO] local epoch 8, acc: 0.5140
[2024-01-30 17:39:44] [INFO] local epoch 9, acc: 0.4941
[2024-01-30 17:39:45] [INFO] local epoch 10, acc: 0.4969
[2024-01-30 17:39:45] [INFO] [server epoch 5, client 5, local train]
[2024-01-30 17:39:46] [INFO] local epoch 1, acc: 0.5494
[2024-01-30 17:39:47] [INFO] local epoch 2, acc: 0.5538
[2024-01-30 17:39:48] [INFO] local epoch 3, acc: 0.5590
[2024-01-30 17:39:49] [INFO] local epoch 4, acc: 0.5650
[2024-01-30 17:39:50] [INFO] local epoch 5, acc: 0.5686
[2024-01-30 17:39:51] [INFO] local epoch 6, acc: 0.5715
[2024-01-30 17:39:52] [INFO] local epoch 7, acc: 0.5610
[2024-01-30 17:39:54] [INFO] local epoch 8, acc: 0.5717
[2024-01-30 17:39:55] [INFO] local epoch 9, acc: 0.5717
[2024-01-30 17:39:56] [INFO] local epoch 10, acc: 0.5693
[2024-01-30 17:39:56] [INFO] [server epoch 5, client 6, local train]
[2024-01-30 17:39:57] [INFO] local epoch 1, acc: 0.4618
[2024-01-30 17:39:58] [INFO] local epoch 2, acc: 0.4436
[2024-01-30 17:39:59] [INFO] local epoch 3, acc: 0.4439
[2024-01-30 17:40:00] [INFO] local epoch 4, acc: 0.4664
[2024-01-30 17:40:01] [INFO] local epoch 5, acc: 0.4430
[2024-01-30 17:40:02] [INFO] local epoch 6, acc: 0.4290
[2024-01-30 17:40:03] [INFO] local epoch 7, acc: 0.4498
[2024-01-30 17:40:04] [INFO] local epoch 8, acc: 0.4623
[2024-01-30 17:40:05] [INFO] local epoch 9, acc: 0.4417
[2024-01-30 17:40:07] [INFO] local epoch 10, acc: 0.4688
[2024-01-30 17:40:07] [INFO] [server epoch 5, client 7, local train]
[2024-01-30 17:40:08] [INFO] local epoch 1, acc: 0.4801
[2024-01-30 17:40:09] [INFO] local epoch 2, acc: 0.4960
[2024-01-30 17:40:10] [INFO] local epoch 3, acc: 0.5019
[2024-01-30 17:40:11] [INFO] local epoch 4, acc: 0.5033
[2024-01-30 17:40:12] [INFO] local epoch 5, acc: 0.4924
[2024-01-30 17:40:13] [INFO] local epoch 6, acc: 0.5170
[2024-01-30 17:40:14] [INFO] local epoch 7, acc: 0.5005
[2024-01-30 17:40:15] [INFO] local epoch 8, acc: 0.4905
[2024-01-30 17:40:16] [INFO] local epoch 9, acc: 0.4906
[2024-01-30 17:40:17] [INFO] local epoch 10, acc: 0.5108
[2024-01-30 17:40:17] [INFO] [server epoch 5, client 8, local train]
[2024-01-30 17:40:18] [INFO] local epoch 1, acc: 0.4155
[2024-01-30 17:40:19] [INFO] local epoch 2, acc: 0.4313
[2024-01-30 17:40:20] [INFO] local epoch 3, acc: 0.4464
[2024-01-30 17:40:22] [INFO] local epoch 4, acc: 0.4183
[2024-01-30 17:40:23] [INFO] local epoch 5, acc: 0.4264
[2024-01-30 17:40:24] [INFO] local epoch 6, acc: 0.4141
[2024-01-30 17:40:25] [INFO] local epoch 7, acc: 0.4446
[2024-01-30 17:40:26] [INFO] local epoch 8, acc: 0.4478
[2024-01-30 17:40:27] [INFO] local epoch 9, acc: 0.4602
[2024-01-30 17:40:28] [INFO] local epoch 10, acc: 0.4546
[2024-01-30 17:40:28] [INFO] [server epoch 5, client 9, local train]
[2024-01-30 17:40:29] [INFO] local epoch 1, acc: 0.4313
[2024-01-30 17:40:30] [INFO] local epoch 2, acc: 0.4041
[2024-01-30 17:40:31] [INFO] local epoch 3, acc: 0.4301
[2024-01-30 17:40:33] [INFO] local epoch 4, acc: 0.4070
[2024-01-30 17:40:34] [INFO] local epoch 5, acc: 0.4461
[2024-01-30 17:40:35] [INFO] local epoch 6, acc: 0.4169
[2024-01-30 17:40:36] [INFO] local epoch 7, acc: 0.4129
[2024-01-30 17:40:37] [INFO] local epoch 8, acc: 0.4488
[2024-01-30 17:40:38] [INFO] local epoch 9, acc: 0.4360
[2024-01-30 17:40:39] [INFO] local epoch 10, acc: 0.4276
[2024-01-30 17:40:40] [INFO] server epoch 5, acc 0.5866
[2024-01-30 17:40:41] [INFO] server epoch 5, acc 0.5866
[2024-01-30 17:40:42] [INFO] server epoch 5, acc 0.5866
[2024-01-30 17:40:43] [INFO] server epoch 5, acc 0.5866
[2024-01-30 17:40:44] [INFO] server epoch 5, acc 0.5866
[2024-01-30 17:40:44] [INFO] server epoch 5, acc 0.5866
[2024-01-30 17:40:45] [INFO] server epoch 5, acc 0.5866
[2024-01-30 17:40:46] [INFO] server epoch 5, acc 0.5866
[2024-01-30 17:40:47] [INFO] server epoch 5, acc 0.5866
[2024-01-30 17:40:47] [INFO] [server epoch 6, client 1, local train]
[2024-01-30 17:40:48] [INFO] local epoch 1, acc: 0.5180
[2024-01-30 17:40:49] [INFO] local epoch 2, acc: 0.5246
[2024-01-30 17:40:50] [INFO] local epoch 3, acc: 0.5271
[2024-01-30 17:40:52] [INFO] local epoch 4, acc: 0.5217
[2024-01-30 17:40:53] [INFO] local epoch 5, acc: 0.5173
[2024-01-30 17:40:54] [INFO] local epoch 6, acc: 0.5248
[2024-01-30 17:40:55] [INFO] local epoch 7, acc: 0.5374
[2024-01-30 17:40:56] [INFO] local epoch 8, acc: 0.5464
[2024-01-30 17:40:57] [INFO] local epoch 9, acc: 0.5320
[2024-01-30 17:40:58] [INFO] local epoch 10, acc: 0.5232
[2024-01-30 17:40:58] [INFO] [server epoch 6, client 2, local train]
[2024-01-30 17:40:59] [INFO] local epoch 1, acc: 0.4954
[2024-01-30 17:41:00] [INFO] local epoch 2, acc: 0.5007
[2024-01-30 17:41:02] [INFO] local epoch 3, acc: 0.4881
[2024-01-30 17:41:03] [INFO] local epoch 4, acc: 0.4721
[2024-01-30 17:41:04] [INFO] local epoch 5, acc: 0.4974
[2024-01-30 17:41:05] [INFO] local epoch 6, acc: 0.5027
[2024-01-30 17:41:06] [INFO] local epoch 7, acc: 0.5046
[2024-01-30 17:41:07] [INFO] local epoch 8, acc: 0.4924
[2024-01-30 17:41:08] [INFO] local epoch 9, acc: 0.5246
[2024-01-30 17:41:09] [INFO] local epoch 10, acc: 0.5063
[2024-01-30 17:41:09] [INFO] [server epoch 6, client 3, local train]
[2024-01-30 17:41:10] [INFO] local epoch 1, acc: 0.5503
[2024-01-30 17:41:12] [INFO] local epoch 2, acc: 0.5265
[2024-01-30 17:41:13] [INFO] local epoch 3, acc: 0.5341
[2024-01-30 17:41:14] [INFO] local epoch 4, acc: 0.5306
[2024-01-30 17:41:15] [INFO] local epoch 5, acc: 0.5224
[2024-01-30 17:41:16] [INFO] local epoch 6, acc: 0.5443
[2024-01-30 17:41:17] [INFO] local epoch 7, acc: 0.5475
[2024-01-30 17:41:18] [INFO] local epoch 8, acc: 0.5379
[2024-01-30 17:41:19] [INFO] local epoch 9, acc: 0.5486
[2024-01-30 17:41:21] [INFO] local epoch 10, acc: 0.5181
[2024-01-30 17:41:21] [INFO] [server epoch 6, client 4, local train]
[2024-01-30 17:41:22] [INFO] local epoch 1, acc: 0.5127
[2024-01-30 17:41:23] [INFO] local epoch 2, acc: 0.5036
[2024-01-30 17:41:24] [INFO] local epoch 3, acc: 0.4796
[2024-01-30 17:41:25] [INFO] local epoch 4, acc: 0.4918
[2024-01-30 17:41:26] [INFO] local epoch 5, acc: 0.5150
[2024-01-30 17:41:27] [INFO] local epoch 6, acc: 0.5286
[2024-01-30 17:41:28] [INFO] local epoch 7, acc: 0.5034
[2024-01-30 17:41:29] [INFO] local epoch 8, acc: 0.5125
[2024-01-30 17:41:30] [INFO] local epoch 9, acc: 0.5151
[2024-01-30 17:41:31] [INFO] local epoch 10, acc: 0.5245
[2024-01-30 17:41:31] [INFO] [server epoch 6, client 5, local train]
[2024-01-30 17:41:32] [INFO] local epoch 1, acc: 0.5653
[2024-01-30 17:41:33] [INFO] local epoch 2, acc: 0.5796
[2024-01-30 17:41:34] [INFO] local epoch 3, acc: 0.5752
[2024-01-30 17:41:36] [INFO] local epoch 4, acc: 0.5866
[2024-01-30 17:41:37] [INFO] local epoch 5, acc: 0.5819
[2024-01-30 17:41:38] [INFO] local epoch 6, acc: 0.5836
[2024-01-30 17:41:39] [INFO] local epoch 7, acc: 0.5869
[2024-01-30 17:41:40] [INFO] local epoch 8, acc: 0.5651
[2024-01-30 17:41:41] [INFO] local epoch 9, acc: 0.5855
[2024-01-30 17:41:42] [INFO] local epoch 10, acc: 0.5849
[2024-01-30 17:41:42] [INFO] [server epoch 6, client 6, local train]
[2024-01-30 17:41:43] [INFO] local epoch 1, acc: 0.4760
[2024-01-30 17:41:44] [INFO] local epoch 2, acc: 0.4815
[2024-01-30 17:41:45] [INFO] local epoch 3, acc: 0.4564
[2024-01-30 17:41:46] [INFO] local epoch 4, acc: 0.4786
[2024-01-30 17:41:47] [INFO] local epoch 5, acc: 0.4909
[2024-01-30 17:41:48] [INFO] local epoch 6, acc: 0.4698
[2024-01-30 17:41:50] [INFO] local epoch 7, acc: 0.4865
[2024-01-30 17:41:51] [INFO] local epoch 8, acc: 0.5077
[2024-01-30 17:41:52] [INFO] local epoch 9, acc: 0.4758
[2024-01-30 17:41:53] [INFO] local epoch 10, acc: 0.4585
[2024-01-30 17:41:53] [INFO] [server epoch 6, client 7, local train]
[2024-01-30 17:41:54] [INFO] local epoch 1, acc: 0.5178
[2024-01-30 17:41:55] [INFO] local epoch 2, acc: 0.5087
[2024-01-30 17:41:56] [INFO] local epoch 3, acc: 0.5091
[2024-01-30 17:41:57] [INFO] local epoch 4, acc: 0.5287
[2024-01-30 17:41:58] [INFO] local epoch 5, acc: 0.5071
[2024-01-30 17:41:59] [INFO] local epoch 6, acc: 0.5157
[2024-01-30 17:42:00] [INFO] local epoch 7, acc: 0.5130
[2024-01-30 17:42:01] [INFO] local epoch 8, acc: 0.5350
[2024-01-30 17:42:02] [INFO] local epoch 9, acc: 0.5339
[2024-01-30 17:42:03] [INFO] local epoch 10, acc: 0.5177
[2024-01-30 17:42:03] [INFO] [server epoch 6, client 8, local train]
[2024-01-30 17:42:04] [INFO] local epoch 1, acc: 0.4630
[2024-01-30 17:42:05] [INFO] local epoch 2, acc: 0.4512
[2024-01-30 17:42:07] [INFO] local epoch 3, acc: 0.4545
[2024-01-30 17:42:08] [INFO] local epoch 4, acc: 0.4675
[2024-01-30 17:42:09] [INFO] local epoch 5, acc: 0.4511
[2024-01-30 17:42:10] [INFO] local epoch 6, acc: 0.4378
[2024-01-30 17:42:11] [INFO] local epoch 7, acc: 0.4799
[2024-01-30 17:42:12] [INFO] local epoch 8, acc: 0.4782
[2024-01-30 17:42:13] [INFO] local epoch 9, acc: 0.4748
[2024-01-30 17:42:14] [INFO] local epoch 10, acc: 0.4443
[2024-01-30 17:42:14] [INFO] [server epoch 6, client 9, local train]
[2024-01-30 17:42:15] [INFO] local epoch 1, acc: 0.4440
[2024-01-30 17:42:16] [INFO] local epoch 2, acc: 0.4496
[2024-01-30 17:42:18] [INFO] local epoch 3, acc: 0.4556
[2024-01-30 17:42:19] [INFO] local epoch 4, acc: 0.4506
[2024-01-30 17:42:20] [INFO] local epoch 5, acc: 0.4652
[2024-01-30 17:42:21] [INFO] local epoch 6, acc: 0.4590
[2024-01-30 17:42:22] [INFO] local epoch 7, acc: 0.4183
[2024-01-30 17:42:23] [INFO] local epoch 8, acc: 0.4591
[2024-01-30 17:42:24] [INFO] local epoch 9, acc: 0.4353
[2024-01-30 17:42:25] [INFO] local epoch 10, acc: 0.4613
[2024-01-30 17:42:26] [INFO] server epoch 6, acc 0.6036
[2024-01-30 17:42:27] [INFO] server epoch 6, acc 0.6036
[2024-01-30 17:42:28] [INFO] server epoch 6, acc 0.6036
[2024-01-30 17:42:29] [INFO] server epoch 6, acc 0.6036
[2024-01-30 17:42:30] [INFO] server epoch 6, acc 0.6036
[2024-01-30 17:42:30] [INFO] server epoch 6, acc 0.6036
[2024-01-30 17:42:31] [INFO] server epoch 6, acc 0.6036
[2024-01-30 17:42:32] [INFO] server epoch 6, acc 0.6036
[2024-01-30 17:42:33] [INFO] server epoch 6, acc 0.6036
[2024-01-30 17:42:33] [INFO] [server epoch 7, client 1, local train]
[2024-01-30 17:42:34] [INFO] local epoch 1, acc: 0.5373
[2024-01-30 17:42:35] [INFO] local epoch 2, acc: 0.5391
[2024-01-30 17:42:36] [INFO] local epoch 3, acc: 0.5352
[2024-01-30 17:42:37] [INFO] local epoch 4, acc: 0.5385
[2024-01-30 17:42:38] [INFO] local epoch 5, acc: 0.5362
[2024-01-30 17:42:40] [INFO] local epoch 6, acc: 0.5263
[2024-01-30 17:42:41] [INFO] local epoch 7, acc: 0.5499
[2024-01-30 17:42:42] [INFO] local epoch 8, acc: 0.5391
[2024-01-30 17:42:43] [INFO] local epoch 9, acc: 0.5479
[2024-01-30 17:42:44] [INFO] local epoch 10, acc: 0.5540
[2024-01-30 17:42:44] [INFO] [server epoch 7, client 2, local train]
[2024-01-30 17:42:45] [INFO] local epoch 1, acc: 0.5047
[2024-01-30 17:42:46] [INFO] local epoch 2, acc: 0.5230
[2024-01-30 17:42:48] [INFO] local epoch 3, acc: 0.4967
[2024-01-30 17:42:49] [INFO] local epoch 4, acc: 0.5071
[2024-01-30 17:42:50] [INFO] local epoch 5, acc: 0.4880
[2024-01-30 17:42:51] [INFO] local epoch 6, acc: 0.5272
[2024-01-30 17:42:52] [INFO] local epoch 7, acc: 0.5266
[2024-01-30 17:42:53] [INFO] local epoch 8, acc: 0.5087
[2024-01-30 17:42:54] [INFO] local epoch 9, acc: 0.5143
[2024-01-30 17:42:55] [INFO] local epoch 10, acc: 0.5023
[2024-01-30 17:42:55] [INFO] [server epoch 7, client 3, local train]
[2024-01-30 17:42:57] [INFO] local epoch 1, acc: 0.5501
[2024-01-30 17:42:58] [INFO] local epoch 2, acc: 0.5298
[2024-01-30 17:42:59] [INFO] local epoch 3, acc: 0.5482
[2024-01-30 17:43:00] [INFO] local epoch 4, acc: 0.5531
[2024-01-30 17:43:01] [INFO] local epoch 5, acc: 0.5521
[2024-01-30 17:43:02] [INFO] local epoch 6, acc: 0.5575
[2024-01-30 17:43:03] [INFO] local epoch 7, acc: 0.5579
[2024-01-30 17:43:04] [INFO] local epoch 8, acc: 0.5500
[2024-01-30 17:43:06] [INFO] local epoch 9, acc: 0.5462
[2024-01-30 17:43:07] [INFO] local epoch 10, acc: 0.5478
[2024-01-30 17:43:07] [INFO] [server epoch 7, client 4, local train]
[2024-01-30 17:43:08] [INFO] local epoch 1, acc: 0.5365
[2024-01-30 17:43:09] [INFO] local epoch 2, acc: 0.5331
[2024-01-30 17:43:10] [INFO] local epoch 3, acc: 0.5057
[2024-01-30 17:43:11] [INFO] local epoch 4, acc: 0.4892
[2024-01-30 17:43:12] [INFO] local epoch 5, acc: 0.5145
[2024-01-30 17:43:13] [INFO] local epoch 6, acc: 0.5199
[2024-01-30 17:43:14] [INFO] local epoch 7, acc: 0.5272
[2024-01-30 17:43:15] [INFO] local epoch 8, acc: 0.5370
[2024-01-30 17:43:16] [INFO] local epoch 9, acc: 0.5278
[2024-01-30 17:43:17] [INFO] local epoch 10, acc: 0.5046
[2024-01-30 17:43:17] [INFO] [server epoch 7, client 5, local train]
[2024-01-30 17:43:19] [INFO] local epoch 1, acc: 0.5961
[2024-01-30 17:43:20] [INFO] local epoch 2, acc: 0.5922
[2024-01-30 17:43:21] [INFO] local epoch 3, acc: 0.5962
[2024-01-30 17:43:22] [INFO] local epoch 4, acc: 0.5972
[2024-01-30 17:43:23] [INFO] local epoch 5, acc: 0.5945
[2024-01-30 17:43:24] [INFO] local epoch 6, acc: 0.5950
[2024-01-30 17:43:25] [INFO] local epoch 7, acc: 0.5999
[2024-01-30 17:43:26] [INFO] local epoch 8, acc: 0.5879
[2024-01-30 17:43:27] [INFO] local epoch 9, acc: 0.5950
[2024-01-30 17:43:28] [INFO] local epoch 10, acc: 0.5908
[2024-01-30 17:43:28] [INFO] [server epoch 7, client 6, local train]
[2024-01-30 17:43:30] [INFO] local epoch 1, acc: 0.5094
[2024-01-30 17:43:31] [INFO] local epoch 2, acc: 0.4827
[2024-01-30 17:43:32] [INFO] local epoch 3, acc: 0.4697
[2024-01-30 17:43:33] [INFO] local epoch 4, acc: 0.4878
[2024-01-30 17:43:34] [INFO] local epoch 5, acc: 0.4757
[2024-01-30 17:43:35] [INFO] local epoch 6, acc: 0.4954
[2024-01-30 17:43:36] [INFO] local epoch 7, acc: 0.4927
[2024-01-30 17:43:37] [INFO] local epoch 8, acc: 0.5019
[2024-01-30 17:43:38] [INFO] local epoch 9, acc: 0.4619
[2024-01-30 17:43:39] [INFO] local epoch 10, acc: 0.5029
[2024-01-30 17:43:39] [INFO] [server epoch 7, client 7, local train]
[2024-01-30 17:43:40] [INFO] local epoch 1, acc: 0.5558
[2024-01-30 17:43:41] [INFO] local epoch 2, acc: 0.5313
[2024-01-30 17:43:43] [INFO] local epoch 3, acc: 0.5358
[2024-01-30 17:43:44] [INFO] local epoch 4, acc: 0.5307
[2024-01-30 17:43:45] [INFO] local epoch 5, acc: 0.5228
[2024-01-30 17:43:46] [INFO] local epoch 6, acc: 0.5183
[2024-01-30 17:43:47] [INFO] local epoch 7, acc: 0.5419
[2024-01-30 17:43:48] [INFO] local epoch 8, acc: 0.5371
[2024-01-30 17:43:49] [INFO] local epoch 9, acc: 0.5373
[2024-01-30 17:43:50] [INFO] local epoch 10, acc: 0.5134
[2024-01-30 17:43:50] [INFO] [server epoch 7, client 8, local train]
[2024-01-30 17:43:51] [INFO] local epoch 1, acc: 0.4654
[2024-01-30 17:43:52] [INFO] local epoch 2, acc: 0.4544
[2024-01-30 17:43:53] [INFO] local epoch 3, acc: 0.4726
[2024-01-30 17:43:54] [INFO] local epoch 4, acc: 0.4780
[2024-01-30 17:43:55] [INFO] local epoch 5, acc: 0.4843
[2024-01-30 17:43:56] [INFO] local epoch 6, acc: 0.4733
[2024-01-30 17:43:57] [INFO] local epoch 7, acc: 0.4775
[2024-01-30 17:43:59] [INFO] local epoch 8, acc: 0.4893
[2024-01-30 17:44:00] [INFO] local epoch 9, acc: 0.4812
[2024-01-30 17:44:01] [INFO] local epoch 10, acc: 0.4778
[2024-01-30 17:44:01] [INFO] [server epoch 7, client 9, local train]
[2024-01-30 17:44:02] [INFO] local epoch 1, acc: 0.4712
[2024-01-30 17:44:03] [INFO] local epoch 2, acc: 0.4737
[2024-01-30 17:44:04] [INFO] local epoch 3, acc: 0.4508
[2024-01-30 17:44:05] [INFO] local epoch 4, acc: 0.4716
[2024-01-30 17:44:06] [INFO] local epoch 5, acc: 0.4665
[2024-01-30 17:44:07] [INFO] local epoch 6, acc: 0.4619
[2024-01-30 17:44:08] [INFO] local epoch 7, acc: 0.4553
[2024-01-30 17:44:10] [INFO] local epoch 8, acc: 0.4678
[2024-01-30 17:44:11] [INFO] local epoch 9, acc: 0.4616
[2024-01-30 17:44:12] [INFO] local epoch 10, acc: 0.4692
[2024-01-30 17:44:13] [INFO] server epoch 7, acc 0.6151
[2024-01-30 17:44:14] [INFO] server epoch 7, acc 0.6151
[2024-01-30 17:44:14] [INFO] server epoch 7, acc 0.6151
[2024-01-30 17:44:15] [INFO] server epoch 7, acc 0.6151
[2024-01-30 17:44:16] [INFO] server epoch 7, acc 0.6151
[2024-01-30 17:44:17] [INFO] server epoch 7, acc 0.6151
[2024-01-30 17:44:18] [INFO] server epoch 7, acc 0.6151
[2024-01-30 17:44:19] [INFO] server epoch 7, acc 0.6151
[2024-01-30 17:44:19] [INFO] server epoch 7, acc 0.6151
[2024-01-30 17:44:19] [INFO] [server epoch 8, client 1, local train]
[2024-01-30 17:44:21] [INFO] local epoch 1, acc: 0.5380
[2024-01-30 17:44:22] [INFO] local epoch 2, acc: 0.5497
[2024-01-30 17:44:23] [INFO] local epoch 3, acc: 0.5380
[2024-01-30 17:44:24] [INFO] local epoch 4, acc: 0.5636
[2024-01-30 17:44:25] [INFO] local epoch 5, acc: 0.5535
[2024-01-30 17:44:26] [INFO] local epoch 6, acc: 0.5471
[2024-01-30 17:44:27] [INFO] local epoch 7, acc: 0.5497
[2024-01-30 17:44:28] [INFO] local epoch 8, acc: 0.5393
[2024-01-30 17:44:30] [INFO] local epoch 9, acc: 0.5336
[2024-01-30 17:44:31] [INFO] local epoch 10, acc: 0.5556
[2024-01-30 17:44:31] [INFO] [server epoch 8, client 2, local train]
[2024-01-30 17:44:32] [INFO] local epoch 1, acc: 0.5311
[2024-01-30 17:44:33] [INFO] local epoch 2, acc: 0.5368
[2024-01-30 17:44:34] [INFO] local epoch 3, acc: 0.5093
[2024-01-30 17:44:35] [INFO] local epoch 4, acc: 0.5037
[2024-01-30 17:44:36] [INFO] local epoch 5, acc: 0.5207
[2024-01-30 17:44:37] [INFO] local epoch 6, acc: 0.5304
[2024-01-30 17:44:39] [INFO] local epoch 7, acc: 0.5233
[2024-01-30 17:44:40] [INFO] local epoch 8, acc: 0.5140
[2024-01-30 17:44:41] [INFO] local epoch 9, acc: 0.5154
[2024-01-30 17:44:42] [INFO] local epoch 10, acc: 0.5185
[2024-01-30 17:44:42] [INFO] [server epoch 8, client 3, local train]
[2024-01-30 17:44:43] [INFO] local epoch 1, acc: 0.5701
[2024-01-30 17:44:44] [INFO] local epoch 2, acc: 0.5708
[2024-01-30 17:44:45] [INFO] local epoch 3, acc: 0.5443
[2024-01-30 17:44:46] [INFO] local epoch 4, acc: 0.5753
[2024-01-30 17:44:47] [INFO] local epoch 5, acc: 0.5556
[2024-01-30 17:44:49] [INFO] local epoch 6, acc: 0.5742
[2024-01-30 17:44:50] [INFO] local epoch 7, acc: 0.5610
[2024-01-30 17:44:51] [INFO] local epoch 8, acc: 0.5576
[2024-01-30 17:44:52] [INFO] local epoch 9, acc: 0.5627
[2024-01-30 17:44:53] [INFO] local epoch 10, acc: 0.5707
[2024-01-30 17:44:53] [INFO] [server epoch 8, client 4, local train]
[2024-01-30 17:44:54] [INFO] local epoch 1, acc: 0.5345
[2024-01-30 17:44:55] [INFO] local epoch 2, acc: 0.5293
[2024-01-30 17:44:56] [INFO] local epoch 3, acc: 0.5513
[2024-01-30 17:44:57] [INFO] local epoch 4, acc: 0.5389
[2024-01-30 17:44:58] [INFO] local epoch 5, acc: 0.5274
[2024-01-30 17:45:00] [INFO] local epoch 6, acc: 0.5260
[2024-01-30 17:45:01] [INFO] local epoch 7, acc: 0.5441
[2024-01-30 17:45:02] [INFO] local epoch 8, acc: 0.5161
[2024-01-30 17:45:03] [INFO] local epoch 9, acc: 0.5435
[2024-01-30 17:45:04] [INFO] local epoch 10, acc: 0.5319
[2024-01-30 17:45:04] [INFO] [server epoch 8, client 5, local train]
[2024-01-30 17:45:05] [INFO] local epoch 1, acc: 0.6036
[2024-01-30 17:45:06] [INFO] local epoch 2, acc: 0.6089
[2024-01-30 17:45:07] [INFO] local epoch 3, acc: 0.6046
[2024-01-30 17:45:08] [INFO] local epoch 4, acc: 0.6109
[2024-01-30 17:45:09] [INFO] local epoch 5, acc: 0.6064
[2024-01-30 17:45:10] [INFO] local epoch 6, acc: 0.5864
[2024-01-30 17:45:12] [INFO] local epoch 7, acc: 0.5984
[2024-01-30 17:45:13] [INFO] local epoch 8, acc: 0.5976
[2024-01-30 17:45:14] [INFO] local epoch 9, acc: 0.5993
[2024-01-30 17:45:15] [INFO] local epoch 10, acc: 0.5978
[2024-01-30 17:45:15] [INFO] [server epoch 8, client 6, local train]
[2024-01-30 17:45:16] [INFO] local epoch 1, acc: 0.5458
[2024-01-30 17:45:17] [INFO] local epoch 2, acc: 0.4906
[2024-01-30 17:45:18] [INFO] local epoch 3, acc: 0.5208
[2024-01-30 17:45:19] [INFO] local epoch 4, acc: 0.4803
[2024-01-30 17:45:20] [INFO] local epoch 5, acc: 0.5163
[2024-01-30 17:45:21] [INFO] local epoch 6, acc: 0.5207
[2024-01-30 17:45:22] [INFO] local epoch 7, acc: 0.4985
[2024-01-30 17:45:23] [INFO] local epoch 8, acc: 0.5140
[2024-01-30 17:45:25] [INFO] local epoch 9, acc: 0.5152
[2024-01-30 17:45:26] [INFO] local epoch 10, acc: 0.4990
[2024-01-30 17:45:26] [INFO] [server epoch 8, client 7, local train]
[2024-01-30 17:45:27] [INFO] local epoch 1, acc: 0.5619
[2024-01-30 17:45:28] [INFO] local epoch 2, acc: 0.5497
[2024-01-30 17:45:29] [INFO] local epoch 3, acc: 0.5544
[2024-01-30 17:45:30] [INFO] local epoch 4, acc: 0.5355
[2024-01-30 17:45:31] [INFO] local epoch 5, acc: 0.5626
[2024-01-30 17:45:32] [INFO] local epoch 6, acc: 0.5536
[2024-01-30 17:45:33] [INFO] local epoch 7, acc: 0.5221
[2024-01-30 17:45:34] [INFO] local epoch 8, acc: 0.5491
[2024-01-30 17:45:35] [INFO] local epoch 9, acc: 0.5453
[2024-01-30 17:45:36] [INFO] local epoch 10, acc: 0.5571
[2024-01-30 17:45:36] [INFO] [server epoch 8, client 8, local train]
[2024-01-30 17:45:37] [INFO] local epoch 1, acc: 0.4803
[2024-01-30 17:45:38] [INFO] local epoch 2, acc: 0.4987
[2024-01-30 17:45:39] [INFO] local epoch 3, acc: 0.4958
[2024-01-30 17:45:40] [INFO] local epoch 4, acc: 0.5192
[2024-01-30 17:45:42] [INFO] local epoch 5, acc: 0.4883
[2024-01-30 17:45:43] [INFO] local epoch 6, acc: 0.5007
[2024-01-30 17:45:44] [INFO] local epoch 7, acc: 0.4826
[2024-01-30 17:45:45] [INFO] local epoch 8, acc: 0.4646
[2024-01-30 17:45:46] [INFO] local epoch 9, acc: 0.4787
[2024-01-30 17:45:47] [INFO] local epoch 10, acc: 0.4996
[2024-01-30 17:45:47] [INFO] [server epoch 8, client 9, local train]
[2024-01-30 17:45:48] [INFO] local epoch 1, acc: 0.4925
[2024-01-30 17:45:49] [INFO] local epoch 2, acc: 0.4754
[2024-01-30 17:45:50] [INFO] local epoch 3, acc: 0.4875
[2024-01-30 17:45:51] [INFO] local epoch 4, acc: 0.4699
[2024-01-30 17:45:53] [INFO] local epoch 5, acc: 0.4725
[2024-01-30 17:45:54] [INFO] local epoch 6, acc: 0.4632
[2024-01-30 17:45:55] [INFO] local epoch 7, acc: 0.4618
[2024-01-30 17:45:56] [INFO] local epoch 8, acc: 0.4946
[2024-01-30 17:45:57] [INFO] local epoch 9, acc: 0.4920
[2024-01-30 17:45:58] [INFO] local epoch 10, acc: 0.4570
[2024-01-30 17:45:59] [INFO] server epoch 8, acc 0.6252
[2024-01-30 17:46:00] [INFO] server epoch 8, acc 0.6252
[2024-01-30 17:46:01] [INFO] server epoch 8, acc 0.6252
[2024-01-30 17:46:01] [INFO] server epoch 8, acc 0.6252
[2024-01-30 17:46:02] [INFO] server epoch 8, acc 0.6252
[2024-01-30 17:46:03] [INFO] server epoch 8, acc 0.6252
[2024-01-30 17:46:04] [INFO] server epoch 8, acc 0.6252
[2024-01-30 17:46:05] [INFO] server epoch 8, acc 0.6252
[2024-01-30 17:46:06] [INFO] server epoch 8, acc 0.6252
[2024-01-30 17:46:06] [INFO] [server epoch 9, client 1, local train]
[2024-01-30 17:46:07] [INFO] local epoch 1, acc: 0.5713
[2024-01-30 17:46:08] [INFO] local epoch 2, acc: 0.5443
[2024-01-30 17:46:09] [INFO] local epoch 3, acc: 0.5686
[2024-01-30 17:46:10] [INFO] local epoch 4, acc: 0.5587
[2024-01-30 17:46:11] [INFO] local epoch 5, acc: 0.5757
[2024-01-30 17:46:12] [INFO] local epoch 6, acc: 0.5579
[2024-01-30 17:46:13] [INFO] local epoch 7, acc: 0.5556
[2024-01-30 17:46:14] [INFO] local epoch 8, acc: 0.5471
[2024-01-30 17:46:16] [INFO] local epoch 9, acc: 0.5575
[2024-01-30 17:46:17] [INFO] local epoch 10, acc: 0.5364
[2024-01-30 17:46:17] [INFO] [server epoch 9, client 2, local train]
[2024-01-30 17:46:18] [INFO] local epoch 1, acc: 0.5384
[2024-01-30 17:46:19] [INFO] local epoch 2, acc: 0.5249
[2024-01-30 17:46:20] [INFO] local epoch 3, acc: 0.5422
[2024-01-30 17:46:21] [INFO] local epoch 4, acc: 0.5195
[2024-01-30 17:46:22] [INFO] local epoch 5, acc: 0.5339
[2024-01-30 17:46:24] [INFO] local epoch 6, acc: 0.5166
[2024-01-30 17:46:25] [INFO] local epoch 7, acc: 0.5418
[2024-01-30 17:46:26] [INFO] local epoch 8, acc: 0.5236
[2024-01-30 17:46:27] [INFO] local epoch 9, acc: 0.5057
[2024-01-30 17:46:28] [INFO] local epoch 10, acc: 0.5214
[2024-01-30 17:46:28] [INFO] [server epoch 9, client 3, local train]
[2024-01-30 17:46:29] [INFO] local epoch 1, acc: 0.5880
[2024-01-30 17:46:30] [INFO] local epoch 2, acc: 0.5740
[2024-01-30 17:46:31] [INFO] local epoch 3, acc: 0.5728
[2024-01-30 17:46:33] [INFO] local epoch 4, acc: 0.5744
[2024-01-30 17:46:34] [INFO] local epoch 5, acc: 0.5754
[2024-01-30 17:46:35] [INFO] local epoch 6, acc: 0.5772
[2024-01-30 17:46:36] [INFO] local epoch 7, acc: 0.5707
[2024-01-30 17:46:37] [INFO] local epoch 8, acc: 0.5782
[2024-01-30 17:46:38] [INFO] local epoch 9, acc: 0.5748
[2024-01-30 17:46:39] [INFO] local epoch 10, acc: 0.5699
[2024-01-30 17:46:39] [INFO] [server epoch 9, client 4, local train]
[2024-01-30 17:46:40] [INFO] local epoch 1, acc: 0.5522
[2024-01-30 17:46:41] [INFO] local epoch 2, acc: 0.5309
[2024-01-30 17:46:42] [INFO] local epoch 3, acc: 0.5279
[2024-01-30 17:46:43] [INFO] local epoch 4, acc: 0.5577
[2024-01-30 17:46:45] [INFO] local epoch 5, acc: 0.5500
[2024-01-30 17:46:46] [INFO] local epoch 6, acc: 0.5538
[2024-01-30 17:46:47] [INFO] local epoch 7, acc: 0.5624
[2024-01-30 17:46:48] [INFO] local epoch 8, acc: 0.5458
[2024-01-30 17:46:49] [INFO] local epoch 9, acc: 0.5195
[2024-01-30 17:46:50] [INFO] local epoch 10, acc: 0.5715
[2024-01-30 17:46:50] [INFO] [server epoch 9, client 5, local train]
[2024-01-30 17:46:51] [INFO] local epoch 1, acc: 0.6189
[2024-01-30 17:46:52] [INFO] local epoch 2, acc: 0.6050
[2024-01-30 17:46:53] [INFO] local epoch 3, acc: 0.6118
[2024-01-30 17:46:54] [INFO] local epoch 4, acc: 0.6137
[2024-01-30 17:46:55] [INFO] local epoch 5, acc: 0.6165
[2024-01-30 17:46:56] [INFO] local epoch 6, acc: 0.6204
[2024-01-30 17:46:57] [INFO] local epoch 7, acc: 0.6186
[2024-01-30 17:46:59] [INFO] local epoch 8, acc: 0.6137
[2024-01-30 17:47:00] [INFO] local epoch 9, acc: 0.6046
[2024-01-30 17:47:01] [INFO] local epoch 10, acc: 0.6183
[2024-01-30 17:47:01] [INFO] [server epoch 9, client 6, local train]
[2024-01-30 17:47:02] [INFO] local epoch 1, acc: 0.5262
[2024-01-30 17:47:03] [INFO] local epoch 2, acc: 0.5519
[2024-01-30 17:47:04] [INFO] local epoch 3, acc: 0.5067
[2024-01-30 17:47:05] [INFO] local epoch 4, acc: 0.5324
[2024-01-30 17:47:06] [INFO] local epoch 5, acc: 0.5070
[2024-01-30 17:47:07] [INFO] local epoch 6, acc: 0.5150
[2024-01-30 17:47:08] [INFO] local epoch 7, acc: 0.5237
[2024-01-30 17:47:09] [INFO] local epoch 8, acc: 0.5200
[2024-01-30 17:47:10] [INFO] local epoch 9, acc: 0.5285
[2024-01-30 17:47:11] [INFO] local epoch 10, acc: 0.5320
[2024-01-30 17:47:11] [INFO] [server epoch 9, client 7, local train]
[2024-01-30 17:47:12] [INFO] local epoch 1, acc: 0.5852
[2024-01-30 17:47:13] [INFO] local epoch 2, acc: 0.5522
[2024-01-30 17:47:14] [INFO] local epoch 3, acc: 0.5615
[2024-01-30 17:47:15] [INFO] local epoch 4, acc: 0.5645
[2024-01-30 17:47:16] [INFO] local epoch 5, acc: 0.5581
[2024-01-30 17:47:17] [INFO] local epoch 6, acc: 0.5500
[2024-01-30 17:47:18] [INFO] local epoch 7, acc: 0.5664
[2024-01-30 17:47:19] [INFO] local epoch 8, acc: 0.5348
[2024-01-30 17:47:20] [INFO] local epoch 9, acc: 0.5523
[2024-01-30 17:47:21] [INFO] local epoch 10, acc: 0.5592
[2024-01-30 17:47:21] [INFO] [server epoch 9, client 8, local train]
[2024-01-30 17:47:22] [INFO] local epoch 1, acc: 0.5227
[2024-01-30 17:47:23] [INFO] local epoch 2, acc: 0.4990
[2024-01-30 17:47:24] [INFO] local epoch 3, acc: 0.4958
[2024-01-30 17:47:25] [INFO] local epoch 4, acc: 0.5021
[2024-01-30 17:47:25] [INFO] local epoch 5, acc: 0.5057
[2024-01-30 17:47:26] [INFO] local epoch 6, acc: 0.5126
[2024-01-30 17:47:27] [INFO] local epoch 7, acc: 0.4989
[2024-01-30 17:47:28] [INFO] local epoch 8, acc: 0.5226
[2024-01-30 17:47:29] [INFO] local epoch 9, acc: 0.5203
[2024-01-30 17:47:30] [INFO] local epoch 10, acc: 0.4803
[2024-01-30 17:47:30] [INFO] [server epoch 9, client 9, local train]
[2024-01-30 17:47:31] [INFO] local epoch 1, acc: 0.4939
[2024-01-30 17:47:32] [INFO] local epoch 2, acc: 0.4709
[2024-01-30 17:47:33] [INFO] local epoch 3, acc: 0.4679
[2024-01-30 17:47:34] [INFO] local epoch 4, acc: 0.4825
[2024-01-30 17:47:35] [INFO] local epoch 5, acc: 0.4714
[2024-01-30 17:47:36] [INFO] local epoch 6, acc: 0.4611
[2024-01-30 17:47:37] [INFO] local epoch 7, acc: 0.4778
[2024-01-30 17:47:38] [INFO] local epoch 8, acc: 0.4802
[2024-01-30 17:47:39] [INFO] local epoch 9, acc: 0.4875
[2024-01-30 17:47:40] [INFO] local epoch 10, acc: 0.5038
[2024-01-30 17:47:41] [INFO] server epoch 9, acc 0.6344
[2024-01-30 17:47:42] [INFO] server epoch 9, acc 0.6344
[2024-01-30 17:47:43] [INFO] server epoch 9, acc 0.6344
[2024-01-30 17:47:44] [INFO] server epoch 9, acc 0.6344
[2024-01-30 17:47:44] [INFO] server epoch 9, acc 0.6344
[2024-01-30 17:47:45] [INFO] server epoch 9, acc 0.6344
[2024-01-30 17:47:46] [INFO] server epoch 9, acc 0.6344
[2024-01-30 17:47:47] [INFO] server epoch 9, acc 0.6344
[2024-01-30 17:47:47] [INFO] server epoch 9, acc 0.6344
[2024-01-30 17:47:47] [INFO] [server epoch 10, client 1, local train]
[2024-01-30 17:47:48] [INFO] local epoch 1, acc: 0.5605
[2024-01-30 17:47:49] [INFO] local epoch 2, acc: 0.5703
[2024-01-30 17:47:50] [INFO] local epoch 3, acc: 0.5756
[2024-01-30 17:47:51] [INFO] local epoch 4, acc: 0.5652
[2024-01-30 17:47:52] [INFO] local epoch 5, acc: 0.5584
[2024-01-30 17:47:53] [INFO] local epoch 6, acc: 0.5769
[2024-01-30 17:47:55] [INFO] local epoch 7, acc: 0.5616
[2024-01-30 17:47:56] [INFO] local epoch 8, acc: 0.5728
[2024-01-30 17:47:57] [INFO] local epoch 9, acc: 0.5691
[2024-01-30 17:47:58] [INFO] local epoch 10, acc: 0.5641
[2024-01-30 17:47:58] [INFO] [server epoch 10, client 2, local train]
[2024-01-30 17:47:59] [INFO] local epoch 1, acc: 0.5345
[2024-01-30 17:48:00] [INFO] local epoch 2, acc: 0.5324
[2024-01-30 17:48:01] [INFO] local epoch 3, acc: 0.5352
[2024-01-30 17:48:02] [INFO] local epoch 4, acc: 0.5404
[2024-01-30 17:48:03] [INFO] local epoch 5, acc: 0.5366
[2024-01-30 17:48:04] [INFO] local epoch 6, acc: 0.5460
[2024-01-30 17:48:05] [INFO] local epoch 7, acc: 0.5311
[2024-01-30 17:48:06] [INFO] local epoch 8, acc: 0.5458
[2024-01-30 17:48:07] [INFO] local epoch 9, acc: 0.5284
[2024-01-30 17:48:08] [INFO] local epoch 10, acc: 0.5122
[2024-01-30 17:48:08] [INFO] [server epoch 10, client 3, local train]
[2024-01-30 17:48:09] [INFO] local epoch 1, acc: 0.5718
[2024-01-30 17:48:10] [INFO] local epoch 2, acc: 0.5866
[2024-01-30 17:48:11] [INFO] local epoch 3, acc: 0.5909
[2024-01-30 17:48:12] [INFO] local epoch 4, acc: 0.5614
[2024-01-30 17:48:13] [INFO] local epoch 5, acc: 0.5913
[2024-01-30 17:48:14] [INFO] local epoch 6, acc: 0.5823
[2024-01-30 17:48:15] [INFO] local epoch 7, acc: 0.5868
[2024-01-30 17:48:16] [INFO] local epoch 8, acc: 0.5893
[2024-01-30 17:48:17] [INFO] local epoch 9, acc: 0.5808
[2024-01-30 17:48:18] [INFO] local epoch 10, acc: 0.5730
[2024-01-30 17:48:18] [INFO] [server epoch 10, client 4, local train]
[2024-01-30 17:48:19] [INFO] local epoch 1, acc: 0.5096
[2024-01-30 17:48:20] [INFO] local epoch 2, acc: 0.5476
[2024-01-30 17:48:21] [INFO] local epoch 3, acc: 0.5530
[2024-01-30 17:48:22] [INFO] local epoch 4, acc: 0.5707
[2024-01-30 17:48:23] [INFO] local epoch 5, acc: 0.5717
[2024-01-30 17:48:23] [INFO] local epoch 6, acc: 0.5536
[2024-01-30 17:48:24] [INFO] local epoch 7, acc: 0.5478
[2024-01-30 17:48:25] [INFO] local epoch 8, acc: 0.5725
[2024-01-30 17:48:26] [INFO] local epoch 9, acc: 0.5611
[2024-01-30 17:48:27] [INFO] local epoch 10, acc: 0.5637
[2024-01-30 17:48:27] [INFO] [server epoch 10, client 5, local train]
[2024-01-30 17:48:28] [INFO] local epoch 1, acc: 0.6227
[2024-01-30 17:48:29] [INFO] local epoch 2, acc: 0.6231
[2024-01-30 17:48:30] [INFO] local epoch 3, acc: 0.6328
[2024-01-30 17:48:31] [INFO] local epoch 4, acc: 0.6223
[2024-01-30 17:48:32] [INFO] local epoch 5, acc: 0.6246
[2024-01-30 17:48:33] [INFO] local epoch 6, acc: 0.6187
[2024-01-30 17:48:34] [INFO] local epoch 7, acc: 0.6186
[2024-01-30 17:48:35] [INFO] local epoch 8, acc: 0.6174
[2024-01-30 17:48:36] [INFO] local epoch 9, acc: 0.6188
[2024-01-30 17:48:37] [INFO] local epoch 10, acc: 0.6182
[2024-01-30 17:48:37] [INFO] [server epoch 10, client 6, local train]
[2024-01-30 17:48:38] [INFO] local epoch 1, acc: 0.5373
[2024-01-30 17:48:39] [INFO] local epoch 2, acc: 0.5315
[2024-01-30 17:48:40] [INFO] local epoch 3, acc: 0.5300
[2024-01-30 17:48:41] [INFO] local epoch 4, acc: 0.4858
[2024-01-30 17:48:42] [INFO] local epoch 5, acc: 0.5141
[2024-01-30 17:48:43] [INFO] local epoch 6, acc: 0.5377
[2024-01-30 17:48:44] [INFO] local epoch 7, acc: 0.5313
[2024-01-30 17:48:45] [INFO] local epoch 8, acc: 0.5485
[2024-01-30 17:48:46] [INFO] local epoch 9, acc: 0.5326
[2024-01-30 17:48:47] [INFO] local epoch 10, acc: 0.5419
[2024-01-30 17:48:47] [INFO] [server epoch 10, client 7, local train]
[2024-01-30 17:48:48] [INFO] local epoch 1, acc: 0.5904
[2024-01-30 17:48:49] [INFO] local epoch 2, acc: 0.5650
[2024-01-30 17:48:50] [INFO] local epoch 3, acc: 0.5694
[2024-01-30 17:48:51] [INFO] local epoch 4, acc: 0.5536
[2024-01-30 17:48:52] [INFO] local epoch 5, acc: 0.5682
[2024-01-30 17:48:53] [INFO] local epoch 6, acc: 0.5699
[2024-01-30 17:48:54] [INFO] local epoch 7, acc: 0.5598
[2024-01-30 17:48:55] [INFO] local epoch 8, acc: 0.5686
[2024-01-30 17:48:55] [INFO] local epoch 9, acc: 0.5623
[2024-01-30 17:48:56] [INFO] local epoch 10, acc: 0.5511
[2024-01-30 17:48:56] [INFO] [server epoch 10, client 8, local train]
[2024-01-30 17:48:57] [INFO] local epoch 1, acc: 0.4902
[2024-01-30 17:48:58] [INFO] local epoch 2, acc: 0.4967
[2024-01-30 17:48:59] [INFO] local epoch 3, acc: 0.5185
[2024-01-30 17:49:00] [INFO] local epoch 4, acc: 0.5209
[2024-01-30 17:49:01] [INFO] local epoch 5, acc: 0.5021
[2024-01-30 17:49:02] [INFO] local epoch 6, acc: 0.5353
[2024-01-30 17:49:03] [INFO] local epoch 7, acc: 0.5034
[2024-01-30 17:49:04] [INFO] local epoch 8, acc: 0.5171
[2024-01-30 17:49:05] [INFO] local epoch 9, acc: 0.5048
[2024-01-30 17:49:06] [INFO] local epoch 10, acc: 0.5194
[2024-01-30 17:49:06] [INFO] [server epoch 10, client 9, local train]
[2024-01-30 17:49:07] [INFO] local epoch 1, acc: 0.4722
[2024-01-30 17:49:08] [INFO] local epoch 2, acc: 0.4937
[2024-01-30 17:49:09] [INFO] local epoch 3, acc: 0.4666
[2024-01-30 17:49:10] [INFO] local epoch 4, acc: 0.4852
[2024-01-30 17:49:11] [INFO] local epoch 5, acc: 0.5098
[2024-01-30 17:49:12] [INFO] local epoch 6, acc: 0.4644
[2024-01-30 17:49:13] [INFO] local epoch 7, acc: 0.4818
[2024-01-30 17:49:14] [INFO] local epoch 8, acc: 0.4931
[2024-01-30 17:49:15] [INFO] local epoch 9, acc: 0.4955
[2024-01-30 17:49:16] [INFO] local epoch 10, acc: 0.4932
[2024-01-30 17:49:17] [INFO] server epoch 10, acc 0.6417
[2024-01-30 17:49:18] [INFO] server epoch 10, acc 0.6417
[2024-01-30 17:49:18] [INFO] server epoch 10, acc 0.6417
[2024-01-30 17:49:19] [INFO] server epoch 10, acc 0.6417
[2024-01-30 17:49:20] [INFO] server epoch 10, acc 0.6417
[2024-01-30 17:49:21] [INFO] server epoch 10, acc 0.6417
[2024-01-30 17:49:21] [INFO] server epoch 10, acc 0.6417
[2024-01-30 17:49:22] [INFO] server epoch 10, acc 0.6417
[2024-01-30 17:49:23] [INFO] server epoch 10, acc 0.6417
[2024-01-30 17:49:23] [INFO] results saved in ./res/fedavg_pub_seed_10000_alpha_1.0_dataset_cifar10_model_structure_cnn3/n_client_9_local_epochs_10_server_epochs_10_batch_size_160.pt.
